dog(68215444) sarcasmofeminino(4827) mrandmrsperez2015(47)
dog(68215444) sarcasmofeminino(4827) x15(4471)
dog(68215444) sarcasmofeminino(4827) danielwellington(345693)
dog(68215444) sarcasmofeminino(4827) forever(40384215)
dog(68215444) sarcasmofeminino(4827) flashtat(23729)
dog(68215444) sarcasmofeminino(4827) ellieandjared(1046)
dog(68215444) sarcasmofeminino(4827) braptube(9847)
dog(68215444) sarcasmofeminino(4827) sportbikelife(31948)
dog(68215444) sarcasmofeminino(4827) dwpickoftheday(10603)
dog(68215444) sarcasmofeminino(4827) peaceloveflash(50)
dog(68215444) sarcasmofeminino(4827) ace15(220)
dog(68215444) sarcasmofeminino(4827) bethedifference(29826)
dog(68215444) ballup(140643) vikiodintcova(1263)
dog(68215444) ballup(140643) mavrinmodels(6956)
dog(68215444) ballup(140643) suicidegirlshopefuls(21401)
dog(68215444) ballup(140643) ad(2329352)
dog(68215444) ballup(140643) hopefulsuicidegirl(18191)
dog(68215444) ballup(140643) ace15(223)
dog(68215444) ballup(140643) explorealberta(230023)
dog(68215444) ballup(140643) foldingparty(325)
dog(68215444) ballup(140643) jeffreestarcosmetics(63154)
dog(68215444) ballup(140643) kimcamjones(637)
dog(68215444) ballup(140643) excited(20899436)
dog(68215444) ballup(140643) x15(4472)
dog(68215444) ballup(140643) bethedifference(29829)
dog(68215444) ballup(140643) mavrin(13862)
dog(68215444) ballup(140643) memorialday2015(17355)
dog(68215444) ballup(140643) dreaxlovebonito(37)
dog(68215444) ballup(140643) feelingblessed(719659)
dog(68215444) ballup(140643) sghopefuls(90431)
dog(68215444) ballup(140643) fitcoteam(5873)
dog(68215444) ballup(140643) poltergeist(51701)
dog(68215444) familytime(11355536) repost(122559197)
dog(68215444) familytime(11355536) newtothegame(3787)
dog(68215444) familytime(11355536) happy(300090959)
dog(68215444) familytime(11355536) amidoingthisright(51184)
dog(68215444) familytime(11355536) ongod(127482)
dog(68215444) familytime(11355536) esmaltedabocarosa(26)
dog(68215444) familytime(11355536) lilwanmai(26941)
dog(68215444) airmax(3251525) whatup(454946)
dog(68215444) airmax(3251525) ootd(61364689)
dog(68215444) airmax(3251525) fcbarcelona(1571413)
dog(68215444) airmax(3251525) campnou(478578)
dog(68215444) airmax(3251525) rockythepuggle(514)
dog(68215444) airmax(3251525) fcb_supporters(656)
dog(68215444) airmax(3251525) xavi(379304)
dog(68215444) airmax(3251525) ad(2329349)
dog(68215444) airmax(3251525) anastasiabrows(449215)
dog(68215444) airmax(3251525) 6raciesfcb(1032)
dog(68215444) airmax(3251525) kimcamjones(637)
dog(68215444) airmax(3251525) creamcolor(5450)
dog(68215444) airmax(3251525) campionsfcb(27246)
dog(68215444) airmax(3251525) sometimesyougottopaytoplay(1)
dog(68215444) airmax(3251525) dresses__up(772)
dog(68215444) airmax(3251525) anastasiabeverlyhills(2096597)
dog(68215444) airmax(3251525) danielwellington(345693)
dog(68215444) airmax(3251525) dwpickoftheday(10603)
dog(68215444) airmax(3251525) jizzleonrepeat(18)
dog(68215444) airmax(3251525) shiau2shi(57)
dog(68215444) airmax(3251525) 6raciesxavi(59680)
dog(68215444) sydney(8097092) washington(3053365)
dog(68215444) sydney(8097092) jordansdaily(776390)
dog(68215444) sydney(8097092) bathtime(1925248)
dog(68215444) sydney(8097092) boshfamilyworldtour(388)
dog(68215444) sydney(8097092) wildernessculture(505558)
dog(68215444) sydney(8097092) melsbbq(832)
dog(68215444) sydney(8097092) captainsparklezpizza(84)
dog(68215444) sydney(8097092) pacalife(30)
dog(68215444) sydney(8097092) giantutensils(124)
dog(68215444) sydney(8097092) psyangunangpagibig(1388)
dog(68215444) sydney(8097092) vintique(374434)
dog(68215444) sydney(8097092) dwtstour(1864)
dog(68215444) sydney(8097092) skinsosoft(14293)
dog(68215444) sydney(8097092) ad(2329346)
dog(68215444) sydney(8097092) itsquitetasty(31)
dog(68215444) basketball(10427136) babak2(154)
dog(68215444) basketball(10427136) hisday(33734)
dog(68215444) basketball(10427136) birthdayboy(2544512)
dog(68215444) basketball(10427136) lookbooknu(66821)
dog(68215444) basketball(10427136) thelightofcannes(889)
dog(68215444) basketball(10427136) street(15077264)
dog(68215444) basketball(10427136) peaceloveflash(50)
dog(68215444) basketball(10427136) thebelle(3969)
dog(68215444) basketball(10427136) edgy(582846)
dog(68215444) basketball(10427136) hawaii50(29617)
dog(68215444) basketball(10427136) lookbookstore(34626)
dog(68215444) basketball(10427136) growingup(1774237)
dog(68215444) basketball(10427136) germany(15379521)
dog(68215444) basketball(10427136) monday(14848628)
dog(68215444) basketball(10427136) sedahotel(2546)
dog(68215444) basketball(10427136) lookbook(6777528)
dog(68215444) basketball(10427136) flashtat(23729)
dog(68215444) basketball(10427136) breeze(685424)
dog(68215444) basketball(10427136) fresh(30678573)
dog(68215444) basketball(10427136) ootd(61364744)
dog(68215444) basketball(10427136) sporty(917602)
dog(68215444) basketball(10427136) lookoftheday(4308563)
dog(68215444) vegas(16072541) tagme(207454)
dog(68215444) vegas(16072541) inspo(1998274)
dog(68215444) vegas(16072541) jeffreestarcosmetics(63154)
dog(68215444) vegas(16072541) comedybingo(56)
dog(68215444) vegas(16072541) xavi(379306)
dog(68215444) vegas(16072541) earthfocus(25571)
dog(68215444) vegas(16072541) kelly(1620027)
dog(68215444) vegas(16072541) 6raciesfcb(1032)
dog(68215444) vegas(16072541) summerready(280136)
dog(68215444) vegas(16072541) campnou(478578)
dog(68215444) vegas(16072541) fitgirls(2814158)
dog(68215444) vegas(16072541) nightatthemuseum(57784)
dog(68215444) vegas(16072541) remeberthosewhoservedanddied(2)
dog(68215444) vegas(16072541) thuglife(3624638)
dog(68215444) vegas(16072541) tommychina(25)
dog(68215444) vegas(16072541) hopoutthemotherfathersvan(3)
dog(68215444) vegas(16072541) cali(10614107)
dog(68215444) vegas(16072541) campionsfcb(27246)
dog(68215444) italy(26802512) rumag(20234)
dog(68215444) italy(26802512) claimtofame(16324)
dog(68215444) italy(26802512) 6raciesxavi(59683)
dog(68215444) italy(26802512) fcb_supporters(656)
dog(68215444) italy(26802512) fcbarcelona(1571416)
dog(68215444) italy(26802512) starvingtime(140443)
dog(68215444) italy(26802512) groovenation(1925)
dog(68215444) ballislife(2918947) hellaclips(37240)
dog(68215444) ballislife(2918947) earthfocus(25571)
dog(68215444) ballislife(2918947) hisday(33734)
dog(68215444) ballislife(2918947) pinenerizevacay(622)
dog(68215444) ballislife(2918947) selfmade(2583919)
dog(68215444) ballislife(2918947) listening(1071499)
dog(68215444) ballislife(2918947) legends(1305441)
dog(68215444) ballislife(2918947) growingup(1774238)
dog(68215444) ballislife(2918947) ahyeah(45862)
dog(68215444) ballislife(2918947) legendlessons(35)
dog(68215444) ballislife(2918947) rackartygarna(20217)
dog(68215444) ballislife(2918947) musicares(3224)
dog(68215444) ballislife(2918947) foldingparty(325)
dog(68215444) ballislife(2918947) 6raciesfcb(1032)
dog(68215444) ballislife(2918947) godblessamerica(504532)
dog(68215444) ballislife(2918947) skateboarding(6483159)
dog(68215444) ballislife(2918947) trial(301652)
dog(68215444) ballislife(2918947) watching(2119353)
dog(68215444) ballislife(2918947) galatasaray(2712112)
dog(68215444) ballislife(2918947) learning(2016356)
dog(68215444) ballislife(2918947) am(5162682)
dog(68215444) ballislife(2918947) besafe(539877)
dog(68215444) ballislife(2918947) campionsfcb(27246)
dog(68215444) ballislife(2918947) adamgoldstein(1086)
dog(68215444) ballislife(2918947) mrandmrsperez2015(47)
dog(68215444) ballislife(2918947) turan(77285)
dog(68215444) ballislife(2918947) campnou(478580)
dog(68215444) ballislife(2918947) repost(122559620)
dog(68215444) ballislife(2918947) djammemorialfund(492)
dog(68215444) ballislife(2918947) galagowear(9655)
dog(68215444) ballislife(2918947) beast(8377448)
dog(68215444) ballislife(2918947) cattitude(96261)
dog(68215444) ballislife(2918947) birthdayboy(2544514)
dog(68215444) ballislife(2918947) funky(1179677)
dog(68215444) ballislife(2918947) moto(2292826)
dog(68215444) ballislife(2918947) djam(10822)
dog(68215444) ballislife(2918947) wwewhiteplains(924)
dog(68215444) ballislife(2918947) xavi(379312)
dog(68215444) ballislife(2918947) bush(810820)
dog(68215444) ballislife(2918947) memorialday(1810102)
dog(68215444) ballislife(2918947) weoutherestateofmind(672)
dog(68215444) ballislife(2918947) beijing(2215114)
dog(68215444) hoopfilms(8587) kelly(1620030)
dog(68215444) hoopfilms(8587) seouljazzfestival(11653)
dog(68215444) hoopfilms(8587) teamsexyasshit(21257)
dog(68215444) hoopfilms(8587) earthfocus(25571)
dog(68215444) hoopfilms(8587) brandyeu(4204)
dog(68215444) hoopfilms(8587) vanillawafers(8026)
dog(68215444) hoopfilms(8587) finerdetail(103)
dog(68215444) hoopfilms(8587) uae(21392738)
dog(68215444) hoopfilms(8587) burjdubai(9126)
dog(68215444) hoopfilms(8587) ootd(61364818)
dog(68215444) hoopfilms(8587) vintique(374434)
dog(68215444) hoopfilms(8587) dubai(25628313)
dog(68215444) hoopfilms(8587) myfavorite(2404870)
dog(68215444) hoopfilms(8587) repost(122559678)
dog(68215444) hoopfilms(8587) skiaxai(43)
dog(68215444) hoopfilms(8587) johnscofield(1913)
dog(68215444) hoopfilms(8587) cookies(6341713)
dog(68215444) kookaburra(44941) createyourluck(406)
dog(68215444) kookaburra(44941) ifeelyoudoingthisbutiaintgonwakeup(1)
dog(68215444) kookaburra(44941) youpressingdownhard(2)
dog(68215444) kookaburra(44941) bliss(2643801)
dog(68215444) kookaburra(44941) adidas(13028550)
dog(68215444) kookaburra(44941) postmyfashionkid(552061)
dog(68215444) kookaburra(44941) soccerdotcom(39185)
dog(68215444) kookaburra(44941) forloveandlemons(28951)
dog(68215444) kookaburra(44941) happy(300090921)
dog(68215444) kookaburra(44941) bethedifference(29823)
dog(68215444) kookaburra(44941) doughnut(520898)
dog(68215444) kookaburra(44941) fashionkids(1766473)
dog(68215444) kookaburra(44941) thatmarkerwashoffright(1)
dog(68215444) kookaburra(44941) predator(525213)
dog(68215444) kookaburra(44941) ideservedthis(1857)
dog(68215444) kookaburra(44941) superstreet(661557)
dog(68215444) kookaburra(44941) youknowwhatmikeiamabitofadick(1)
dog(68215444) may24(128093) memorialday(1810109)
dog(68215444) may24(128093) earthfocus(25571)
dog(68215444) may24(128093) repost(122559695)
dog(68215444) may24(128093) starvingtime(140443)
dog(68215444) may24(128093) throwback(70881130)
dog(68215444) may24(128093) musicares(3224)
dog(68215444) may24(128093) am(5162683)
dog(68215444) may24(128093) godblessamerica(504532)
dog(68215444) may24(128093) ahyeah(45862)
dog(68215444) may24(128093) besafe(539877)
dog(68215444) may24(128093) adamgoldstein(1086)
dog(68215444) may24(128093) beast(8377452)
dog(68215444) may24(128093) djammemorialfund(492)
dog(68215444) may24(128093) funky(1179677)
dog(68215444) may24(128093) gtrs4(643)
dog(68215444) may24(128093) djam(10822)
dog(68215444) may24(128093) whatup(454947)
dog(68215444) may24(128093) speciale(191893)
dog(68215444) may24(128093) fitcoteam(5873)
dog(68215444) may24(128093) jizzleonrepeat(18)
dog(68215444) may24(128093) carswithoutlimits(1908980)
dog(68215444) nba(7051417) becomewithus(262)
dog(68215444) nba(7051417) menandcoffee(10047)
dog(68215444) nba(7051417) musicneversleeps(12127)
dog(68215444) nba(7051417) thailandadventures(4308)
dog(68215444) nba(7051417) pll(4384426)
dog(68215444) nba(7051417) nbaplayoffs(484718)
dog(68215444) nba(7051417) pinktaxis(107)
dog(68215444) nba(7051417) youtubefanfest(4849)
dog(68215444) nbaplayoffs(484718) wristgame(293991)
dog(68215444) nbaplayoffs(484718) 298nikuyaroom(168)
dog(68215444) nbaplayoffs(484718) earthfocus(25571)
dog(68215444) nbaplayoffs(484718) mondayfunday(581269)
dog(68215444) nbaplayoffs(484718) rockythepuggle(514)
dog(68215444) nbaplayoffs(484718) class(8580358)
dog(68215444) nbaplayoffs(484718) thebelle(3969)
dog(68215444) nbaplayoffs(484718) jungletour(12046)
dog(68215444) nbaplayoffs(484718) wristporn(379408)
dog(68215444) nbaplayoffs(484718) gentlemen(1004689)
dog(68215444) nbaplayoffs(484718) style(143721618)
dog(68215444) nbaplayoffs(484718) haw(52005)
dog(68215444) nbaplayoffs(484718) speciale(191892)
dog(68215444) nbaplayoffs(484718) sedahotel(2546)
dog(68215444) nbaplayoffs(484718) sebastianoserafini(4633)
dog(68215444) nbaplayoffs(484718) kelly(1620029)
dog(68215444) nbaplayoffs(484718) dubai(25628296)
dog(68215444) nbaplayoffs(484718) uae(21392727)
dog(68215444) nbaplayoffs(484718) burjdubai(9126)
dog(68215444) nbaplayoffs(484718) watch(9488235)
dog(68215444) nbaplayoffs(484718) drake(4353209)
dog(68215444) lebronjames(1079109) americanstyle(128928)
dog(68215444) lebronjames(1079109) uae(21392720)
dog(68215444) lebronjames(1079109) instoresnow(22251)
dog(68215444) lebronjames(1079109) blacklist(1362477)
dog(68215444) lebronjames(1079109) foldingparty(325)
dog(68215444) lebronjames(1079109) photoshootready(24429)
dog(68215444) lebronjames(1079109) ilovemattelipcolor(4)
dog(68215444) lebronjames(1079109) dresses__up(772)
dog(68215444) lebronjames(1079109) playbeautifully(11929)
dog(68215444) lebronjames(1079109) mrandmrsperez2015(47)
dog(68215444) lebronjames(1079109) sometimesyougottopaytoplay(1)
dog(68215444) lebronjames(1079109) mynameisnapat(21700)
dog(68215444) lebronjames(1079109) f12(168539)
dog(68215444) lebronjames(1079109) happyshakewithnapat(27)
dog(68215444) lebronjames(1079109) dubai(25628288)
dog(68215444) lebronjames(1079109) gtrs4(643)
dog(68215444) lebronjames(1079109) avanlily(13026)
dog(68215444) lebronjames(1079109) ferrari(4801728)
dog(68215444) lebronjames(1079109) thehorseaccessories(718)
dog(68215444) lebronjames(1079109) availablenow(94525)
dog(68215444) lebronjames(1079109) burjdubai(9126)
dog(68215444) lebronjames(1079109) thehorse(28070)
dog(68215444) lebronjames(1079109) fall15(29993)
dog(68215444) lebronjames(1079109) menandcoffee(10047)
dog(68215444) lebronjames(1079109) carswithoutlimits(1908980)
dog(68215444) vacation(24499199) wristgame(293991)
dog(68215444) vacation(24499199) modifiedsociety(113372)
dog(68215444) vacation(24499199) style(143721421)
dog(68215444) vacation(24499199) starvingtime(140443)
dog(68215444) vacation(24499199) braptube(9847)
dog(68215444) vacation(24499199) wristporn(379408)
dog(68215444) vacation(24499199) sportbikelife(31948)
dog(68215444) vacation(24499199) mondayfunday(581267)
dog(68215444) vacation(24499199) gentlemen(1004689)
dog(68215444) vacation(24499199) greece(7025256)
dog(68215444) vacation(24499199) watch(9488211)
dog(68215444) vacation(24499199) ootd(61364686)
dog(68215444) vacation(24499199) shiau2shi(57)
dog(68215444) vacation(24499199) class(8580347)
dog(68215444) aulani(86148) morningworld(122013)
dog(68215444) aulani(86148) summer(204458967)
dog(68215444) aulani(86148) babak2(154)
dog(68215444) aulani(86148) throwback(70881030)
dog(68215444) aulani(86148) healing(1466332)
dog(68215444) aulani(86148) orbs(46427)
dog(68215444) aulani(86148) ring(8005226)
dog(68215444) aulani(86148) silver(8311090)
dog(68215444) aulani(86148) primarkhome(1661)
dog(68215444) aulani(86148) jonnor(33302)
dog(68215444) aulani(86148) jewellery(3674546)
dog(68215444) aulani(86148) love(906554504)
dog(68215444) aulani(86148) boho(2903441)
dog(68215444) aulani(86148) art(103742349)
dog(68215444) aulani(86148) homeware(91633)
dog(68215444) aulani(86148) tattoo(41871883)
dog(68215444) aulani(86148) fashion(215064219)
dog(68215444) aulani(86148) jewelry(19294216)
dog(68215444) aulani(86148) kankantathavorn(9287)
dog(68215444) aulani(86148) flashtattoos(72821)
dog(68215444) aulani(86148) nails(42086929)
dog(68215444) aulani(86148) gypsy(1794945)
dog(68215444) aulani(86148) kyotidesign(182)
dog(68215444) aulani(86148) perth(1732352)
dog(68215444) aulani(86148) light(24595178)
dog(68215444) aulani(86148) flashtat(23729)
dog(68215444) aulani(86148) rings(2824081)
dog(68215444) aulani(86148) beach(80975450)
dog(68215444) aulani(86148) warrenjc(78516)
dog(68215444) aulani(86148) metallic(561756)
dog(68215444) aulani(86148) ootd(61364674)
dog(68215444) aulani(86148) style(143721395)
dog(68215444) aulani(86148) brandyeu(4204)
dog(68215444) aulani(86148) girlskateboards(98204)
dog(68215444) aulani(86148) thefosters(258149)
dog(68215444) aulani(86148) claimtofame(16324)
dog(68215444) aulani(86148) sunset(57632937)
dog(68215444) aulani(86148) apophyllite(5345)
dog(68215444) aulani(86148) inspiration(32862745)
dog(68215444) aulani(86148) crystal(1795917)
dog(68215444) aulani(86148) arrow(1201633)
dog(68215444) aulani(86148) skiaxai(43)
dog(68215444) aulani(86148) australia(13439812)
dog(68215444) aulani(86148) groovenation(1925)
dog(68215444) hoopmixtape(73346) boshfamilyworldtour(388)
dog(68215444) hoopmixtape(73346) ad(2329350)
dog(68215444) hoopmixtape(73346) suicidegirlshopefuls(21401)
dog(68215444) hoopmixtape(73346) snapchat(27537595)
dog(68215444) hoopmixtape(73346) greece(7025263)
dog(68215444) hoopmixtape(73346) sampiyon(233356)
dog(68215444) hoopmixtape(73346) hopefulsuicidegirl(18191)
dog(68215444) hoopmixtape(73346) lookbookstore(34626)
dog(68215444) hoopmixtape(73346) dresses__up(772)
dog(68215444) hoopmixtape(73346) speciale(191891)
dog(68215444) hoopmixtape(73346) kankantathavorn(9287)
dog(68215444) hoopmixtape(73346) cimbom(834466)
dog(68215444) hoopmixtape(73346) vintique(374434)
dog(68215444) hoopmixtape(73346) sghopefuls(90431)
dog(68215444) hoopmixtape(73346) fresh(30678577)
dog(68215444) hoopmixtape(73346) comedybingo(56)
dog(68215444) hoopmixtape(73346) breeze(685424)
dog(68215444) hoopmixtape(73346) llamallamallamallama(98)
dog(68215444) hoopmixtape(73346) galatasaray(2712099)
