election(495826) luxwt(113106) history(6351979)
election(495826) luxwt(113106) valentino(7170619)
election(495826) luxwt(113106) jurassicworld(123008)
election(495826) luxwt(113106) canada(13562674)
election(495826) luxwt(113106) morecowbell(35795)
election(495826) luxwt(113106) penalty(114646)
election(495826) luxwt(113106) warrenjc(87805)
election(495826) luxwt(113106) supplied(210126)
election(495826) luxwt(113106) chinapr(141)
election(495826) luxwt(113106) goodnight(39905420)
election(495826) luxwt(113106) wdywtgrid(14309)
election(495826) luxwt(113106) christinesinclair(1870)
election(495826) luxwt(113106) americanpharaoh(5001)
election(495826) luxwt(113106) fifawwc(3637)
election(495826) luxwt(113106) dwpickoftheday(10996)
election(495826) luxwt(113106) getsupplied(1836)
election(495826) luxwt(113106) bottle(1540847)
election(495826) luxwt(113106) ohcanada(177887)
election(495826) luxwt(113106) instasize(104499292)
election(495826) luxwt(113106) genefrenkle(89)
election(495826) luxwt(113106) edmonton(801131)
election(495826) luxwt(113106) gomariners(85325)
election(495826) luxwt(113106) wdywt(3946135)
election(495826) luxwt(113106) glorious(310612)
election(495826) luxwt(113106) danielwellington(363030)
election(495826) luxwt(113106) commonwealth(87550)
election(495826) meowout(525) nra(283211)
election(495826) meowout(525) aye30minnaturecontest(331)
election(495826) meowout(525) guns(2205024)
election(495826) meowout(525) speciale(196889)
election(495826) meowout(525) antiguncontrol(11777)
election(495826) meowout(525) digifestma(1232)
election(495826) meowout(525) firearms(178117)
election(495826) meowout(525) englishbulldog(1744685)
election(495826) meowout(525) gun(2393492)
election(495826) meowout(525) onlyforluxury(18892)
election(495826) meowout(525) waitwhat(228873)
election(495826) meowout(525) defendthesecond(83551)
election(495826) meowout(525) righttobeararms(84341)
election(495826) meowout(525) makeupbyanna(79389)
election(495826) meowout(525) xgames(324565)
election(495826) meowout(525) 77(342029)
election(495826) meowout(525) huf(1436189)
election(495826) meowout(525) gunporn(536705)
election(495826) meowout(525) newyork(26126124)
election(495826) meowout(525) eatwhatyoukill(6615)
election(495826) meowout(525) killwhatyoueat(916)
election(495826) meowout(525) weaponsreloaded(27777)
election(495826) meowout(525) digifest2015(17101)
election(495826) meowout(525) secondamendment(173049)
election(495826) meowout(525) shooting(4329256)
election(495826) meowout(525) progun(53842)
election(495826) meowout(525) capenidhra(1966)
election(495826) meowout(525) huf2(206)
election(495826) meowout(525) starvingtime(145570)
election(495826) meowout(525) youtubers(2430745)
election(495826) meowout(525) weapons(297732)
election(495826) meowout(525) digifest(37436)
election(495826) meowout(525) alxjames(11526)
election(495826) meowout(525) digifestsquadgoals(1)
election(495826) meowout(525) viners(288480)
election(495826) meowout(525) defendthe2nd(14238)
election(495826) meowout(525) digifestnyc(11952)
election(495826) meowout(525) hufworldwide(33337)
election(495826) chicago(16738895) werewolf(460142)
election(495826) chicago(16738895) philly(4438020)
election(495826) chicago(16738895) renasarmy(2671)
election(495826) chicago(16738895) jaggerjosephbraun(28)
election(495826) chicago(16738895) nike(45052978)
election(495826) chicago(16738895) blackworkers(196922)
election(495826) chicago(16738895) saveourplanet(49338)
election(495826) chicago(16738895) momsareawesome(5220)
election(495826) chicago(16738895) raffaelmachadonodomingoespetacular(6)
election(495826) chicago(16738895) raffaelmachado(1698)
election(495826) chicago(16738895) luxwt(113106)
election(495826) chicago(16738895) rescuedtigers(568)
election(495826) chicago(16738895) isaacng(1054)
election(495826) chicago(16738895) blacktattoo(164102)
election(495826) chicago(16738895) luxuryworldtraveler(121468)
election(495826) chicago(16738895) nosonmascotas(3860)
election(495826) chicago(16738895) tattoo(42716707)
election(495826) chicago(16738895) babymeera(1084)
election(495826) chicago(16738895) blackjaguarwhitetiger(12435)
election(495826) chicago(16738895) babybubz(1232)
election(495826) chicago(16738895) blackwork(330637)
election(495826) chicago(16738895) bw(10197822)
election(495826) chicago(16738895) notpets(5860)
election(495826) chicago(16738895) savetigers(10368)
election(495826) chicago(16738895) bamboobar(11108)
election(495826) chicago(16738895) alxjames(11526)
election(495826) chicago(16738895) worldcup(5724787)
election(495826) chicago(16738895) soccerdotcom(40538)
election(495826) chicago(16738895) behuman(34100)
election(495826) chicago(16738895) xgames(324559)
election(495826) 50shadesofk(7430) pink(74185785)
election(495826) 50shadesofk(7430) 24(3668164)
election(495826) 50shadesofk(7430) usabmu16(27)
election(495826) 50shadesofk(7430) capitalo(277)
election(495826) 50shadesofk(7430) funniest15seconds(60850)
election(495826) 50shadesofk(7430) neymar(2275488)
election(495826) 50shadesofk(7430) myshadow(119088)
election(495826) 50shadesofk(7430) fcbarcelona(1702450)
election(495826) 50shadesofk(7430) americanstyle(136583)
election(495826) 50shadesofk(7430) fcb_supporters(1095)
election(495826) 50shadesofk(7430) saturdays(898571)
election(495826) 50shadesofk(7430) freshprince(376906)
election(495826) 50shadesofk(7430) la(29887891)
election(495826) 50shadesofk(7430) vintique(381753)
election(495826) 50shadesofk(7430) messi(3356791)
election(495826) 50shadesofk(7430) 50shadesofk(7430)
election(495826) 50shadesofk(7430) ucl(730616)
election(495826) 50shadesofk(7430) gomariners(85325)
election(495826) makeupbyanna(79389) instasize(104499202)
election(495826) makeupbyanna(79389) usabmu16(27)
election(495826) makeupbyanna(79389) amg(2063706)
election(495826) makeupbyanna(79389) monsterenergy(1003599)
election(495826) makeupbyanna(79389) baifernfamkannaja(43)
election(495826) makeupbyanna(79389) series(1248070)
election(495826) makeupbyanna(79389) amazingcars247(1228932)
election(495826) makeupbyanna(79389) xgames(324565)
election(495826) makeupbyanna(79389) wdywtgrid(14309)
election(495826) makeupbyanna(79389) mercedes(4224600)
election(495826) makeupbyanna(79389) morning(48021335)
election(495826) makeupbyanna(79389) wdywt(3946134)
election(495826) makeupbyanna(79389) benz(1629949)
election(495826) makeupbyanna(79389) sls(614790)
election(495826) makeupbyanna(79389) unleashedatx(513)
election(495826) makeupbyanna(79389) black(70166660)
election(495826) makeupbyanna(79389) tothefore(1055)
election(495826) thesocialexperiment(3002) churchoflaugh(21326)
election(495826) thesocialexperiment(3002) godsister(108319)
election(495826) thesocialexperiment(3002) newyork(26126110)
election(495826) thesocialexperiment(3002) digifestma(1232)
election(495826) thesocialexperiment(3002) xgames(324558)
election(495826) thesocialexperiment(3002) promseason(77561)
election(495826) thesocialexperiment(3002) monsterenergy(1003598)
election(495826) thesocialexperiment(3002) momjeans(55817)
election(495826) thesocialexperiment(3002) youtubers(2430741)
election(495826) thesocialexperiment(3002) americanstyle(136583)
election(495826) thesocialexperiment(3002) mybena(5033)
election(495826) thesocialexperiment(3002) suicidegirlsperiscope(41)
election(495826) thesocialexperiment(3002) digifest(37437)
election(495826) thesocialexperiment(3002) nofilter(126732551)
election(495826) thesocialexperiment(3002) yg(1982510)
election(495826) thesocialexperiment(3002) unleashedatx(513)
election(495826) thesocialexperiment(3002) hongkong(8382087)
election(495826) thesocialexperiment(3002) digifest2015(17101)
election(495826) thesocialexperiment(3002) digifestsquadgoals(1)
election(495826) thesocialexperiment(3002) viners(288480)
election(495826) thesocialexperiment(3002) benabrooklynguy(11115)
election(495826) thesocialexperiment(3002) digifestnyc(11952)
election(495826) regram(16149856) nra(283211)
election(495826) regram(16149856) handgun(141182)
election(495826) regram(16149856) revolver(210468)
election(495826) regram(16149856) guns(2205024)
election(495826) regram(16149856) wwe(4055068)
election(495826) regram(16149856) colt(300990)
election(495826) regram(16149856) gun(2393492)
election(495826) regram(16149856) california(18352429)
election(495826) regram(16149856) righttobeararms(84341)
election(495826) regram(16149856) pistol(430746)
election(495826) regram(16149856) nyc(38405663)
election(495826) regram(16149856) wweslc(496)
election(495826) regram(16149856) danielwellington(363028)
election(495826) regram(16149856) 30sarenew20s(40)
election(495826) regram(16149856) 22lr(39602)
election(495826) regram(16149856) sportsmansarms(1851)
election(495826) regram(16149856) gunsdaily(193818)
election(495826) regram(16149856) dwpickoftheday(10996)
election(495826) regram(16149856) gunporn(536705)
election(495826) regram(16149856) newyork(26126124)
election(495826) regram(16149856) tothefore(1055)
election(495826) regram(16149856) 707(203875)
election(495826) regram(16149856) secondamendment(173049)
election(495826) regram(16149856) guncontrol(112431)
election(495826) regram(16149856) merica(4262840)
election(495826) regram(16149856) newage(247617)
election(495826) regram(16149856) igmilitia(713368)
election(495826) regram(16149856) stanleycup(595844)
election(495826) regram(16149856) freedom(9296491)
election(495826) regram(16149856) 2a(519535)
election(495826) regram(16149856) molonlabe(297623)
election(495826) regram(16149856) alxjames(11526)
election(495826) regram(16149856) kardashiankids(27977)
election(495826) regram(16149856) gaybar(148791)
election(495826) regram(16149856) celticwarrior(8137)
election(495826) regram(16149856) firearm(62329)
election(495826) regram(16149856) gold(21296174)
election(495826) luxuryworldtraveler(121468) morning(48021388)
election(495826) luxuryworldtraveler(121468) waitwhat(228873)
election(495826) luxuryworldtraveler(121468) love(920949871)
election(495826) luxuryworldtraveler(121468) saveourplanet(49338)
election(495826) luxuryworldtraveler(121468) rescuedtigers(568)
election(495826) luxuryworldtraveler(121468) followme(328108894)
election(495826) luxuryworldtraveler(121468) 30sarenew20s(40)
election(495826) luxuryworldtraveler(121468) xgames(324572)
election(495826) luxuryworldtraveler(121468) gaybar(148792)
election(495826) luxuryworldtraveler(121468) nosonmascotas(3860)
election(495826) luxuryworldtraveler(121468) huf(1436189)
election(495826) luxuryworldtraveler(121468) babymeera(1084)
election(495826) luxuryworldtraveler(121468) blackjaguarwhitetiger(12435)
election(495826) luxuryworldtraveler(121468) newage(247617)
election(495826) luxuryworldtraveler(121468) newyork(26126130)
election(495826) luxuryworldtraveler(121468) hufworldwide(33337)
election(495826) luxuryworldtraveler(121468) huf2(206)
election(495826) luxuryworldtraveler(121468) notpets(5860)
election(495826) luxuryworldtraveler(121468) savetigers(10368)
election(495826) luxuryworldtraveler(121468) nyc(38405679)
election(495826) luxuryworldtraveler(121468) behuman(34100)
election(495826) kickthedustup(5070) food(179933496)
election(495826) kickthedustup(5070) messi(3356769)
election(495826) kickthedustup(5070) styledbyadrianne(1171)
election(495826) kickthedustup(5070) haroldandmaude(5643)
election(495826) kickthedustup(5070) wongnai(222229)
election(495826) kickthedustup(5070) nothinginthisworld(2440)
election(495826) kickthedustup(5070) pink(74185737)
election(495826) kickthedustup(5070) philly(4438021)
election(495826) kickthedustup(5070) myshadow(119088)
election(495826) kickthedustup(5070) review(1483958)
election(495826) kickthedustup(5070) freshtops(88362)
election(495826) kickthedustup(5070) la(29887863)
election(495826) kickthedustup(5070) tothefore(1055)
election(495826) kickthedustup(5070) ucl(730608)
election(495826) kickthedustup(5070) restaurant(6783525)
election(495826) kickthedustup(5070) thailand(21838293)
election(495826) kickthedustup(5070) streetart(12734979)
election(495826) kickthedustup(5070) fcb_supporters(1095)
election(495826) kickthedustup(5070) saturdays(898570)
election(495826) kickthedustup(5070) streetartglobe(4154)
election(495826) kickthedustup(5070) bamboobar(11108)
election(495826) kickthedustup(5070) highoffmylove(4290)
election(495826) kickthedustup(5070) fcbarcelona(1702426)
election(495826) morning(48021262) saturdays(898570)
election(495826) morning(48021262) la(29887884)
election(495826) morning(48021262) loveunconditional(10624)
election(495826) morning(48021262) myshadow(119088)
election(495826) morning(48021262) anniestyle(419)
election(495826) morning(48021262) stanleycup(595844)
election(495826) morning(48021262) pink(74185769)
election(495826) morning(48021262) instasize(104499284)
election(495826) morning(48021262) daddydaughtertime(217846)
election(495826) morning(48021262) fashionking(24940)
election(495826) motd(4027012) messi(3356793)
election(495826) motd(4027012) churchoflaugh(21326)
election(495826) motd(4027012) fcbarcelona(1702453)
election(495826) motd(4027012) home(58059838)
election(495826) motd(4027012) ucl(730616)
election(495826) motd(4027012) instamoment(27873094)
election(495826) motd(4027012) tashasmith(2444)
election(495826) motd(4027012) mybena(5033)
election(495826) motd(4027012) jaggerjosephbraun(28)
election(495826) motd(4027012) bamboobar(11108)
election(495826) motd(4027012) fallontonight(21315)
election(495826) motd(4027012) benabrooklynguy(11115)
election(495826) motd(4027012) me(376478828)
election(495826) motd(4027012) americanstyle(136583)
election(495826) motd(4027012) fcb_supporters(1095)
election(495826) motd(4027012) regram(16149867)
election(495826) motd(4027012) philly(4438022)
election(495826) 77(342028) werewolf(460142)
election(495826) 77(342028) hockeyteam(22521)
election(495826) 77(342028) freshtops(88362)
election(495826) 77(342028) otas(5544)
election(495826) 77(342028) birthdayfashion(337)
election(495826) 77(342028) ootd(63046639)
election(495826) 77(342028) poolparty(1892517)
election(495826) 77(342028) stanleycup(595844)
election(495826) 77(342028) frands(141368)