president(998594) mossberg(96138) cute(339181410)
president(998594) mossberg(96138) happysunday(4333537)
president(998594) mossberg(96138) teenvipwinner(4)
president(998594) mossberg(96138) sometimelastnighttour(11272)
president(998594) mossberg(96138) americanstyle(137137)
president(998594) mossberg(96138) puravidabracelets(69013)
president(998594) mossberg(96138) livefree(525613)
president(998594) mossberg(96138) monday(15137790)
president(998594) mossberg(96138) crystals(1632674)
president(998594) mossberg(96138) flashtat(25180)
president(998594) mossberg(96138) 16month(9231)
president(998594) mossberg(96138) millenniumawards(29)
president(998594) mossberg(96138) globalgreenusa(302)
president(998594) mossberg(96138) tats(2090488)
president(998594) mossberg(96138) puppy(34483670)
president(998594) sickgunsdaily(7404) explorebc(576591)
president(998594) sickgunsdaily(7404) dadandnico(4)
president(998594) sickgunsdaily(7404) brandycanada(13142)
president(998594) sickgunsdaily(7404) nyc(38471807)
president(998594) sickgunsdaily(7404) fullyraw(209488)
president(998594) sickgunsdaily(7404) recipes(762009)
president(998594) sickgunsdaily(7404) summerjam(212636)
president(998594) sickgunsdaily(7404) raw(5066818)
president(998594) sickgunsdaily(7404) game2(130441)
president(998594) sickgunsdaily(7404) puffypants(993)
president(998594) sickgunsdaily(7404) nbafinals(616683)
president(998594) sickgunsdaily(7404) liveartrva(240)
president(998594) sickgunsdaily(7404) vegan(13058717)
president(998594) mina(512278) prayforbrooke(2161)
president(998594) mina(512278) blacklist(1391876)
president(998594) mina(512278) kardashiankids(28075)
president(998594) mina(512278) mystopover(19766)
president(998594) mina(512278) e9(19051)
president(998594) mina(512278) csl(84905)
president(998594) mina(512278) p4p(222816)
president(998594) mina(512278) repost(128328924)
president(998594) mina(512278) 3morewins(3084)
president(998594) mina(512278) powertour(4921)
president(998594) mina(512278) teamnatalia(5626)
president(998594) mina(512278) hrpt15(700)
president(998594) mina(512278) bmw(11304140)
president(998594) mina(512278) classicsdaily(48574)
president(998594) mina(512278) teenvipwinner(4)
president(998594) mina(512278) jgaltusa(11222)
president(998594) mina(512278) chevelle(256357)
president(998594) mina(512278) safehouse(39516)
president(998594) mina(512278) allincle(69428)
president(998594) mina(512278) thisappmakesmelaugh(21)
president(998594) mina(512278) dresses__up(1030)
president(998594) mina(512278) biggerthan(3721)
president(998594) mossberg500(18086) vemgentenovaporai(8)
president(998594) mossberg500(18086) kingjames(817156)
president(998594) mossberg500(18086) gmgtravels(565)
president(998594) mossberg500(18086) getsupplied(1860)
president(998594) mossberg500(18086) supplied(210316)
president(998594) mossberg500(18086) chroniclymediseaseawareness(9)
president(998594) mossberg500(18086) dreamy(684549)
president(998594) mossberg500(18086) graceshow(5227)
president(998594) mossberg500(18086) happysunday(4333538)
president(998594) mossberg500(18086) happybdayhaiden(4)
president(998594) mossberg500(18086) la(29921656)
president(998594) mossberg500(18086) paifrancisco(186)
president(998594) mossberg500(18086) soccerdotcom(40610)
president(998594) mossberg500(18086) mercurial(597991)
president(998594) mossberg500(18086) globalgreenusa(302)
president(998594) mossberg500(18086) throwback(71844828)
president(998594) mossberg500(18086) salicerose(12768)
president(998594) mossberg500(18086) omaha(448398)
president(998594) mossberg500(18086) hypervenom(335564)
president(998594) mossberg500(18086) familiagil(630)
president(998594) mossberg500(18086) inittowinit(185813)
president(998594) mossberg500(18086) searchingforacure(572)
president(998594) mossberg500(18086) montagememory(2380)
president(998594) mossberg500(18086) photoark(4695)
president(998594) mossberg500(18086) beautiful(291978610)
president(998594) mossberg500(18086) spamorning(718)
president(998594) mossberg500(18086) stancenation(2170735)
president(998594) mossberg500(18086) joelsartore(4604)
president(998594) mossberg500(18086) millenniumawards(29)
president(998594) mossberg500(18086) photooftheday(320728992)
president(998594) gunsdaily(194326) montagememory(2380)
president(998594) gunsdaily(194326) rei1440project(777198)
president(998594) gunsdaily(194326) leavinglasvegas(10474)
president(998594) gunsdaily(194326) kingjames(817156)
president(998594) gunsdaily(194326) jacobswell(8790)
president(998594) gunsdaily(194326) kardashiankids(28075)
president(998594) gunsdaily(194326) lilmendeecees(120)
president(998594) gunsdaily(194326) gmgtravels(565)
president(998594) gunsdaily(194326) blockflip(28)
president(998594) gunsdaily(194326) spamorning(718)
president(998594) gunsdaily(194326) dreamy(684549)
president(998594) gunsdaily(194326) la(29921654)
president(998594) gunsdaily(194326) paniconaband(96438)
president(998594) gunsdaily(194326) paitaiaowdarbnhaainca(126)
president(998594) ginza(318742) m6(386825)
president(998594) ginza(318742) believethat(270392)
president(998594) ginza(318742) beautiful(291978316)
president(998594) ginza(318742) tamoconectado(4279)
president(998594) ginza(318742) lyan(7944)
president(998594) ginza(318742) amazingcars247(1232508)
president(998594) ginza(318742) miniroman(80)
president(998594) ginza(318742) murilo(80732)
president(998594) ginza(318742) photooftheday(320728710)
president(998594) ginza(318742) perth(1779604)
president(998594) ginza(318742) grouppic(92913)
president(998594) ginza(318742) bmw(11304118)
president(998594) ginza(318742) 850(109647)
president(998594) ginza(318742) mistineselfie45(4)
president(998594) ginza(318742) omaha(448398)
president(998594) ginza(318742) heroic(25119)
president(998594) ginza(318742) wwepensacola(492)
president(998594) ginza(318742) photoark(4695)
president(998594) ginza(318742) wwe(4062597)
president(998594) ginza(318742) bmwm6(24718)
president(998594) ginza(318742) romanreigns(448869)
president(998594) ginza(318742) joelsartore(4604)
president(998594) ginza(318742) seasonofanswers(813)
president(998594) ginza(318742) selfie45(126)
president(998594) firearmfanatics(2817) baifernfamkannaja(73)
president(998594) firearmfanatics(2817) nofilter(126963735)
president(998594) firearmfanatics(2817) foster(592306)
president(998594) firearmfanatics(2817) csl(84905)
president(998594) firearmfanatics(2817) puravidabracelets(69013)
president(998594) firearmfanatics(2817) livefree(525613)
president(998594) firearmfanatics(2817) pitbullfostermom(111)
president(998594) firearmfanatics(2817) e9(19051)
president(998594) firearmfanatics(2817) modifiedsociety(116513)
president(998594) firearmfanatics(2817) bmw(11304126)
president(998594) firearmfanatics(2817) throwback(71844825)
president(998594) firearmfanatics(2817) blessed(43730567)
president(998594) firearmfanatics(2817) adoptdontshop(1845696)
president(998594) firearmfanatics(2817) rescue(2331163)
president(998594) firearmfanatics(2817) chihuahuarescuepuppies(80)
president(998594) firearmfanatics(2817) mensfashionpost(190261)
president(998594) firearmfanatics(2817) dancefuzion(286)
president(998594) firearmfanatics(2817) thegoo(922)
president(998594) firearmfanatics(2817) blacklist(1391873)
president(998594) bmw(11304115) speciale(197252)
president(998594) bmw(11304115) bmw(11304116)
president(998594) bmw(11304115) wwe(4062597)
president(998594) bmw(11304115) believethat(270392)
president(998594) bmw(11304115) 2(24375636)
president(998594) bmw(11304115) sedona(388905)
president(998594) bmw(11304115) iphone6plus(1065815)
president(998594) bmw(11304115) romanreigns(448869)
president(998594) bmw(11304115) iphone5s(3074351)
president(998594) bmw(11304115) iphone6(4408585)
president(998594) bmw(11304115) ferrari(4919561)
president(998594) bmw(11304115) miniroman(80)
president(998594) bmw(11304115) vintique(382371)
president(998594) bmw(11304115) mensfashionpost(190261)
president(998594) bmw(11304115) wwepensacola(492)
president(998594) bmw(11304115) 850(109647)
president(998594) bmw(11304115) iphone5(10314342)
president(998594) bmw(11304115) createyourluck(540)
president(998594) hikelife(33546) romanreigns(448869)
president(998594) hikelife(33546) nicolevoris(191)
president(998594) hikelife(33546) spotted(472348)
president(998594) hikelife(33546) believethat(270393)
president(998594) hikelife(33546) heyhowdidyougetthere(9)
president(998594) hikelife(33546) catconla(8934)
president(998594) hikelife(33546) catsofinstagram(17812442)
president(998594) hikelife(33546) vacuum(108065)
president(998594) hikelife(33546) pennydreadful(28739)
president(998594) hikelife(33546) bethemotivation(1903)
president(998594) hikelife(33546) dagelan(1486886)
president(998594) hikelife(33546) 850(109647)
president(998594) hikelife(33546) redcarpet(1565227)
president(998594) hikelife(33546) 2(24375643)
president(998594) hikelife(33546) stephssecretstuff(20)
president(998594) hikelife(33546) mistycopeland(14561)
president(998594) hikelife(33546) afinfluencer(52)
president(998594) hikelife(33546) rapidrepost(87438)
president(998594) hikelife(33546) amazingkid(16752)
president(998594) hikelife(33546) wwepensacola(492)
president(998594) hikelife(33546) tonyawards(43982)
president(998594) hikelife(33546) wwe(4062597)
president(998594) hikelife(33546) miniroman(80)
president(998594) hikelife(33546) balletzaida(9411)
president(998594) hikelife(33546) backpack(1689368)
president(998594) hikelife(33546) tonyawards(43983)
president(998594) hikelife(33546) spidercake(1554)
president(998594) hikelife(33546) herveleger(186993)
president(998594) norunyon(21) wildboyz(22617)
president(998594) norunyon(21) rei1440project(777198)
president(998594) norunyon(21) repost(128328637)
president(998594) norunyon(21) wilderdudes(67)
president(998594) norunyon(21) sharks(912527)
president(998594) norunyon(21) luxuryworldtraveler(121775)
president(998594) norunyon(21) sharkssurfingandmyperiod(1)
president(998594) norunyon(21) mystopover(19766)
president(998594) norunyon(21) walimatulurushanishairul(2260)
president(998594) norunyon(21) bmw(11304119)
president(998594) norunyon(21) snorkeling(639780)
president(998594) norunyon(21) sharkskill(35)
president(998594) norunyon(21) nikefree(804607)
president(998594) norunyon(21) luxwt(113348)
president(998594) norunyon(21) sharkbite(34170)
president(998594) norunyon(21) markrackley(15)
president(998594) norunyon(21) jackass(333161)
president(998594) norunyon(21) pennydreadful(28739)
president(998594) norunyon(21) sharkattack(104512)
president(998594) rescuefamily(3065) gmgtravels(565)
president(998594) rescuefamily(3065) la(29921639)
president(998594) rescuefamily(3065) e9(19051)
president(998594) rescuefamily(3065) chroniclymediseaseawareness(9)
president(998594) rescuefamily(3065) csl(84905)
president(998594) rescuefamily(3065) tonygala(97)
president(998594) rescuefamily(3065) livefree(525612)
president(998594) rescuefamily(3065) puravidabracelets(69013)
president(998594) rescuefamily(3065) bmw(11304119)
president(998594) rescuefamily(3065) survivors(169431)
president(998594) rescuefamily(3065) blacklist(1391873)
president(998594) rescuefamily(3065) spotted(472348)
president(998594) rescuefamily(3065) nyc(38471798)
president(998594) rescuefamily(3065) guess(3540735)
president(998594) rescuefamily(3065) humblebrag(42499)
president(998594) rescuefamily(3065) govball(49584)
president(998594) rescuefamily(3065) 16month(9231)
president(998594) rescuefamily(3065) afinfluencer(52)
president(998594) rescuefamily(3065) theintensivepart2(209)
president(998594) rescuefamily(3065) inittowinit(185813)
president(998594) rescuefamily(3065) searchingforacure(572)
president(998594) rescuefamily(3065) montagememory(2380)
president(998594) rescuefamily(3065) ididntdoit(53739)
president(998594) rescuefamily(3065) spamorning(718)
president(998594) rescuefamily(3065) backpack(1689367)
president(998594) rescuefamily(3065) dreamy(684548)
president(998594) powertour(4921) kardashiankids(28075)
president(998594) powertour(4921) gmgtravels(565)
president(998594) powertour(4921) modifiedsociety(116513)
president(998594) powertour(4921) la(29921681)
president(998594) powertour(4921) dreamy(684549)
president(998594) powertour(4921) repost(128328990)
president(998594) powertour(4921) mugen(379891)
president(998594) powertour(4921) tsxc(41149)
president(998594) powertour(4921) nsx(280671)
president(998594) powertour(4921) grouppic(92913)
president(998594) powertour(4921) teamnatalia(5626)
president(998594) powertour(4921) swiftkickz(200158)
president(998594) powertour(4921) brunch(6197655)
president(998594) powertour(4921) heroic(25119)
president(998594) powertour(4921) superstreet(674263)
president(998594) powertour(4921) safehouse(39516)
president(998594) powertour(4921) mensfashionpost(190263)
president(998594) powertour(4921) dancerecital(423279)
president(998594) powertour(4921) montagememory(2380)
president(998594) powertour(4921) spamorning(718)
president(998594) powertour(4921) wekfest(128158)
president(998594) powertour(4921) paniconaband(96438)
president(998594) igmilitia(714900) upp(135212)
president(998594) igmilitia(714900) prayforbrooke(2161)
president(998594) igmilitia(714900) love(922194440)
president(998594) igmilitia(714900) iphone6(4408595)
president(998594) igmilitia(714900) gmgtravels(565)
president(998594) igmilitia(714900) sedona(388905)
president(998594) igmilitia(714900) speciale(197252)
president(998594) igmilitia(714900) mensfashionpost(190261)
president(998594) igmilitia(714900) iphone6plus(1065816)
president(998594) igmilitia(714900) iphone5s(3074352)
president(998594) igmilitia(714900) flashtat(25180)
president(998594) igmilitia(714900) monday(15137717)
president(998594) igmilitia(714900) patrickstarrr(43703)
president(998594) igmilitia(714900) teamthis(19483)
president(998594) igmilitia(714900) dancefuzion(286)
president(998594) igmilitia(714900) tats(2090488)
president(998594) igmilitia(714900) teamstarrr(94)
president(998594) igmilitia(714900) killercolors(660)
president(998594) igmilitia(714900) luxwt(113348)
president(998594) igmilitia(714900) blessed(43730566)
president(998594) igmilitia(714900) crystals(1632674)
president(998594) igmilitia(714900) thegoo(922)
president(998594) igmilitia(714900) montagememory(2380)
president(998594) igmilitia(714900) luxuryworldtraveler(121775)
president(998594) igmilitia(714900) iphone5(10314344)
president(998594) igmilitia(714900) respects(18736)
president(998594) igmilitia(714900) sugarpill(276838)
president(998594) igmilitia(714900) ididntdoit(53739)
president(998594) igmilitia(714900) spamorning(718)
president(998594) igmilitia(714900) ladiesnight(1332876)
president(998594) igmilitia(714900) la(29921649)
president(998594) igmilitia(714900) dreamy(684548)
president(998594) igmilitia(714900) ferrari(4919569)
president(998594) igmilitia(714900) richkids(165057)
president(998594) hrpt15(700) suicidegirls(615904)
president(998594) hrpt15(700) coffindrop(38)
president(998594) hrpt15(700) wilderdudes(67)
president(998594) hrpt15(700) nitrocircus(132580)
president(998594) hrpt15(700) sharkskill(35)
president(998594) hrpt15(700) heyhowdidyougetthere(9)
president(998594) hrpt15(700) catconla(8934)
president(998594) hrpt15(700) rei1440project(777203)
president(998594) hrpt15(700) sharkbite(34170)
president(998594) hrpt15(700) suicidegirlsperiscope(44)
president(998594) hrpt15(700) sharkattack(104512)
president(998594) hrpt15(700) wildboyz(22617)
president(998594) hrpt15(700) mensfashionpost(190262)
president(998594) hrpt15(700) rapidrepost(87440)
president(998594) hrpt15(700) leavinglasvegas(10474)
president(998594) hrpt15(700) sharks(912527)
president(998594) hrpt15(700) tonyawards(43994)
president(998594) hrpt15(700) sg(2049495)
president(998594) hrpt15(700) sharkssurfingandmyperiod(1)
president(998594) hrpt15(700) catsofinstagram(17812471)
president(998594) hrpt15(700) goodbuddydisaster(1)
president(998594) hrpt15(700) mistycopeland(14561)
president(998594) hrpt15(700) handout(10702)
president(998594) hrpt15(700) markrackley(15)
president(998594) hrpt15(700) jackass(333161)
president(998594) hrpt15(700) redcarpet(1565230)
president(998594) hrpt15(700) repost(128328957)
president(998594) hrpt15(700) carsjumpingoncars(1)
president(998594) hrpt15(700) cute(339181598)
president(998594) hrpt15(700) kristinapimenova(15795)
president(998594) hrpt15(700) periscope(35267)
president(998594) hrpt15(700) puppy(34483688)
president(998594) hrpt15(700) snorkeling(639782)
president(998594) hrpt15(700) spidercake(1554)
president(998594) hrpt15(700) herveleger(186993)
president(998594) sickgunsallday(73059) lilmendeecees(120)
president(998594) sickgunsallday(73059) vacuum(108065)
president(998594) sickgunsallday(73059) chihuahuarescuepuppies(80)
president(998594) sickgunsallday(73059) iphone6(4408591)
president(998594) sickgunsallday(73059) ferrari(4919565)
president(998594) sickgunsallday(73059) speciale(197252)
president(998594) sickgunsallday(73059) foster(592306)
president(998594) sickgunsallday(73059) iphone6plus(1065816)
president(998594) sickgunsallday(73059) iphone5s(3074352)
president(998594) sickgunsallday(73059) nbafinals(616683)
president(998594) sickgunsallday(73059) rescue(2331163)
president(998594) sickgunsallday(73059) soccerdotcom(40610)
president(998594) sickgunsallday(73059) bethemotivation(1903)
president(998594) sickgunsallday(73059) mercurial(597991)
president(998594) sickgunsallday(73059) sexymotherpucker(4300)
president(998594) sickgunsallday(73059) teenvipwinner(4)
president(998594) sickgunsallday(73059) nitrocircus(132580)
president(998594) sickgunsallday(73059) humblebrag(42499)
president(998594) sickgunsallday(73059) bewareofthebear(3375)
president(998594) sickgunsallday(73059) stephssecretstuff(20)
president(998594) sickgunsallday(73059) adoptdontshop(1845696)
president(998594) sickgunsallday(73059) namasteseries(307)
president(998594) sickgunsallday(73059) brandycanada(13142)
president(998594) sickgunsallday(73059) iphone5(10314344)
president(998594) sickgunsallday(73059) sugarpill(276838)
president(998594) sickgunsallday(73059) sedona(388905)
president(998594) sickgunsallday(73059) moloridesign(90)
president(998594) sickgunsallday(73059) seasonofanswers(813)
president(998594) sickgunsallday(73059) hypervenom(335564)
president(998594) sickgunsallday(73059) grizzlygang(168057)
president(998594) sickgunsallday(73059) pitbullfostermom(111)
president(998594) createyourluck(540) mugen(379891)
president(998594) createyourluck(540) leavinglasvegas(10474)
president(998594) createyourluck(540) dadandnico(4)
president(998594) createyourluck(540) nsx(280671)
president(998594) createyourluck(540) spon(34380)
president(998594) createyourluck(540) thisappmakesmelaugh(21)
president(998594) createyourluck(540) ididntdoit(53739)
president(998594) createyourluck(540) nbafinals(616688)
president(998594) createyourluck(540) wekfest(128158)
president(998594) createyourluck(540) superstreet(674263)
president(998594) createyourluck(540) bacarditour(1842)
president(998594) createyourluck(540) modifiedsociety(116513)
president(998594) createyourluck(540) govballnyc(107531)
president(998594) soccerdotcom(40610) coffindrop(38)
president(998594) soccerdotcom(40610) govball(49586)
president(998594) soccerdotcom(40610) nyc(38471814)
president(998594) soccerdotcom(40610) summerjam(212640)
president(998594) soccerdotcom(40610) chihuahuarescuepuppies(80)
president(998594) soccerdotcom(40610) tonygala(97)
president(998594) soccerdotcom(40610) monday(15137833)
president(998594) soccerdotcom(40610) crystals(1632675)
president(998594) soccerdotcom(40610) eunagringa(3082)
president(998594) soccerdotcom(40610) sneakercon(357606)
president(998594) soccerdotcom(40610) omaha(448398)
president(998594) soccerdotcom(40610) adoptdontshop(1845696)
president(998594) soccerdotcom(40610) photooftheday(320729154)
president(998594) soccerdotcom(40610) handout(10702)
president(998594) soccerdotcom(40610) tats(2090489)
president(998594) soccerdotcom(40610) beautiful(291978760)
president(998594) soccerdotcom(40610) foster(592308)
president(998594) soccerdotcom(40610) omelhordelasvegas(148)
president(998594) soccerdotcom(40610) photoark(4695)
president(998594) soccerdotcom(40610) carsjumpingoncars(1)
president(998594) soccerdotcom(40610) evefaemvegas(60)
president(998594) soccerdotcom(40610) guess(3540746)
president(998594) soccerdotcom(40610) flashtat(25180)
president(998594) soccerdotcom(40610) joelsartore(4604)
president(998594) soccerdotcom(40610) goodbuddydisaster(1)
president(998594) soccerdotcom(40610) pitbullfostermom(111)
president(998594) soccerdotcom(40610) rescue(2331165)
president(998594) mercurial(597991) walimatulurushanishairul(2263)
president(998594) mercurial(597991) e9(19051)
president(998594) mercurial(597991) bmw(11304134)
president(998594) mercurial(597991) blessed(43730581)
president(998594) mercurial(597991) firstenergy(1296)
president(998594) mercurial(597991) notime2sleep(11683)
president(998594) mercurial(597991) gothandles(11447)
president(998594) mercurial(597991) nbafinals(616687)
president(998594) mercurial(597991) game2(130441)
president(998594) mercurial(597991) puffypants(993)
president(998594) mercurial(597991) allincle(69427)
president(998594) mercurial(597991) crystals(1632675)
president(998594) mercurial(597991) dancefuzion(286)
president(998594) mercurial(597991) salicerose(12768)
president(998594) mercurial(597991) blacklist(1391874)
president(998594) mercurial(597991) sharingiscaring(505276)
president(998594) mercurial(597991) tats(2090489)
president(998594) mercurial(597991) challengetomy29thanniversary(43)
president(998594) mercurial(597991) thegoo(922)
president(998594) mercurial(597991) dadandnico(4)
president(998594) mercurial(597991) monday(15137821)
president(998594) mercurial(597991) nofilter(126963800)
president(998594) mercurial(597991) countdown(2671917)
president(998594) mercurial(597991) ididntdoit(53739)
president(998594) mercurial(597991) flashtat(25180)
president(998594) mercurial(597991) meat(2108475)
president(998594) mercurial(597991) csl(84905)
president(998594) shotgunsdaily(1209) dagelan(1486898)
president(998594) shotgunsdaily(1209) m6(386825)
president(998594) shotgunsdaily(1209) lindyandlogansbrrrthday(1)
president(998594) shotgunsdaily(1209) getsupplied(1860)
president(998594) shotgunsdaily(1209) supplied(210316)
president(998594) shotgunsdaily(1209) tamoconectado(4279)
president(998594) shotgunsdaily(1209) lyan(7944)
president(998594) shotgunsdaily(1209) amazingcars247(1232508)
president(998594) shotgunsdaily(1209) murilo(80732)
president(998594) shotgunsdaily(1209) iddi(6471)
president(998594) shotgunsdaily(1209) bradleycooper(227396)
president(998594) shotgunsdaily(1209) hot97(359077)
president(998594) shotgunsdaily(1209) tonyawards(43990)
president(998594) shotgunsdaily(1209) salicerose(12768)
president(998594) shotgunsdaily(1209) 16month(9231)
president(998594) shotgunsdaily(1209) healthymary(48950)
president(998594) shotgunsdaily(1209) bmwm6(24718)
president(998594) shotgunsdaily(1209) summerjam(212638)
president(998594) shotgunsdaily(1209) bmw(11304131)
president(998594) shotgunsdaily(1209) meekmill(524800)
president(998594) stancenation(2170732) mysteryschool(2639)
president(998594) stancenation(2170732) wilderdudes(67)
president(998594) stancenation(2170732) 3morewins(3084)
president(998594) stancenation(2170732) nbafinals(616679)
president(998594) stancenation(2170732) cute(339181160)
president(998594) stancenation(2170732) allincle(69426)
president(998594) stancenation(2170732) puppy(34483638)
president(998594) stancenation(2170732) livefree(525612)
president(998594) stancenation(2170732) jackass(333161)
president(998594) stancenation(2170732) 13memo(490562)
president(998594) stancenation(2170732) puravidabracelets(69013)
president(998594) stancenation(2170732) sharkskill(35)
president(998594) stancenation(2170732) sharkbite(34170)
president(998594) stancenation(2170732) sharkattack(104512)
president(998594) stancenation(2170732) wildboyz(22617)
president(998594) stancenation(2170732) vancouver(5040524)
president(998594) stancenation(2170732) sharks(912527)
president(998594) stancenation(2170732) sharkssurfingandmyperiod(1)
president(998594) stancenation(2170732) esmagaqcresce(383811)
president(998594) stancenation(2170732) markrackley(15)
president(998594) stancenation(2170732) allredeverything(188787)
president(998594) stancenation(2170732) nyc(38471796)
president(998594) stancenation(2170732) graceshow(5226)
president(998594) stancenation(2170732) snorkeling(639780)
president(998594) stancenation(2170732) biggerthan(3721)
president(998594) stancenation(2170732) whereibelongtour(3647)
president(998594) shotgunfanatics(64) countdown(2671915)
president(998594) shotgunfanatics(64) vemgentenovaporai(8)
president(998594) shotgunfanatics(64) jacobswell(8790)
president(998594) shotgunfanatics(64) vegas_nay(1829805)
president(998594) shotgunfanatics(64) bahamas(1783036)
president(998594) shotgunfanatics(64) metamorphosisbethechange(13)
president(998594) shotgunfanatics(64) survivors(169431)
president(998594) shotgunfanatics(64) geontheroad(2459)
president(998594) shotgunfanatics(64) paifrancisco(186)
president(998594) shotgunfanatics(64) vacuum(108065)
president(998594) shotgunfanatics(64) glass(5620717)
president(998594) shotgunfanatics(64) nofilter(126963721)
president(998594) shotgunfanatics(64) bethemotivation(1903)
president(998594) shotgunfanatics(64) frog(1266013)
president(998594) shotgunfanatics(64) 16month(9231)
president(998594) shotgunfanatics(64) theintensivepart2(209)
president(998594) shotgunfanatics(64) challengetomy29thanniversary(43)
president(998594) shotgunfanatics(64) familiagil(630)
president(998594) shotgunfanatics(64) blockflip(28)
president(998594) shotgunfanatics(64) meat(2108475)
president(998594) gunsdaily1(48014) menandcoffee(11120)
president(998594) gunsdaily1(48014) kardashiankids(28075)
president(998594) gunsdaily1(48014) stancenation(2170735)
president(998594) gunsdaily1(48014) cruelintentionsmusical(1352)
president(998594) gunsdaily1(48014) chroniclymediseaseawareness(9)
president(998594) gunsdaily1(48014) shahs(32048)
president(998594) gunsdaily1(48014) tonygala(97)
president(998594) gunsdaily1(48014) 2(24375649)
president(998594) gunsdaily1(48014) p4p(222816)
president(998594) gunsdaily1(48014) inittowinit(185813)
president(998594) gunsdaily1(48014) searchingforacure(572)
president(998594) chevelle(256357) prayforbrooke(2161)
president(998594) chevelle(256357) biggerthan(3721)
president(998594) chevelle(256357) 3morewins(3084)
president(998594) chevelle(256357) kingjames(817159)
president(998594) chevelle(256357) gothandles(11447)
president(998594) chevelle(256357) pennydreadful(28741)
president(998594) chevelle(256357) summerjam2015(15854)
president(998594) chevelle(256357) friends4life(208356)
president(998594) chevelle(256357) metlife(178533)
president(998594) chevelle(256357) 2(24375669)
president(998594) chevelle(256357) nofilter(126963881)
president(998594) chevelle(256357) allincle(69428)
president(998594) chevelle(256357) createyourluck(540)
president(998594) firearmsdaily(4925) brunch(6197647)
president(998594) firearmsdaily(4925) m6(386825)
president(998594) firearmsdaily(4925) tonyawards(43990)
president(998594) firearmsdaily(4925) nbafinals(616686)
president(998594) firearmsdaily(4925) bmwm6(24718)
president(998594) firearmsdaily(4925) repost(128328788)
president(998594) firearmsdaily(4925) sugarpill(276838)
president(998594) firearmsdaily(4925) getsupplied(1860)
president(998594) firearmsdaily(4925) bmw(11304131)
president(998594) firearmsdaily(4925) cruelintentionsmusical(1352)
president(998594) firearmsdaily(4925) supplied(210316)
president(998594) firearmsdaily(4925) teamnatalia(5626)
president(998594) firearmsdaily(4925) amazingcars247(1232508)
president(998594) firearmsdaily(4925) zaczacposen(1999)
president(998594) firearmsdaily(4925) hypervenom(335564)
president(998594) firearmsdaily(4925) modifiedsociety(116513)
president(998594) firearmsdaily(4925) dancerecital(423279)
president(998594) firearmsdaily(4925) soccerdotcom(40610)
president(998594) firearmsdaily(4925) amazingkid(16752)
president(998594) firearmsdaily(4925) mercurial(597991)
president(998594) mossbergcruiser(30) aboutlastnight(1209456)
president(998594) mossbergcruiser(30) canibuyalocation(1)
president(998594) mossbergcruiser(30) truckdaily(140123)
president(998594) mossbergcruiser(30) pennydreadful(28740)
president(998594) mossbergcruiser(30) cute(339181320)
president(998594) mossbergcruiser(30) getsupplied(1860)
president(998594) mossbergcruiser(30) supplied(210316)
president(998594) mossbergcruiser(30) puppies(5767744)
president(998594) mossbergcruiser(30) brunch(6197646)
president(998594) mossbergcruiser(30) whytheysohardtofindtho(1)
president(998594) mossbergcruiser(30) nbafinals(616683)
president(998594) mossbergcruiser(30) adorable(35585440)
president(998594) mossbergcruiser(30) nevermindwewouldeatalltheproduct(1)
president(998594) mossbergcruiser(30) dancerecital(423279)
president(998594) gunporn(537787) nbafinals(616686)
president(998594) gunporn(537787) meltdarkmatter(11130)
president(998594) gunporn(537787) 2(24375657)
president(998594) gunporn(537787) biggerthan(3721)
president(998594) gunporn(537787) hikelife(33546)
president(998594) gunporn(537787) 3morewins(3084)
president(998594) gunporn(537787) livefree(525613)
president(998594) gunporn(537787) norunyon(21)
president(998594) gunporn(537787) sway(206964)
president(998594) gunporn(537787) modifiedsociety(116513)
president(998594) gunporn(537787) nastytrucksnation(20049)
president(998594) gunporn(537787) allincle(69427)
president(998594) gunporn(537787) seasonofanswers(813)
president(998594) gunporn(537787) puravidabracelets(69013)
president(998594) gunporn(537787) hypervenom(335564)
president(998594) gunporn(537787) truckporn(562266)
president(998594) gunporn(537787) createyourluck(540)
president(998594) gunporn(537787) soccerdotcom(40610)
president(998594) gunporn(537787) mercurial(597991)
president(998594) adoptrescuefoster(2364) vemgentenovaporai(8)
president(998594) adoptrescuefoster(2364) jacobswell(8790)
president(998594) adoptrescuefoster(2364) nbafinals(616679)
president(998594) adoptrescuefoster(2364) allincle(69426)
president(998594) adoptrescuefoster(2364) girlswithgluten(686)
president(998594) adoptrescuefoster(2364) cute(339181167)
president(998594) adoptrescuefoster(2364) spotted(472348)
president(998594) adoptrescuefoster(2364) 3morewins(3084)
president(998594) adoptrescuefoster(2364) adorable(35585430)
president(998594) adoptrescuefoster(2364) survivors(169431)
president(998594) adoptrescuefoster(2364) catconla(8934)
president(998594) adoptrescuefoster(2364) game2(130441)
president(998594) adoptrescuefoster(2364) puffypants(993)
president(998594) adoptrescuefoster(2364) patrickstarrr(43703)
president(998594) adoptrescuefoster(2364) paifrancisco(186)
president(998594) adoptrescuefoster(2364) teamstarrr(94)
president(998594) adoptrescuefoster(2364) puppies(5767741)
president(998594) adoptrescuefoster(2364) killercolors(660)
president(998594) adoptrescuefoster(2364) sway(206964)
president(998594) adoptrescuefoster(2364) catsofinstagram(17812436)
president(998594) adoptrescuefoster(2364) afinfluencer(52)
president(998594) adoptrescuefoster(2364) theintensivepart2(209)
president(998594) adoptrescuefoster(2364) familiagil(630)
president(998594) adoptrescuefoster(2364) love(922194154)
president(998594) adoptrescuefoster(2364) respects(18736)
president(998594) adoptrescuefoster(2364) blockflip(28)
president(998594) adoptrescuefoster(2364) backpack(1689367)
president(998594) adoptrescuefoster(2364) biggerthan(3721)
president(998594) classicsdaily(48573) baifernfamkannaja(73)
president(998594) classicsdaily(48573) wilderdudes(67)
president(998594) classicsdaily(48573) e9(19051)
president(998594) classicsdaily(48573) csl(84905)
president(998594) classicsdaily(48573) bmw(11304144)
president(998594) classicsdaily(48573) nicolevoris(191)
president(998594) classicsdaily(48573) blacklist(1391877)
president(998594) classicsdaily(48573) powertour(4921)
president(998594) classicsdaily(48573) sharkskill(35)
president(998594) classicsdaily(48573) geontheroad(2459)
president(998594) classicsdaily(48573) hrpt15(700)
president(998594) classicsdaily(48573) sharkbite(34170)
president(998594) classicsdaily(48573) mina(512280)
president(998594) classicsdaily(48573) classicsdaily(48574)
president(998594) classicsdaily(48573) snorkeling(639782)
president(998594) classicsdaily(48573) wildboyz(22617)
president(998594) classicsdaily(48573) summerjam(212646)
president(998594) classicsdaily(48573) teenvipwinner(4)
president(998594) classicsdaily(48573) sharks(912527)
president(998594) classicsdaily(48573) bahamas(1783038)
president(998594) classicsdaily(48573) sharkssurfingandmyperiod(1)
president(998594) classicsdaily(48573) chevelle(256357)
president(998594) classicsdaily(48573) stephssecretstuff(20)
president(998594) classicsdaily(48573) markrackley(15)
president(998594) classicsdaily(48573) jackass(333161)
president(998594) classicsdaily(48573) meekmill(524800)
president(998594) classicsdaily(48573) hot97(359079)
president(998594) classicsdaily(48573) nbafinals(616691)
president(998594) classicsdaily(48573) balletzaida(9411)
president(998594) classicsdaily(48573) sharkattack(104512)
president(998594) firearmphotography(46021) blessed(43730582)
president(998594) firearmphotography(46021) dog(69530252)
president(998594) firearmphotography(46021) mysteryschool(2639)
president(998594) firearmphotography(46021) stancenation(2170736)
president(998594) firearmphotography(46021) nicolevoris(191)
president(998594) firearmphotography(46021) vemgentenovaporai(8)
president(998594) firearmphotography(46021) love(922194816)
president(998594) firearmphotography(46021) balletzaida(9411)
president(998594) firearmphotography(46021) firstenergy(1296)
president(998594) firearmphotography(46021) nbafinals(616687)
president(998594) firearmphotography(46021) heavensent(111016)
president(998594) firearmphotography(46021) game2(130441)
president(998594) firearmphotography(46021) puffypants(993)
president(998594) firearmphotography(46021) allincle(69427)
president(998594) firearmphotography(46021) paifrancisco(186)
president(998594) firearmphotography(46021) vacuum(108065)
president(998594) firearmphotography(46021) dancefuzion(286)
president(998594) firearmphotography(46021) akashicrecords(2594)
president(998594) firearmphotography(46021) mensfashionpost(190262)
president(998594) firearmphotography(46021) atlanteans(468)
president(998594) firearmphotography(46021) dogsofinstagram(21592366)
president(998594) firearmphotography(46021) familiagil(630)
president(998594) firearmphotography(46021) thegoo(922)
president(998594) firearmphotography(46021) butilovedogs(192)
president(998594) firearmphotography(46021) respects(18736)
president(998594) firearmphotography(46021) bethemotivation(1903)
president(998594) firearmphotography(46021) lemurians(1074)
president(998594) firearmphotography(46021) theancients(519)
president(998594) firearmphotography(46021) dogs(16285940)
president(998594) hypervenom(335564) suicidegirls(615904)
president(998594) hypervenom(335564) romanreigns(448869)
president(998594) hypervenom(335564) ginza(318742)
president(998594) hypervenom(335564) believethat(270393)
president(998594) hypervenom(335564) sg(2049494)
president(998594) hypervenom(335564) catconla(8934)
president(998594) hypervenom(335564) catsofinstagram(17812463)
president(998594) hypervenom(335564) suicidegirlsperiscope(44)
president(998594) hypervenom(335564) akashicrecords(2594)
president(998594) hypervenom(335564) redcarpet(1565230)
president(998594) hypervenom(335564) rapidrepost(87440)
president(998594) hypervenom(335564) swiftkickz(200158)
president(998594) hypervenom(335564) atlanteans(468)
president(998594) hypervenom(335564) 850(109647)
president(998594) hypervenom(335564) mistycopeland(14561)
president(998594) hypervenom(335564) tsxc(41149)
president(998594) hypervenom(335564) wwepensacola(492)
president(998594) hypervenom(335564) perth(1779611)
president(998594) hypervenom(335564) laurag_143(203824)
president(998594) hypervenom(335564) 2(24375666)
president(998594) hypervenom(335564) tonyawards(43992)
president(998594) hypervenom(335564) miniroman(80)
president(998594) hypervenom(335564) lemurians(1074)
president(998594) hypervenom(335564) theancients(519)
president(998594) hypervenom(335564) periscope(35267)
president(998594) hypervenom(335564) nikefree(804608)
president(998594) hypervenom(335564) shahs(32048)
president(998594) hypervenom(335564) wwe(4062605)
president(998594) hypervenom(335564) herveleger(186993)
