california(18349396) need(7353171) place(9134006)
california(18349396) need(7353171) fire(13921803)
california(18349396) need(7353171) sugarpill(277305)
california(18349396) need(7353171) rose(12896791)
california(18349396) need(7353171) maxwell(209949)
california(18349396) need(7353171) mykonos(811078)
california(18349396) need(7353171) latergram(21764306)
california(18349396) need(7353171) mthood(222443)
california(18349396) need(7353171) nice(78091783)
california(18349396) need(7353171) good(60363480)
california(18349396) need(7353171) vines(877733)
california(18349396) need(7353171) snowboarding(2709727)
california(18349396) need(7353171) fvlifestyle(1626)
california(18349396) need(7353171) beach(82816568)
california(18349396) need(7353171) shelterisland(42964)
california(18349396) need(7353171) restaurant(6807092)
california(18349396) need(7353171) andrebalazs(752)
california(18349396) need(7353171) yesung(699389)
california(18349396) need(7353171) peoplescreatives(864957)
california(18349396) need(7353171) sunsetbeach(177845)
california(18349396) need(7353171) stancenation(2145169)
california(18349396) need(7353171) hmmm(828378)
california(18349396) need(7353171) beautiful(292131271)
california(18349396) need(7353171) funny(89655452)
california(18349396) need(7353171) wine(16063607)
california(18349396) need(7353171) hamptons(474262)
california(18349396) need(7353171) dangelo(64533)
california(18349396) need(7353171) neosoul(109128)
california(18349396) need(7353171) company(1278809)
california(18349396) need(7353171) haummmmmmmmmmm(2)
california(18349396) need(7353171) snowboarder(162976)
california(18349396) need(7353171) moment(11698964)
california(18349396) need(7353171) video(12282384)
california(18349396) robertocavallieditorials(313) goodnight(39947213)
california(18349396) robertocavallieditorials(313) 458(486712)
california(18349396) robertocavallieditorials(313) modballrally(10176)
california(18349396) robertocavallieditorials(313) monday(15261378)
california(18349396) robertocavallieditorials(313) disneysea(554149)
california(18349396) robertocavallieditorials(313) disneyland(8558072)
california(18349396) robertocavallieditorials(313) yiannimize(21574)
california(18349396) robertocavallieditorials(313) hair(108377596)
california(18349396) robertocavallieditorials(313) today(34100391)
california(18349396) robertocavallieditorials(313) selfie(281732709)
california(18349396) robertocavallieditorials(313) make(6799690)
california(18349396) robertocavallieditorials(313) duffy(420499)
california(18349396) robertocavallieditorials(313) thewanteddenim(3299)
california(18349396) robertocavallieditorials(313) brotherstrailerin2days(26)
california(18349396) robertocavallieditorials(313) peoplescreatives(864961)
california(18349396) robertocavallieditorials(313) hmphotostudio(29)
california(18349396) robertocavallieditorials(313) modball(7035)
california(18349396) robertocavallieditorials(313) happymonday(2481094)
california(18349396) robertocavallieditorials(313) samsungultra(2386)
california(18349396) robertocavallieditorials(313) chromered(1053)
california(18349396) baseyourlife(27) publishbrand(37705)
california(18349396) baseyourlife(27) breakfast(38956027)
california(18349396) baseyourlife(27) kicksonfire(4172385)
california(18349396) baseyourlife(27) teamkof(62097)
california(18349396) baseyourlife(27) workhard(6657064)
california(18349396) baseyourlife(27) cardiotraining(35064)
california(18349396) baseyourlife(27) fitspo(20760940)
california(18349396) baseyourlife(27) inspiration(33745125)
california(18349396) baseyourlife(27) peoplescreatives(864959)
california(18349396) baseyourlife(27) musculation(420359)
california(18349396) baseyourlife(27) fitness(88260761)
california(18349396) baseyourlife(27) clean(9034415)
california(18349396) baseyourlife(27) farmersmarkethawaii(96528)
california(18349396) baseyourlife(27) supplied(209839)
california(18349396) baseyourlife(27) funny(89655465)
california(18349396) baseyourlife(27) theroyalg(42251)
california(18349396) baseyourlife(27) healthy(50730203)
california(18349396) baseyourlife(27) project193(13322)
california(18349396) baseyourlife(27) healthyfood(6691709)
california(18349396) baseyourlife(27) summerbody(989413)
california(18349396) baseyourlife(27) fortheocean(366)
california(18349396) baseyourlife(27) solecollector(3679585)
california(18349396) baseyourlife(27) fitfam(25105797)
california(18349396) baseyourlife(27) vines(877733)
california(18349396) baseyourlife(27) fitsporation(846536)
california(18349396) baseyourlife(27) eathealthy(2117713)
california(18349396) baseyourlife(27) lunch(27593374)
california(18349396) baseyourlife(27) solenation(1429749)
california(18349396) baseyourlife(27) weightloss(13072775)
california(18349396) baseyourlife(27) training(21145353)
california(18349396) baseyourlife(27) health(26763077)
california(18349396) baseyourlife(27) reequilibragealimentaire(296600)
california(18349396) baseyourlife(27) fit(41172144)
california(18349396) baseyourlife(27) crepprotect(9137)
california(18349396) baseyourlife(27) theuncommonthread(57207)
california(18349396) baseyourlife(27) canadiangp(12551)
california(18349396) baseyourlife(27) instafit(11820738)
california(18349396) baseyourlife(27) workout(45182987)
california(18349396) baseyourlife(27) teamlh(53501)
california(18349396) baseyourlife(27) legs(11922188)
california(18349396) baseyourlife(27) atribecf(106972)
california(18349396) baseyourlife(27) eat(15905237)
california(18349396) baseyourlife(27) felicitypalmateerart(533)
california(18349396) baseyourlife(27) dgwomen(7257)
california(18349396) baseyourlife(27) eatclean(23344164)
california(18349396) baseyourlife(27) ronaldo(2225678)
california(18349396) baseyourlife(27) squat(3533958)
california(18349396) baseyourlife(27) nike(45136540)
california(18349396) baseyourlife(27) nicekicks(3954366)
california(18349396) baseyourlife(27) yummy(58268817)
california(18349396) baseyourlife(27) dgmaiolica(139)
california(18349396) baseyourlife(27) motivation(41886876)
california(18349396) baseyourlife(27) getsupplied(1870)
california(18349396) baseyourlife(27) regimeuses(55762)
california(18349396) baseyourlife(27) the_perfect_pair(333970)
california(18349396) baseyourlife(27) worldoceansday(14814)
california(18349396) baseyourlife(27) jumpman23(488241)
california(18349396) ourfollowers(481) yummy(58268806)
california(18349396) ourfollowers(481) eathealthy(2117712)
california(18349396) ourfollowers(481) fitspo(20760933)
california(18349396) ourfollowers(481) healthy(50730188)
california(18349396) ourfollowers(481) cardiotraining(35064)
california(18349396) ourfollowers(481) inspiration(33745114)
california(18349396) ourfollowers(481) fitness(88260730)
california(18349396) ourfollowers(481) summer(210434791)
california(18349396) ourfollowers(481) eatclean(23344163)
california(18349396) ourfollowers(481) mthood(222443)
california(18349396) ourfollowers(481) yesung(699389)
california(18349396) ourfollowers(481) snowboarding(2709727)
california(18349396) ourfollowers(481) fitsporation(846536)
california(18349396) ourfollowers(481) lunch(27593365)
california(18349396) ourfollowers(481) squat(3533959)
california(18349396) ourfollowers(481) reequilibragealimentaire(296600)
california(18349396) ourfollowers(481) instafit(11820736)
california(18349396) ourfollowers(481) workout(45182978)
california(18349396) ourfollowers(481) me(377120385)
california(18349396) ourfollowers(481) clean(9034414)
california(18349396) ourfollowers(481) video(12282390)
california(18349396) ourfollowers(481) fit(41172134)
california(18349396) ourfollowers(481) workhard(6657061)
california(18349396) ourfollowers(481) breakfast(38956021)
california(18349396) ourfollowers(481) fitfam(25105785)
california(18349396) ourfollowers(481) moscow(12972437)
california(18349396) ourfollowers(481) ronaldo(2225678)
california(18349396) ourfollowers(481) vichyidealwhiteth(105)
california(18349396) ourfollowers(481) summerbody(989411)
california(18349396) ourfollowers(481) musculation(420359)
california(18349396) ourfollowers(481) healthyfood(6691707)
california(18349396) ourfollowers(481) training(21145344)
california(18349396) ourfollowers(481) blessed(43768665)
california(18349396) ourfollowers(481) eat(15905236)
california(18349396) ourfollowers(481) selfie(281732531)
california(18349396) ourfollowers(481) weightloss(13072769)
california(18349396) ourfollowers(481) regimeuses(55762)
california(18349396) ourfollowers(481) health(26763068)
california(18349396) ourfollowers(481) legs(11922180)
california(18349396) ourfollowers(481) snowboarder(162976)
california(18349396) ourfollowers(481) motivation(41886863)
california(18349396) ourfollowers(481) virgovibes(350)
california(18349396) twohands(89349) publishbrand(37705)
california(18349396) twohands(89349) teamkof(62097)
california(18349396) twohands(89349) nofilterneeded(3096394)
california(18349396) twohands(89349) farmersmarkethawaii(96528)
california(18349396) twohands(89349) theroyalg(42251)
california(18349396) twohands(89349) project193(13322)
california(18349396) twohands(89349) nike(45136544)
california(18349396) twohands(89349) middleearth(193649)
california(18349396) twohands(89349) tb(46217961)
california(18349396) twohands(89349) fvlifestyle(1626)
california(18349396) twohands(89349) crepprotect(9137)
california(18349396) twohands(89349) theuncommonthread(57207)
california(18349396) twohands(89349) ashishsoni(107)
california(18349396) twohands(89349) kicksonfire(4172387)
california(18349396) twohands(89349) solenation(1429750)
california(18349396) twohands(89349) atribecf(106972)
california(18349396) twohands(89349) stillalongwaytothetop(10)
california(18349396) twohands(89349) newzealand(2721527)
california(18349396) twohands(89349) solecollector(3679587)
california(18349396) twohands(89349) u20wc(1448)
california(18349396) twohands(89349) haummmmmmmmmmm(2)
california(18349396) twohands(89349) the_perfect_pair(333970)
california(18349396) twohands(89349) nicekicks(3954367)
california(18349396) twohands(89349) jumpman23(488241)
california(18349396) twohands(89349) iifa2015(9256)
california(18349396) getsupplied(1870) geordieshore(289122)
california(18349396) getsupplied(1870) malaysia(9656380)
california(18349396) getsupplied(1870) blessed(43768697)
california(18349396) getsupplied(1870) givemetwohands(1)
california(18349396) getsupplied(1870) series11(3297)
california(18349396) getsupplied(1870) anamikakhanna(2810)
california(18349396) getsupplied(1870) twohands(89349)
california(18349396) getsupplied(1870) backtoreality(522779)
california(18349396) getsupplied(1870) waitasec(2006)
california(18349396) getsupplied(1870) iifa2015(9258)
california(18349396) getsupplied(1870) hand(6603481)
california(18349396) getsupplied(1870) sixpack(5900925)
california(18349396) getsupplied(1870) vegas_nay(1821845)
california(18349396) getsupplied(1870) sit(565547)
california(18349396) getsupplied(1870) kl(1435749)
california(18349396) getsupplied(1870) filming(938757)
california(18349396) getsupplied(1870) jjome(9)
california(18349396) getsupplied(1870) fitness(88260850)
california(18349396) nike(45136529) riva(145405)
california(18349396) nike(45136529) geordieshore(289122)
california(18349396) nike(45136529) blessed(43768664)
california(18349396) nike(45136529) hualien(91381)
california(18349396) nike(45136529) afro(1717749)
california(18349396) nike(45136529) supplied(209839)
california(18349396) nike(45136529) series11(3297)
california(18349396) nike(45136529) gopro(11867729)
california(18349396) nike(45136529) truthserum(24441)
california(18349396) nike(45136529) galaxys6(65033)
california(18349396) nike(45136529) millitakim(10266)
california(18349396) nike(45136529) thewanteddenim(3299)
california(18349396) nike(45136529) sundayfunday(15176448)
california(18349396) nike(45136529) matchday(394350)
california(18349396) nike(45136529) getsupplied(1870)
california(18349396) nike(45136529) blonde(31239097)
california(18349396) nike(45136529) bulgaria(1095202)
california(18349396) nike(45136529) filming(938756)
california(18349396) healthy(50730174) familyfirst(4524275)
california(18349396) healthy(50730174) place(9134006)
california(18349396) healthy(50730174) beautiful(292131289)
california(18349396) healthy(50730174) fire(13921803)
california(18349396) healthy(50730174) himalayan(214433)
california(18349396) healthy(50730174) wine(16063608)
california(18349396) healthy(50730174) givemetwohands(1)
california(18349396) healthy(50730174) barrel(409069)
california(18349396) healthy(50730174) hoodyakovproduction(292)
california(18349396) healthy(50730174) fortheocean(366)
california(18349396) healthy(50730174) restaurant(6807092)
california(18349396) healthy(50730174) dwmtm(71966)
california(18349396) healthy(50730174) s4(1074115)
california(18349396) healthy(50730174) livinglegend(181506)
california(18349396) healthy(50730174) mandrikandvolkova_wedding(598)
california(18349396) healthy(50730174) twohands(89349)
california(18349396) healthy(50730174) rose(12896793)
california(18349396) healthy(50730174) shelterisland(42964)
california(18349396) healthy(50730174) tregiorni_di_matrimonio(250)
california(18349396) healthy(50730174) waitasec(2006)
california(18349396) healthy(50730174) andrebalazs(752)
california(18349396) healthy(50730174) rozay(176529)
california(18349396) healthy(50730174) sunsetbeach(177845)
california(18349396) healthy(50730174) lookbookstore(35280)
california(18349396) healthy(50730174) felicitypalmateerart(533)
california(18349396) healthy(50730174) mmtfdinjapan(161)
california(18349396) healthy(50730174) beach(82816573)
california(18349396) healthy(50730174) sit(565547)
california(18349396) healthy(50730174) good(60363482)
california(18349396) healthy(50730174) shibainu(1163415)
california(18349396) healthy(50730174) rotation(67287)
california(18349396) healthy(50730174) hand(6603473)
california(18349396) healthy(50730174) nice(78091787)
california(18349396) healthy(50730174) beautiful(292131296)
california(18349396) healthy(50730174) hamptons(474262)
california(18349396) healthy(50730174) jjome(9)
california(18349396) healthy(50730174) company(1278809)
california(18349396) healthy(50730174) sweet(59743869)
california(18349396) healthy(50730174) 1(32520917)
california(18349396) healthy(50730174) worldoceansday(14811)
california(18349396) healthy(50730174) bali(9780284)
california(18349396) healthy(50730174) moment(11698964)
california(18349396) familyfirst(4524275) backtoreality(522779)
california(18349396) familyfirst(4524275) hualien(91381)
california(18349396) familyfirst(4524275) thatsbae(379394)
california(18349396) familyfirst(4524275) fvlifestyle(1626)
california(18349396) familyfirst(4524275) iifa2015(9259)
california(18349396) familyfirst(4524275) anamikakhanna(2810)
california(18349396) familyfirst(4524275) kl(1435750)
california(18349396) familyfirst(4524275) arabidol(153036)
california(18349396) familyfirst(4524275) plaaastic(848)
california(18349396) familyfirst(4524275) sportsgirl(132738)
california(18349396) familyfirst(4524275) resultsdontliar(2)
california(18349396) familyfirst(4524275) malaysia(9656382)
california(18349396) familyfirst(4524275) fendi(9500171)
california(18349396) familyfirst(4524275) behindthescenes(1248678)
california(18349396) familyfirst(4524275) fistilook(3)
california(18349396) familyfirst(4524275) shoes(51247273)
california(18349396) familyfirst(4524275) kaytureonthego(7969)
california(18349396) familyfirst(4524275) galialahav(16568)
california(18349396) familyfirst(4524275) yanafisti(2408)
california(18349396) familyfirst(4524275) haummmmmmmmmmm(2)
california(18349396) familyfirst(4524275) giambattistavallix7fam(354)
california(18349396) familyfirst(4524275) sotd(1049890)
california(18349396) familyfirst(4524275) karlito(36345)
california(18349396) supplied(209839) repost(128489163)
california(18349396) supplied(209839) 458(486712)
california(18349396) supplied(209839) modballrally(10176)
california(18349396) supplied(209839) roxyready(2276)
california(18349396) supplied(209839) missyou(10840815)
california(18349396) supplied(209839) yiannimize(21574)
california(18349396) supplied(209839) lotd(1657937)
california(18349396) supplied(209839) mondaysnoozeday(29)
california(18349396) supplied(209839) symmetrybreakfast(2869)
california(18349396) supplied(209839) debocafehuahin(12)
california(18349396) supplied(209839) oceanbreakfast(36)
california(18349396) supplied(209839) resultsdontliar(2)
california(18349396) supplied(209839) smartwaffle(56)
california(18349396) supplied(209839) baristaexpress(439)
california(18349396) supplied(209839) need(7353174)
california(18349396) supplied(209839) ootd(63250242)
california(18349396) supplied(209839) subdued(58851)
california(18349396) supplied(209839) harleyquin(15229)
california(18349396) supplied(209839) modball(7035)
california(18349396) supplied(209839) subduedstyle(1332)
california(18349396) supplied(209839) happymonday(2481094)
california(18349396) supplied(209839) chromered(1053)
california(18349396) 500k(20535) cute(339360917)
california(18349396) 500k(20535) korean(9230225)
california(18349396) 500k(20535) instagood(423162434)
california(18349396) 500k(20535) anninbarcelona(10)
california(18349396) 500k(20535) tagsforlikesapp(6015867)
california(18349396) 500k(20535) baristaexpress(439)
california(18349396) 500k(20535) picoftheday(233020587)
california(18349396) 500k(20535) guy(17299911)
california(18349396) 500k(20535) ulzzang(1831955)
california(18349396) 500k(20535) photooftheday(320996855)
california(18349396) 500k(20535) amazing(173068873)
california(18349396) 500k(20535) asian(21647352)
california(18349396) 500k(20535) smile(225110942)
california(18349396) 500k(20535) fun(217821653)
california(18349396) 500k(20535) fortheocean(366)
california(18349396) 500k(20535) like4like(234113853)
california(18349396) 500k(20535) fvlifestyle(1626)
california(18349396) 500k(20535) happy(305924516)
california(18349396) 500k(20535) summer(210434836)
california(18349396) 500k(20535) tflers(169780131)
california(18349396) 500k(20535) symmetrybreakfast(2869)
california(18349396) 500k(20535) fashion(221126136)
california(18349396) 500k(20535) new(63254781)
california(18349396) 500k(20535) oceanbreakfast(36)
california(18349396) 500k(20535) follow(340008082)
california(18349396) 500k(20535) worldoceansday(14812)
california(18349396) 500k(20535) felicitypalmateerart(533)
california(18349396) 500k(20535) airplanecuddlebuddy(5)
california(18349396) 500k(20535) likeforfollow(30565758)
california(18349396) 500k(20535) instalike(190029636)
california(18349396) 500k(20535) love(922678205)
california(18349396) 500k(20535) beautiful(292131351)
california(18349396) 500k(20535) igers(187928238)
california(18349396) 500k(20535) dope(17086856)
california(18349396) 500k(20535) mmtfdinjapan(161)
california(18349396) 500k(20535) swag(170777662)
california(18349396) 500k(20535) bestoftheday(151538091)
california(18349396) 500k(20535) me(377120422)
california(18349396) 500k(20535) haummmmmmmmmmm(2)
california(18349396) 500k(20535) followme(328834818)
california(18349396) 500k(20535) smartwaffle(56)
california(18349396) 500k(20535) happymonday(2481084)
california(18349396) 500k(20535) instadaily(203994425)
california(18349396) givemetwohands(1) riva(145405)
california(18349396) givemetwohands(1) photooftheday(320996907)
california(18349396) givemetwohands(1) follow(340008147)
california(18349396) givemetwohands(1) omnomnomnom(138294)
california(18349396) givemetwohands(1) fashion(221126179)
california(18349396) givemetwohands(1) smile(225110980)
california(18349396) givemetwohands(1) asian(21647355)
california(18349396) givemetwohands(1) followme(328834878)
california(18349396) givemetwohands(1) sugarpill(277305)
california(18349396) givemetwohands(1) dallas(4622317)
california(18349396) givemetwohands(1) instagood(423162500)
california(18349396) givemetwohands(1) ralenwatts(687)
california(18349396) givemetwohands(1) summer(210434911)
california(18349396) givemetwohands(1) happy(305924573)
california(18349396) givemetwohands(1) dope(17086864)
california(18349396) givemetwohands(1) amazing(173068898)
california(18349396) givemetwohands(1) lotd(1657935)
california(18349396) givemetwohands(1) fun(217821689)
california(18349396) givemetwohands(1) fox(2643085)
california(18349396) givemetwohands(1) nickandsams(2404)
california(18349396) givemetwohands(1) likeforfollow(30565770)
california(18349396) givemetwohands(1) picoftheday(233020623)
california(18349396) givemetwohands(1) like4like(234113883)
california(18349396) givemetwohands(1) ulzzang(1831956)
california(18349396) givemetwohands(1) luxuryworldtraveler(122405)
california(18349396) givemetwohands(1) guy(17299919)
california(18349396) givemetwohands(1) cute(339360963)
california(18349396) givemetwohands(1) tflers(169780136)
california(18349396) givemetwohands(1) millitakim(10266)
california(18349396) givemetwohands(1) bestoftheday(151538114)
california(18349396) givemetwohands(1) instalike(190029673)
california(18349396) givemetwohands(1) igers(187928260)
california(18349396) givemetwohands(1) beautiful(292131408)
california(18349396) givemetwohands(1) officialralenwatts(284)
california(18349396) givemetwohands(1) matchday(394350)
california(18349396) givemetwohands(1) mens(1157729)
california(18349396) givemetwohands(1) luxwt(113675)
california(18349396) givemetwohands(1) tagsforlikesapp(6015873)
california(18349396) givemetwohands(1) new(63254795)
california(18349396) givemetwohands(1) subdued(58851)
california(18349396) givemetwohands(1) instadaily(203994464)
california(18349396) givemetwohands(1) nike(45136550)
california(18349396) givemetwohands(1) love(922678340)
california(18349396) givemetwohands(1) mondaysnoozeday(29)
california(18349396) givemetwohands(1) me(377120482)
california(18349396) givemetwohands(1) subduedstyle(1332)
california(18349396) givemetwohands(1) ronaldo(2225678)
california(18349396) givemetwohands(1) swag(170777676)
california(18349396) givemetwohands(1) bulgaria(1095202)
california(18349396) givemetwohands(1) samsungultra(2386)
california(18349396) givemetwohands(1) citybeach(61969)
california(18349396) givemetwohands(1) model(53741619)
california(18349396) givemetwohands(1) ootd(63250208)
california(18349396) givemetwohands(1) korean(9230226)
california(18349396) beingfatandawesome(13) edition1(8992)
california(18349396) beingfatandawesome(13) arabidol(153036)
california(18349396) beingfatandawesome(13) video(12282403)
california(18349396) beingfatandawesome(13) snowboarding(2709727)
california(18349396) beingfatandawesome(13) gts(465127)
california(18349396) beingfatandawesome(13) luxwt(113675)
california(18349396) beingfatandawesome(13) luxuryworldtraveler(122405)
california(18349396) beingfatandawesome(13) snowboarder(162976)
california(18349396) beingfatandawesome(13) perfectvideos(9889)
california(18349396) beingfatandawesome(13) amg(2080998)
california(18349396) beingfatandawesome(13) mercedesbenz(1426358)
california(18349396) beingfatandawesome(13) tsxc(41131)
california(18349396) beingfatandawesome(13) roxyready(2276)
california(18349396) beingfatandawesome(13) swiftkickz(200022)
california(18349396) beingfatandawesome(13) mthood(222443)
california(18349396) beingfatandawesome(13) blacklist(1382668)
california(18349396) hoodyakovproduction(292) amazing(173068969)
california(18349396) hoodyakovproduction(292) me(377120661)
california(18349396) hoodyakovproduction(292) likeforfollow(30565787)
california(18349396) hoodyakovproduction(292) swag(170777749)
california(18349396) hoodyakovproduction(292) astyle4you(2929)
california(18349396) hoodyakovproduction(292) fashion(221126366)
california(18349396) hoodyakovproduction(292) picoftheday(233020758)
california(18349396) hoodyakovproduction(292) asian(21647359)
california(18349396) hoodyakovproduction(292) sundayfunday(15176467)
california(18349396) hoodyakovproduction(292) tagsforlikesapp(6015916)
california(18349396) hoodyakovproduction(292) sweet(59743930)
california(18349396) hoodyakovproduction(292) korean(9230232)
california(18349396) hoodyakovproduction(292) tonyawards(46902)
california(18349396) hoodyakovproduction(292) beautiful(292131572)
california(18349396) hoodyakovproduction(292) photooftheday(320997093)
california(18349396) hoodyakovproduction(292) cute(339361135)
california(18349396) hoodyakovproduction(292) fun(217821795)
california(18349396) hoodyakovproduction(292) truthserum(24441)
california(18349396) hoodyakovproduction(292) love(922678774)
california(18349396) hoodyakovproduction(292) tflers(169780210)
california(18349396) hoodyakovproduction(292) hmphotostudio(29)
california(18349396) hoodyakovproduction(292) smile(225121416)
california(18349396) hoodyakovproduction(292) instagood(423162737)
california(18349396) hoodyakovproduction(292) new(63254826)
california(18349396) hoodyakovproduction(292) guy(17299926)
california(18349396) hoodyakovproduction(292) like4like(234114031)
california(18349396) hoodyakovproduction(292) lookbookstore(35280)
california(18349396) hoodyakovproduction(292) igers(187928355)
california(18349396) hoodyakovproduction(292) dope(17086869)
california(18349396) hoodyakovproduction(292) summer(210435142)
california(18349396) hoodyakovproduction(292) instadaily(203994569)
california(18349396) hoodyakovproduction(292) kutasunset(463)
california(18349396) hoodyakovproduction(292) happy(305924736)
california(18349396) hoodyakovproduction(292) followme(328835076)
california(18349396) hoodyakovproduction(292) bestoftheday(151538188)
california(18349396) hoodyakovproduction(292) instalike(190029800)
california(18349396) hoodyakovproduction(292) sixpack(5900929)
california(18349396) hoodyakovproduction(292) ulzzang(1831956)
california(18349396) hoodyakovproduction(292) fitness(88260867)
california(18349396) hoodyakovproduction(292) follow(340008340)
california(18349396) hoodyakovproduction(292) virgovibes(350)
california(18349396) hoodyakovproduction(292) ss15(1298521)
california(18349396) personaltrainers(63734) earthfocus(28731)
california(18349396) personaltrainers(63734) shemakesmehappy(102681)
california(18349396) personaltrainers(63734) modballrally(10175)
california(18349396) personaltrainers(63734) fcbarcelona(1706914)
california(18349396) personaltrainers(63734) modball(7034)
california(18349396) personaltrainers(63734) beingfatandawesome(13)
california(18349396) personaltrainers(63734) smartwaffle(56)
california(18349396) personaltrainers(63734) 458(486712)
california(18349396) personaltrainers(63734) vichyidealwhiteth(105)
california(18349396) personaltrainers(63734) baristaexpress(439)
california(18349396) personaltrainers(63734) yiannimize(21574)
california(18349396) personaltrainers(63734) messi(3381928)
california(18349396) personaltrainers(63734) neymar(2292492)
california(18349396) personaltrainers(63734) happymonday(2481084)
california(18349396) personaltrainers(63734) kutasunset(463)
california(18349396) personaltrainers(63734) vegas_nay(1821844)
california(18349396) personaltrainers(63734) chromered(1053)
california(18349396) personaltrainers(63734) symmetrybreakfast(2869)
california(18349396) personaltrainers(63734) fcb_supporters(1176)
california(18349396) happy(305924431) earthfocus(28731)
california(18349396) happy(305924431) najwakaram(65207)
california(18349396) happy(305924431) croatia(2621004)
california(18349396) happy(305924431) nike(45136541)
california(18349396) happy(305924431) lululunthailand(79)
california(18349396) happy(305924431) musicvideo(1495363)
california(18349396) happy(305924431) citybeach(61969)
california(18349396) happy(305924431) bts(5470179)
california(18349396) happy(305924431) mmtfdinjapan(161)
california(18349396) happy(305924431) regram(16176901)
california(18349396) happy(305924431) discovernewworld(333)
california(18349396) happy(305924431) luxwt(113675)
california(18349396) happy(305924431) workinprogress(2091606)
california(18349396) happy(305924431) mens(1157729)
california(18349396) happy(305924431) lostadiotour2015(1098)
california(18349396) happy(305924431) luxuryworldtraveler(122405)
california(18349396) basebodybabeslove(636) summer(210434847)
california(18349396) basebodybabeslove(636) fendi(9500143)
california(18349396) basebodybabeslove(636) shemakesmehappy(102681)
california(18349396) basebodybabeslove(636) dgmaiolica(139)
california(18349396) basebodybabeslove(636) moscow(12972440)
california(18349396) basebodybabeslove(636) countrysummerca(80)
california(18349396) basebodybabeslove(636) shoes(51247236)
california(18349396) basebodybabeslove(636) sotd(1049889)
california(18349396) basebodybabeslove(636) ootd(63250192)
california(18349396) basebodybabeslove(636) dgwomen(7257)
california(18349396) basebodybabeslove(636) selfie(281732568)
california(18349396) basebodybabeslove(636) brandyeu(4457)
california(18349396) basebodybabeslove(636) me(377120432)
california(18349396) basebodybabeslove(636) fender(1291794)
california(18349396) basebodybabeslove(636) plaaastic(848)
california(18349396) basebodybabeslove(636) karlito(36345)
california(18349396) basebodybabeslove(636) beingfatandawesome(13)
california(18349396) basebodybabeslove(636) gopies(56626)
california(18349396) rabu9pmastroria(85) rotation(67287)
california(18349396) rabu9pmastroria(85) fendi(9500169)
california(18349396) rabu9pmastroria(85) hermes(11958337)
california(18349396) rabu9pmastroria(85) shoes(51247268)
california(18349396) rabu9pmastroria(85) 1(32589733)
california(18349396) rabu9pmastroria(85) s4(1074115)
california(18349396) rabu9pmastroria(85) livinglegend(181506)
california(18349396) rabu9pmastroria(85) truthserum(24441)
california(18349396) rabu9pmastroria(85) equitation(210611)
california(18349396) rabu9pmastroria(85) beyondonescapability(1)
california(18349396) rabu9pmastroria(85) yesung(699389)
california(18349396) rabu9pmastroria(85) rozay(176529)
california(18349396) rabu9pmastroria(85) samsungultra(2386)
california(18349396) rabu9pmastroria(85) need(7353174)
california(18349396) rabu9pmastroria(85) sauthermes(6942)
california(18349396) rabu9pmastroria(85) sundayfunday(15176465)
california(18349396) rabu9pmastroria(85) staytuned(1109100)
california(18349396) rabu9pmastroria(85) lululunthailand(79)
california(18349396) rabu9pmastroria(85) perfectvideos(9889)
california(18349396) rabu9pmastroria(85) equestrian(1978702)
california(18349396) rabu9pmastroria(85) dwmtm(71966)
california(18349396) rabu9pmastroria(85) sotd(1049890)
california(18349396) rabu9pmastroria(85) karlito(36345)
california(18349396) hand(6603471) arabidol(153036)
california(18349396) hand(6603471) vichyidealwhiteth(105)
california(18349396) hand(6603471) ebi(85819)
california(18349396) hand(6603471) loves(4561513)
california(18349396) hand(6603471) all(15193081)
california(18349396) hand(6603471) fvlifestyle(1626)
california(18349396) hand(6603471) malaysia(9656383)
california(18349396) hand(6603471) vines(877733)
california(18349396) hand(6603471) anamikakhanna(2810)
california(18349396) hand(6603471) backtoreality(522779)
california(18349396) hand(6603471) funny(89655482)
california(18349396) hand(6603471) countrysummerca(80)
california(18349396) hand(6603471) you(41475485)
california(18349396) hand(6603471) kl(1435749)
california(18349396) hand(6603471) pinkflowers(145622)
california(18349396) hand(6603471) fender(1291795)
california(18349396) hand(6603471) haummmmmmmmmmm(2)
california(18349396) hand(6603471) iifa2015(9256)
california(18349396) vines(877733) publishbrand(37705)
california(18349396) vines(877733) tb(46217989)
california(18349396) vines(877733) lunch(27593385)
california(18349396) vines(877733) teamkof(62097)
california(18349396) vines(877733) sweet(59743906)
california(18349396) vines(877733) cardiotraining(35064)
california(18349396) vines(877733) kicksonfire(4172392)
california(18349396) vines(877733) motivation(41886910)
california(18349396) vines(877733) eat(15905239)
california(18349396) vines(877733) healthy(50730250)
california(18349396) vines(877733) sugarpill(277305)
california(18349396) vines(877733) la(29940700)
california(18349396) vines(877733) fit(41172185)
california(18349396) vines(877733) farmersmarkethawaii(96528)
california(18349396) vines(877733) theroyalg(42251)
california(18349396) vines(877733) disneysea(554149)
california(18349396) vines(877733) jumpman23(488242)
california(18349396) vines(877733) nike(45136566)
california(18349396) vines(877733) project193(13322)
california(18349396) vines(877733) missyou(10840815)
california(18349396) vines(877733) disneyland(8558072)
california(18349396) vines(877733) reequilibragealimentaire(296600)
california(18349396) vines(877733) blessed(43768694)
california(18349396) vines(877733) health(26763094)
california(18349396) vines(877733) fitfam(25105817)
california(18349396) vines(877733) fitsporation(846536)
california(18349396) vines(877733) fitness(88260844)
california(18349396) vines(877733) breakfast(38956037)
california(18349396) vines(877733) healthyfood(6691718)
california(18349396) vines(877733) the_perfect_pair(333970)
california(18349396) vines(877733) workout(45183024)
california(18349396) vines(877733) solenation(1429753)
california(18349396) vines(877733) crepprotect(9137)
california(18349396) vines(877733) eatclean(23344179)
california(18349396) vines(877733) theuncommonthread(57207)
california(18349396) vines(877733) debocafehuahin(12)
california(18349396) vines(877733) lookbookstore(35280)
california(18349396) vines(877733) plaaastic(848)
california(18349396) vines(877733) training(21145372)
california(18349396) vines(877733) duffy(420499)
california(18349396) vines(877733) atribecf(106972)
california(18349396) vines(877733) clean(9034419)
california(18349396) vines(877733) beautiful(292131494)
california(18349396) vines(877733) yummy(58268837)
california(18349396) vines(877733) musculation(420360)
california(18349396) vines(877733) inspiration(33745153)
california(18349396) vines(877733) workhard(6657068)
california(18349396) vines(877733) fitspo(20760951)
california(18349396) vines(877733) americanstyle(136881)
california(18349396) vines(877733) legs(11922197)
california(18349396) vines(877733) weightloss(13072799)
california(18349396) vines(877733) squat(3533961)
california(18349396) vines(877733) regimeuses(55762)
california(18349396) vines(877733) solecollector(3679591)
california(18349396) vines(877733) eathealthy(2117718)
california(18349396) vines(877733) summerbody(989417)
california(18349396) vines(877733) virgovibes(350)
california(18349396) vines(877733) nicekicks(3954369)
california(18349396) vines(877733) instafit(11820749)
california(18349396) waitasec(2006) tregiorni_di_matrimonio(250)
california(18349396) waitasec(2006) sauthermes(6942)
california(18349396) waitasec(2006) kaytureonthego(7969)
california(18349396) waitasec(2006) itsstillmagical(36)
california(18349396) waitasec(2006) equestrian(1978699)
california(18349396) waitasec(2006) fox(2643085)
california(18349396) waitasec(2006) australia(13832375)
california(18349396) waitasec(2006) disneyland(8558071)
california(18349396) waitasec(2006) hermes(11958311)
california(18349396) waitasec(2006) sugarpill(277305)
california(18349396) waitasec(2006) giambattistavallix7fam(354)
california(18349396) waitasec(2006) mandrikandvolkova_wedding(598)
california(18349396) waitasec(2006) wanderlust(5944392)
california(18349396) waitasec(2006) teambb(24639)
california(18349396) waitasec(2006) traveltwogether(9)
california(18349396) waitasec(2006) sydney(8337245)
california(18349396) waitasec(2006) manly(800293)
california(18349396) waitasec(2006) equitation(210610)
california(18349396) waitasec(2006) travel(45930909)
california(18349396) waitasec(2006) roxyready(2276)
california(18349396) funny(89655451) itsjudyslife(18737)
california(18349396) funny(89655451) carlifestyle(433322)
california(18349396) funny(89655451) hualien(91381)
california(18349396) funny(89655451) ebi(85819)
california(18349396) funny(89655451) traveltwogether(9)
california(18349396) funny(89655451) gardener(134848)
california(18349396) funny(89655451) australia(13832377)
california(18349396) funny(89655451) vines(877733)
california(18349396) funny(89655451) wanderlust(5944397)
california(18349396) funny(89655451) ronaldo(2225683)
california(18349396) funny(89655451) repost(128489135)
california(18349396) funny(89655451) walimatulurushanishairul(2366)
california(18349396) funny(89655451) truthserum(24441)
california(18349396) funny(89655451) loves(4561514)
california(18349396) funny(89655451) blackmilk(359357)
california(18349396) funny(89655451) blackmilkclothing(425938)
california(18349396) funny(89655451) manly(800293)
california(18349396) funny(89655451) all(15193083)
california(18349396) funny(89655451) bmgalaxyblueslouchy(2)
california(18349396) funny(89655451) juliannabear(12224)
california(18349396) funny(89655451) funny(89662393)
california(18349396) funny(89655451) rabu9pmastroria(85)
california(18349396) funny(89655451) travel(45930932)
california(18349396) funny(89655451) you(41475495)
california(18349396) funny(89655451) sundayfunday(15176463)
california(18349396) funny(89655451) sydney(8337247)
california(18349396) ellebelgique(1970) hanaootd(70)
california(18349396) ellebelgique(1970) equestrian(1978701)
california(18349396) ellebelgique(1970) beingfatandawesome(13)
california(18349396) ellebelgique(1970) wego(152402)
california(18349396) ellebelgique(1970) mthood(222443)
california(18349396) ellebelgique(1970) doseofheaven(80)
california(18349396) ellebelgique(1970) doseofcolors(64160)
california(18349396) ellebelgique(1970) robertocavalliss15(1850)
california(18349396) ellebelgique(1970) snowboarding(2709727)
california(18349396) ellebelgique(1970) hermes(11958326)
california(18349396) ellebelgique(1970) equitation(210611)
california(18349396) ellebelgique(1970) sauthermes(6942)
california(18349396) ellebelgique(1970) ellebelgique(1970)
california(18349396) ellebelgique(1970) velopark(7268)
california(18349396) ellebelgique(1970) video(12282400)
california(18349396) ellebelgique(1970) barrefaeli(23953)
california(18349396) ellebelgique(1970) thisislondon(286651)
california(18349396) ellebelgique(1970) fistilook(3)
california(18349396) ellebelgique(1970) london(36695474)
california(18349396) ellebelgique(1970) midoribikinis(11892)
california(18349396) ellebelgique(1970) shemakesmehappy(102681)
california(18349396) ellebelgique(1970) robertocavallieditorials(313)
california(18349396) ellebelgique(1970) hufftakeover(768)
california(18349396) ellebelgique(1970) yanafisti(2408)
california(18349396) ellebelgique(1970) snowboarder(162976)
california(18349396) ellebelgique(1970) samsungultra(2386)
california(18349396) ellebelgique(1970) wiggins(34218)
california(18349396) shemakesmehappy(102681) amazing(173068966)
california(18349396) shemakesmehappy(102681) igers(187928350)
california(18349396) shemakesmehappy(102681) asian(21647359)
california(18349396) shemakesmehappy(102681) me(377120647)
california(18349396) shemakesmehappy(102681) thetrilogy(14004)
california(18349396) shemakesmehappy(102681) activeliving(255299)
california(18349396) shemakesmehappy(102681) model(53741668)
california(18349396) shemakesmehappy(102681) sportbikelife(35109)
california(18349396) shemakesmehappy(102681) followme(328835067)
california(18349396) shemakesmehappy(102681) 2015(27117689)
california(18349396) shemakesmehappy(102681) ourengagement(3546)
california(18349396) shemakesmehappy(102681) instadaily(203994561)
california(18349396) shemakesmehappy(102681) tagsforlikesapp(6015908)
california(18349396) shemakesmehappy(102681) beautiful(292131559)
california(18349396) shemakesmehappy(102681) picoftheday(233020747)
california(18349396) shemakesmehappy(102681) instagood(423162717)
california(18349396) shemakesmehappy(102681) dope(17086868)
california(18349396) shemakesmehappy(102681) bestoftheday(151538184)
california(18349396) shemakesmehappy(102681) like4like(234114024)
california(18349396) shemakesmehappy(102681) likeforfollow(30565788)
california(18349396) shemakesmehappy(102681) ulzzang(1831956)
california(18349396) shemakesmehappy(102681) cute(339361122)
california(18349396) shemakesmehappy(102681) happy(305924715)
california(18349396) shemakesmehappy(102681) beyondonescapability(1)
california(18349396) shemakesmehappy(102681) lornajane(385261)
california(18349396) shemakesmehappy(102681) fashion(221126347)
california(18349396) shemakesmehappy(102681) monday(15261406)
california(18349396) shemakesmehappy(102681) nickandsams(2404)
california(18349396) shemakesmehappy(102681) freecrack3(177)
california(18349396) shemakesmehappy(102681) movenourishbelieve(353869)
california(18349396) shemakesmehappy(102681) happymonday(2481095)
california(18349396) shemakesmehappy(102681) new(63254824)
california(18349396) shemakesmehappy(102681) follow(340008323)
california(18349396) shemakesmehappy(102681) staytuned(1109100)
california(18349396) shemakesmehappy(102681) fun(217821785)
california(18349396) shemakesmehappy(102681) guy(17299925)
california(18349396) shemakesmehappy(102681) swag(170777742)
california(18349396) shemakesmehappy(102681) braptube(11438)
california(18349396) shemakesmehappy(102681) photooftheday(320997075)
california(18349396) shemakesmehappy(102681) summer(210435121)
california(18349396) shemakesmehappy(102681) ralenwatts(687)
california(18349396) shemakesmehappy(102681) love(922678733)
california(18349396) shemakesmehappy(102681) korean(9230231)
california(18349396) shemakesmehappy(102681) tflers(169780204)
california(18349396) shemakesmehappy(102681) instalike(190029796)
california(18349396) shemakesmehappy(102681) dallas(4622321)
california(18349396) shemakesmehappy(102681) smile(225121411)
california(18349396) shemakesmehappy(102681) officialralenwatts(284)
california(18349396) shemakesmehappy(102681) happiness(35110096)
california(18349396) discovernewworld(333) bestoftheday(151538138)
california(18349396) discovernewworld(333) tagsforlikesapp(6015886)
california(18349396) discovernewworld(333) instagood(423162584)
california(18349396) discovernewworld(333) beautiful(292131450)
california(18349396) discovernewworld(333) picoftheday(233020659)
california(18349396) discovernewworld(333) fashion(221126241)
california(18349396) discovernewworld(333) dikatoolkit(195)
california(18349396) discovernewworld(333) follow(340008204)
california(18349396) discovernewworld(333) thetrilogy(14004)
california(18349396) discovernewworld(333) tflers(169780148)
california(18349396) discovernewworld(333) repost(128489087)
california(18349396) discovernewworld(333) funny(89662391)
california(18349396) discovernewworld(333) fun(217821728)
california(18349396) discovernewworld(333) vines(877733)
california(18349396) discovernewworld(333) followme(328834953)
california(18349396) discovernewworld(333) happy(305924624)
california(18349396) discovernewworld(333) igers(187928300)
california(18349396) discovernewworld(333) instadaily(203994499)
california(18349396) discovernewworld(333) sketch(23034724)
california(18349396) discovernewworld(333) asian(21647358)
california(18349396) discovernewworld(333) dope(17086862)
california(18349396) discovernewworld(333) me(377120548)
california(18349396) discovernewworld(333) photooftheday(320996960)
california(18349396) discovernewworld(333) ulzzang(1831956)
california(18349396) discovernewworld(333) gopro(11867739)
california(18349396) discovernewworld(333) korean(9230228)
california(18349396) discovernewworld(333) instalike(190029716)
california(18349396) discovernewworld(333) make(6799690)
california(18349396) discovernewworld(333) today(34100387)
california(18349396) discovernewworld(333) amazing(173068920)
california(18349396) discovernewworld(333) like4like(234113938)
california(18349396) discovernewworld(333) hmmm(828378)
california(18349396) discovernewworld(333) freecrack3(177)
california(18349396) discovernewworld(333) love(922678495)
california(18349396) discovernewworld(333) hair(108377586)
california(18349396) discovernewworld(333) summer(210434975)
california(18349396) discovernewworld(333) swag(170777703)
california(18349396) discovernewworld(333) new(63254813)
california(18349396) discovernewworld(333) cute(339361016)
california(18349396) discovernewworld(333) americanstyle(136881)
california(18349396) discovernewworld(333) smile(225121338)
california(18349396) discovernewworld(333) likeforfollow(30565783)
california(18349396) discovernewworld(333) guy(17299922)
california(18349396) walimatulurushanishairul(2365) gopro(11867744)
california(18349396) walimatulurushanishairul(2365) good(60363522)
california(18349396) walimatulurushanishairul(2365) dreams(9440398)
california(18349396) walimatulurushanishairul(2365) twohands(89349)
california(18349396) walimatulurushanishairul(2365) factoriegirls(800)
california(18349396) walimatulurushanishairul(2365) fire(13921813)
california(18349396) walimatulurushanishairul(2365) wine(16063621)
california(18349396) walimatulurushanishairul(2365) sugarpill(277305)
california(18349396) walimatulurushanishairul(2365) rose(12896804)
california(18349396) walimatulurushanishairul(2365) givemetwohands(1)
california(18349396) walimatulurushanishairul(2365) company(1278810)
california(18349396) walimatulurushanishairul(2365) hand(6603482)
california(18349396) walimatulurushanishairul(2365) restaurant(6807107)
california(18349396) walimatulurushanishairul(2365) getthelook(304187)
california(18349396) walimatulurushanishairul(2365) walimatulurushanishairul(2366)
california(18349396) walimatulurushanishairul(2365) daretozlatan(68754)
california(18349396) walimatulurushanishairul(2365) rabu9pmastroria(85)
california(18349396) walimatulurushanishairul(2365) shelterisland(42964)
california(18349396) walimatulurushanishairul(2365) london(36695482)
california(18349396) walimatulurushanishairul(2365) waitasec(2006)
california(18349396) walimatulurushanishairul(2365) andrebalazs(752)
california(18349396) walimatulurushanishairul(2365) place(9134009)
california(18349396) walimatulurushanishairul(2365) beautiful(292131540)
california(18349396) walimatulurushanishairul(2365) sunsetbeach(177845)
california(18349396) walimatulurushanishairul(2365) velopark(7268)
california(18349396) walimatulurushanishairul(2365) blessed(43768702)
california(18349396) walimatulurushanishairul(2365) need(7353174)
california(18349396) walimatulurushanishairul(2365) moment(11698967)
california(18349396) walimatulurushanishairul(2365) hamptons(474262)
california(18349396) walimatulurushanishairul(2365) nice(78091826)
california(18349396) walimatulurushanishairul(2365) beach(82816642)
california(18349396) walimatulurushanishairul(2365) jjome(9)
california(18349396) walimatulurushanishairul(2365) hufftakeover(768)
california(18349396) walimatulurushanishairul(2365) gopies(56626)
california(18349396) walimatulurushanishairul(2365) factorie(62624)
california(18349396) walimatulurushanishairul(2365) wiggins(34218)
california(18349396) walimatulurushanishairul(2365) thisislondon(286652)
california(18349396) walimatulurushanishairul(2365) sit(565547)
california(18349396) sit(565547) adventure(10418199)
california(18349396) sit(565547) video(12282397)
california(18349396) sit(565547) amg(2080996)
california(18349396) sit(565547) travel(45930909)
california(18349396) sit(565547) malaysia(9656383)
california(18349396) sit(565547) thetrilogy(14004)
california(18349396) sit(565547) blacklist(1382668)
california(18349396) sit(565547) dreams(9440399)
california(18349396) sit(565547) snowboarding(2709727)
california(18349396) sit(565547) anamikakhanna(2810)
california(18349396) sit(565547) mercedesbenz(1426357)
california(18349396) sit(565547) backtoreality(522779)
california(18349396) sit(565547) fendi(9500150)
california(18349396) sit(565547) sotd(1049890)
california(18349396) sit(565547) mthood(222443)
california(18349396) sit(565547) freecrack3(177)
california(18349396) sit(565547) kl(1435749)
california(18349396) sit(565547) edition1(8992)
california(18349396) sit(565547) shoes(51247242)
california(18349396) sit(565547) gts(465127)
california(18349396) sit(565547) snowboarder(162976)
california(18349396) sit(565547) liveoutdoors(28235)
california(18349396) sit(565547) karlito(36345)
california(18349396) sit(565547) iifa2015(9256)
california(18349396) buildabasebody(656) rotation(67287)
california(18349396) buildabasebody(656) roamoorea(117)
california(18349396) buildabasebody(656) mens(1157729)
california(18349396) buildabasebody(656) maxwell(209949)
california(18349396) buildabasebody(656) teambb(24639)
california(18349396) buildabasebody(656) issademar(3395)
california(18349396) buildabasebody(656) neosoul(109128)
california(18349396) buildabasebody(656) s4(1074115)
california(18349396) buildabasebody(656) livinglegend(181506)
california(18349396) buildabasebody(656) mynameisnapat(22984)
california(18349396) buildabasebody(656) arabidol(153036)
california(18349396) buildabasebody(656) oceanbreakfast(36)
california(18349396) buildabasebody(656) rozay(176529)
california(18349396) buildabasebody(656) nike(45136536)
california(18349396) buildabasebody(656) hmmm(828378)
california(18349396) buildabasebody(656) midoribikinis(11892)
california(18349396) buildabasebody(656) 1(32520920)
california(18349396) buildabasebody(656) americanstyle(136881)
california(18349396) buildabasebody(656) dangelo(64533)
california(18349396) buildabasebody(656) dwmtm(71966)
california(18349396) buildabasebody(656) citybeach(61969)
california(18349396) buildabasebody(656) regram(16176898)
california(18349396) strong(17843644) riva(145405)
california(18349396) strong(17843644) publishbrand(37705)
california(18349396) strong(17843644) kicksonfire(4172385)
california(18349396) strong(17843644) teamkof(62097)
california(18349396) strong(17843644) tonyawards(46901)
california(18349396) strong(17843644) ss15(1298518)
california(18349396) strong(17843644) farmersmarkethawaii(96528)
california(18349396) strong(17843644) theroyalg(42251)
california(18349396) strong(17843644) swiftkickz(200022)
california(18349396) strong(17843644) tsxc(41131)
california(18349396) strong(17843644) roxyready(2276)
california(18349396) strong(17843644) solecollector(3679585)
california(18349396) strong(17843644) project193(13322)
california(18349396) strong(17843644) happiness(35110068)
california(18349396) strong(17843644) solenation(1429749)
california(18349396) strong(17843644) crepprotect(9137)
california(18349396) strong(17843644) theuncommonthread(57207)
california(18349396) strong(17843644) yesung(699389)
california(18349396) strong(17843644) millitakim(10266)
california(18349396) strong(17843644) atribecf(106972)
california(18349396) strong(17843644) thewanteddenim(3299)
california(18349396) strong(17843644) ourengagement(3546)
california(18349396) strong(17843644) matchday(394350)
california(18349396) strong(17843644) nike(45136540)
california(18349396) strong(17843644) nicekicks(3954366)
california(18349396) strong(17843644) the_perfect_pair(333970)
california(18349396) strong(17843644) bulgaria(1095202)
california(18349396) strong(17843644) jumpman23(488241)
california(18349396) you(41475477) hanaootd(70)
california(18349396) you(41475477) perfectvideos(9889)
california(18349396) you(41475477) dallas(4622316)
california(18349396) you(41475477) brandyeu(4457)
california(18349396) you(41475477) messi(3381928)
california(18349396) you(41475477) givingtshirt(115)
california(18349396) you(41475477) wego(152402)
california(18349396) you(41475477) make(6799689)
california(18349396) you(41475477) blessed(43768674)
california(18349396) you(41475477) neymar(2292492)
california(18349396) you(41475477) nickandsams(2404)
california(18349396) you(41475477) model(53741595)
california(18349396) you(41475477) fvlifestyle(1626)
california(18349396) you(41475477) hair(108377545)
california(18349396) you(41475477) officialralenwatts(284)
california(18349396) you(41475477) fcbarcelona(1706914)
california(18349396) you(41475477) ramafoundation(1846)
california(18349396) you(41475477) today(34100381)
california(18349396) you(41475477) ralenwatts(687)
california(18349396) you(41475477) haummmmmmmmmmm(2)
california(18349396) you(41475477) ootd(63250194)
california(18349396) you(41475477) fcb_supporters(1176)
california(18349396) americanstyle(136881) good(60363522)
california(18349396) americanstyle(136881) wine(16063621)
california(18349396) americanstyle(136881) fire(13921813)
california(18349396) americanstyle(136881) hualien(91381)
california(18349396) americanstyle(136881) rose(12896804)
california(18349396) americanstyle(136881) company(1278810)
california(18349396) americanstyle(136881) beyondonescapability(1)
california(18349396) americanstyle(136881) restaurant(6807107)
california(18349396) americanstyle(136881) dreams(9440399)
california(18349396) americanstyle(136881) iifa2015(9259)
california(18349396) americanstyle(136881) lotd(1657937)
california(18349396) americanstyle(136881) mondaysnoozeday(29)
california(18349396) americanstyle(136881) shelterisland(42964)
california(18349396) americanstyle(136881) ashishsoni(107)
california(18349396) americanstyle(136881) andrebalazs(752)
california(18349396) americanstyle(136881) place(9134009)
california(18349396) americanstyle(136881) rottnestisland(28845)
california(18349396) americanstyle(136881) sunsetbeach(177845)
california(18349396) americanstyle(136881) dgwomen(7257)
california(18349396) americanstyle(136881) beach(82816642)
california(18349396) americanstyle(136881) ootd(63250246)
california(18349396) americanstyle(136881) hamptons(474262)
california(18349396) americanstyle(136881) moment(11698967)
california(18349396) americanstyle(136881) mmtfdinjapan(161)
california(18349396) americanstyle(136881) dgmaiolica(139)
california(18349396) americanstyle(136881) staytuned(1109100)
california(18349396) americanstyle(136881) beautiful(292131544)
california(18349396) americanstyle(136881) galialahav(16568)
california(18349396) americanstyle(136881) subduedstyle(1332)
california(18349396) americanstyle(136881) nice(78091828)
california(18349396) americanstyle(136881) subdued(58851)
california(18349396) americanstyle(136881) blessed(43768704)
california(18349396) robertocavalliss15(1850) ourengagement(3546)
california(18349396) robertocavalliss15(1850) goedemorgen(91583)
california(18349396) robertocavalliss15(1850) repost(128489124)
california(18349396) robertocavalliss15(1850) mmtfdinjapan(161)
california(18349396) robertocavalliss15(1850) buenosdias(3294571)
california(18349396) robertocavalliss15(1850) bali(9780286)
california(18349396) robertocavalliss15(1850) breakfast(38956037)
california(18349396) robertocavalliss15(1850) teambb(24639)
california(18349396) robertocavalliss15(1850) tb(46217985)
california(18349396) robertocavalliss15(1850) happiness(35110084)
california(18349396) robertocavalliss15(1850) bonjour(1640976)
california(18349396) robertocavalliss15(1850) grizzlygang(168748)
california(18349396) robertocavalliss15(1850) dreams(9440397)
california(18349396) robertocavalliss15(1850) superclean(38162)
california(18349396) buildyourbasebody(210) blackmilk(359357)
california(18349396) buildyourbasebody(210) selfie(281732537)
california(18349396) buildyourbasebody(210) ebi(85819)
california(18349396) buildyourbasebody(210) goodnight(39947206)
california(18349396) buildyourbasebody(210) supplied(209839)
california(18349396) buildyourbasebody(210) monday(15261324)
california(18349396) buildyourbasebody(210) sportbikelife(35109)
california(18349396) buildyourbasebody(210) grizzlygang(168748)
california(18349396) buildyourbasebody(210) funny(89655456)
california(18349396) buildyourbasebody(210) you(41475480)
california(18349396) buildyourbasebody(210) vines(877733)
california(18349396) buildyourbasebody(210) happymonday(2481083)
california(18349396) buildyourbasebody(210) all(15193078)
california(18349396) buildyourbasebody(210) loves(4561511)
california(18349396) buildyourbasebody(210) mynameisnapat(22984)
california(18349396) buildyourbasebody(210) yesung(699389)
california(18349396) buildyourbasebody(210) sportsgirl(132738)
california(18349396) buildyourbasebody(210) behindthescenes(1248675)
california(18349396) buildyourbasebody(210) bmgalaxyblueslouchy(2)
california(18349396) buildyourbasebody(210) superclean(38162)
california(18349396) buildyourbasebody(210) braptube(11438)
california(18349396) buildyourbasebody(210) getsupplied(1870)
california(18349396) buildyourbasebody(210) blackmilkclothing(425937)
california(18349396) jjome(9) fashion(221126200)
california(18349396) jjome(9) today(34100385)
california(18349396) jjome(9) bestoftheday(151538124)
california(18349396) jjome(9) smile(225110996)
california(18349396) jjome(9) hair(108377566)
california(18349396) jjome(9) dikatoolkit(195)
california(18349396) jjome(9) swag(170777687)
california(18349396) jjome(9) croatia(2621004)
california(18349396) jjome(9) new(63254804)
california(18349396) jjome(9) iphone5s(3061411)
california(18349396) jjome(9) tsxc(41131)
california(18349396) jjome(9) korean(9230227)
california(18349396) jjome(9) thetrilogy(14004)
california(18349396) jjome(9) doseofheaven(80)
california(18349396) jjome(9) doseofcolors(64160)
california(18349396) jjome(9) happy(305924590)
california(18349396) jjome(9) follow(340008165)
california(18349396) jjome(9) me(377120500)
california(18349396) jjome(9) like4like(234113900)
california(18349396) jjome(9) sketch(23034721)
california(18349396) jjome(9) messi(3381929)
california(18349396) jjome(9) dope(17086862)
california(18349396) jjome(9) instadaily(203994475)
california(18349396) jjome(9) love(922678390)
california(18349396) jjome(9) beautiful(292131423)
california(18349396) jjome(9) fcbarcelona(1706915)
california(18349396) jjome(9) guy(17299920)
california(18349396) jjome(9) ulzzang(1831956)
california(18349396) jjome(9) instagood(423162531)
california(18349396) jjome(9) instalike(190029691)
california(18349396) jjome(9) amazing(173068905)
california(18349396) jjome(9) tflers(169780139)
california(18349396) jjome(9) make(6799690)
california(18349396) jjome(9) countrysummerca(80)
california(18349396) jjome(9) summer(210434928)
california(18349396) jjome(9) neymar(2292493)
california(18349396) jjome(9) freecrack3(177)
california(18349396) jjome(9) likeforfollow(30565771)
california(18349396) jjome(9) photooftheday(320996926)
california(18349396) jjome(9) swiftkickz(200022)
california(18349396) jjome(9) followme(328834902)
california(18349396) jjome(9) picoftheday(233020636)
california(18349396) jjome(9) cute(339360985)
california(18349396) jjome(9) igers(187928278)
california(18349396) jjome(9) asian(21647356)
california(18349396) jjome(9) fender(1291795)
california(18349396) jjome(9) musicvideo(1495363)
california(18349396) jjome(9) bts(5470181)
california(18349396) jjome(9) fun(217821702)
california(18349396) jjome(9) tagsforlikesapp(6015877)
california(18349396) jjome(9) fcb_supporters(1176)
california(18349396) jjome(9) najwakaram(65207)
california(18349396) perfectvideos(9889) hollywood(8154191)
california(18349396) perfectvideos(9889) itsjudyslife(18737)
california(18349396) perfectvideos(9889) igramfame(52)
california(18349396) perfectvideos(9889) hrithikroshan(83307)
california(18349396) perfectvideos(9889) anninbarcelona(10)
california(18349396) perfectvideos(9889) igramglamour(16)
california(18349396) perfectvideos(9889) selfie(281732801)
california(18349396) perfectvideos(9889) pictureoftheday(13079520)
california(18349396) perfectvideos(9889) actor(4074632)
california(18349396) perfectvideos(9889) bollywood(1769285)
california(18349396) perfectvideos(9889) gardener(134849)
california(18349396) perfectvideos(9889) snowboarding(2709727)
california(18349396) perfectvideos(9889) kenia(63624)
california(18349396) perfectvideos(9889) mykonos(811080)
california(18349396) perfectvideos(9889) lotd(1657937)
california(18349396) perfectvideos(9889) goodnight(39947218)
california(18349396) perfectvideos(9889) mondaysnoozeday(29)
california(18349396) perfectvideos(9889) ootd(63250253)
california(18349396) perfectvideos(9889) hrithik(17327)
california(18349396) perfectvideos(9889) mthood(222443)
california(18349396) perfectvideos(9889) latergram(21764350)
california(18349396) perfectvideos(9889) need(7353174)
california(18349396) perfectvideos(9889) video(12282404)
california(18349396) perfectvideos(9889) juliannabear(12224)
california(18349396) perfectvideos(9889) subdued(58851)
california(18349396) perfectvideos(9889) vines(877735)
california(18349396) perfectvideos(9889) funny(89662417)
california(18349396) perfectvideos(9889) doll(3597938)
california(18349396) perfectvideos(9889) subduedstyle(1332)
california(18349396) perfectvideos(9889) keniabydramaqueen(92)
california(18349396) perfectvideos(9889) kenialipsticks(56)
california(18349396) perfectvideos(9889) snowboarder(162976)
california(18349396) basebodybabes(2063) itsjudyslife(18737)
california(18349396) basebodybabes(2063) instagood(423162413)
california(18349396) basebodybabes(2063) gardener(134845)
california(18349396) basebodybabes(2063) fashion(221126120)
california(18349396) basebodybabes(2063) guy(17299909)
california(18349396) basebodybabes(2063) followme(328834797)
california(18349396) basebodybabes(2063) swag(170777656)
california(18349396) basebodybabes(2063) beautiful(292131331)
california(18349396) basebodybabes(2063) sportbikelife(35109)
california(18349396) basebodybabes(2063) fun(217821640)
california(18349396) basebodybabes(2063) photooftheday(320996837)
california(18349396) basebodybabes(2063) likeforfollow(30565753)
california(18349396) basebodybabes(2063) new(63254780)
california(18349396) basebodybabes(2063) follow(340008064)
california(18349396) basebodybabes(2063) love(922678155)
california(18349396) basebodybabes(2063) cute(339360906)
california(18349396) basebodybabes(2063) tflers(169780121)
california(18349396) basebodybabes(2063) instadaily(203994413)
california(18349396) basebodybabes(2063) staytuned(1109099)
california(18349396) basebodybabes(2063) instalike(190029625)
california(18349396) basebodybabes(2063) korean(9230223)
california(18349396) basebodybabes(2063) beyondonescapability(1)
california(18349396) basebodybabes(2063) picoftheday(233020576)
california(18349396) basebodybabes(2063) amazing(173068863)
california(18349396) basebodybabes(2063) opi_products(8150)
california(18349396) basebodybabes(2063) carlifestyle(433322)
california(18349396) basebodybabes(2063) bestoftheday(151538085)
california(18349396) basebodybabes(2063) tagsforlikesapp(6015861)
california(18349396) basebodybabes(2063) asian(21647352)
california(18349396) basebodybabes(2063) kaytureonthego(7969)
california(18349396) basebodybabes(2063) happy(305924501)
california(18349396) basebodybabes(2063) juliannabear(12224)
california(18349396) basebodybabes(2063) dope(17086855)
california(18349396) basebodybabes(2063) lululunthailand(79)
california(18349396) basebodybabes(2063) like4like(234113831)
california(18349396) basebodybabes(2063) smile(225110926)
california(18349396) basebodybabes(2063) giambattistavallix7fam(354)
california(18349396) basebodybabes(2063) ulzzang(1831954)
california(18349396) basebodybabes(2063) igers(187928230)
california(18349396) basebodybabes(2063) braptube(11438)
california(18349396) basebodybabes(2063) summer(210434815)
california(18349396) basebodybabes(2063) me(377120412)
california(18349396) barrefaeli(23953) gopro(11867739)
california(18349396) barrefaeli(23953) modballrally(10176)
california(18349396) barrefaeli(23953) modball(7035)
california(18349396) barrefaeli(23953) himalayan(214433)
california(18349396) barrefaeli(23953) shibainu(1163416)
california(18349396) barrefaeli(23953) goedemorgen(91583)
california(18349396) barrefaeli(23953) yiannimize(21574)
california(18349396) barrefaeli(23953) repost(128489110)
california(18349396) barrefaeli(23953) 458(486712)
california(18349396) barrefaeli(23953) plaaastic(848)
california(18349396) barrefaeli(23953) 2015(27117670)
california(18349396) barrefaeli(23953) opi_products(8150)
california(18349396) barrefaeli(23953) airplanecuddlebuddy(5)
california(18349396) barrefaeli(23953) bonjour(1640976)
california(18349396) barrefaeli(23953) buenosdias(3294571)
california(18349396) barrefaeli(23953) breakfast(38956037)
california(18349396) barrefaeli(23953) chromered(1053)
california(18349396) barrefaeli(23953) virgovibes(350)
california(18349396) fit(41172122) arabidol(153036)
california(18349396) fit(41172122) doll(3597934)
california(18349396) fit(41172122) dae14s(6)
california(18349396) fit(41172122) harleyquin(15229)
california(18349396) fit(41172122) kenia(63624)
california(18349396) fit(41172122) vichyidealwhiteth(105)
california(18349396) fit(41172122) daretozlatan(68752)
california(18349396) fit(41172122) felicitypalmateerart(533)
california(18349396) fit(41172122) bendho(14)
california(18349396) fit(41172122) haummmmmmmmmmm(2)
california(18349396) fit(41172122) keniabydramaqueen(92)
california(18349396) fit(41172122) worldoceansday(14811)
california(18349396) fit(41172122) vegas_nay(1821844)
california(18349396) fit(41172122) barrel(409069)
california(18349396) fit(41172122) fvlifestyle(1626)
california(18349396) fit(41172122) fortheocean(366)
california(18349396) fit(41172122) kenialipsticks(56)
