socal(3085412) inspiration(33745309) hrithikroshan(83312)
socal(3085412) inspiration(33745309) igramfame(52)
socal(3085412) inspiration(33745309) twohands(89349)
socal(3085412) inspiration(33745309) jjome(9)
socal(3085412) inspiration(33745309) sit(565702)
socal(3085412) inspiration(33745309) bollywood(1769302)
socal(3085412) inspiration(33745309) hmmm(828381)
socal(3085412) inspiration(33745309) igramglamour(16)
socal(3085412) inspiration(33745309) givemetwohands(1)
socal(3085412) inspiration(33745309) hoodyakovproduction(292)
socal(3085412) inspiration(33745309) doseofheaven(80)
socal(3085412) inspiration(33745309) perfectvideos(9891)
socal(3085412) inspiration(33745309) waitasec(2006)
socal(3085412) inspiration(33745309) hrithik(17327)
socal(3085412) inspiration(33745309) hand(6603509)
socal(3085412) inspiration(33745309) discovernewworld(333)
socal(3085412) inspiration(33745309) actor(4074665)
socal(3085412) inspiration(33745309) mmtfdinjapan(161)
socal(3085412) inspiration(33745309) familyfirst(4524295)
socal(3085412) inspiration(33745309) pictureoftheday(13079556)
socal(3085412) inspiration(33745309) doseofcolors(64208)
socal(3085412) inspiration(33745309) hollywood(8154227)
socal(3085412) itsstillmagical(36) arabidol(153036)
socal(3085412) itsstillmagical(36) goedemorgen(91583)
socal(3085412) itsstillmagical(36) braptube(11438)
socal(3085412) itsstillmagical(36) peoplescreatives(864975)
socal(3085412) itsstillmagical(36) homework(5896654)
socal(3085412) itsstillmagical(36) regram(16176935)
socal(3085412) itsstillmagical(36) hanaootd(70)
socal(3085412) itsstillmagical(36) breakfast(38956087)
socal(3085412) itsstillmagical(36) dreams(9440433)
socal(3085412) itsstillmagical(36) hmmm(828381)
socal(3085412) itsstillmagical(36) opi_products(8151)
socal(3085412) itsstillmagical(36) daretozlatan(68754)
socal(3085412) itsstillmagical(36) sportbikelife(35109)
socal(3085412) itsstillmagical(36) wego(152402)
socal(3085412) itsstillmagical(36) bonjour(1640979)
socal(3085412) itsstillmagical(36) vegas_nay(1821864)
socal(3085412) itsstillmagical(36) buenosdias(3294574)
socal(3085412) healthyfood(6691790) selfie(281733709)
socal(3085412) healthyfood(6691790) goedemorgen(91583)
socal(3085412) healthyfood(6691790) plaaastic(848)
socal(3085412) healthyfood(6691790) summer(210448912)
socal(3085412) healthyfood(6691790) moscow(12972528)
socal(3085412) healthyfood(6691790) allincle(70725)
socal(3085412) healthyfood(6691790) me(377121516)
socal(3085412) healthyfood(6691790) biggerthan(3729)
socal(3085412) healthyfood(6691790) breakfast(38956089)
socal(3085412) healthyfood(6691790) 3morewins(3111)
socal(3085412) healthyfood(6691790) lululunthailand(79)
socal(3085412) healthyfood(6691790) oceanbreakfast(36)
socal(3085412) healthyfood(6691790) bonjour(1640979)
socal(3085412) healthyfood(6691790) vegas_nay(1821864)
socal(3085412) healthyfood(6691790) buenosdias(3294574)
socal(3085412) motivation(41887159) london(36695638)
socal(3085412) motivation(41887159) carlifestyle(433329)
socal(3085412) motivation(41887159) hoodyakovproduction(292)
socal(3085412) motivation(41887159) iphone5s(3061418)
socal(3085412) motivation(41887159) brandyeu(4458)
socal(3085412) motivation(41887159) thisislondon(286658)
socal(3085412) motivation(41887159) canadiangp(12551)
socal(3085412) motivation(41887159) plaaastic(848)
socal(3085412) motivation(41887159) today(34100480)
socal(3085412) motivation(41887159) kaytureonthego(7970)
socal(3085412) motivation(41887159) teamlh(53501)
socal(3085412) motivation(41887159) velopark(7268)
socal(3085412) motivation(41887159) discovernewworld(333)
socal(3085412) motivation(41887159) ootd(63250471)
socal(3085412) motivation(41887159) mmtfdinjapan(161)
socal(3085412) motivation(41887159) make(6799719)
socal(3085412) motivation(41887159) lululunthailand(79)
socal(3085412) motivation(41887159) hufftakeover(768)
socal(3085412) motivation(41887159) familyfirst(4524291)
socal(3085412) motivation(41887159) giambattistavallix7fam(354)
socal(3085412) motivation(41887159) wiggins(34218)
socal(3085412) motivation(41887159) hair(108377902)
socal(3085412) reequilibragealimentaire(296608) publishbrand(37705)
socal(3085412) reequilibragealimentaire(296608) crepprotect(9139)
socal(3085412) reequilibragealimentaire(296608) teamkof(62097)
socal(3085412) reequilibragealimentaire(296608) sugarpill(277305)
socal(3085412) reequilibragealimentaire(296608) solecollector(3679612)
socal(3085412) reequilibragealimentaire(296608) theroyalg(42251)
socal(3085412) reequilibragealimentaire(296608) givingtshirt(115)
socal(3085412) reequilibragealimentaire(296608) project193(13322)
socal(3085412) reequilibragealimentaire(296608) doseofheaven(80)
socal(3085412) reequilibragealimentaire(296608) the_perfect_pair(333972)
socal(3085412) reequilibragealimentaire(296608) ronaldo(2225701)
socal(3085412) reequilibragealimentaire(296608) solenation(1429763)
socal(3085412) reequilibragealimentaire(296608) nicekicks(3954376)
socal(3085412) reequilibragealimentaire(296608) jumpman23(488243)
socal(3085412) reequilibragealimentaire(296608) theuncommonthread(57207)
socal(3085412) reequilibragealimentaire(296608) atribecf(106972)
socal(3085412) reequilibragealimentaire(296608) farmersmarkethawaii(96557)
socal(3085412) reequilibragealimentaire(296608) kutasunset(463)
socal(3085412) reequilibragealimentaire(296608) ramafoundation(1846)
socal(3085412) reequilibragealimentaire(296608) doseofcolors(64208)
socal(3085412) reequilibragealimentaire(296608) gopies(56626)
socal(3085412) reequilibragealimentaire(296608) kicksonfire(4172414)
socal(3085412) reequilibragealimentaire(296608) nike(45136744)
socal(3085412) tb(46218189) najwakaram(65207)
socal(3085412) tb(46218189) gopro(11867821)
socal(3085412) tb(46218189) hermes(11958442)
socal(3085412) tb(46218189) sauthermes(6942)
socal(3085412) tb(46218189) musicvideo(1495370)
socal(3085412) tb(46218189) resultsdontliar(2)
socal(3085412) tb(46218189) croatia(2621025)
socal(3085412) tb(46218189) galialahav(16568)
socal(3085412) tb(46218189) australia(13832401)
socal(3085412) tb(46218189) luxwt(113677)
socal(3085412) tb(46218189) luxuryworldtraveler(122407)
socal(3085412) tb(46218189) bts(5470225)
socal(3085412) tb(46218189) equestrian(1978711)
socal(3085412) tb(46218189) vegas_nay(1821864)
socal(3085412) tb(46218189) equitation(210613)
socal(3085412) fitness(88346203) tb(46218245)
socal(3085412) fitness(88346203) hamptons(474263)
socal(3085412) fitness(88346203) amg(2081010)
socal(3085412) fitness(88346203) restaurant(6807154)
socal(3085412) fitness(88346203) mercedesbenz(1426368)
socal(3085412) fitness(88346203) moment(11699016)
socal(3085412) fitness(88346203) rose(12896870)
socal(3085412) fitness(88346203) midoribikinis(11892)
socal(3085412) fitness(88346203) fire(13921845)
socal(3085412) fitness(88346203) fox(2643103)
socal(3085412) fitness(88346203) beach(82817025)
socal(3085412) fitness(88346203) homework(5896656)
socal(3085412) fitness(88346203) opi_products(8151)
socal(3085412) fitness(88346203) daretozlatan(68754)
socal(3085412) fitness(88346203) company(1278815)
socal(3085412) fitness(88346203) ashishsoni(107)
socal(3085412) fitness(88346203) andrebalazs(752)
socal(3085412) fitness(88346203) sunsetbeach(177845)
socal(3085412) fitness(88346203) beautiful(292132560)
socal(3085412) fitness(88346203) good(60363655)
socal(3085412) fitness(88346203) place(9134020)
socal(3085412) fitness(88346203) edition1(8992)
socal(3085412) fitness(88346203) nice(78092016)
socal(3085412) fitness(88346203) blacklist(1382678)
socal(3085412) fitness(88346203) shelterisland(42964)
socal(3085412) fitness(88346203) iifa2015(9280)
socal(3085412) fitness(88346203) gts(465130)
socal(3085412) fitness(88346203) wine(16063679)
socal(3085412) fitness(88346203) gopro(11867841)
socal(3085412) instafit(11820857) hanaootd(70)
socal(3085412) instafit(11820857) baseyourlife(27)
socal(3085412) instafit(11820857) ourfollowers(481)
socal(3085412) instafit(11820857) twohands(89349)
socal(3085412) instafit(11820857) robertocavalliss15(1851)
socal(3085412) instafit(11820857) sit(565702)
socal(3085412) instafit(11820857) fit(41172500)
socal(3085412) instafit(11820857) buildyourbasebody(210)
socal(3085412) instafit(11820857) givemetwohands(1)
socal(3085412) instafit(11820857) wego(152402)
socal(3085412) instafit(11820857) sauthermes(6942)
socal(3085412) instafit(11820857) strong(17843771)
socal(3085412) instafit(11820857) jjome(9)
socal(3085412) instafit(11820857) nike(45136760)
socal(3085412) instafit(11820857) homework(5896656)
socal(3085412) instafit(11820857) basebodybabeslove(636)
socal(3085412) instafit(11820857) personaltrainers(63742)
socal(3085412) instafit(11820857) equestrian(1978717)
socal(3085412) instafit(11820857) waitasec(2006)
socal(3085412) instafit(11820857) hand(6603509)
socal(3085412) instafit(11820857) 500k(20541)
socal(3085412) instafit(11820857) ellebelgique(1970)
socal(3085412) instafit(11820857) happy(305925765)
socal(3085412) instafit(11820857) filipina(958974)
socal(3085412) instafit(11820857) you(41475582)
socal(3085412) instafit(11820857) roxyready(2278)
socal(3085412) instafit(11820857) airplanecuddlebuddy(5)
socal(3085412) instafit(11820857) mens(1157742)
socal(3085412) instafit(11820857) buildabasebody(656)
socal(3085412) instafit(11820857) proudlyasian(100)
socal(3085412) instafit(11820857) healthy(50730604)
socal(3085412) instafit(11820857) robertocavallieditorials(313)
socal(3085412) instafit(11820857) hmphotostudio(29)
socal(3085412) instafit(11820857) basebodybabes(2063)
socal(3085412) instafit(11820857) inmymakeupchairnow(6692)
socal(3085412) instafit(11820857) barrefaeli(23953)
socal(3085412) instafit(11820857) hermes(11958464)
socal(3085412) instafit(11820857) citybeach(61969)
socal(3085412) instafit(11820857) equitation(210613)
socal(3085412) disneyland(8558098) hamptons(474263)
socal(3085412) disneyland(8558098) omnomnomnom(138294)
socal(3085412) disneyland(8558098) blackmilk(359357)
socal(3085412) disneyland(8558098) beach(82816944)
socal(3085412) disneyland(8558098) place(9134018)
socal(3085412) disneyland(8558098) factoriegirls(800)
socal(3085412) disneyland(8558098) galaxys6(65038)
socal(3085412) disneyland(8558098) doseofcolors(64208)
socal(3085412) disneyland(8558098) doseofheaven(80)
socal(3085412) disneyland(8558098) fire(13921840)
socal(3085412) disneyland(8558098) factorie(62624)
socal(3085412) disneyland(8558098) nice(78091983)
socal(3085412) disneyland(8558098) mandrikandvolkova_wedding(598)
socal(3085412) disneyland(8558098) kaytureonthego(7970)
socal(3085412) disneyland(8558098) restaurant(6807153)
socal(3085412) disneyland(8558098) afro(1717754)
socal(3085412) disneyland(8558098) peoplescreatives(864975)
socal(3085412) disneyland(8558098) mynameisnapat(22984)
socal(3085412) disneyland(8558098) shelterisland(42964)
socal(3085412) disneyland(8558098) tregiorni_di_matrimonio(250)
socal(3085412) disneyland(8558098) andrebalazs(752)
socal(3085412) disneyland(8558098) sunsetbeach(177845)
socal(3085412) disneyland(8558098) moment(11699003)
socal(3085412) disneyland(8558098) thewanteddenim(3299)
socal(3085412) disneyland(8558098) blackmilkclothing(425938)
socal(3085412) disneyland(8558098) wine(16063669)
socal(3085412) disneyland(8558098) bmgalaxyblueslouchy(2)
socal(3085412) disneyland(8558098) beautiful(292132431)
socal(3085412) disneyland(8558098) blonde(31239228)
socal(3085412) disneyland(8558098) good(60363637)
socal(3085412) disneyland(8558098) rose(12896861)
socal(3085412) disneyland(8558098) giambattistavallix7fam(354)
socal(3085412) disneyland(8558098) company(1278813)
socal(3085412) disneyland(8558098) getthelook(304190)
socal(3085412) workhard(6657118) hmmm(828381)
socal(3085412) workhard(6657118) gopro(11867829)
socal(3085412) workhard(6657118) hermes(11958447)
socal(3085412) workhard(6657118) bali(9780306)
socal(3085412) workhard(6657118) galaxys6(65038)
socal(3085412) workhard(6657118) pink(74317661)
socal(3085412) workhard(6657118) americanstyle(136883)
socal(3085412) workhard(6657118) ourengagement(3546)
socal(3085412) workhard(6657118) goedemorgen(91583)
socal(3085412) workhard(6657118) bonjour(1640979)
socal(3085412) workhard(6657118) cupcake(7337869)
socal(3085412) workhard(6657118) breakfast(38956091)
socal(3085412) workhard(6657118) baifernfamkannaja(80)
socal(3085412) workhard(6657118) equestrian(1978712)
socal(3085412) workhard(6657118) usj(701447)
socal(3085412) workhard(6657118) dreams(9440435)
socal(3085412) workhard(6657118) sauthermes(6942)
socal(3085412) workhard(6657118) midoribikinis(11892)
socal(3085412) workhard(6657118) buenosdias(3294575)
socal(3085412) workhard(6657118) happiness(35110260)
socal(3085412) workhard(6657118) equitation(210613)
socal(3085412) doseofheaven(80) cupcake(7337869)
socal(3085412) doseofheaven(80) dae14s(6)
socal(3085412) doseofheaven(80) pinkflowers(145624)
socal(3085412) doseofheaven(80) pink(74317651)
socal(3085412) doseofheaven(80) bendho(14)
socal(3085412) doseofheaven(80) usj(701447)
socal(3085412) doseofheaven(80) samsungultra(2386)
socal(3085412) doseofheaven(80) ronaldo(2225698)
socal(3085412) healthy(50730521) sixpack(5900951)
socal(3085412) healthy(50730521) mens(1157741)
socal(3085412) healthy(50730521) fitness(88346288)
socal(3085412) healthy(50730521) robertocavalliss15(1851)
socal(3085412) healthy(50730521) nike(45136747)
socal(3085412) healthy(50730521) tsxc(41131)
socal(3085412) healthy(50730521) honesty(939123)
socal(3085412) healthy(50730521) thetrilogy(14004)
socal(3085412) healthy(50730521) video(12282455)
socal(3085412) healthy(50730521) geazy(167869)
socal(3085412) healthy(50730521) mthood(222443)
socal(3085412) healthy(50730521) day3(3409972)
socal(3085412) healthy(50730521) peoplescreatives(864975)
socal(3085412) healthy(50730521) swiftkickz(200023)
socal(3085412) healthy(50730521) motivation(41887219)
socal(3085412) healthy(50730521) snowboarder(162976)
socal(3085412) healthy(50730521) ellebelgique(1970)
socal(3085412) healthy(50730521) kaytureonthego(7970)
socal(3085412) healthy(50730521) barrefaeli(23953)
socal(3085412) healthy(50730521) bigday(531804)
socal(3085412) healthy(50730521) snowboarding(2709732)
socal(3085412) healthy(50730521) wedding(36957713)
socal(3085412) healthy(50730521) regram(16176942)
socal(3085412) healthy(50730521) robertocavallieditorials(313)
socal(3085412) healthy(50730521) valentinyudashkin(5163)
socal(3085412) healthy(50730521) giambattistavallix7fam(354)
socal(3085412) healthy(50730521) dress(39195721)
socal(3085412) healthy(50730521) citybeach(61969)
socal(3085412) healthy(50730521) freecrack3(177)
socal(3085412) fitspo(20761060) hmmm(828381)
socal(3085412) fitspo(20761060) vintique(382548)
socal(3085412) fitspo(20761060) thefosters(264314)
socal(3085412) fitspo(20761060) ebi(85819)
socal(3085412) fitspo(20761060) teambb(24639)
socal(3085412) fitspo(20761060) traveltwogether(9)
socal(3085412) fitspo(20761060) fortheocean(366)
socal(3085412) fitspo(20761060) loves(4561524)
socal(3085412) fitspo(20761060) factorie(62624)
socal(3085412) fitspo(20761060) gardener(134858)
socal(3085412) fitspo(20761060) all(15193115)
socal(3085412) fitspo(20761060) factoriegirls(800)
socal(3085412) fitspo(20761060) wanderlust(5944469)
socal(3085412) fitspo(20761060) felicitypalmateerart(533)
socal(3085412) fitspo(20761060) travel(45931229)
socal(3085412) fitspo(20761060) australia(13832405)
socal(3085412) fitspo(20761060) you(41475570)
socal(3085412) fitspo(20761060) sydney(8337250)
socal(3085412) fitspo(20761060) itsjudyslife(18738)
socal(3085412) fitspo(20761060) juliannabear(12224)
socal(3085412) fitspo(20761060) gopies(56626)
socal(3085412) fitspo(20761060) worldoceansday(15223)
socal(3085412) fitspo(20761060) manly(800293)
socal(3085412) fitspo(20761060) getthelook(304190)
socal(3085412) musculation(420369) riva(145405)
socal(3085412) musculation(420369) blackmilk(359357)
socal(3085412) musculation(420369) rotation(67287)
socal(3085412) musculation(420369) dikatoolkit(195)
socal(3085412) musculation(420369) sleepy(14779229)
socal(3085412) musculation(420369) zaataricamp(415)
socal(3085412) musculation(420369) funny(89662562)
socal(3085412) musculation(420369) hair(108377919)
socal(3085412) musculation(420369) millitakim(10267)
socal(3085412) musculation(420369) 1(32589821)
socal(3085412) musculation(420369) livinglegend(181506)
socal(3085412) musculation(420369) working(6394626)
socal(3085412) musculation(420369) hardwork(7462351)
socal(3085412) musculation(420369) matchday(394352)
socal(3085412) musculation(420369) rozay(176529)
socal(3085412) musculation(420369) blackmilkclothing(425938)
socal(3085412) musculation(420369) afro(1717755)
socal(3085412) musculation(420369) sketch(23034821)
socal(3085412) musculation(420369) bmgalaxyblueslouchy(2)
socal(3085412) musculation(420369) make(6799720)
socal(3085412) musculation(420369) bulgaria(1095207)
socal(3085412) musculation(420369) blonde(31239231)
socal(3085412) musculation(420369) dwmtm(71966)
socal(3085412) musculation(420369) samsungultra(2386)
socal(3085412) musculation(420369) s4(1074117)
socal(3085412) musculation(420369) vines(877736)
socal(3085412) musculation(420369) today(34100486)
socal(3085412) training(21145492) wanderlust(5944470)
socal(3085412) training(21145492) dgmaiolica(140)
socal(3085412) training(21145492) ebi(85819)
socal(3085412) training(21145492) traveltwogether(9)
socal(3085412) training(21145492) zaataricamp(415)
socal(3085412) training(21145492) travel(45931231)
socal(3085412) training(21145492) loves(4561524)
socal(3085412) training(21145492) grizzlygang(168748)
socal(3085412) training(21145492) working(6394626)
socal(3085412) training(21145492) hardwork(7462351)
socal(3085412) training(21145492) selfie(281733795)
socal(3085412) training(21145492) kaytureonthego(7970)
socal(3085412) training(21145492) sleepy(14779231)
socal(3085412) training(21145492) goodnight(39947270)
socal(3085412) training(21145492) ss15(1298528)
socal(3085412) training(21145492) australia(13832405)
socal(3085412) training(21145492) superclean(38162)
socal(3085412) training(21145492) tonyawards(47025)
socal(3085412) training(21145492) sydney(8337250)
socal(3085412) training(21145492) all(15193115)
socal(3085412) training(21145492) dgwomen(7258)
socal(3085412) training(21145492) giambattistavallix7fam(354)
socal(3085412) training(21145492) manly(800293)
socal(3085412) training(21145492) virgovibes(350)
socal(3085412) training(21145492) you(41475571)
socal(3085412) yummy(58269008) factoriegirls(800)
socal(3085412) yummy(58269008) hualien(91381)
socal(3085412) yummy(58269008) givingtshirt(115)
socal(3085412) yummy(58269008) grizzlygang(168748)
socal(3085412) yummy(58269008) lornajane(385261)
socal(3085412) yummy(58269008) geazy(167869)
socal(3085412) yummy(58269008) factorie(62624)
socal(3085412) yummy(58269008) honesty(939123)
socal(3085412) yummy(58269008) selfie(281733807)
socal(3085412) yummy(58269008) nickandsams(2404)
socal(3085412) yummy(58269008) roxyready(2278)
socal(3085412) yummy(58269008) movenourishbelieve(353871)
socal(3085412) yummy(58269008) perfectsundaynight(6202)
socal(3085412) yummy(58269008) dallas(4622342)
socal(3085412) yummy(58269008) officialralenwatts(284)
socal(3085412) yummy(58269008) activeliving(255302)
socal(3085412) yummy(58269008) superclean(38162)
socal(3085412) yummy(58269008) model(53741923)
socal(3085412) yummy(58269008) ramafoundation(1846)
socal(3085412) yummy(58269008) ralenwatts(687)
socal(3085412) yummy(58269008) goodnight(39947271)
socal(3085412) yummy(58269008) motivation(41887214)
socal(3085412) yummy(58269008) getthelook(304190)
socal(3085412) fitfam(25105998) canadiangp(12551)
socal(3085412) fitfam(25105998) shemakesmehappy(102681)
socal(3085412) fitfam(25105998) thatsbae(379398)
socal(3085412) fitfam(25105998) braptube(11438)
socal(3085412) fitfam(25105998) teamlh(53501)
socal(3085412) fitfam(25105998) kenia(63624)
socal(3085412) fitfam(25105998) doll(3597949)
socal(3085412) fitfam(25105998) ss15(1298527)
socal(3085412) fitfam(25105998) teambb(24639)
socal(3085412) fitfam(25105998) perfectvideos(9891)
socal(3085412) fitfam(25105998) kenialipsticks(56)
socal(3085412) fitfam(25105998) dreams(9440435)
socal(3085412) fitfam(25105998) keniabydramaqueen(92)
socal(3085412) fitfam(25105998) sportbikelife(35109)
socal(3085412) fitfam(25105998) beingfatandawesome(13)
socal(3085412) fitfam(25105998) tonyawards(47023)
socal(3085412) clean(9034444) hmmm(828381)
socal(3085412) clean(9034444) need(7353191)
socal(3085412) clean(9034444) factoriegirls(800)
socal(3085412) clean(9034444) crayola(357007)
socal(3085412) clean(9034444) baristaexpress(439)
socal(3085412) clean(9034444) bts(5470232)
socal(3085412) clean(9034444) tsxc(41131)
socal(3085412) clean(9034444) geazy(167869)
socal(3085412) clean(9034444) happymonday(2481182)
socal(3085412) clean(9034444) motivation(41887237)
socal(3085412) clean(9034444) factorie(62624)
socal(3085412) clean(9034444) honesty(939123)
socal(3085412) clean(9034444) blessed(43768934)
socal(3085412) clean(9034444) gardener(134858)
socal(3085412) clean(9034444) croatia(2621033)
socal(3085412) clean(9034444) illustration(13736323)
socal(3085412) clean(9034444) brandyeu(4458)
socal(3085412) clean(9034444) symmetrybreakfast(2869)
socal(3085412) clean(9034444) swiftkickz(200023)
socal(3085412) clean(9034444) pink(74317686)
socal(3085412) clean(9034444) cupcake(7337869)
socal(3085412) clean(9034444) musicvideo(1495370)
socal(3085412) clean(9034444) countrysummerca(80)
socal(3085412) clean(9034444) smartwaffle(56)
socal(3085412) clean(9034444) usj(701447)
socal(3085412) clean(9034444) fender(1291809)
socal(3085412) clean(9034444) ootd(63250502)
socal(3085412) clean(9034444) najwakaram(65207)
socal(3085412) clean(9034444) itsjudyslife(18738)
socal(3085412) clean(9034444) juliannabear(12224)
socal(3085412) clean(9034444) brotherstrailerin2days(27)
socal(3085412) clean(9034444) getthelook(304190)
socal(3085412) cardiotraining(35064) dae14s(6)
socal(3085412) cardiotraining(35064) newzealand(2721529)
socal(3085412) cardiotraining(35064) amg(2081010)
socal(3085412) cardiotraining(35064) bendho(14)
socal(3085412) cardiotraining(35064) mercedesbenz(1426368)
socal(3085412) cardiotraining(35064) sportbikelife(35109)
socal(3085412) cardiotraining(35064) movenourishbelieve(353871)
socal(3085412) cardiotraining(35064) lornajane(385261)
socal(3085412) cardiotraining(35064) middleearth(193649)
socal(3085412) cardiotraining(35064) fvlifestyle(1626)
socal(3085412) cardiotraining(35064) brandyeu(4458)
socal(3085412) cardiotraining(35064) nofilterneeded(3096420)
socal(3085412) cardiotraining(35064) u20wc(1448)
socal(3085412) cardiotraining(35064) baifernfamkannaja(80)
socal(3085412) cardiotraining(35064) blacklist(1382677)
socal(3085412) cardiotraining(35064) activeliving(255302)
socal(3085412) cardiotraining(35064) ootd(63250492)
socal(3085412) cardiotraining(35064) edition1(8992)
socal(3085412) cardiotraining(35064) braptube(11438)
socal(3085412) cardiotraining(35064) haummmmmmmmmmm(2)
socal(3085412) cardiotraining(35064) brotherstrailerin2days(27)
socal(3085412) cardiotraining(35064) gts(465130)
socal(3085412) cardiotraining(35064) stillalongwaytothetop(10)
socal(3085412) ootd(63250460) make(6799717)
socal(3085412) ootd(63250460) hair(108377893)
socal(3085412) ootd(63250460) iphone5s(3061417)
socal(3085412) ootd(63250460) resultsdontliar(2)
socal(3085412) ootd(63250460) tb(46218204)
socal(3085412) ootd(63250460) today(34100477)
socal(3085412) ootd(63250460) thefosters(264313)
socal(3085412) ootd(63250460) la(29940779)
socal(3085412) brandyeu(4458) publishbrand(37705)
socal(3085412) brandyeu(4458) crepprotect(9139)
socal(3085412) brandyeu(4458) teamkof(62097)
socal(3085412) brandyeu(4458) rotation(67287)
socal(3085412) brandyeu(4458) the_perfect_pair(333971)
socal(3085412) brandyeu(4458) solecollector(3679612)
socal(3085412) brandyeu(4458) 1(32589813)
socal(3085412) brandyeu(4458) theroyalg(42251)
socal(3085412) brandyeu(4458) project193(13322)
socal(3085412) brandyeu(4458) hoodyakovproduction(292)
socal(3085412) brandyeu(4458) yesung(699390)
socal(3085412) brandyeu(4458) livinglegend(181506)
socal(3085412) brandyeu(4458) solenation(1429763)
socal(3085412) brandyeu(4458) nicekicks(3954376)
socal(3085412) brandyeu(4458) truthserum(24441)
socal(3085412) brandyeu(4458) jumpman23(488243)
socal(3085412) brandyeu(4458) sundayfunday(15176518)
socal(3085412) brandyeu(4458) theuncommonthread(57207)
socal(3085412) brandyeu(4458) beyondonescapability(1)
socal(3085412) brandyeu(4458) rozay(176529)
socal(3085412) brandyeu(4458) atribecf(106972)
socal(3085412) brandyeu(4458) farmersmarkethawaii(96557)
socal(3085412) brandyeu(4458) staytuned(1109107)
socal(3085412) brandyeu(4458) nike(45136729)
socal(3085412) brandyeu(4458) dwmtm(71966)
socal(3085412) brandyeu(4458) familyfirst(4524291)
socal(3085412) brandyeu(4458) kicksonfire(4172414)
socal(3085412) brandyeu(4458) s4(1074117)
socal(3085412) eat(15905285) hrithikroshan(83312)
socal(3085412) eat(15905285) igramfame(52)
socal(3085412) eat(15905285) wanderlust(5944470)
socal(3085412) eat(15905285) baristaexpress(439)
socal(3085412) eat(15905285) igramglamour(16)
socal(3085412) eat(15905285) luxwt(113677)
socal(3085412) eat(15905285) beat(3439091)
socal(3085412) eat(15905285) luxuryworldtraveler(122409)
socal(3085412) eat(15905285) hollywood(8154225)
socal(3085412) eat(15905285) opi_products(8151)
socal(3085412) eat(15905285) symmetrybreakfast(2869)
socal(3085412) eat(15905285) smartwaffle(56)
socal(3085412) eat(15905285) hrithik(17327)
socal(3085412) eat(15905285) travel(45931238)
socal(3085412) eat(15905285) bollywood(1769302)
socal(3085412) eat(15905285) filipina(958974)
socal(3085412) eat(15905285) sydney(8337250)
socal(3085412) eat(15905285) fistilook(3)
socal(3085412) eat(15905285) happymonday(2481180)
socal(3085412) eat(15905285) actor(4074665)
socal(3085412) eat(15905285) feels(2012574)
socal(3085412) eat(15905285) monday(15261808)
socal(3085412) eat(15905285) proudlyasian(100)
socal(3085412) eat(15905285) barrel(409071)
socal(3085412) eat(15905285) mmtfdinjapan(161)
socal(3085412) eat(15905285) australia(13832406)
socal(3085412) eat(15905285) pictureoftheday(13079556)
socal(3085412) eat(15905285) yanafisti(2408)
socal(3085412) eat(15905285) 2(24380453)
socal(3085412) eat(15905285) inmymakeupchairnow(6692)
socal(3085412) eat(15905285) manly(800293)
socal(3085412) eat(15905285) traveltwogether(9)
socal(3085412) iphone5s(3061417) newzealand(2721529)
socal(3085412) iphone5s(3061417) factoriegirls(800)
socal(3085412) iphone5s(3061417) supplied(209839)
socal(3085412) iphone5s(3061417) snowboarding(2709731)
socal(3085412) iphone5s(3061417) ootd(63250463)
socal(3085412) iphone5s(3061417) mthood(222443)
socal(3085412) iphone5s(3061417) factorie(62624)
socal(3085412) iphone5s(3061417) middleearth(193649)
socal(3085412) iphone5s(3061417) truthserum(24441)
socal(3085412) iphone5s(3061417) video(12282447)
socal(3085412) iphone5s(3061417) mondaysnoozeday(29)
socal(3085412) iphone5s(3061417) bts(5470223)
socal(3085412) iphone5s(3061417) sundayfunday(15176518)
socal(3085412) iphone5s(3061417) nofilterneeded(3096420)
socal(3085412) iphone5s(3061417) musicvideo(1495370)
socal(3085412) iphone5s(3061417) u20wc(1448)
socal(3085412) iphone5s(3061417) croatia(2621025)
socal(3085412) iphone5s(3061417) filipina(958974)
socal(3085412) iphone5s(3061417) getsupplied(1871)
socal(3085412) iphone5s(3061417) proudlyasian(100)
socal(3085412) iphone5s(3061417) najwakaram(65207)
socal(3085412) iphone5s(3061417) subdued(58851)
socal(3085412) iphone5s(3061417) repost(128490035)
socal(3085412) iphone5s(3061417) lotd(1657946)
socal(3085412) iphone5s(3061417) subduedstyle(1332)
socal(3085412) iphone5s(3061417) inmymakeupchairnow(6692)
socal(3085412) iphone5s(3061417) snowboarder(162976)
socal(3085412) iphone5s(3061417) stillalongwaytothetop(10)
socal(3085412) iphone5s(3061417) getthelook(304190)
socal(3085412) breakfast(38956086) blackmilk(359357)
socal(3085412) breakfast(38956086) dgmaiolica(140)
socal(3085412) breakfast(38956086) ebi(85819)
socal(3085412) breakfast(38956086) mexico(16359091)
socal(3085412) breakfast(38956086) luxwt(113677)
socal(3085412) breakfast(38956086) you(41475568)
socal(3085412) breakfast(38956086) thetrilogy(14004)
socal(3085412) breakfast(38956086) dgwomen(7258)
socal(3085412) breakfast(38956086) sanignaciolagoon(110)
socal(3085412) breakfast(38956086) goedemorgen(91583)
socal(3085412) breakfast(38956086) graywhale(3226)
socal(3085412) breakfast(38956086) fvlifestyle(1626)
socal(3085412) breakfast(38956086) all(15193115)
socal(3085412) breakfast(38956086) bajacalifornia(115344)
socal(3085412) breakfast(38956086) cupcake(7337869)
socal(3085412) breakfast(38956086) loves(4561524)
socal(3085412) breakfast(38956086) blackmilkclothing(425938)
socal(3085412) breakfast(38956086) repost(128490102)
socal(3085412) breakfast(38956086) usj(701447)
socal(3085412) breakfast(38956086) pink(74317669)
socal(3085412) breakfast(38956086) freecrack3(177)
socal(3085412) breakfast(38956086) bmgalaxyblueslouchy(2)
socal(3085412) breakfast(38956086) barrel(409071)
socal(3085412) breakfast(38956086) buenosdias(3294575)
socal(3085412) breakfast(38956086) bonjour(1640980)
socal(3085412) breakfast(38956086) breakfast(38956092)
socal(3085412) breakfast(38956086) gopies(56626)
socal(3085412) breakfast(38956086) haummmmmmmmmmm(2)
socal(3085412) breakfast(38956086) samsungultra(2386)
socal(3085412) breakfast(38956086) baja(378113)
socal(3085412) breakfast(38956086) luxuryworldtraveler(122407)
socal(3085412) fitsporation(846541) robertocavallieditorials(313)
socal(3085412) fitsporation(846541) arabidol(153036)
socal(3085412) fitsporation(846541) twohands(89349)
socal(3085412) fitsporation(846541) sit(565702)
socal(3085412) fitsporation(846541) givemetwohands(1)
socal(3085412) fitsporation(846541) dgmaiolica(140)
socal(3085412) fitsporation(846541) ebi(85819)
socal(3085412) fitsporation(846541) behindthescenes(1248681)
socal(3085412) fitsporation(846541) luxwt(113677)
socal(3085412) fitsporation(846541) mercedesbenz(1426368)
socal(3085412) fitsporation(846541) blacklist(1382675)
socal(3085412) fitsporation(846541) tb(46218220)
socal(3085412) fitsporation(846541) hoodyakovproduction(292)
socal(3085412) fitsporation(846541) all(15193114)
socal(3085412) fitsporation(846541) loves(4561524)
socal(3085412) fitsporation(846541) thatsbae(379398)
socal(3085412) fitsporation(846541) robertocavalliss15(1850)
socal(3085412) fitsporation(846541) sportsgirl(132738)
socal(3085412) fitsporation(846541) you(41475569)
socal(3085412) fitsporation(846541) iifa2015(9276)
socal(3085412) fitsporation(846541) familyfirst(4524292)
socal(3085412) fitsporation(846541) ashishsoni(107)
socal(3085412) fitsporation(846541) waitasec(2006)
socal(3085412) fitsporation(846541) perfectsundaynight(6202)
socal(3085412) fitsporation(846541) series11(3297)
socal(3085412) fitsporation(846541) ellebelgique(1970)
socal(3085412) fitsporation(846541) kaytureonthego(7970)
socal(3085412) fitsporation(846541) repost(128490085)
socal(3085412) fitsporation(846541) geordieshore(289125)
socal(3085412) fitsporation(846541) barrefaeli(23953)
socal(3085412) fitsporation(846541) luxuryworldtraveler(122407)
socal(3085412) fitsporation(846541) edition1(8992)
socal(3085412) fitsporation(846541) amg(2081009)
socal(3085412) fitsporation(846541) filming(938762)
socal(3085412) fitsporation(846541) jjome(9)
socal(3085412) fitsporation(846541) dgwomen(7258)
socal(3085412) fitsporation(846541) giambattistavallix7fam(354)
socal(3085412) fitsporation(846541) hand(6603507)
socal(3085412) fitsporation(846541) gts(465130)
socal(3085412) hoodyakovproduction(292) equestrian(1978719)
socal(3085412) hoodyakovproduction(292) ootd(63250513)
socal(3085412) hoodyakovproduction(292) baristaexpress(439)
socal(3085412) hoodyakovproduction(292) geazy(167869)
socal(3085412) hoodyakovproduction(292) hoodyakovproduction(292)
socal(3085412) hoodyakovproduction(292) australia(13832408)
socal(3085412) hoodyakovproduction(292) allincle(70727)
socal(3085412) hoodyakovproduction(292) matchday(394353)
socal(3085412) hoodyakovproduction(292) millitakim(10267)
socal(3085412) hoodyakovproduction(292) gardener(134858)
socal(3085412) hoodyakovproduction(292) honesty(939123)
socal(3085412) hoodyakovproduction(292) biggerthan(3729)
socal(3085412) hoodyakovproduction(292) mondaysnoozeday(29)
socal(3085412) hoodyakovproduction(292) symmetrybreakfast(2869)
socal(3085412) hoodyakovproduction(292) smartwaffle(56)
socal(3085412) hoodyakovproduction(292) hermes(11958469)
socal(3085412) hoodyakovproduction(292) series11(3297)
socal(3085412) hoodyakovproduction(292) mynameisnapat(22984)
socal(3085412) hoodyakovproduction(292) geordieshore(289125)
socal(3085412) hoodyakovproduction(292) sauthermes(6942)
socal(3085412) hoodyakovproduction(292) subduedstyle(1332)
socal(3085412) hoodyakovproduction(292) subdued(58851)
socal(3085412) hoodyakovproduction(292) riva(145404)
socal(3085412) hoodyakovproduction(292) itsjudyslife(18738)
socal(3085412) hoodyakovproduction(292) bulgaria(1095207)
socal(3085412) hoodyakovproduction(292) familyfirst(4524295)
socal(3085412) hoodyakovproduction(292) lotd(1657946)
socal(3085412) hoodyakovproduction(292) gopies(56626)
socal(3085412) hoodyakovproduction(292) filming(938869)
socal(3085412) hoodyakovproduction(292) 3morewins(3112)
socal(3085412) hoodyakovproduction(292) motivation(41887247)
socal(3085412) hoodyakovproduction(292) juliannabear(12224)
socal(3085412) hoodyakovproduction(292) equitation(210613)
socal(3085412) hoodyakovproduction(292) happymonday(2481183)
socal(3085412) lunch(27593497) sixpack(5900951)
socal(3085412) lunch(27593497) midoribikinis(11892)
socal(3085412) lunch(27593497) mondaysnoozeday(29)
socal(3085412) lunch(27593497) fitness(88346255)
socal(3085412) lunch(27593497) beyondonescapability(1)
socal(3085412) lunch(27593497) ootd(63250478)
socal(3085412) lunch(27593497) need(7353183)
socal(3085412) lunch(27593497) subdued(58851)
socal(3085412) lunch(27593497) peoplescreatives(864975)
socal(3085412) lunch(27593497) lotd(1657946)
socal(3085412) lunch(27593497) subduedstyle(1332)
socal(3085412) lunch(27593497) staytuned(1109107)
socal(3085412) health(26763215) behindthescenes(1248681)
socal(3085412) health(26763215) adventure(10418279)
socal(3085412) health(26763215) series11(3297)
socal(3085412) health(26763215) ourengagement(3546)
socal(3085412) health(26763215) duffy(420499)
socal(3085412) health(26763215) fvlifestyle(1626)
socal(3085412) health(26763215) travel(45931246)
socal(3085412) health(26763215) happiness(35110271)
socal(3085412) health(26763215) disneysea(554150)
socal(3085412) health(26763215) bali(9780310)
socal(3085412) health(26763215) arabidol(153036)
socal(3085412) health(26763215) sportsgirl(132738)
socal(3085412) health(26763215) resultsdontliar(2)
socal(3085412) health(26763215) baifernfamkannaja(80)
socal(3085412) health(26763215) geordieshore(289125)
socal(3085412) health(26763215) filming(938869)
socal(3085412) health(26763215) haummmmmmmmmmm(2)
socal(3085412) health(26763215) ss15(1298529)
socal(3085412) health(26763215) disneyland(8558104)
socal(3085412) health(26763215) brotherstrailerin2days(27)
socal(3085412) health(26763215) liveoutdoors(28235)
socal(3085412) health(26763215) tonyawards(47025)
socal(3085412) eatclean(23344327) blackmilk(359357)
socal(3085412) eatclean(23344327) newzealand(2721529)
socal(3085412) eatclean(23344327) baristaexpress(439)
socal(3085412) eatclean(23344327) doll(3597950)
socal(3085412) eatclean(23344327) happymonday(2481182)
socal(3085412) eatclean(23344327) mthood(222443)
socal(3085412) eatclean(23344327) goedemorgen(91583)
socal(3085412) eatclean(23344327) issademar(3395)
socal(3085412) eatclean(23344327) warrenjc(88930)
socal(3085412) eatclean(23344327) breakfast(38956097)
socal(3085412) eatclean(23344327) kenia(63624)
socal(3085412) eatclean(23344327) bmgalaxyblueslouchy(2)
socal(3085412) eatclean(23344327) symmetrybreakfast(2869)
socal(3085412) eatclean(23344327) giambattistavallix7fam(354)
socal(3085412) eatclean(23344327) kaytureonthego(7970)
socal(3085412) eatclean(23344327) smartwaffle(56)
socal(3085412) eatclean(23344327) u20wc(1448)
socal(3085412) eatclean(23344327) blackmilkclothing(425938)
socal(3085412) eatclean(23344327) thatsbae(379398)
socal(3085412) eatclean(23344327) roamoorea(117)
socal(3085412) eatclean(23344327) nofilterneeded(3096421)
socal(3085412) eatclean(23344327) buenosdias(3294575)
socal(3085412) eatclean(23344327) bonjour(1640980)
socal(3085412) eatclean(23344327) snowboarding(2709732)
socal(3085412) eatclean(23344327) gopies(56626)
socal(3085412) eatclean(23344327) keniabydramaqueen(92)
socal(3085412) eatclean(23344327) kenialipsticks(56)
socal(3085412) eatclean(23344327) snowboarder(162976)
socal(3085412) eatclean(23344327) stillalongwaytothetop(10)
socal(3085412) eatclean(23344327) middleearth(193649)
socal(3085412) eatclean(23344327) video(12282459)
socal(3085412) weightloss(13072912) moscow(12972532)
socal(3085412) weightloss(13072912) dangelo(64533)
socal(3085412) weightloss(13072912) tb(46218224)
socal(3085412) weightloss(13072912) neosoul(109128)
socal(3085412) weightloss(13072912) dress(39195719)
socal(3085412) weightloss(13072912) selfie(281733776)
socal(3085412) weightloss(13072912) valentinyudashkin(5163)
socal(3085412) weightloss(13072912) maxwell(209949)
socal(3085412) weightloss(13072912) bigday(531804)
socal(3085412) weightloss(13072912) wedding(36957708)
socal(3085412) weightloss(13072912) day3(3409972)
socal(3085412) weightloss(13072912) la(29940791)
socal(3085412) weightloss(13072912) me(377121559)
socal(3085412) weightloss(13072912) summer(210448983)
socal(3085412) eathealthy(2117739) hualien(91381)
socal(3085412) eathealthy(2117739) ramafoundation(1846)
socal(3085412) eathealthy(2117739) himalayan(214433)
socal(3085412) eathealthy(2117739) givingtshirt(115)
socal(3085412) eathealthy(2117739) thetrilogy(14004)
socal(3085412) eathealthy(2117739) movenourishbelieve(353871)
socal(3085412) eathealthy(2117739) lornajane(385261)
socal(3085412) eathealthy(2117739) ronaldo(2225701)
socal(3085412) eathealthy(2117739) shibainu(1163419)
socal(3085412) eathealthy(2117739) summer(210449074)
socal(3085412) eathealthy(2117739) freecrack3(177)
socal(3085412) eathealthy(2117739) activeliving(255302)
socal(3085412) eathealthy(2117739) goodnight(39947274)
socal(3085412) eathealthy(2117739) selfie(281733831)
socal(3085412) eathealthy(2117739) me(377121618)
socal(3085412) eathealthy(2117739) carlifestyle(433330)
socal(3085412) eathealthy(2117739) gopies(56626)
socal(3085412) eathealthy(2117739) harleyquin(15229)
socal(3085412) eathealthy(2117739) moscow(12972535)
socal(3085412) legs(11922256) iphone5s(3061419)
socal(3085412) legs(11922256) omnomnomnom(138294)
socal(3085412) legs(11922256) hufftakeover(768)
socal(3085412) legs(11922256) latergram(21764453)
socal(3085412) legs(11922256) movenourishbelieve(353871)
socal(3085412) legs(11922256) lornajane(385261)
socal(3085412) legs(11922256) missyou(10840852)
socal(3085412) legs(11922256) truthserum(24441)
socal(3085412) legs(11922256) london(36695662)
socal(3085412) legs(11922256) debocafehuahin(12)
socal(3085412) legs(11922256) velopark(7268)
socal(3085412) legs(11922256) dreams(9440444)
socal(3085412) legs(11922256) mykonos(811087)
socal(3085412) legs(11922256) activeliving(255302)
socal(3085412) legs(11922256) thisislondon(286659)
socal(3085412) legs(11922256) barrel(409071)
socal(3085412) legs(11922256) itsjudyslife(18738)
socal(3085412) legs(11922256) juliannabear(12224)
socal(3085412) legs(11922256) mynameisnapat(22984)
socal(3085412) legs(11922256) funny(89662578)
socal(3085412) legs(11922256) gardener(134858)
socal(3085412) legs(11922256) wiggins(34218)
socal(3085412) legs(11922256) sundayfunday(15176530)
socal(3085412) legs(11922256) vines(877736)
socal(3085412) regimeuses(55791) dikatoolkit(195)
socal(3085412) regimeuses(55791) sugarpill(277305)
socal(3085412) regimeuses(55791) teambb(24639)
socal(3085412) regimeuses(55791) himalayan(214433)
socal(3085412) regimeuses(55791) sundayfunday(15176520)
socal(3085412) regimeuses(55791) allincle(70725)
socal(3085412) regimeuses(55791) biggerthan(3729)
socal(3085412) regimeuses(55791) shibainu(1163419)
socal(3085412) regimeuses(55791) oceanbreakfast(36)
socal(3085412) regimeuses(55791) sketch(23034817)
socal(3085412) regimeuses(55791) 2015(27117891)
socal(3085412) regimeuses(55791) 3morewins(3111)
socal(3085412) regimeuses(55791) truthserum(24441)
socal(3085412) squat(3533987) lornajane(385261)
socal(3085412) squat(3533987) shemakesmehappy(102681)
socal(3085412) squat(3533987) brandyeu(4458)
socal(3085412) squat(3533987) hanaootd(70)
socal(3085412) squat(3533987) swiftkickz(200022)
socal(3085412) squat(3533987) lostadiotour2015(1101)
socal(3085412) squat(3533987) teamlh(53502)
socal(3085412) squat(3533987) canadiangp(12551)
socal(3085412) squat(3533987) adventure(10418275)
socal(3085412) squat(3533987) ootd(63250483)
socal(3085412) squat(3533987) workinprogress(2091630)
socal(3085412) squat(3533987) activeliving(255301)
socal(3085412) squat(3533987) kutasunset(463)
socal(3085412) squat(3533987) wego(152402)
socal(3085412) squat(3533987) travel(45931232)
socal(3085412) squat(3533987) tsxc(41131)
socal(3085412) squat(3533987) movenourishbelieve(353871)
socal(3085412) squat(3533987) beingfatandawesome(13)
socal(3085412) squat(3533987) liveoutdoors(28235)
socal(3085412) fit(41172422) barrel(409071)
socal(3085412) fit(41172422) lornajane(385261)
socal(3085412) fit(41172422) geazy(167869)
socal(3085412) fit(41172422) messi(3381961)
socal(3085412) fit(41172422) fcbarcelona(1706935)
socal(3085412) fit(41172422) neymar(2292512)
socal(3085412) fit(41172422) honesty(939123)
socal(3085412) fit(41172422) fcb_supporters(1177)
socal(3085412) fit(41172422) valentinyudashkin(5163)
socal(3085412) fit(41172422) galialahav(16568)
socal(3085412) fit(41172422) dress(39195720)
socal(3085412) fit(41172422) luxuryworldtraveler(122408)
socal(3085412) fit(41172422) motivation(41887215)
socal(3085412) fit(41172422) bigday(531804)
socal(3085412) fit(41172422) luxwt(113677)
socal(3085412) fit(41172422) activeliving(255302)
socal(3085412) fit(41172422) day3(3409972)
socal(3085412) fit(41172422) movenourishbelieve(353871)
socal(3085412) fit(41172422) wedding(36957711)
socal(3085412) workout(45183239) publishbrand(37705)
socal(3085412) workout(45183239) crepprotect(9139)
socal(3085412) workout(45183239) teamkof(62097)
socal(3085412) workout(45183239) me(377121529)
socal(3085412) workout(45183239) the_perfect_pair(333971)
socal(3085412) workout(45183239) solecollector(3679612)
socal(3085412) workout(45183239) theroyalg(42251)
socal(3085412) workout(45183239) shoes(51247402)
socal(3085412) workout(45183239) blacklist(1382675)
socal(3085412) workout(45183239) project193(13322)
socal(3085412) workout(45183239) goedemorgen(91583)
socal(3085412) workout(45183239) solenation(1429763)
socal(3085412) workout(45183239) nicekicks(3954376)
socal(3085412) workout(45183239) workinprogress(2091629)
socal(3085412) workout(45183239) jumpman23(488243)
socal(3085412) workout(45183239) midoribikinis(11892)
socal(3085412) workout(45183239) daretozlatan(68754)
socal(3085412) workout(45183239) beautiful(292132451)
socal(3085412) workout(45183239) croatia(2621028)
socal(3085412) workout(45183239) bonjour(1640979)
socal(3085412) workout(45183239) sweet(59744076)
socal(3085412) workout(45183239) theuncommonthread(57207)
socal(3085412) workout(45183239) mercedesbenz(1426367)
socal(3085412) workout(45183239) atribecf(106972)
socal(3085412) workout(45183239) breakfast(38956091)
socal(3085412) workout(45183239) musicvideo(1495370)
socal(3085412) workout(45183239) lostadiotour2015(1101)
socal(3085412) workout(45183239) lookbookstore(35280)
socal(3085412) workout(45183239) farmersmarkethawaii(96557)
socal(3085412) workout(45183239) moscow(12972530)
socal(3085412) workout(45183239) monday(15261783)
socal(3085412) workout(45183239) summer(210448935)
socal(3085412) workout(45183239) need(7353183)
socal(3085412) workout(45183239) selfie(281733730)
socal(3085412) workout(45183239) edition1(8992)
socal(3085412) workout(45183239) buenosdias(3294575)
socal(3085412) workout(45183239) amg(2081009)
socal(3085412) workout(45183239) nike(45136736)
socal(3085412) workout(45183239) lululunthailand(79)
socal(3085412) workout(45183239) hmphotostudio(29)
socal(3085412) workout(45183239) bts(5470228)
socal(3085412) workout(45183239) kicksonfire(4172414)
socal(3085412) workout(45183239) love(922727010)
socal(3085412) workout(45183239) gts(465130)
socal(3085412) workout(45183239) najwakaram(65207)
socal(3085412) lululunthailand(79) travel(45931272)
socal(3085412) lululunthailand(79) wanderlust(5944475)
socal(3085412) lululunthailand(79) airplanecuddlebuddy(5)
socal(3085412) lululunthailand(79) rottnestisland(28845)
socal(3085412) lululunthailand(79) samsungultra(2386)
socal(3085412) lululunthailand(79) thewanteddenim(3299)
socal(3085412) lululunthailand(79) sydney(8337252)
socal(3085412) lululunthailand(79) australia(13832409)
socal(3085412) lululunthailand(79) traveltwogether(9)
socal(3085412) lululunthailand(79) adventure(10418288)
socal(3085412) lululunthailand(79) liveoutdoors(28235)
socal(3085412) lululunthailand(79) manly(800293)
socal(3085412) lululunthailand(79) happymonday(2481184)
socal(3085412) lululunthailand(79) virgovibes(350)
socal(3085412) lululunthailand(79) monday(15261840)
socal(3085412) summerbody(989429) shibainu(1163419)
socal(3085412) summerbody(989429) suicidegirlsworldwide(67)
socal(3085412) summerbody(989429) himalayan(214433)
socal(3085412) summerbody(989429) resultsdontliar(2)
socal(3085412) summerbody(989429) carlifestyle(433329)
socal(3085412) summerbody(989429) thewanteddenim(3299)
socal(3085412) summerbody(989429) ss15(1298528)
socal(3085412) summerbody(989429) tonyawards(47025)
socal(3085412) doseofcolors(64208) hanaootd(70)
socal(3085412) doseofcolors(64208) fox(2643098)
socal(3085412) doseofcolors(64208) photooftheday(320997902)
socal(3085412) doseofcolors(64208) me(377121478)
socal(3085412) doseofcolors(64208) teambb(24639)
socal(3085412) doseofcolors(64208) dope(17086907)
socal(3085412) doseofcolors(64208) wego(152402)
socal(3085412) doseofcolors(64208) beingfatandawesome(13)
socal(3085412) doseofcolors(64208) smile(225122057)
socal(3085412) doseofcolors(64208) new(63254972)
socal(3085412) doseofcolors(64208) likeforfollow(30565890)
socal(3085412) doseofcolors(64208) followme(328898095)
socal(3085412) doseofcolors(64208) instalike(190030402)
socal(3085412) doseofcolors(64208) disneyland(8558098)
socal(3085412) doseofcolors(64208) beautiful(292132396)
socal(3085412) doseofcolors(64208) summer(210448850)
socal(3085412) doseofcolors(64208) amazing(173069424)
socal(3085412) doseofcolors(64208) disneysea(554150)
socal(3085412) doseofcolors(64208) duffy(420499)
socal(3085412) doseofcolors(64208) bestoftheday(151564613)
socal(3085412) doseofcolors(64208) afro(1717754)
socal(3085412) doseofcolors(64208) asian(21647379)
socal(3085412) doseofcolors(64208) tregiorni_di_matrimonio(250)
socal(3085412) doseofcolors(64208) igers(187928751)
socal(3085412) doseofcolors(64208) cute(339361815)
socal(3085412) doseofcolors(64208) ulzzang(1831960)
socal(3085412) doseofcolors(64208) blonde(31239222)
socal(3085412) doseofcolors(64208) instadaily(203995125)
socal(3085412) doseofcolors(64208) midoribikinis(11892)
socal(3085412) doseofcolors(64208) instagood(423163920)
socal(3085412) doseofcolors(64208) guy(17299961)
socal(3085412) doseofcolors(64208) love(922726813)
socal(3085412) doseofcolors(64208) shemakesmehappy(102681)
socal(3085412) doseofcolors(64208) happy(305925544)
socal(3085412) doseofcolors(64208) swag(170778025)
socal(3085412) doseofcolors(64208) fun(217822350)
socal(3085412) doseofcolors(64208) tagsforlikesapp(6016135)
socal(3085412) doseofcolors(64208) fashion(221127114)
socal(3085412) doseofcolors(64208) mandrikandvolkova_wedding(598)
socal(3085412) doseofcolors(64208) tflers(169780571)
socal(3085412) doseofcolors(64208) like4like(234114800)
socal(3085412) doseofcolors(64208) korean(9230248)
socal(3085412) doseofcolors(64208) picoftheday(233021328)
socal(3085412) doseofcolors(64208) follow(340009271)
socal(3085412) familyfirst(4524291) breakfast(38956099)
socal(3085412) familyfirst(4524291) graywhale(3227)
socal(3085412) familyfirst(4524291) teambb(24639)
socal(3085412) familyfirst(4524291) supplied(209839)
socal(3085412) familyfirst(4524291) sportbikelife(35109)
socal(3085412) familyfirst(4524291) sanignaciolagoon(110)
socal(3085412) familyfirst(4524291) matchday(394353)
socal(3085412) familyfirst(4524291) millitakim(10267)
socal(3085412) familyfirst(4524291) mandrikandvolkova_wedding(598)
socal(3085412) familyfirst(4524291) lookbookstore(35280)
socal(3085412) familyfirst(4524291) bajacalifornia(115344)
socal(3085412) familyfirst(4524291) tregiorni_di_matrimonio(250)
socal(3085412) familyfirst(4524291) beautiful(292132608)
socal(3085412) familyfirst(4524291) kaytureonthego(7970)
socal(3085412) familyfirst(4524291) buenosdias(3294577)
socal(3085412) familyfirst(4524291) getsupplied(1871)
socal(3085412) familyfirst(4524291) dreams(9440444)
socal(3085412) familyfirst(4524291) riva(145404)
socal(3085412) familyfirst(4524291) fistilook(3)
socal(3085412) familyfirst(4524291) afro(1717755)
socal(3085412) familyfirst(4524291) blonde(31239248)
socal(3085412) familyfirst(4524291) midoribikinis(11892)
socal(3085412) familyfirst(4524291) goedemorgen(91583)
socal(3085412) familyfirst(4524291) bonjour(1640980)
socal(3085412) familyfirst(4524291) mmtfdinjapan(161)
socal(3085412) familyfirst(4524291) bulgaria(1095207)
socal(3085412) familyfirst(4524291) braptube(11438)
socal(3085412) familyfirst(4524291) yanafisti(2408)
socal(3085412) familyfirst(4524291) sweet(59744107)
socal(3085412) familyfirst(4524291) giambattistavallix7fam(354)
socal(3085412) familyfirst(4524291) baja(378113)
socal(3085412) familyfirst(4524291) mexico(16359101)
