UK(14045197) hanaootd(70) blessed(43768982)
UK(14045197) hanaootd(70) hamptons(474263)
UK(14045197) hanaootd(70) iifa2015(9287)
UK(14045197) hanaootd(70) ashishsoni(107)
UK(14045197) hanaootd(70) crayola(357007)
UK(14045197) hanaootd(70) adventure(10418301)
UK(14045197) hanaootd(70) beach(82817097)
UK(14045197) hanaootd(70) sydney(8337252)
UK(14045197) hanaootd(70) ootd(63250569)
UK(14045197) hanaootd(70) andrebalazs(752)
UK(14045197) hanaootd(70) traveltwogether(9)
UK(14045197) hanaootd(70) company(1278818)
UK(14045197) hanaootd(70) sundayfunday(15176548)
UK(14045197) hanaootd(70) wanderlust(5944492)
UK(14045197) hanaootd(70) australia(13832415)
UK(14045197) hanaootd(70) tb(46218314)
UK(14045197) hanaootd(70) moment(11699024)
UK(14045197) hanaootd(70) truthserum(24441)
UK(14045197) hanaootd(70) brandyeu(4458)
UK(14045197) hanaootd(70) beautiful(292132802)
UK(14045197) hanaootd(70) shelterisland(42964)
UK(14045197) hanaootd(70) debocafehuahin(12)
UK(14045197) hanaootd(70) fire(13921856)
UK(14045197) hanaootd(70) sunsetbeach(177845)
UK(14045197) hanaootd(70) la(29940824)
UK(14045197) hanaootd(70) good(60363690)
UK(14045197) hanaootd(70) restaurant(6807172)
UK(14045197) hanaootd(70) travel(45931342)
UK(14045197) hanaootd(70) missyou(10840856)
UK(14045197) hanaootd(70) airplanecuddlebuddy(5)
UK(14045197) hanaootd(70) place(9134028)
UK(14045197) hanaootd(70) wine(16063692)
UK(14045197) hanaootd(70) illustration(13736347)
UK(14045197) hanaootd(70) liveoutdoors(28235)
UK(14045197) hanaootd(70) manly(800293)
UK(14045197) hanaootd(70) rose(12896888)
UK(14045197) hanaootd(70) nice(78092053)
UK(14045197) fashion(221127404) hanaootd(70)
UK(14045197) fashion(221127404) lornajane(385262)
UK(14045197) fashion(221127404) thisislondon(286660)
UK(14045197) fashion(221127404) hufftakeover(768)
UK(14045197) fashion(221127404) thetrilogy(14004)
UK(14045197) fashion(221127404) wego(152402)
UK(14045197) fashion(221127404) earthfocus(28795)
UK(14045197) fashion(221127404) mandrikandvolkova_wedding(598)
UK(14045197) fashion(221127404) perfectvideos(9891)
UK(14045197) fashion(221127404) movenourishbelieve(353871)
UK(14045197) fashion(221127404) tregiorni_di_matrimonio(250)
UK(14045197) fashion(221127404) baifernfamkannaja(80)
UK(14045197) fashion(221127404) velopark(7268)
UK(14045197) fashion(221127404) freecrack3(177)
UK(14045197) fashion(221127404) dallas(4622346)
UK(14045197) fashion(221127404) activeliving(255302)
UK(14045197) fashion(221127404) galialahav(16568)
UK(14045197) fashion(221127404) ralenwatts(687)
UK(14045197) fashion(221127404) london(36695722)
UK(14045197) fashion(221127404) wiggins(34218)
UK(14045197) fashion(221127404) officialralenwatts(284)
UK(14045197) suicidegirlsworldwide(67) hanaootd(70)
UK(14045197) suicidegirlsworldwide(67) lornajane(385262)
UK(14045197) suicidegirlsworldwide(67) thisislondon(286660)
UK(14045197) suicidegirlsworldwide(67) hufftakeover(768)
UK(14045197) suicidegirlsworldwide(67) thetrilogy(14004)
UK(14045197) suicidegirlsworldwide(67) wego(152402)
UK(14045197) suicidegirlsworldwide(67) earthfocus(28795)
UK(14045197) suicidegirlsworldwide(67) mandrikandvolkova_wedding(598)
UK(14045197) suicidegirlsworldwide(67) perfectvideos(9891)
UK(14045197) suicidegirlsworldwide(67) movenourishbelieve(353871)
UK(14045197) suicidegirlsworldwide(67) tregiorni_di_matrimonio(250)
UK(14045197) suicidegirlsworldwide(67) baifernfamkannaja(80)
UK(14045197) suicidegirlsworldwide(67) velopark(7268)
UK(14045197) suicidegirlsworldwide(67) freecrack3(177)
UK(14045197) suicidegirlsworldwide(67) dallas(4622346)
UK(14045197) suicidegirlsworldwide(67) activeliving(255302)
UK(14045197) suicidegirlsworldwide(67) galialahav(16568)
UK(14045197) suicidegirlsworldwide(67) ralenwatts(687)
UK(14045197) suicidegirlsworldwide(67) london(36695722)
UK(14045197) suicidegirlsworldwide(67) wiggins(34218)
UK(14045197) suicidegirlsworldwide(67) officialralenwatts(284)
UK(14045197) tflers(169780773) hanaootd(70)
UK(14045197) tflers(169780773) lornajane(385262)
UK(14045197) tflers(169780773) thisislondon(286660)
UK(14045197) tflers(169780773) hufftakeover(768)
UK(14045197) tflers(169780773) thetrilogy(14004)
UK(14045197) tflers(169780773) wego(152402)
UK(14045197) tflers(169780773) earthfocus(28795)
UK(14045197) tflers(169780773) mandrikandvolkova_wedding(598)
UK(14045197) tflers(169780773) perfectvideos(9891)
UK(14045197) tflers(169780773) movenourishbelieve(353871)
UK(14045197) tflers(169780773) tregiorni_di_matrimonio(250)
UK(14045197) tflers(169780773) baifernfamkannaja(80)
UK(14045197) tflers(169780773) velopark(7268)
UK(14045197) tflers(169780773) freecrack3(177)
UK(14045197) tflers(169780773) dallas(4622346)
UK(14045197) tflers(169780773) activeliving(255302)
UK(14045197) tflers(169780773) galialahav(16568)
UK(14045197) tflers(169780773) ralenwatts(687)
UK(14045197) tflers(169780773) london(36695722)
UK(14045197) tflers(169780773) wiggins(34218)
UK(14045197) tflers(169780773) officialralenwatts(284)
UK(14045197) swag(170778133) hanaootd(70)
UK(14045197) swag(170778133) lornajane(385262)
UK(14045197) swag(170778133) thisislondon(286660)
UK(14045197) swag(170778133) hufftakeover(768)
UK(14045197) swag(170778133) thetrilogy(14004)
UK(14045197) swag(170778133) wego(152402)
UK(14045197) swag(170778133) earthfocus(28795)
UK(14045197) swag(170778133) mandrikandvolkova_wedding(598)
UK(14045197) swag(170778133) perfectvideos(9891)
UK(14045197) swag(170778133) movenourishbelieve(353871)
UK(14045197) swag(170778133) tregiorni_di_matrimonio(250)
UK(14045197) swag(170778133) baifernfamkannaja(80)
UK(14045197) swag(170778133) velopark(7268)
UK(14045197) swag(170778133) freecrack3(177)
UK(14045197) swag(170778133) dallas(4622346)
UK(14045197) swag(170778133) activeliving(255302)
UK(14045197) swag(170778133) galialahav(16568)
UK(14045197) swag(170778133) ralenwatts(687)
UK(14045197) swag(170778133) london(36695722)
UK(14045197) swag(170778133) wiggins(34218)
UK(14045197) swag(170778133) officialralenwatts(284)
UK(14045197) fun(217822584) hanaootd(70)
UK(14045197) fun(217822584) lornajane(385262)
UK(14045197) fun(217822584) thisislondon(286660)
UK(14045197) fun(217822584) hufftakeover(768)
UK(14045197) fun(217822584) thetrilogy(14004)
UK(14045197) fun(217822584) wego(152402)
UK(14045197) fun(217822584) earthfocus(28795)
UK(14045197) fun(217822584) mandrikandvolkova_wedding(598)
UK(14045197) fun(217822584) perfectvideos(9891)
UK(14045197) fun(217822584) movenourishbelieve(353871)
UK(14045197) fun(217822584) tregiorni_di_matrimonio(250)
UK(14045197) fun(217822584) baifernfamkannaja(80)
UK(14045197) fun(217822584) velopark(7268)
UK(14045197) fun(217822584) freecrack3(177)
UK(14045197) fun(217822584) dallas(4622346)
UK(14045197) fun(217822584) activeliving(255302)
UK(14045197) fun(217822584) galialahav(16568)
UK(14045197) fun(217822584) ralenwatts(687)
UK(14045197) fun(217822584) london(36695722)
UK(14045197) fun(217822584) wiggins(34218)
UK(14045197) fun(217822584) officialralenwatts(284)
UK(14045197) love(922727874) hanaootd(70)
UK(14045197) love(922727874) lornajane(385262)
UK(14045197) love(922727874) thisislondon(286660)
UK(14045197) love(922727874) hufftakeover(768)
UK(14045197) love(922727874) thetrilogy(14004)
UK(14045197) love(922727874) wego(152402)
UK(14045197) love(922727874) earthfocus(28795)
UK(14045197) love(922727874) mandrikandvolkova_wedding(598)
UK(14045197) love(922727874) perfectvideos(9891)
UK(14045197) love(922727874) movenourishbelieve(353871)
UK(14045197) love(922727874) tregiorni_di_matrimonio(250)
UK(14045197) love(922727874) baifernfamkannaja(80)
UK(14045197) love(922727874) velopark(7268)
UK(14045197) love(922727874) freecrack3(177)
UK(14045197) love(922727874) dallas(4622346)
UK(14045197) love(922727874) activeliving(255302)
UK(14045197) love(922727874) galialahav(16568)
UK(14045197) love(922727874) ralenwatts(687)
UK(14045197) love(922727874) london(36695722)
UK(14045197) love(922727874) wiggins(34218)
UK(14045197) love(922727874) officialralenwatts(284)
UK(14045197) instalike(190030670) hanaootd(70)
UK(14045197) instalike(190030670) lornajane(385262)
UK(14045197) instalike(190030670) thisislondon(286660)
UK(14045197) instalike(190030670) hufftakeover(768)
UK(14045197) instalike(190030670) thetrilogy(14004)
UK(14045197) instalike(190030670) wego(152402)
UK(14045197) instalike(190030670) earthfocus(28795)
UK(14045197) instalike(190030670) mandrikandvolkova_wedding(598)
UK(14045197) instalike(190030670) perfectvideos(9891)
UK(14045197) instalike(190030670) movenourishbelieve(353871)
UK(14045197) instalike(190030670) tregiorni_di_matrimonio(250)
UK(14045197) instalike(190030670) baifernfamkannaja(80)
UK(14045197) instalike(190030670) velopark(7268)
UK(14045197) instalike(190030670) freecrack3(177)
UK(14045197) instalike(190030670) dallas(4622346)
UK(14045197) instalike(190030670) activeliving(255302)
UK(14045197) instalike(190030670) galialahav(16568)
UK(14045197) instalike(190030670) ralenwatts(687)
UK(14045197) instalike(190030670) london(36695722)
UK(14045197) instalike(190030670) wiggins(34218)
UK(14045197) instalike(190030670) officialralenwatts(284)
UK(14045197) wego(152402) hanaootd(70)
UK(14045197) wego(152402) lornajane(385262)
UK(14045197) wego(152402) thisislondon(286660)
UK(14045197) wego(152402) hufftakeover(768)
UK(14045197) wego(152402) thetrilogy(14004)
UK(14045197) wego(152402) wego(152402)
UK(14045197) wego(152402) earthfocus(28795)
UK(14045197) wego(152402) mandrikandvolkova_wedding(598)
UK(14045197) wego(152402) perfectvideos(9891)
UK(14045197) wego(152402) movenourishbelieve(353871)
UK(14045197) wego(152402) tregiorni_di_matrimonio(250)
UK(14045197) wego(152402) baifernfamkannaja(80)
UK(14045197) wego(152402) velopark(7268)
UK(14045197) wego(152402) freecrack3(177)
UK(14045197) wego(152402) dallas(4622346)
UK(14045197) wego(152402) activeliving(255302)
UK(14045197) wego(152402) galialahav(16568)
UK(14045197) wego(152402) ralenwatts(687)
UK(14045197) wego(152402) london(36695722)
UK(14045197) wego(152402) wiggins(34218)
UK(14045197) wego(152402) officialralenwatts(284)
UK(14045197) amazing(173069610) hanaootd(70)
UK(14045197) amazing(173069610) lornajane(385262)
UK(14045197) amazing(173069610) thisislondon(286660)
UK(14045197) amazing(173069610) hufftakeover(768)
UK(14045197) amazing(173069610) thetrilogy(14004)
UK(14045197) amazing(173069610) wego(152402)
UK(14045197) amazing(173069610) earthfocus(28795)
UK(14045197) amazing(173069610) mandrikandvolkova_wedding(598)
UK(14045197) amazing(173069610) perfectvideos(9891)
UK(14045197) amazing(173069610) movenourishbelieve(353871)
UK(14045197) amazing(173069610) tregiorni_di_matrimonio(250)
UK(14045197) amazing(173069610) baifernfamkannaja(80)
UK(14045197) amazing(173069610) velopark(7268)
UK(14045197) amazing(173069610) freecrack3(177)
UK(14045197) amazing(173069610) dallas(4622346)
UK(14045197) amazing(173069610) activeliving(255302)
UK(14045197) amazing(173069610) galialahav(16568)
UK(14045197) amazing(173069610) ralenwatts(687)
UK(14045197) amazing(173069610) london(36695722)
UK(14045197) amazing(173069610) wiggins(34218)
UK(14045197) amazing(173069610) officialralenwatts(284)
UK(14045197) asian(21647387) hanaootd(70)
UK(14045197) asian(21647387) lornajane(385262)
UK(14045197) asian(21647387) thisislondon(286660)
UK(14045197) asian(21647387) hufftakeover(768)
UK(14045197) asian(21647387) thetrilogy(14004)
UK(14045197) asian(21647387) wego(152402)
UK(14045197) asian(21647387) earthfocus(28795)
UK(14045197) asian(21647387) mandrikandvolkova_wedding(598)
UK(14045197) asian(21647387) perfectvideos(9891)
UK(14045197) asian(21647387) movenourishbelieve(353871)
UK(14045197) asian(21647387) tregiorni_di_matrimonio(250)
UK(14045197) asian(21647387) baifernfamkannaja(80)
UK(14045197) asian(21647387) velopark(7268)
UK(14045197) asian(21647387) freecrack3(177)
UK(14045197) asian(21647387) dallas(4622346)
UK(14045197) asian(21647387) activeliving(255302)
UK(14045197) asian(21647387) galialahav(16568)
UK(14045197) asian(21647387) ralenwatts(687)
UK(14045197) asian(21647387) london(36695722)
UK(14045197) asian(21647387) wiggins(34218)
UK(14045197) asian(21647387) officialralenwatts(284)
UK(14045197) happy(305925914) hanaootd(70)
UK(14045197) happy(305925914) lornajane(385262)
UK(14045197) happy(305925914) thisislondon(286660)
UK(14045197) happy(305925914) hufftakeover(768)
UK(14045197) happy(305925914) thetrilogy(14004)
UK(14045197) happy(305925914) wego(152402)
UK(14045197) happy(305925914) earthfocus(28795)
UK(14045197) happy(305925914) mandrikandvolkova_wedding(598)
UK(14045197) happy(305925914) perfectvideos(9891)
UK(14045197) happy(305925914) movenourishbelieve(353871)
UK(14045197) happy(305925914) tregiorni_di_matrimonio(250)
UK(14045197) happy(305925914) baifernfamkannaja(80)
UK(14045197) happy(305925914) velopark(7268)
UK(14045197) happy(305925914) freecrack3(177)
UK(14045197) happy(305925914) dallas(4622346)
UK(14045197) happy(305925914) activeliving(255302)
UK(14045197) happy(305925914) galialahav(16568)
UK(14045197) happy(305925914) ralenwatts(687)
UK(14045197) happy(305925914) london(36695722)
UK(14045197) happy(305925914) wiggins(34218)
UK(14045197) happy(305925914) officialralenwatts(284)
UK(14045197) dope(17086930) hanaootd(70)
UK(14045197) dope(17086930) lornajane(385262)
UK(14045197) dope(17086930) thisislondon(286660)
UK(14045197) dope(17086930) hufftakeover(768)
UK(14045197) dope(17086930) thetrilogy(14004)
UK(14045197) dope(17086930) wego(152402)
UK(14045197) dope(17086930) earthfocus(28795)
UK(14045197) dope(17086930) mandrikandvolkova_wedding(598)
UK(14045197) dope(17086930) perfectvideos(9891)
UK(14045197) dope(17086930) movenourishbelieve(353871)
UK(14045197) dope(17086930) tregiorni_di_matrimonio(250)
UK(14045197) dope(17086930) baifernfamkannaja(80)
UK(14045197) dope(17086930) velopark(7268)
UK(14045197) dope(17086930) freecrack3(177)
UK(14045197) dope(17086930) dallas(4622346)
UK(14045197) dope(17086930) activeliving(255302)
UK(14045197) dope(17086930) galialahav(16568)
UK(14045197) dope(17086930) ralenwatts(687)
UK(14045197) dope(17086930) london(36695722)
UK(14045197) dope(17086930) wiggins(34218)
UK(14045197) dope(17086930) officialralenwatts(284)
UK(14045197) instadaily(203995359) hanaootd(70)
UK(14045197) instadaily(203995359) lornajane(385262)
UK(14045197) instadaily(203995359) thisislondon(286660)
UK(14045197) instadaily(203995359) hufftakeover(768)
UK(14045197) instadaily(203995359) thetrilogy(14004)
UK(14045197) instadaily(203995359) wego(152402)
UK(14045197) instadaily(203995359) earthfocus(28795)
UK(14045197) instadaily(203995359) mandrikandvolkova_wedding(598)
UK(14045197) instadaily(203995359) perfectvideos(9891)
UK(14045197) instadaily(203995359) movenourishbelieve(353871)
UK(14045197) instadaily(203995359) tregiorni_di_matrimonio(250)
UK(14045197) instadaily(203995359) baifernfamkannaja(80)
UK(14045197) instadaily(203995359) velopark(7268)
UK(14045197) instadaily(203995359) freecrack3(177)
UK(14045197) instadaily(203995359) dallas(4622346)
UK(14045197) instadaily(203995359) activeliving(255302)
UK(14045197) instadaily(203995359) galialahav(16568)
UK(14045197) instadaily(203995359) ralenwatts(687)
UK(14045197) instadaily(203995359) london(36695722)
UK(14045197) instadaily(203995359) wiggins(34218)
UK(14045197) instadaily(203995359) officialralenwatts(284)
UK(14045197) instagood(423164459) hanaootd(70)
UK(14045197) instagood(423164459) lornajane(385262)
UK(14045197) instagood(423164459) thisislondon(286660)
UK(14045197) instagood(423164459) hufftakeover(768)
UK(14045197) instagood(423164459) thetrilogy(14004)
UK(14045197) instagood(423164459) wego(152402)
UK(14045197) instagood(423164459) earthfocus(28795)
UK(14045197) instagood(423164459) mandrikandvolkova_wedding(598)
UK(14045197) instagood(423164459) perfectvideos(9891)
UK(14045197) instagood(423164459) movenourishbelieve(353871)
UK(14045197) instagood(423164459) tregiorni_di_matrimonio(250)
UK(14045197) instagood(423164459) baifernfamkannaja(80)
UK(14045197) instagood(423164459) velopark(7268)
UK(14045197) instagood(423164459) freecrack3(177)
UK(14045197) instagood(423164459) dallas(4622346)
UK(14045197) instagood(423164459) activeliving(255302)
UK(14045197) instagood(423164459) galialahav(16568)
UK(14045197) instagood(423164459) ralenwatts(687)
UK(14045197) instagood(423164459) london(36695722)
UK(14045197) instagood(423164459) wiggins(34218)
UK(14045197) instagood(423164459) officialralenwatts(284)
UK(14045197) followme(328898531) hanaootd(70)
UK(14045197) followme(328898531) lornajane(385262)
UK(14045197) followme(328898531) thisislondon(286660)
UK(14045197) followme(328898531) hufftakeover(768)
UK(14045197) followme(328898531) thetrilogy(14004)
UK(14045197) followme(328898531) wego(152402)
UK(14045197) followme(328898531) earthfocus(28795)
UK(14045197) followme(328898531) mandrikandvolkova_wedding(598)
UK(14045197) followme(328898531) perfectvideos(9891)
UK(14045197) followme(328898531) movenourishbelieve(353871)
UK(14045197) followme(328898531) tregiorni_di_matrimonio(250)
UK(14045197) followme(328898531) baifernfamkannaja(80)
UK(14045197) followme(328898531) velopark(7268)
UK(14045197) followme(328898531) freecrack3(177)
UK(14045197) followme(328898531) dallas(4622346)
UK(14045197) followme(328898531) activeliving(255302)
UK(14045197) followme(328898531) galialahav(16568)
UK(14045197) followme(328898531) ralenwatts(687)
UK(14045197) followme(328898531) london(36695722)
UK(14045197) followme(328898531) wiggins(34218)
UK(14045197) followme(328898531) officialralenwatts(284)
UK(14045197) smile(225122301) hanaootd(70)
UK(14045197) smile(225122301) lornajane(385262)
UK(14045197) smile(225122301) thisislondon(286660)
UK(14045197) smile(225122301) hufftakeover(768)
UK(14045197) smile(225122301) thetrilogy(14004)
UK(14045197) smile(225122301) wego(152402)
UK(14045197) smile(225122301) earthfocus(28795)
UK(14045197) smile(225122301) mandrikandvolkova_wedding(598)
UK(14045197) smile(225122301) perfectvideos(9891)
UK(14045197) smile(225122301) movenourishbelieve(353871)
UK(14045197) smile(225122301) tregiorni_di_matrimonio(250)
UK(14045197) smile(225122301) baifernfamkannaja(80)
UK(14045197) smile(225122301) velopark(7268)
UK(14045197) smile(225122301) freecrack3(177)
UK(14045197) smile(225122301) dallas(4622346)
UK(14045197) smile(225122301) activeliving(255302)
UK(14045197) smile(225122301) galialahav(16568)
UK(14045197) smile(225122301) ralenwatts(687)
UK(14045197) smile(225122301) london(36695722)
UK(14045197) smile(225122301) wiggins(34218)
UK(14045197) smile(225122301) officialralenwatts(284)
UK(14045197) warrenjc(88931) hand(6603511)
UK(14045197) warrenjc(88931) need(7353191)
UK(14045197) warrenjc(88931) dae14s(6)
UK(14045197) warrenjc(88931) twohands(89349)
UK(14045197) warrenjc(88931) behindthescenes(1248686)
UK(14045197) warrenjc(88931) sit(565702)
UK(14045197) warrenjc(88931) bendho(14)
UK(14045197) warrenjc(88931) givemetwohands(1)
UK(14045197) warrenjc(88931) sauthermes(6942)
UK(14045197) warrenjc(88931) hermes(11958483)
UK(14045197) warrenjc(88931) mandrikandvolkova_wedding(598)
UK(14045197) warrenjc(88931) brandyeu(4458)
UK(14045197) warrenjc(88931) tregiorni_di_matrimonio(250)
UK(14045197) warrenjc(88931) waitasec(2006)
UK(14045197) warrenjc(88931) sweet(59744123)
UK(14045197) warrenjc(88931) ootd(63250550)
UK(14045197) warrenjc(88931) sportsgirl(132738)
UK(14045197) warrenjc(88931) lookbookstore(35280)
UK(14045197) warrenjc(88931) nike(45136792)
UK(14045197) warrenjc(88931) beautiful(292132708)
UK(14045197) warrenjc(88931) mens(1157742)
UK(14045197) warrenjc(88931) barrel(409071)
UK(14045197) warrenjc(88931) jjome(9)
UK(14045197) warrenjc(88931) equestrian(1978721)
UK(14045197) warrenjc(88931) citybeach(61969)
UK(14045197) warrenjc(88931) equitation(210613)
UK(14045197) beyondonescapability(1) hanaootd(70)
UK(14045197) beyondonescapability(1) lornajane(385262)
UK(14045197) beyondonescapability(1) thisislondon(286660)
UK(14045197) beyondonescapability(1) hufftakeover(768)
UK(14045197) beyondonescapability(1) thetrilogy(14004)
UK(14045197) beyondonescapability(1) wego(152402)
UK(14045197) beyondonescapability(1) earthfocus(28795)
UK(14045197) beyondonescapability(1) mandrikandvolkova_wedding(598)
UK(14045197) beyondonescapability(1) perfectvideos(9891)
UK(14045197) beyondonescapability(1) movenourishbelieve(353871)
UK(14045197) beyondonescapability(1) tregiorni_di_matrimonio(250)
UK(14045197) beyondonescapability(1) baifernfamkannaja(80)
UK(14045197) beyondonescapability(1) velopark(7268)
UK(14045197) beyondonescapability(1) freecrack3(177)
UK(14045197) beyondonescapability(1) dallas(4622346)
UK(14045197) beyondonescapability(1) activeliving(255302)
UK(14045197) beyondonescapability(1) galialahav(16568)
UK(14045197) beyondonescapability(1) ralenwatts(687)
UK(14045197) beyondonescapability(1) london(36695722)
UK(14045197) beyondonescapability(1) wiggins(34218)
UK(14045197) beyondonescapability(1) officialralenwatts(284)
UK(14045197) igers(187928919) hanaootd(70)
UK(14045197) igers(187928919) lornajane(385262)
UK(14045197) igers(187928919) thisislondon(286660)
UK(14045197) igers(187928919) hufftakeover(768)
UK(14045197) igers(187928919) thetrilogy(14004)
UK(14045197) igers(187928919) wego(152402)
UK(14045197) igers(187928919) earthfocus(28795)
UK(14045197) igers(187928919) mandrikandvolkova_wedding(598)
UK(14045197) igers(187928919) perfectvideos(9891)
UK(14045197) igers(187928919) movenourishbelieve(353871)
UK(14045197) igers(187928919) tregiorni_di_matrimonio(250)
UK(14045197) igers(187928919) baifernfamkannaja(80)
UK(14045197) igers(187928919) velopark(7268)
UK(14045197) igers(187928919) freecrack3(177)
UK(14045197) igers(187928919) dallas(4622346)
UK(14045197) igers(187928919) activeliving(255302)
UK(14045197) igers(187928919) galialahav(16568)
UK(14045197) igers(187928919) ralenwatts(687)
UK(14045197) igers(187928919) london(36695722)
UK(14045197) igers(187928919) wiggins(34218)
UK(14045197) igers(187928919) officialralenwatts(284)
UK(14045197) new(63255033) hanaootd(70)
UK(14045197) new(63255033) lornajane(385262)
UK(14045197) new(63255033) thisislondon(286660)
UK(14045197) new(63255033) hufftakeover(768)
UK(14045197) new(63255033) thetrilogy(14004)
UK(14045197) new(63255033) wego(152402)
UK(14045197) new(63255033) earthfocus(28795)
UK(14045197) new(63255033) mandrikandvolkova_wedding(598)
UK(14045197) new(63255033) perfectvideos(9891)
UK(14045197) new(63255033) movenourishbelieve(353871)
UK(14045197) new(63255033) tregiorni_di_matrimonio(250)
UK(14045197) new(63255033) baifernfamkannaja(80)
UK(14045197) new(63255033) velopark(7268)
UK(14045197) new(63255033) freecrack3(177)
UK(14045197) new(63255033) dallas(4622346)
UK(14045197) new(63255033) activeliving(255302)
UK(14045197) new(63255033) galialahav(16568)
UK(14045197) new(63255033) ralenwatts(687)
UK(14045197) new(63255033) london(36695722)
UK(14045197) new(63255033) wiggins(34218)
UK(14045197) new(63255033) officialralenwatts(284)
UK(14045197) bestoftheday(151564747) hanaootd(70)
UK(14045197) bestoftheday(151564747) lornajane(385262)
UK(14045197) bestoftheday(151564747) thisislondon(286660)
UK(14045197) bestoftheday(151564747) hufftakeover(768)
UK(14045197) bestoftheday(151564747) thetrilogy(14004)
UK(14045197) bestoftheday(151564747) wego(152402)
UK(14045197) bestoftheday(151564747) earthfocus(28795)
UK(14045197) bestoftheday(151564747) mandrikandvolkova_wedding(598)
UK(14045197) bestoftheday(151564747) perfectvideos(9891)
UK(14045197) bestoftheday(151564747) movenourishbelieve(353871)
UK(14045197) bestoftheday(151564747) tregiorni_di_matrimonio(250)
UK(14045197) bestoftheday(151564747) baifernfamkannaja(80)
UK(14045197) bestoftheday(151564747) velopark(7268)
UK(14045197) bestoftheday(151564747) freecrack3(177)
UK(14045197) bestoftheday(151564747) dallas(4622346)
UK(14045197) bestoftheday(151564747) activeliving(255302)
UK(14045197) bestoftheday(151564747) galialahav(16568)
UK(14045197) bestoftheday(151564747) ralenwatts(687)
UK(14045197) bestoftheday(151564747) london(36695722)
UK(14045197) bestoftheday(151564747) wiggins(34218)
UK(14045197) bestoftheday(151564747) officialralenwatts(284)
UK(14045197) cute(339375794) hanaootd(70)
UK(14045197) cute(339375794) lornajane(385262)
UK(14045197) cute(339375794) thisislondon(286660)
UK(14045197) cute(339375794) hufftakeover(768)
UK(14045197) cute(339375794) thetrilogy(14004)
UK(14045197) cute(339375794) wego(152402)
UK(14045197) cute(339375794) earthfocus(28795)
UK(14045197) cute(339375794) mandrikandvolkova_wedding(598)
UK(14045197) cute(339375794) perfectvideos(9891)
UK(14045197) cute(339375794) movenourishbelieve(353871)
UK(14045197) cute(339375794) tregiorni_di_matrimonio(250)
UK(14045197) cute(339375794) baifernfamkannaja(80)
UK(14045197) cute(339375794) velopark(7268)
UK(14045197) cute(339375794) freecrack3(177)
UK(14045197) cute(339375794) dallas(4622346)
UK(14045197) cute(339375794) activeliving(255302)
UK(14045197) cute(339375794) galialahav(16568)
UK(14045197) cute(339375794) ralenwatts(687)
UK(14045197) cute(339375794) london(36695722)
UK(14045197) cute(339375794) wiggins(34218)
UK(14045197) cute(339375794) officialralenwatts(284)
UK(14045197) picoftheday(233021604) hanaootd(70)
UK(14045197) picoftheday(233021604) lornajane(385262)
UK(14045197) picoftheday(233021604) thisislondon(286660)
UK(14045197) picoftheday(233021604) hufftakeover(768)
UK(14045197) picoftheday(233021604) thetrilogy(14004)
UK(14045197) picoftheday(233021604) wego(152402)
UK(14045197) picoftheday(233021604) earthfocus(28795)
UK(14045197) picoftheday(233021604) mandrikandvolkova_wedding(598)
UK(14045197) picoftheday(233021604) perfectvideos(9891)
UK(14045197) picoftheday(233021604) movenourishbelieve(353871)
UK(14045197) picoftheday(233021604) tregiorni_di_matrimonio(250)
UK(14045197) picoftheday(233021604) baifernfamkannaja(80)
UK(14045197) picoftheday(233021604) velopark(7268)
UK(14045197) picoftheday(233021604) freecrack3(177)
UK(14045197) picoftheday(233021604) dallas(4622346)
UK(14045197) picoftheday(233021604) activeliving(255302)
UK(14045197) picoftheday(233021604) galialahav(16568)
UK(14045197) picoftheday(233021604) ralenwatts(687)
UK(14045197) picoftheday(233021604) london(36695722)
UK(14045197) picoftheday(233021604) wiggins(34218)
UK(14045197) picoftheday(233021604) officialralenwatts(284)
UK(14045197) me(377151228) hanaootd(70)
UK(14045197) me(377151228) lornajane(385262)
UK(14045197) me(377151228) thisislondon(286660)
UK(14045197) me(377151228) hufftakeover(768)
UK(14045197) me(377151228) thetrilogy(14004)
UK(14045197) me(377151228) wego(152402)
UK(14045197) me(377151228) earthfocus(28795)
UK(14045197) me(377151228) mandrikandvolkova_wedding(598)
UK(14045197) me(377151228) perfectvideos(9891)
UK(14045197) me(377151228) movenourishbelieve(353871)
UK(14045197) me(377151228) tregiorni_di_matrimonio(250)
UK(14045197) me(377151228) baifernfamkannaja(80)
UK(14045197) me(377151228) velopark(7268)
UK(14045197) me(377151228) freecrack3(177)
UK(14045197) me(377151228) dallas(4622346)
UK(14045197) me(377151228) activeliving(255302)
UK(14045197) me(377151228) galialahav(16568)
UK(14045197) me(377151228) ralenwatts(687)
UK(14045197) me(377151228) london(36695722)
UK(14045197) me(377151228) wiggins(34218)
UK(14045197) me(377151228) officialralenwatts(284)
UK(14045197) korean(9230255) hanaootd(70)
UK(14045197) korean(9230255) lornajane(385262)
UK(14045197) korean(9230255) thisislondon(286660)
UK(14045197) korean(9230255) hufftakeover(768)
UK(14045197) korean(9230255) thetrilogy(14004)
UK(14045197) korean(9230255) wego(152402)
UK(14045197) korean(9230255) earthfocus(28795)
UK(14045197) korean(9230255) mandrikandvolkova_wedding(598)
UK(14045197) korean(9230255) perfectvideos(9891)
UK(14045197) korean(9230255) movenourishbelieve(353871)
UK(14045197) korean(9230255) tregiorni_di_matrimonio(250)
UK(14045197) korean(9230255) baifernfamkannaja(80)
UK(14045197) korean(9230255) velopark(7268)
UK(14045197) korean(9230255) freecrack3(177)
UK(14045197) korean(9230255) dallas(4622346)
UK(14045197) korean(9230255) activeliving(255302)
UK(14045197) korean(9230255) galialahav(16568)
UK(14045197) korean(9230255) ralenwatts(687)
UK(14045197) korean(9230255) london(36695722)
UK(14045197) korean(9230255) wiggins(34218)
UK(14045197) korean(9230255) officialralenwatts(284)
UK(14045197) like4like(234115152) hanaootd(70)
UK(14045197) like4like(234115152) lornajane(385262)
UK(14045197) like4like(234115152) thisislondon(286660)
UK(14045197) like4like(234115152) hufftakeover(768)
UK(14045197) like4like(234115152) thetrilogy(14004)
UK(14045197) like4like(234115152) wego(152402)
UK(14045197) like4like(234115152) earthfocus(28795)
UK(14045197) like4like(234115152) mandrikandvolkova_wedding(598)
UK(14045197) like4like(234115152) perfectvideos(9891)
UK(14045197) like4like(234115152) movenourishbelieve(353871)
UK(14045197) like4like(234115152) tregiorni_di_matrimonio(250)
UK(14045197) like4like(234115152) baifernfamkannaja(80)
UK(14045197) like4like(234115152) velopark(7268)
UK(14045197) like4like(234115152) freecrack3(177)
UK(14045197) like4like(234115152) dallas(4622346)
UK(14045197) like4like(234115152) activeliving(255302)
UK(14045197) like4like(234115152) galialahav(16568)
UK(14045197) like4like(234115152) ralenwatts(687)
UK(14045197) like4like(234115152) london(36695722)
UK(14045197) like4like(234115152) wiggins(34218)
UK(14045197) like4like(234115152) officialralenwatts(284)
UK(14045197) travel(45931301) hanaootd(70)
UK(14045197) travel(45931301) lornajane(385262)
UK(14045197) travel(45931301) thisislondon(286660)
UK(14045197) travel(45931301) hufftakeover(768)
UK(14045197) travel(45931301) thetrilogy(14004)
UK(14045197) travel(45931301) wego(152402)
UK(14045197) travel(45931301) earthfocus(28795)
UK(14045197) travel(45931301) mandrikandvolkova_wedding(598)
UK(14045197) travel(45931301) perfectvideos(9891)
UK(14045197) travel(45931301) movenourishbelieve(353871)
UK(14045197) travel(45931301) tregiorni_di_matrimonio(250)
UK(14045197) travel(45931301) baifernfamkannaja(80)
UK(14045197) travel(45931301) velopark(7268)
UK(14045197) travel(45931301) freecrack3(177)
UK(14045197) travel(45931301) dallas(4622346)
UK(14045197) travel(45931301) activeliving(255302)
UK(14045197) travel(45931301) galialahav(16568)
UK(14045197) travel(45931301) ralenwatts(687)
UK(14045197) travel(45931301) london(36695722)
UK(14045197) travel(45931301) wiggins(34218)
UK(14045197) travel(45931301) officialralenwatts(284)
UK(14045197) beautiful(292132704) hanaootd(70)
UK(14045197) beautiful(292132704) lornajane(385262)
UK(14045197) beautiful(292132704) thisislondon(286660)
UK(14045197) beautiful(292132704) hufftakeover(768)
UK(14045197) beautiful(292132704) thetrilogy(14004)
UK(14045197) beautiful(292132704) wego(152402)
UK(14045197) beautiful(292132704) earthfocus(28795)
UK(14045197) beautiful(292132704) mandrikandvolkova_wedding(598)
UK(14045197) beautiful(292132704) perfectvideos(9891)
UK(14045197) beautiful(292132704) movenourishbelieve(353871)
UK(14045197) beautiful(292132704) tregiorni_di_matrimonio(250)
UK(14045197) beautiful(292132704) baifernfamkannaja(80)
UK(14045197) beautiful(292132704) velopark(7268)
UK(14045197) beautiful(292132704) freecrack3(177)
UK(14045197) beautiful(292132704) dallas(4622346)
UK(14045197) beautiful(292132704) activeliving(255302)
UK(14045197) beautiful(292132704) galialahav(16568)
UK(14045197) beautiful(292132704) ralenwatts(687)
UK(14045197) beautiful(292132704) london(36695722)
UK(14045197) beautiful(292132704) wiggins(34218)
UK(14045197) beautiful(292132704) officialralenwatts(284)
UK(14045197) likeforfollow(30565947) hanaootd(70)
UK(14045197) likeforfollow(30565947) lornajane(385262)
UK(14045197) likeforfollow(30565947) thisislondon(286660)
UK(14045197) likeforfollow(30565947) hufftakeover(768)
UK(14045197) likeforfollow(30565947) thetrilogy(14004)
UK(14045197) likeforfollow(30565947) wego(152402)
UK(14045197) likeforfollow(30565947) earthfocus(28795)
UK(14045197) likeforfollow(30565947) mandrikandvolkova_wedding(598)
UK(14045197) likeforfollow(30565947) perfectvideos(9891)
UK(14045197) likeforfollow(30565947) movenourishbelieve(353871)
UK(14045197) likeforfollow(30565947) tregiorni_di_matrimonio(250)
UK(14045197) likeforfollow(30565947) baifernfamkannaja(80)
UK(14045197) likeforfollow(30565947) velopark(7268)
UK(14045197) likeforfollow(30565947) freecrack3(177)
UK(14045197) likeforfollow(30565947) dallas(4622346)
UK(14045197) likeforfollow(30565947) activeliving(255302)
UK(14045197) likeforfollow(30565947) galialahav(16568)
UK(14045197) likeforfollow(30565947) ralenwatts(687)
UK(14045197) likeforfollow(30565947) london(36695722)
UK(14045197) likeforfollow(30565947) wiggins(34218)
UK(14045197) likeforfollow(30565947) officialralenwatts(284)
UK(14045197) ulzzang(1831961) hanaootd(70)
UK(14045197) ulzzang(1831961) lornajane(385262)
UK(14045197) ulzzang(1831961) thisislondon(286660)
UK(14045197) ulzzang(1831961) hufftakeover(768)
UK(14045197) ulzzang(1831961) thetrilogy(14004)
UK(14045197) ulzzang(1831961) wego(152402)
UK(14045197) ulzzang(1831961) earthfocus(28795)
UK(14045197) ulzzang(1831961) mandrikandvolkova_wedding(598)
UK(14045197) ulzzang(1831961) perfectvideos(9891)
UK(14045197) ulzzang(1831961) movenourishbelieve(353871)
UK(14045197) ulzzang(1831961) tregiorni_di_matrimonio(250)
UK(14045197) ulzzang(1831961) baifernfamkannaja(80)
UK(14045197) ulzzang(1831961) velopark(7268)
UK(14045197) ulzzang(1831961) freecrack3(177)
UK(14045197) ulzzang(1831961) dallas(4622346)
UK(14045197) ulzzang(1831961) activeliving(255302)
UK(14045197) ulzzang(1831961) galialahav(16568)
UK(14045197) ulzzang(1831961) ralenwatts(687)
UK(14045197) ulzzang(1831961) london(36695722)
UK(14045197) ulzzang(1831961) wiggins(34218)
UK(14045197) ulzzang(1831961) officialralenwatts(284)
UK(14045197) follow(340009663) hanaootd(70)
UK(14045197) follow(340009663) lornajane(385262)
UK(14045197) follow(340009663) thisislondon(286660)
UK(14045197) follow(340009663) hufftakeover(768)
UK(14045197) follow(340009663) thetrilogy(14004)
UK(14045197) follow(340009663) wego(152402)
UK(14045197) follow(340009663) earthfocus(28795)
UK(14045197) follow(340009663) mandrikandvolkova_wedding(598)
UK(14045197) follow(340009663) perfectvideos(9891)
UK(14045197) follow(340009663) movenourishbelieve(353871)
UK(14045197) follow(340009663) tregiorni_di_matrimonio(250)
UK(14045197) follow(340009663) baifernfamkannaja(80)
UK(14045197) follow(340009663) velopark(7268)
UK(14045197) follow(340009663) freecrack3(177)
UK(14045197) follow(340009663) dallas(4622346)
UK(14045197) follow(340009663) activeliving(255302)
UK(14045197) follow(340009663) galialahav(16568)
UK(14045197) follow(340009663) ralenwatts(687)
UK(14045197) follow(340009663) london(36695722)
UK(14045197) follow(340009663) wiggins(34218)
UK(14045197) follow(340009663) officialralenwatts(284)
UK(14045197) photooftheday(320998276) hanaootd(70)
UK(14045197) photooftheday(320998276) lornajane(385262)
UK(14045197) photooftheday(320998276) thisislondon(286660)
UK(14045197) photooftheday(320998276) hufftakeover(768)
UK(14045197) photooftheday(320998276) thetrilogy(14004)
UK(14045197) photooftheday(320998276) wego(152402)
UK(14045197) photooftheday(320998276) earthfocus(28795)
UK(14045197) photooftheday(320998276) mandrikandvolkova_wedding(598)
UK(14045197) photooftheday(320998276) perfectvideos(9891)
UK(14045197) photooftheday(320998276) movenourishbelieve(353871)
UK(14045197) photooftheday(320998276) tregiorni_di_matrimonio(250)
UK(14045197) photooftheday(320998276) baifernfamkannaja(80)
UK(14045197) photooftheday(320998276) velopark(7268)
UK(14045197) photooftheday(320998276) freecrack3(177)
UK(14045197) photooftheday(320998276) dallas(4622346)
UK(14045197) photooftheday(320998276) activeliving(255302)
UK(14045197) photooftheday(320998276) galialahav(16568)
UK(14045197) photooftheday(320998276) ralenwatts(687)
UK(14045197) photooftheday(320998276) london(36695722)
UK(14045197) photooftheday(320998276) wiggins(34218)
UK(14045197) photooftheday(320998276) officialralenwatts(284)
UK(14045197) adventure(10418295) hanaootd(70)
UK(14045197) adventure(10418295) lornajane(385262)
UK(14045197) adventure(10418295) thisislondon(286660)
UK(14045197) adventure(10418295) hufftakeover(768)
UK(14045197) adventure(10418295) thetrilogy(14004)
UK(14045197) adventure(10418295) wego(152402)
UK(14045197) adventure(10418295) earthfocus(28795)
UK(14045197) adventure(10418295) mandrikandvolkova_wedding(598)
UK(14045197) adventure(10418295) perfectvideos(9891)
UK(14045197) adventure(10418295) movenourishbelieve(353871)
UK(14045197) adventure(10418295) tregiorni_di_matrimonio(250)
UK(14045197) adventure(10418295) baifernfamkannaja(80)
UK(14045197) adventure(10418295) velopark(7268)
UK(14045197) adventure(10418295) freecrack3(177)
UK(14045197) adventure(10418295) dallas(4622346)
UK(14045197) adventure(10418295) activeliving(255302)
UK(14045197) adventure(10418295) galialahav(16568)
UK(14045197) adventure(10418295) ralenwatts(687)
UK(14045197) adventure(10418295) london(36695722)
UK(14045197) adventure(10418295) wiggins(34218)
UK(14045197) adventure(10418295) officialralenwatts(284)
UK(14045197) guy(17299973) hanaootd(70)
UK(14045197) guy(17299973) lornajane(385262)
UK(14045197) guy(17299973) thisislondon(286660)
UK(14045197) guy(17299973) hufftakeover(768)
UK(14045197) guy(17299973) thetrilogy(14004)
UK(14045197) guy(17299973) wego(152402)
UK(14045197) guy(17299973) earthfocus(28795)
UK(14045197) guy(17299973) mandrikandvolkova_wedding(598)
UK(14045197) guy(17299973) perfectvideos(9891)
UK(14045197) guy(17299973) movenourishbelieve(353871)
UK(14045197) guy(17299973) tregiorni_di_matrimonio(250)
UK(14045197) guy(17299973) baifernfamkannaja(80)
UK(14045197) guy(17299973) velopark(7268)
UK(14045197) guy(17299973) freecrack3(177)
UK(14045197) guy(17299973) dallas(4622346)
UK(14045197) guy(17299973) activeliving(255302)
UK(14045197) guy(17299973) galialahav(16568)
UK(14045197) guy(17299973) ralenwatts(687)
UK(14045197) guy(17299973) london(36695722)
UK(14045197) guy(17299973) wiggins(34218)
UK(14045197) guy(17299973) officialralenwatts(284)
UK(14045197) summer(210449349) hanaootd(70)
UK(14045197) summer(210449349) lornajane(385262)
UK(14045197) summer(210449349) thisislondon(286660)
UK(14045197) summer(210449349) hufftakeover(768)
UK(14045197) summer(210449349) thetrilogy(14004)
UK(14045197) summer(210449349) wego(152402)
UK(14045197) summer(210449349) earthfocus(28795)
UK(14045197) summer(210449349) mandrikandvolkova_wedding(598)
UK(14045197) summer(210449349) perfectvideos(9891)
UK(14045197) summer(210449349) movenourishbelieve(353871)
UK(14045197) summer(210449349) tregiorni_di_matrimonio(250)
UK(14045197) summer(210449349) baifernfamkannaja(80)
UK(14045197) summer(210449349) velopark(7268)
UK(14045197) summer(210449349) freecrack3(177)
UK(14045197) summer(210449349) dallas(4622346)
UK(14045197) summer(210449349) activeliving(255302)
UK(14045197) summer(210449349) galialahav(16568)
UK(14045197) summer(210449349) ralenwatts(687)
UK(14045197) summer(210449349) london(36695722)
UK(14045197) summer(210449349) wiggins(34218)
UK(14045197) summer(210449349) officialralenwatts(284)
UK(14045197) tagsforlikesapp(6016243) hanaootd(70)
UK(14045197) tagsforlikesapp(6016243) lornajane(385262)
UK(14045197) tagsforlikesapp(6016243) thisislondon(286660)
UK(14045197) tagsforlikesapp(6016243) hufftakeover(768)
UK(14045197) tagsforlikesapp(6016243) thetrilogy(14004)
UK(14045197) tagsforlikesapp(6016243) wego(152402)
UK(14045197) tagsforlikesapp(6016243) earthfocus(28795)
UK(14045197) tagsforlikesapp(6016243) mandrikandvolkova_wedding(598)
UK(14045197) tagsforlikesapp(6016243) perfectvideos(9891)
UK(14045197) tagsforlikesapp(6016243) movenourishbelieve(353871)
UK(14045197) tagsforlikesapp(6016243) tregiorni_di_matrimonio(250)
UK(14045197) tagsforlikesapp(6016243) baifernfamkannaja(80)
UK(14045197) tagsforlikesapp(6016243) velopark(7268)
UK(14045197) tagsforlikesapp(6016243) freecrack3(177)
UK(14045197) tagsforlikesapp(6016243) dallas(4622346)
UK(14045197) tagsforlikesapp(6016243) activeliving(255302)
UK(14045197) tagsforlikesapp(6016243) galialahav(16568)
UK(14045197) tagsforlikesapp(6016243) ralenwatts(687)
UK(14045197) tagsforlikesapp(6016243) london(36695722)
UK(14045197) tagsforlikesapp(6016243) wiggins(34218)
UK(14045197) tagsforlikesapp(6016243) officialralenwatts(284)
UK(14045197) liveoutdoors(28235) hanaootd(70)
UK(14045197) liveoutdoors(28235) lornajane(385262)
UK(14045197) liveoutdoors(28235) thisislondon(286660)
UK(14045197) liveoutdoors(28235) hufftakeover(768)
UK(14045197) liveoutdoors(28235) thetrilogy(14004)
UK(14045197) liveoutdoors(28235) wego(152402)
UK(14045197) liveoutdoors(28235) earthfocus(28795)
UK(14045197) liveoutdoors(28235) mandrikandvolkova_wedding(598)
UK(14045197) liveoutdoors(28235) perfectvideos(9891)
UK(14045197) liveoutdoors(28235) movenourishbelieve(353871)
UK(14045197) liveoutdoors(28235) tregiorni_di_matrimonio(250)
UK(14045197) liveoutdoors(28235) baifernfamkannaja(80)
UK(14045197) liveoutdoors(28235) velopark(7268)
UK(14045197) liveoutdoors(28235) freecrack3(177)
UK(14045197) liveoutdoors(28235) dallas(4622346)
UK(14045197) liveoutdoors(28235) activeliving(255302)
UK(14045197) liveoutdoors(28235) galialahav(16568)
UK(14045197) liveoutdoors(28235) ralenwatts(687)
UK(14045197) liveoutdoors(28235) london(36695722)
UK(14045197) liveoutdoors(28235) wiggins(34218)
UK(14045197) liveoutdoors(28235) officialralenwatts(284)
UK(14045197) staytuned(1109108) hanaootd(70)
UK(14045197) staytuned(1109108) lornajane(385262)
UK(14045197) staytuned(1109108) thisislondon(286660)
UK(14045197) staytuned(1109108) hufftakeover(768)
UK(14045197) staytuned(1109108) thetrilogy(14004)
UK(14045197) staytuned(1109108) wego(152402)
UK(14045197) staytuned(1109108) earthfocus(28795)
UK(14045197) staytuned(1109108) mandrikandvolkova_wedding(598)
UK(14045197) staytuned(1109108) perfectvideos(9891)
UK(14045197) staytuned(1109108) movenourishbelieve(353871)
UK(14045197) staytuned(1109108) tregiorni_di_matrimonio(250)
UK(14045197) staytuned(1109108) baifernfamkannaja(80)
UK(14045197) staytuned(1109108) velopark(7268)
UK(14045197) staytuned(1109108) freecrack3(177)
UK(14045197) staytuned(1109108) dallas(4622346)
UK(14045197) staytuned(1109108) activeliving(255302)
UK(14045197) staytuned(1109108) galialahav(16568)
UK(14045197) staytuned(1109108) ralenwatts(687)
UK(14045197) staytuned(1109108) london(36695722)
UK(14045197) staytuned(1109108) wiggins(34218)
UK(14045197) staytuned(1109108) officialralenwatts(284)
