USA(27517713) rotation(67287) publishbrand(37705)
USA(27517713) rotation(67287) theuncommonthread(57207)
USA(27517713) rotation(67287) atribecf(106972)
USA(27517713) rotation(67287) restaurant(6807084)
USA(27517713) rotation(67287) astyle4you(2929)
USA(27517713) rotation(67287) nike(45136487)
USA(27517713) rotation(67287) farmersmarkethawaii(96528)
USA(27517713) rotation(67287) iifa2015(9248)
USA(27517713) rotation(67287) project193(13322)
USA(27517713) rotation(67287) nice(78091748)
USA(27517713) rotation(67287) fire(13921795)
USA(27517713) rotation(67287) backtoreality(522776)
USA(27517713) rotation(67287) canadiangp(12550)
USA(27517713) rotation(67287) solecollector(3679576)
USA(27517713) rotation(67287) fox(2643084)
USA(27517713) rotation(67287) anamikakhanna(2810)
USA(27517713) rotation(67287) moment(11698951)
USA(27517713) rotation(67287) hamptons(474261)
USA(27517713) rotation(67287) crepprotect(9137)
USA(27517713) rotation(67287) malaysia(9656379)
USA(27517713) rotation(67287) rabu9pmastroria(85)
USA(27517713) rotation(67287) shelterisland(42964)
USA(27517713) rotation(67287) andrebalazs(752)
USA(27517713) rotation(67287) beautiful(292131002)
USA(27517713) rotation(67287) sunsetbeach(177845)
USA(27517713) rotation(67287) kicksonfire(4172373)
USA(27517713) rotation(67287) place(9134004)
USA(27517713) rotation(67287) the_perfect_pair(333967)
USA(27517713) rotation(67287) wine(16063597)
USA(27517713) rotation(67287) opi_products(8150)
USA(27517713) rotation(67287) walimatulurushanishairul(2365)
USA(27517713) rotation(67287) solenation(1429745)
USA(27517713) rotation(67287) theroyalg(42251)
USA(27517713) rotation(67287) kl(1435749)
USA(27517713) rotation(67287) beach(82816504)
USA(27517713) rotation(67287) jumpman23(488240)
USA(27517713) rotation(67287) teamlh(53500)
USA(27517713) rotation(67287) lululunthailand(79)
USA(27517713) rotation(67287) company(1278809)
USA(27517713) rotation(67287) nicekicks(3954361)
USA(27517713) rotation(67287) rose(12896784)
USA(27517713) rotation(67287) good(60363443)
USA(27517713) rotation(67287) teamkof(62096)
USA(27517713) ebi(85819) middleearth(193648)
USA(27517713) ebi(85819) ebi(85819)
USA(27517713) ebi(85819) musicvideo(1495361)
USA(27517713) ebi(85819) brandyeu(4457)
USA(27517713) ebi(85819) givingtshirt(115)
USA(27517713) ebi(85819) nofilterneeded(3096388)
USA(27517713) ebi(85819) all(15193074)
USA(27517713) ebi(85819) croatia(2620999)
USA(27517713) ebi(85819) filipina(958969)
USA(27517713) ebi(85819) vintique(382546)
USA(27517713) ebi(85819) u20wc(1448)
USA(27517713) ebi(85819) you(41475452)
USA(27517713) ebi(85819) kutasunset(463)
USA(27517713) ebi(85819) brotherstrailerin2days(26)
USA(27517713) ebi(85819) proudlyasian(100)
USA(27517713) ebi(85819) bts(5470158)
USA(27517713) ebi(85819) najwakaram(65207)
USA(27517713) ebi(85819) newzealand(2721527)
USA(27517713) ebi(85819) lululunthailand(79)
USA(27517713) ebi(85819) ramafoundation(1846)
USA(27517713) ebi(85819) loves(4561509)
USA(27517713) ebi(85819) ootd(63250084)
USA(27517713) ebi(85819) inmymakeupchairnow(6692)
USA(27517713) ebi(85819) stillalongwaytothetop(10)
USA(27517713) ebi(85819) homework(5896653)
USA(27517713) 2(24380335) perfectvideos(9889)
USA(27517713) 2(24380335) croatia(2620998)
USA(27517713) 2(24380335) behindthescenes(1248672)
USA(27517713) 2(24380335) 2(24380339)
USA(27517713) 2(24380335) bts(5470157)
USA(27517713) 2(24380335) sportsgirl(132738)
USA(27517713) 2(24380335) warrenjc(88924)
USA(27517713) 2(24380335) beat(3439078)
USA(27517713) 2(24380335) najwakaram(65207)
USA(27517713) 2(24380335) ss15(1298513)
USA(27517713) 2(24380335) tb(46217859)
USA(27517713) 2(24380335) musicvideo(1495360)
USA(27517713) 2(24380335) feels(2012553)
USA(27517713) 2(24380335) tonyawards(46897)
USA(27517713) blonde(31239051) publishbrand(37705)
USA(27517713) blonde(31239051) dreams(9440385)
USA(27517713) blonde(31239051) mens(1157726)
USA(27517713) blonde(31239051) dikatoolkit(195)
USA(27517713) blonde(31239051) farmersmarkethawaii(96528)
USA(27517713) blonde(31239051) theroyalg(42251)
USA(27517713) blonde(31239051) solecollector(3679572)
USA(27517713) blonde(31239051) project193(13322)
USA(27517713) blonde(31239051) nike(45136482)
USA(27517713) blonde(31239051) nicekicks(3954359)
USA(27517713) blonde(31239051) solenation(1429743)
USA(27517713) blonde(31239051) ronaldo(2225673)
USA(27517713) blonde(31239051) feels(2012555)
USA(27517713) blonde(31239051) crepprotect(9137)
USA(27517713) blonde(31239051) theuncommonthread(57207)
USA(27517713) blonde(31239051) plaaastic(848)
USA(27517713) blonde(31239051) atribecf(106972)
USA(27517713) blonde(31239051) the_perfect_pair(333967)
USA(27517713) blonde(31239051) 2(24380344)
USA(27517713) blonde(31239051) kicksonfire(4172369)
USA(27517713) blonde(31239051) beat(3439078)
USA(27517713) blonde(31239051) jumpman23(488239)
USA(27517713) blonde(31239051) teamkof(62096)
USA(27517713) blonde(31239051) daretozlatan(68752)
USA(27517713) blonde(31239051) citybeach(61969)
USA(27517713) blonde(31239051) sketch(23034682)
USA(27517713) motivation(41886732) waitasec(2005)
USA(27517713) motivation(41886732) 2(24380339)
USA(27517713) motivation(41886732) twohands(89349)
USA(27517713) motivation(41886732) ootd(63250074)
USA(27517713) motivation(41886732) ebi(85819)
USA(27517713) motivation(41886732) brandyeu(4457)
USA(27517713) motivation(41886732) hand(6603464)
USA(27517713) motivation(41886732) beat(3439078)
USA(27517713) motivation(41886732) givemetwohands(1)
USA(27517713) motivation(41886732) disneysea(554149)
USA(27517713) motivation(41886732) tsxc(41131)
USA(27517713) motivation(41886732) hualien(91380)
USA(27517713) motivation(41886732) loves(4561507)
USA(27517713) motivation(41886732) arabidol(153036)
USA(27517713) motivation(41886732) peoplescreatives(864957)
USA(27517713) motivation(41886732) hmmm(828378)
USA(27517713) motivation(41886732) gopro(11867699)
USA(27517713) motivation(41886732) sit(565547)
USA(27517713) motivation(41886732) disneyland(8558060)
USA(27517713) motivation(41886732) midoribikinis(11892)
USA(27517713) motivation(41886732) swiftkickz(200022)
USA(27517713) motivation(41886732) you(41475451)
USA(27517713) motivation(41886732) duffy(420498)
USA(27517713) motivation(41886732) jjome(9)
USA(27517713) motivation(41886732) feels(2012553)
USA(27517713) motivation(41886732) all(15193073)
USA(27517713) geazy(167869) workinprogress(2091599)
USA(27517713) geazy(167869) backtoreality(522776)
USA(27517713) geazy(167869) anamikakhanna(2810)
USA(27517713) geazy(167869) kenia(63624)
USA(27517713) geazy(167869) dikatoolkit(195)
USA(27517713) geazy(167869) sketch(23034676)
USA(27517713) geazy(167869) me(377120044)
USA(27517713) geazy(167869) lostadiotour2015(1096)
USA(27517713) geazy(167869) kl(1435748)
USA(27517713) geazy(167869) summer(210434312)
USA(27517713) geazy(167869) discovernewworld(333)
USA(27517713) geazy(167869) keniabydramaqueen(92)
USA(27517713) geazy(167869) kenialipsticks(56)
USA(27517713) geazy(167869) malaysia(9656378)
USA(27517713) geazy(167869) doll(3597929)
USA(27517713) geazy(167869) iifa2015(9247)
USA(27517713) geazy(167869) selfie(281732201)
USA(27517713) geazy(167869) moscow(12972418)
USA(27517713) loves(4561506) publishbrand(37705)
USA(27517713) loves(4561506) brandyeu(4457)
USA(27517713) loves(4561506) farmersmarkethawaii(96528)
USA(27517713) loves(4561506) theroyalg(42251)
USA(27517713) loves(4561506) nicekicks(3954358)
USA(27517713) loves(4561506) tsxc(41131)
USA(27517713) loves(4561506) project193(13322)
USA(27517713) loves(4561506) jumpman23(488239)
USA(27517713) loves(4561506) shibainu(1163412)
USA(27517713) loves(4561506) luxuryworldtraveler(122404)
USA(27517713) loves(4561506) solenation(1429743)
USA(27517713) loves(4561506) himalayan(214432)
USA(27517713) loves(4561506) solecollector(3679571)
USA(27517713) loves(4561506) crepprotect(9137)
USA(27517713) loves(4561506) theuncommonthread(57207)
USA(27517713) loves(4561506) oceanbreakfast(36)
USA(27517713) loves(4561506) kicksonfire(4172367)
USA(27517713) loves(4561506) atribecf(106972)
USA(27517713) loves(4561506) the_perfect_pair(333967)
USA(27517713) loves(4561506) nike(45136478)
USA(27517713) loves(4561506) ootd(63250087)
USA(27517713) loves(4561506) swiftkickz(200022)
USA(27517713) loves(4561506) luxwt(113675)
USA(27517713) loves(4561506) teamkof(62096)
USA(27517713) loves(4561506) getsupplied(1870)
USA(27517713) loves(4561506) supplied(209838)
USA(27517713) loves(4561506) galaxys6(65032)
USA(27517713) neosoul(109128) itsjudyslife(18737)
USA(27517713) neosoul(109128) sugarpill(277305)
USA(27517713) neosoul(109128) behindthescenes(1248672)
USA(27517713) neosoul(109128) moscow(12972413)
USA(27517713) neosoul(109128) hoodyakovproduction(292)
USA(27517713) neosoul(109128) nickandsams(2404)
USA(27517713) neosoul(109128) blonde(31239052)
USA(27517713) neosoul(109128) model(53741524)
USA(27517713) neosoul(109128) rottnestisland(28845)
USA(27517713) neosoul(109128) sportsgirl(132738)
USA(27517713) neosoul(109128) hmmm(828378)
USA(27517713) neosoul(109128) officialralenwatts(284)
USA(27517713) neosoul(109128) me(377119971)
USA(27517713) neosoul(109128) selfie(281732124)
USA(27517713) neosoul(109128) mmtfdinjapan(161)
USA(27517713) neosoul(109128) familyfirst(4524272)
USA(27517713) neosoul(109128) juliannabear(12224)
USA(27517713) neosoul(109128) summer(210434203)
USA(27517713) neosoul(109128) getsupplied(1870)
USA(27517713) neosoul(109128) ralenwatts(687)
USA(27517713) neosoul(109128) dallas(4622308)
USA(27517713) neosoul(109128) gardener(134844)
USA(27517713) neosoul(109128) afro(1717748)
USA(27517713) neosoul(109128) supplied(209838)
USA(27517713) s4(1074115) messi(3381923)
USA(27517713) s4(1074115) blackmilk(359357)
USA(27517713) s4(1074115) ramafoundation(1846)
USA(27517713) s4(1074115) givingtshirt(115)
USA(27517713) s4(1074115) plaaastic(848)
USA(27517713) s4(1074115) neymar(2292484)
USA(27517713) s4(1074115) sanignaciolagoon(110)
USA(27517713) s4(1074115) graywhale(3226)
USA(27517713) s4(1074115) resultsdontliar(1)
USA(27517713) s4(1074115) fcbarcelona(1706909)
USA(27517713) s4(1074115) lornajane(385260)
USA(27517713) s4(1074115) vintique(382546)
USA(27517713) s4(1074115) yesung(699389)
USA(27517713) s4(1074115) fox(2643085)
USA(27517713) s4(1074115) fcb_supporters(1175)
USA(27517713) s4(1074115) activeliving(255298)
USA(27517713) s4(1074115) hmmm(828378)
USA(27517713) s4(1074115) baja(378105)
USA(27517713) s4(1074115) brotherstrailerin2days(26)
USA(27517713) s4(1074115) movenourishbelieve(353867)
USA(27517713) s4(1074115) bmgalaxyblueslouchy(2)
USA(27517713) s4(1074115) mexico(16358982)
USA(27517713) s4(1074115) blackmilkclothing(425937)
USA(27517713) s4(1074115) bajacalifornia(115337)
USA(27517713) honesty(938770) 2(24380339)
USA(27517713) honesty(938770) itsstillmagical(36)
USA(27517713) honesty(938770) dae14s(6)
USA(27517713) honesty(938770) honesty(938771)
USA(27517713) honesty(938770) bendho(14)
USA(27517713) honesty(938770) geazy(167869)
USA(27517713) honesty(938770) bulgaria(1095201)
USA(27517713) honesty(938770) motivation(41886758)
USA(27517713) honesty(938770) tb(46217864)
USA(27517713) honesty(938770) fvlifestyle(1626)
USA(27517713) honesty(938770) vegas_nay(1821839)
USA(27517713) honesty(938770) millitakim(10266)
USA(27517713) honesty(938770) la(29940647)
USA(27517713) honesty(938770) airplanecuddlebuddy(5)
USA(27517713) honesty(938770) matchday(394350)
USA(27517713) honesty(938770) beat(3439078)
USA(27517713) honesty(938770) disneyland(8558060)
USA(27517713) honesty(938770) riva(145404)
USA(27517713) honesty(938770) haummmmmmmmmmm(2)
USA(27517713) honesty(938770) feels(2012553)
USA(27517713) livinglegend(181506) juliannabear(12224)
USA(27517713) livinglegend(181506) itsjudyslife(18737)
USA(27517713) livinglegend(181506) disneyland(8558063)
USA(27517713) livinglegend(181506) fire(13921794)
USA(27517713) livinglegend(181506) selfie(281732266)
USA(27517713) livinglegend(181506) restaurant(6807084)
USA(27517713) livinglegend(181506) shoes(51247207)
USA(27517713) livinglegend(181506) summer(210434408)
USA(27517713) livinglegend(181506) disneysea(554149)
USA(27517713) livinglegend(181506) behindthescenes(1248672)
USA(27517713) livinglegend(181506) sportsgirl(132738)
USA(27517713) livinglegend(181506) rose(12896780)
USA(27517713) livinglegend(181506) suicidegirlsworldwide(67)
USA(27517713) livinglegend(181506) nike(45136484)
USA(27517713) livinglegend(181506) sotd(1049888)
USA(27517713) livinglegend(181506) grizzlygang(168748)
USA(27517713) livinglegend(181506) hamptons(474261)
USA(27517713) livinglegend(181506) doseofheaven(80)
USA(27517713) livinglegend(181506) fendi(9500112)
USA(27517713) livinglegend(181506) good(60363441)
USA(27517713) livinglegend(181506) shelterisland(42964)
USA(27517713) livinglegend(181506) regram(16176892)
USA(27517713) livinglegend(181506) andrebalazs(752)
USA(27517713) livinglegend(181506) americanstyle(136880)
USA(27517713) livinglegend(181506) sunsetbeach(177845)
USA(27517713) livinglegend(181506) place(9134004)
USA(27517713) livinglegend(181506) la(29940656)
USA(27517713) livinglegend(181506) beach(82816494)
USA(27517713) livinglegend(181506) moscow(12972419)
USA(27517713) livinglegend(181506) nice(78091743)
USA(27517713) livinglegend(181506) superclean(38162)
USA(27517713) livinglegend(181506) karlito(36345)
USA(27517713) livinglegend(181506) beautiful(292130970)
USA(27517713) livinglegend(181506) duffy(420498)
USA(27517713) livinglegend(181506) tb(46217872)
USA(27517713) livinglegend(181506) moment(11698949)
USA(27517713) livinglegend(181506) getsupplied(1870)
USA(27517713) livinglegend(181506) mens(1157727)
USA(27517713) livinglegend(181506) company(1278809)
USA(27517713) livinglegend(181506) wine(16063596)
USA(27517713) livinglegend(181506) gardener(134844)
USA(27517713) livinglegend(181506) supplied(209838)
USA(27517713) livinglegend(181506) doseofcolors(64159)
USA(27517713) livinglegend(181506) citybeach(61969)
USA(27517713) livinglegend(181506) me(377120106)
USA(27517713) beat(3439077) hanaootd(70)
USA(27517713) beat(3439077) vintique(382546)
USA(27517713) beat(3439077) australia(13832365)
USA(27517713) beat(3439077) thewanteddenim(3299)
USA(27517713) beat(3439077) stancenation(2145167)
USA(27517713) beat(3439077) mykonos(811076)
USA(27517713) beat(3439077) wego(152402)
USA(27517713) beat(3439077) latergram(21764262)
USA(27517713) vintique(382546) blackmilkclothing(425936)
USA(27517713) vintique(382546) astyle4you(2929)
USA(27517713) vintique(382546) middleearth(193648)
USA(27517713) vintique(382546) sleepy(14779188)
USA(27517713) vintique(382546) 458(485704)
USA(27517713) vintique(382546) zaataricamp(415)
USA(27517713) vintique(382546) hoodyakovproduction(292)
USA(27517713) vintique(382546) familyfirst(4524274)
USA(27517713) vintique(382546) blackmilk(359356)
USA(27517713) vintique(382546) yiannimize(21574)
USA(27517713) vintique(382546) hualien(91380)
USA(27517713) vintique(382546) bmgalaxyblueslouchy(2)
USA(27517713) vintique(382546) hair(108377447)
USA(27517713) vintique(382546) arabidol(153036)
USA(27517713) vintique(382546) make(6799685)
USA(27517713) vintique(382546) earthfocus(28730)
USA(27517713) vintique(382546) u20wc(1448)
USA(27517713) vintique(382546) working(6394592)
USA(27517713) vintique(382546) modball(7034)
USA(27517713) vintique(382546) hardwork(7462293)
USA(27517713) vintique(382546) modballrally(10175)
USA(27517713) vintique(382546) today(34100345)
USA(27517713) vintique(382546) chromered(1053)
USA(27517713) vintique(382546) mmtfdinjapan(161)
USA(27517713) vintique(382546) newzealand(2721527)
USA(27517713) vintique(382546) daretozlatan(68752)
USA(27517713) vintique(382546) nofilterneeded(3096386)
USA(27517713) vintique(382546) stillalongwaytothetop(10)
USA(27517713) rozay(176529) ootd(63250105)
USA(27517713) rozay(176529) igramfame(52)
USA(27517713) rozay(176529) lotd(1657932)
USA(27517713) rozay(176529) actor(4074618)
USA(27517713) rozay(176529) igramglamour(16)
USA(27517713) rozay(176529) kaytureonthego(7967)
USA(27517713) rozay(176529) blessed(43768617)
USA(27517713) rozay(176529) behindthescenes(1248672)
USA(27517713) rozay(176529) hrithikroshan(83306)
USA(27517713) rozay(176529) nike(45136486)
USA(27517713) rozay(176529) mynameisnapat(22983)
USA(27517713) rozay(176529) mondaysnoozeday(29)
USA(27517713) rozay(176529) hollywood(8154168)
USA(27517713) rozay(176529) sportsgirl(132738)
USA(27517713) rozay(176529) hrithik(17327)
USA(27517713) rozay(176529) pictureoftheday(13079509)
USA(27517713) rozay(176529) subdued(58851)
USA(27517713) rozay(176529) mens(1157727)
USA(27517713) rozay(176529) subduedstyle(1332)
USA(27517713) rozay(176529) giambattistavallix7fam(354)
USA(27517713) rozay(176529) citybeach(61969)
USA(27517713) rozay(176529) bollywood(1769272)
USA(27517713) ronaldo(2225674) company(1278809)
USA(27517713) ronaldo(2225674) rose(12896767)
USA(27517713) ronaldo(2225674) place(9134004)
USA(27517713) ronaldo(2225674) wine(16063591)
USA(27517713) ronaldo(2225674) model(53741527)
USA(27517713) ronaldo(2225674) repost(128488495)
USA(27517713) ronaldo(2225674) hamptons(474261)
USA(27517713) ronaldo(2225674) restaurant(6807082)
USA(27517713) ronaldo(2225674) nickandsams(2404)
USA(27517713) ronaldo(2225674) shelterisland(42964)
USA(27517713) ronaldo(2225674) andrebalazs(752)
USA(27517713) ronaldo(2225674) beach(82816459)
USA(27517713) ronaldo(2225674) sunsetbeach(177845)
USA(27517713) ronaldo(2225674) fire(13921792)
USA(27517713) ronaldo(2225674) fistilook(3)
USA(27517713) ronaldo(2225674) beautiful(292130850)
USA(27517713) ronaldo(2225674) moment(11698945)
USA(27517713) ronaldo(2225674) yanafisti(2408)
USA(27517713) ronaldo(2225674) ralenwatts(687)
USA(27517713) ronaldo(2225674) dallas(4622308)
USA(27517713) ronaldo(2225674) nice(78091722)
USA(27517713) ronaldo(2225674) good(60363419)
USA(27517713) ronaldo(2225674) officialralenwatts(284)
USA(27517713) 1(32520866) selfie(281732261)
USA(27517713) 1(32520866) anninbarcelona(10)
USA(27517713) 1(32520866) dikatoolkit(195)
USA(27517713) 1(32520866) goodnight(39947184)
USA(27517713) 1(32520866) disneysea(554149)
USA(27517713) 1(32520866) sportbikelife(35109)
USA(27517713) 1(32520866) mthood(222443)
USA(27517713) 1(32520866) disneyland(8558062)
USA(27517713) 1(32520866) regram(16176891)
USA(27517713) 1(32520866) canadiangp(12550)
USA(27517713) 1(32520866) homework(5896654)
USA(27517713) 1(32520866) need(7353168)
USA(27517713) 1(32520866) plaaastic(848)
USA(27517713) 1(32520866) sketch(23034684)
USA(27517713) 1(32520866) snowboarding(2709725)
USA(27517713) 1(32520866) mmtfdinjapan(161)
USA(27517713) 1(32520866) teamlh(53500)
USA(27517713) 1(32520866) duffy(420498)
USA(27517713) 1(32520866) braptube(11438)
USA(27517713) 1(32520866) gopies(56626)
USA(27517713) 1(32520866) video(12282374)
USA(27517713) 1(32520866) snowboarder(162976)
USA(27517713) mmtfdinjapan(161) shibainu(1163413)
USA(27517713) mmtfdinjapan(161) perfectsundaynight(6202)
USA(27517713) mmtfdinjapan(161) sportbikelife(35109)
USA(27517713) mmtfdinjapan(161) iphone5s(3061407)
USA(27517713) mmtfdinjapan(161) staytuned(1109098)
USA(27517713) mmtfdinjapan(161) himalayan(214432)
USA(27517713) mmtfdinjapan(161) beyondonescapability(1)
USA(27517713) mmtfdinjapan(161) workinprogress(2091603)
USA(27517713) mmtfdinjapan(161) sportsgirl(132738)
USA(27517713) mmtfdinjapan(161) brotherstrailerin2days(26)
USA(27517713) mmtfdinjapan(161) braptube(11438)
USA(27517713) mmtfdinjapan(161) nike(45136493)
USA(27517713) mmtfdinjapan(161) mens(1157727)
USA(27517713) mmtfdinjapan(161) lostadiotour2015(1096)
USA(27517713) mmtfdinjapan(161) citybeach(61969)
USA(27517713) mmtfdinjapan(161) behindthescenes(1248673)
USA(27517713) dangelo(64533) blackmilk(359356)
USA(27517713) dangelo(64533) suicidegirlsworldwide(67)
USA(27517713) dangelo(64533) blackmilkclothing(425936)
USA(27517713) dangelo(64533) ronaldo(2225674)
USA(27517713) dangelo(64533) resultsdontliar(1)
USA(27517713) dangelo(64533) kutasunset(463)
USA(27517713) dangelo(64533) bmgalaxyblueslouchy(2)
USA(27517713) dangelo(64533) yesung(699389)
USA(27517713) maxwell(209949) dreams(9440379)
USA(27517713) maxwell(209949) geordieshore(289122)
USA(27517713) maxwell(209949) middleearth(193648)
USA(27517713) maxwell(209949) maxwell(209949)
USA(27517713) maxwell(209949) series11(3297)
USA(27517713) maxwell(209949) neosoul(109128)
USA(27517713) maxwell(209949) nofilterneeded(3096383)
USA(27517713) maxwell(209949) bali(9780273)
USA(27517713) maxwell(209949) thatsbae(379236)
USA(27517713) maxwell(209949) u20wc(1448)
USA(27517713) maxwell(209949) fistilook(3)
USA(27517713) maxwell(209949) warrenjc(88924)
USA(27517713) maxwell(209949) newzealand(2721527)
USA(27517713) maxwell(209949) dangelo(64533)
USA(27517713) maxwell(209949) filming(938753)
USA(27517713) maxwell(209949) yanafisti(2408)
USA(27517713) maxwell(209949) stillalongwaytothetop(10)
USA(27517713) dwmtm(71966) itsjudyslife(18737)
USA(27517713) dwmtm(71966) you(41475457)
USA(27517713) dwmtm(71966) ebi(85819)
USA(27517713) dwmtm(71966) tonyawards(46898)
USA(27517713) dwmtm(71966) barrel(409069)
USA(27517713) dwmtm(71966) mykonos(811076)
USA(27517713) dwmtm(71966) homework(5896654)
USA(27517713) dwmtm(71966) shoes(51247206)
USA(27517713) dwmtm(71966) resultsdontliar(1)
USA(27517713) dwmtm(71966) mandrikandvolkova_wedding(598)
USA(27517713) dwmtm(71966) sotd(1049888)
USA(27517713) dwmtm(71966) fendi(9500112)
USA(27517713) dwmtm(71966) tregiorni_di_matrimonio(250)
USA(27517713) dwmtm(71966) perfectsundaynight(6202)
USA(27517713) dwmtm(71966) pinkflowers(145622)
USA(27517713) dwmtm(71966) ss15(1298513)
USA(27517713) dwmtm(71966) juliannabear(12224)
USA(27517713) dwmtm(71966) latergram(21764276)
USA(27517713) dwmtm(71966) all(15193074)
USA(27517713) dwmtm(71966) vichyidealwhiteth(105)
USA(27517713) dwmtm(71966) loves(4561509)
USA(27517713) dwmtm(71966) gopies(56626)
USA(27517713) dwmtm(71966) gardener(134844)
USA(27517713) dwmtm(71966) karlito(36345)
USA(27517713) afro(1717748) itsjudyslife(18737)
USA(27517713) afro(1717748) suicidegirlsworldwide(67)
USA(27517713) afro(1717748) kutasunset(463)
USA(27517713) afro(1717748) vichyidealwhiteth(105)
USA(27517713) afro(1717748) summer(210434385)
USA(27517713) afro(1717748) gardener(134844)
USA(27517713) afro(1717748) ourengagement(3546)
USA(27517713) afro(1717748) selfie(281732260)
USA(27517713) afro(1717748) warrenjc(88924)
USA(27517713) afro(1717748) me(377120094)
USA(27517713) afro(1717748) moscow(12972418)
USA(27517713) afro(1717748) thefosters(264309)
USA(27517713) afro(1717748) happiness(35109997)
USA(27517713) afro(1717748) juliannabear(12224)
USA(27517713) feels(2012553) cute(339360546)
USA(27517713) feels(2012553) itsjudyslife(18737)
USA(27517713) feels(2012553) instadaily(203994125)
USA(27517713) feels(2012553) goodnight(39947180)
USA(27517713) feels(2012553) me(377120015)
USA(27517713) feels(2012553) tagsforlikesapp(6015746)
USA(27517713) feels(2012553) instalike(190029346)
USA(27517713) feels(2012553) photooftheday(320996421)
USA(27517713) feels(2012553) happy(305924112)
USA(27517713) feels(2012553) new(63254695)
USA(27517713) feels(2012553) fun(217821374)
USA(27517713) feels(2012553) summer(210434272)
USA(27517713) feels(2012553) allincle(70714)
USA(27517713) feels(2012553) beautiful(292130877)
USA(27517713) feels(2012553) hoodyakovproduction(292)
USA(27517713) feels(2012553) asian(21647337)
USA(27517713) feels(2012553) swag(170777525)
USA(27517713) feels(2012553) korean(9230220)
USA(27517713) feels(2012553) instagood(423158958)
USA(27517713) feels(2012553) biggerthan(3729)
USA(27517713) feels(2012553) dope(17086842)
USA(27517713) feels(2012553) 3morewins(3110)
USA(27517713) feels(2012553) igers(187928051)
USA(27517713) feels(2012553) tflers(169779915)
USA(27517713) feels(2012553) amazing(173068653)
USA(27517713) feels(2012553) bestoftheday(151537932)
USA(27517713) feels(2012553) plaaastic(848)
USA(27517713) feels(2012553) fashion(221125783)
USA(27517713) feels(2012553) followme(328834335)
USA(27517713) feels(2012553) opi_products(8150)
USA(27517713) feels(2012553) like4like(234113416)
USA(27517713) feels(2012553) familyfirst(4524272)
USA(27517713) feels(2012553) luxuryworldtraveler(122404)
USA(27517713) feels(2012553) luxwt(113675)
USA(27517713) feels(2012553) guy(17299890)
USA(27517713) feels(2012553) smile(225110634)
USA(27517713) feels(2012553) iphone5s(3061405)
USA(27517713) feels(2012553) juliannabear(12224)
USA(27517713) feels(2012553) australia(13832365)
USA(27517713) feels(2012553) picoftheday(233020276)
USA(27517713) feels(2012553) ulzzang(1831950)
USA(27517713) feels(2012553) love(922677009)
USA(27517713) feels(2012553) galialahav(16568)
USA(27517713) feels(2012553) follow(340007642)
USA(27517713) feels(2012553) gardener(134844)
USA(27517713) feels(2012553) selfie(281732160)
USA(27517713) feels(2012553) likeforfollow(30565655)
USA(27517713) all(15193070) disneyland(8558062)
USA(27517713) all(15193070) itsjudyslife(18737)
USA(27517713) all(15193070) earthfocus(28730)
USA(27517713) all(15193070) goodnight(39947184)
USA(27517713) all(15193070) juliannabear(12224)
USA(27517713) all(15193070) itsstillmagical(36)
USA(27517713) all(15193070) selfie(281732248)
USA(27517713) all(15193070) filming(938754)
USA(27517713) all(15193070) model(53741545)
USA(27517713) all(15193070) ralenwatts(687)
USA(27517713) all(15193070) dallas(4622308)
USA(27517713) all(15193070) gardener(134844)
USA(27517713) all(15193070) geordieshore(289122)
USA(27517713) all(15193070) officialralenwatts(284)
USA(27517713) all(15193070) nickandsams(2404)
USA(27517713) all(15193070) plaaastic(848)
USA(27517713) all(15193070) series11(3297)
USA(27517713) all(15193070) pinkflowers(145622)
USA(27517713) you(41475443) blacklist(1382667)
USA(27517713) you(41475443) honesty(938771)
USA(27517713) you(41475443) givingtshirt(115)
USA(27517713) you(41475443) australia(13832367)
USA(27517713) you(41475443) goedemorgen(91583)
USA(27517713) you(41475443) breakfast(38955995)
USA(27517713) you(41475443) hualien(91380)
USA(27517713) you(41475443) mercedesbenz(1426353)
USA(27517713) you(41475443) gts(465125)
USA(27517713) you(41475443) vegas_nay(1821839)
USA(27517713) you(41475443) arabidol(153036)
USA(27517713) you(41475443) peoplescreatives(864957)
USA(27517713) you(41475443) americanstyle(136880)
USA(27517713) you(41475443) geazy(167869)
USA(27517713) you(41475443) bonjour(1640976)
USA(27517713) you(41475443) edition1(8992)
USA(27517713) you(41475443) harleyquin(15229)
USA(27517713) you(41475443) motivation(41886760)
USA(27517713) you(41475443) buenosdias(3294571)
USA(27517713) you(41475443) amg(2080992)
USA(27517713) you(41475443) ramafoundation(1846)
