commencement(118989) snowboarding(2726225) finger(1188247)
commencement(118989) snowboarding(2726225) lamborghini(3022240)
commencement(118989) snowboarding(2726225) summernights(1661465)
commencement(118989) snowboarding(2726225) zaknoyle(5374)
commencement(118989) snowboarding(2726225) royce(404823)
commencement(118989) snowboarding(2726225) mercedes(4224413)
commencement(118989) snowboarding(2726225) scooterseason(188)
commencement(118989) snowboarding(2726225) iphone6(4393231)
commencement(118989) snowboarding(2726225) repost(127921025)
commencement(118989) snowboarding(2726225) speciale(196882)
commencement(118989) snowboarding(2726225) cncsf(546)
commencement(118989) snowboarding(2726225) cradle(39393)
commencement(118989) snowboarding(2726225) rolls(683378)
commencement(118989) snowboarding(2726225) ferrari(4908418)
commencement(118989) snowboarding(2726225) wdywt(3946051)
commencement(118989) snowboarding(2726225) baby(75819471)
commencement(118989) snowboarding(2726225) aventador(969442)
commencement(118989) snowboarding(2726225) amazingcars247(1228849)
commencement(118989) snowboarding(2726225) thuglife(3764442)
commencement(118989) snowboarding(2726225) benz(1629860)
commencement(118989) snowboarding(2726225) 458(485166)
commencement(118989) snowboarding(2726225) blacklist(1389443)
commencement(118989) snowboarding(2726225) lamborghini(3022241)
commencement(118989) snowboarding(2726225) tugstugsbuddy(5)
commencement(118989) snowboarding(2726225) huracan(215628)
commencement(118989) snowboarding(2726225) wdywtgrid(14308)
commencement(118989) killercolors(621) charlottelook(14224)
commencement(118989) killercolors(621) malaysia(9636642)
commencement(118989) killercolors(621) lamborghini(3022239)
commencement(118989) killercolors(621) love(920888316)
commencement(118989) killercolors(621) kl(1464232)
commencement(118989) killercolors(621) committomore(413)
commencement(118989) killercolors(621) london(36590331)
commencement(118989) killercolors(621) ontheblog(508055)
commencement(118989) killercolors(621) cncsf(546)
commencement(118989) killercolors(621) imagefanmeeting2015(18)
commencement(118989) killercolors(621) blacklist(1389441)
commencement(118989) killercolors(621) gucci(15397587)
commencement(118989) killercolors(621) iifarocks(1107)
commencement(118989) killercolors(621) freshfacefriday(12375)
commencement(118989) killercolors(621) piiiiiiiick(3)
commencement(118989) killercolors(621) proudsister(608858)
commencement(118989) killercolors(621) ferrari(4908418)
commencement(118989) killercolors(621) namasteseries(286)
commencement(118989) killercolors(621) gonnabeagreatyear(7032)
commencement(118989) killercolors(621) flavorgod(105724)
commencement(118989) killercolors(621) speciale(196882)
commencement(118989) killercolors(621) 7daysontheroad(750)
commencement(118989) killercolors(621) 458(485166)
commencement(118989) killercolors(621) mermaid(2296759)
commencement(118989) killercolors(621) morning(48017537)
commencement(118989) killercolors(621) aventador(969441)
commencement(118989) killercolors(621) sirenlondon(1492)
commencement(118989) killercolors(621) huracan(215628)
commencement(118989) killercolors(621) classicpic(20974)
commencement(118989) killercolors(621) shiamak(8655)
commencement(118989) xgames2015(4469) aventador(969444)
commencement(118989) xgames2015(4469) familyfeud(57379)
commencement(118989) xgames2015(4469) superwomaninaussie(120)
commencement(118989) xgames2015(4469) doseofcolors(63873)
commencement(118989) xgames2015(4469) auroramakeup(328208)
commencement(118989) xgames2015(4469) speciale(196882)
commencement(118989) xgames2015(4469) blacklist(1389445)
commencement(118989) xgames2015(4469) 458(485167)
commencement(118989) xgames2015(4469) at2ui(10327)
commencement(118989) xgames2015(4469) cncsf(546)
commencement(118989) xgames2015(4469) ferrari(4908426)
commencement(118989) xgames2015(4469) lamborghini(3022246)
commencement(118989) xgames2015(4469) iisuperwomanii(65557)
commencement(118989) xgames2015(4469) cradle(39393)
commencement(118989) xgames2015(4469) redhead(4861727)
commencement(118989) xgames2015(4469) dpnation(1457)
commencement(118989) xgames2015(4469) thuglife(3764445)
commencement(118989) xgames2015(4469) baby(75819528)
commencement(118989) xgames2015(4469) nationaldonutday(184745)
commencement(118989) xgames2015(4469) florida(17859106)
commencement(118989) xgames2015(4469) tourwithyomama(1)
commencement(118989) xgames2015(4469) doseofheaven(77)
commencement(118989) xgames2015(4469) miami(22808852)
commencement(118989) xgames2015(4469) iconiclashes(4927)
commencement(118989) xgames2015(4469) june21(44955)
commencement(118989) xgames2015(4469) finger(1188247)
commencement(118989) xgames2015(4469) dope(17047411)
commencement(118989) xgames2015(4469) 1(32528251)
commencement(118989) xgames2015(4469) goals(8773528)
commencement(118989) xgames2015(4469) huracan(215628)
commencement(118989) xgames2015(4469) pixieluxelashes(1312)
commencement(118989) xgames2015(4469) houseoflashes(189562)
commencement(118989) xgames2015(4469) iknowwhereyouwillbethissummer(1)
commencement(118989) oneweekold(56180) fijipro(5395)
commencement(118989) oneweekold(56180) freshfacefriday(12375)
commencement(118989) oneweekold(56180) xgames2015(4471)
commencement(118989) oneweekold(56180) nationaldonutday(184745)
commencement(118989) oneweekold(56180) fiji(896606)
commencement(118989) oneweekold(56180) imagefanmeeting2015(18)
commencement(118989) oneweekold(56180) gucci(15397577)
commencement(118989) oneweekold(56180) fnc(135721)
commencement(118989) oneweekold(56180) battleready(21052)
commencement(118989) oneweekold(56180) modifiedsociety(116348)
commencement(118989) oneweekold(56180) mituberos(1089)
commencement(118989) sophiecarlson(13) oahu(1567225)
commencement(118989) sophiecarlson(13) redhead(4861725)
commencement(118989) sophiecarlson(13) meltblitzed(2145)
commencement(118989) sophiecarlson(13) zaaponsale(22535)
commencement(118989) sophiecarlson(13) aaselfie(92398)
commencement(118989) sophiecarlson(13) angels(1758999)
commencement(118989) sophiecarlson(13) ootd(63042070)
commencement(118989) sophiecarlson(13) killercolors(621)
commencement(118989) sophiecarlson(13) ussagivesback(6)
commencement(118989) sophiecarlson(13) raydonovan(17315)
commencement(118989) sophiecarlson(13) halorecap(641)
commencement(118989) sophiecarlson(13) meltcosmetics(153855)
commencement(118989) sophiecarlson(13) identitycrisis(41465)
commencement(118989) sophiecarlson(13) thelword(56760)
commencement(118989) battleready(21052) dressby(3390)
commencement(118989) battleready(21052) fiji(896607)
commencement(118989) battleready(21052) blessed(43657551)
commencement(118989) battleready(21052) lorealparisth(2577)
commencement(118989) battleready(21052) matchday(393281)
commencement(118989) battleready(21052) celfie(1040042)
commencement(118989) battleready(21052) becausewecannes(13130)
commencement(118989) battleready(21052) lorealparisthailand(6974)
commencement(118989) battleready(21052) lorealth(1690)
commencement(118989) battleready(21052) lorealparismakeup(6213)
commencement(118989) battleready(21052) dr3am(42937)
commencement(118989) battleready(21052) lifeisgood(3774778)
commencement(118989) battleready(21052) fijipro(5395)
commencement(118989) battleready(21052) yeswecannes(9933)
commencement(118989) battleready(21052) lorealthailand(7264)
commencement(118989) battleready(21052) uclfinal(106194)
commencement(118989) battleready(21052) liviadorigon(195)
commencement(118989) battleready(21052) galatasaray(3025965)
commencement(118989) battleready(21052) itsmycannes(2162)
commencement(118989) battleready(21052) lorealparis(151849)
commencement(118989) battleready(21052) joannaaoran(1020)
commencement(118989) battleready(21052) cannes2015(146862)
commencement(118989) battleready(21052) juvefcb(25957)
commencement(118989) battleready(21052) photoby(74104)
commencement(118989) battleready(21052) lorealparisofficial(1580)
commencement(118989) brix(29817) momlife(1384405)
commencement(118989) brix(29817) xgames2015(4469)
commencement(118989) brix(29817) patrickstarrr(43354)
commencement(118989) brix(29817) identitycrisis(41465)
commencement(118989) brix(29817) feelinggrateful(46117)
commencement(118989) brix(29817) anastasiabrows(467663)
commencement(118989) brix(29817) teamstarrr(91)
commencement(118989) brix(29817) dipbrow(156875)
commencement(118989) brix(29817) battleready(21052)
commencement(118989) brix(29817) anastasiabeverlyhills(2207028)
commencement(118989) brix(29817) seeyousoonitaly(220)
commencement(118989) brix(29817) loveyou(36699488)
commencement(118989) brix(29817) raydonovan(17315)
commencement(118989) brix(29817) stancenation(2166546)
commencement(118989) brix(29817) 3doongieedits(49)
commencement(118989) brix(29817) killercolors(621)
commencement(118989) brix(29817) turquoisehunt(99)
commencement(118989) brix(29817) contourkit(60563)
commencement(118989) brix(29817) barber(2617337)
commencement(118989) brix(29817) paitaiaowdarbnhaainca(108)
commencement(118989) brix(29817) yaz(1387728)
commencement(118989) brix(29817) renearthwedding(76)
commencement(118989) brix(29817) thelword(56760)
commencement(118989) brix(29817) goals(8773477)
commencement(118989) snowboarder(162603) mercedes(4224414)
commencement(118989) snowboarder(162603) gtautoconcepts(2496)
commencement(118989) snowboarder(162603) speciale(196882)
commencement(118989) snowboarder(162603) govballnyc(93614)
commencement(118989) snowboarder(162603) ferrari(4908419)
commencement(118989) snowboarder(162603) benz(1629861)
commencement(118989) snowboarder(162603) lamborghini(3022241)
commencement(118989) snowboarder(162603) stefanobozzetti(13)
commencement(118989) snowboarder(162603) regram(16149542)
commencement(118989) snowboarder(162603) bodyslam(65388)
commencement(118989) snowboarder(162603) royce(404823)
commencement(118989) snowboarder(162603) rolls(683379)
commencement(118989) snowboarder(162603) amazingcars247(1228849)
commencement(118989) snowboarder(162603) xgames(323921)
commencement(118989) bowtie(1693621) swimwear(1636577)
commencement(118989) bowtie(1693621) liveoutdoors(27353)
commencement(118989) bowtie(1693621) at2ui(10327)
commencement(118989) bowtie(1693621) adventure(10266043)
commencement(118989) bowtie(1693621) summer(209573262)
commencement(118989) bowtie(1693621) superwomaninaussie(120)
commencement(118989) bowtie(1693621) tourwithyomama(1)
commencement(118989) bowtie(1693621) dope(17047393)
commencement(118989) bowtie(1693621) iisuperwomanii(65557)
commencement(118989) bowtie(1693621) midoribikinis(11765)
commencement(118989) bowtie(1693621) travel(45884605)
commencement(118989) bowtie(1693621) californiakisses(34752)
commencement(118989) bowtie(1693621) iknowwhereyouwillbethissummer(1)
commencement(118989) races(728990) carswithoutlimits(1979872)
commencement(118989) races(728990) wildheart(95304)
commencement(118989) races(728990) bae(8862465)
commencement(118989) races(728990) flavorgod(105724)
commencement(118989) races(728990) terminatorgenisys(8302)
commencement(118989) races(728990) handlelife(92588)
commencement(118989) races(728990) salicerose(12429)
commencement(118989) races(728990) ontheblog(508055)
commencement(118989) races(728990) drunkgirlsbeliiiiike(3)
commencement(118989) charlieboy(34296) nationaldonutday(184745)
commencement(118989) charlieboy(34296) at2ui(10327)
commencement(118989) charlieboy(34296) repost(127920858)
commencement(118989) charlieboy(34296) superwomaninaussie(120)
commencement(118989) charlieboy(34296) stancenation(2166548)
commencement(118989) charlieboy(34296) iisuperwomanii(65557)
commencement(118989) charlieboy(34296) 2late(5560)
commencement(118989) charlieboy(34296) 27(1392570)
commencement(118989) charlieboy(34296) ontheblog(508055)
commencement(118989) charlieboy(34296) 2up(18297)
commencement(118989) gododgers(222025) london(36590285)
commencement(118989) gododgers(222025) regram(16149523)
commencement(118989) gododgers(222025) anastasiabeverlyhills(2207028)
commencement(118989) gododgers(222025) whoneedscrystalswhenyougotlimes(4)
commencement(118989) gododgers(222025) americanstyle(136572)
commencement(118989) gododgers(222025) paitaiaowdarbnhaainca(108)
commencement(118989) gododgers(222025) repost(127920558)
commencement(118989) gododgers(222025) gododgers(222025)
commencement(118989) gododgers(222025) stancenation(2166546)
commencement(118989) gododgers(222025) asiyasafiya(157)
commencement(118989) gododgers(222025) contourkit(60563)
commencement(118989) gododgers(222025) dreamincolor(8393)
commencement(118989) gododgers(222025) nevaforget(3608)
commencement(118989) gododgers(222025) anastasiabrows(467663)
commencement(118989) gododgers(222025) bridesmaids(1383274)
commencement(118989) gododgers(222025) dipbrow(156875)
commencement(118989) gododgers(222025) 7daysontheroad(750)
commencement(118989) gododgers(222025) doseofcolors(63872)
commencement(118989) stefanobozzetti(13) fiji(896607)
commencement(118989) stefanobozzetti(13) worldwideshipping(338910)
commencement(118989) stefanobozzetti(13) chewy(331331)
commencement(118989) stefanobozzetti(13) halorecap(641)
commencement(118989) stefanobozzetti(13) wwc(47356)
commencement(118989) stefanobozzetti(13) supplements(1275201)
commencement(118989) stefanobozzetti(13) repost(127921201)
commencement(118989) stefanobozzetti(13) beyondbcaa(5733)
commencement(118989) stefanobozzetti(13) beautybreakthru(65)
commencement(118989) stefanobozzetti(13) redhead(4861727)
commencement(118989) stefanobozzetti(13) fijipro(5395)
commencement(118989) stefanobozzetti(13) losangeles(10910735)
commencement(118989) stefanobozzetti(13) nationaldonutday(184745)
commencement(118989) stefanobozzetti(13) angels(1758999)
commencement(118989) stefanobozzetti(13) cookbookrecipedevelopment(5)
commencement(118989) stefanobozzetti(13) donutcoma(1020)
commencement(118989) stefanobozzetti(13) salty(547444)
commencement(118989) stefanobozzetti(13) soccerdotcom(40538)
commencement(118989) stefanobozzetti(13) sweet(59598911)
commencement(118989) stefanobozzetti(13) thingsonstrings(564)
commencement(118989) stefanobozzetti(13) la(29886527)
commencement(118989) celesteisthebest(233) anastasiabrows(467665)
commencement(118989) celesteisthebest(233) lazyday(3149893)
commencement(118989) celesteisthebest(233) amazingcars247(1228847)
commencement(118989) celesteisthebest(233) truckporn(561612)
commencement(118989) celesteisthebest(233) benefit(1259885)
commencement(118989) celesteisthebest(233) contourkit(60563)
commencement(118989) celesteisthebest(233) lifethreatening(2167)
commencement(118989) celesteisthebest(233) royce(404823)
commencement(118989) celesteisthebest(233) godbless(1517041)
commencement(118989) celesteisthebest(233) dipbrow(156875)
commencement(118989) celesteisthebest(233) 27(1392570)
commencement(118989) celesteisthebest(233) bostonstrong(860422)
commencement(118989) celesteisthebest(233) mituberos(1089)
commencement(118989) celesteisthebest(233) adoptdontshop(1839135)
commencement(118989) celesteisthebest(233) nastytrucksnation(20002)
commencement(118989) celesteisthebest(233) foster(590685)
commencement(118989) celesteisthebest(233) ferrari(4908414)
commencement(118989) celesteisthebest(233) aaselfie(92398)
commencement(118989) celesteisthebest(233) galatasaray(3025962)
commencement(118989) celesteisthebest(233) ootd(63042027)
commencement(118989) celesteisthebest(233) 3doongieedits(49)
commencement(118989) celesteisthebest(233) nicole(684786)
commencement(118989) celesteisthebest(233) killercolors(621)
commencement(118989) celesteisthebest(233) rescue(2326468)
commencement(118989) celesteisthebest(233) considered(5986)
commencement(118989) celesteisthebest(233) liviadorigon(195)
commencement(118989) celesteisthebest(233) anastasiabeverlyhills(2207031)
commencement(118989) celesteisthebest(233) benz(1629859)
commencement(118989) celesteisthebest(233) mercedes(4224409)
commencement(118989) celesteisthebest(233) fenway(342792)
commencement(118989) celesteisthebest(233) goals(8773501)
commencement(118989) celesteisthebest(233) rolls(683377)
commencement(118989) celesteisthebest(233) lamborghini(3022236)
commencement(118989) celesteisthebest(233) ontheblog(508055)
commencement(118989) repost(127920447) liveoutdoors(27353)
commencement(118989) repost(127920447) momlife(1384405)
commencement(118989) repost(127920447) selfish(659383)
commencement(118989) repost(127920447) charlottelook(14224)
commencement(118989) repost(127920447) stunning(6202896)
commencement(118989) repost(127920447) chardlife(102)
commencement(118989) repost(127920447) doseofcolors(63873)
commencement(118989) repost(127920447) nationaldonutday(184743)
commencement(118989) repost(127920447) meltblitzed(2145)
commencement(118989) repost(127920447) quenoseculpeanadiedemimuerte(76)
commencement(118989) repost(127920447) yassss(334197)
commencement(118989) repost(127920447) adventure(10266031)
commencement(118989) repost(127920447) liviadorigon(195)
commencement(118989) repost(127920447) stefanobozzetti(13)
commencement(118989) repost(127920447) doseofheaven(77)
commencement(118989) repost(127920447) meltcosmetics(153855)
commencement(118989) repost(127920447) barber(2617339)
commencement(118989) repost(127920447) thebachelorette(47558)
commencement(118989) repost(127920447) sirenlondon(1492)
commencement(118989) repost(127920447) dwts(392899)
commencement(118989) repost(127920447) travel(45884534)
commencement(118989) randwick(24431) superwomaninaussie(120)
commencement(118989) randwick(24431) jiradt(40764)
commencement(118989) randwick(24431) at2ui(10327)
commencement(118989) randwick(24431) dektaysummercollection2015(438)
commencement(118989) randwick(24431) ireneishungry(21)
commencement(118989) randwick(24431) asiyasafiya(157)
commencement(118989) randwick(24431) ireneislondon(141)
commencement(118989) randwick(24431) gucci(15397572)
commencement(118989) randwick(24431) bodyslam(65388)
commencement(118989) randwick(24431) dektay(4314)
commencement(118989) randwick(24431) iisuperwomanii(65557)
commencement(118989) randwick(24431) turquoisehunt(99)
commencement(118989) randwick(24431) beautybreakthru(65)
commencement(118989) randwick(24431) freshfacefriday(12375)
commencement(118989) 7daysontheroad(750) mandalay(83712)
commencement(118989) 7daysontheroad(750) gotem(428649)
commencement(118989) 7daysontheroad(750) letsgogetemb(56)
commencement(118989) 7daysontheroad(750) gettingit(201068)
commencement(118989) 7daysontheroad(750) zaaponsale(22536)
commencement(118989) 7daysontheroad(750) brix(29817)
commencement(118989) 7daysontheroad(750) wwe(4054835)
commencement(118989) 7daysontheroad(750) bae(8862484)
commencement(118989) 7daysontheroad(750) freshfacefriday(12375)
commencement(118989) 7daysontheroad(750) nationaldonutday(184745)
commencement(118989) 7daysontheroad(750) liviadorigon(195)
commencement(118989) 7daysontheroad(750) myanmar(551179)
commencement(118989) 7daysontheroad(750) hairbyglam(372)
commencement(118989) 7daysontheroad(750) thingsonstrings(564)
commencement(118989) 7daysontheroad(750) oops(3316808)
commencement(118989) 7daysontheroad(750) hairglam(12647)
commencement(118989) 7daysontheroad(750) evamarie(77529)
commencement(118989) 7daysontheroad(750) noshorthair(757)
commencement(118989) 7daysontheroad(750) jgaltusa(11163)
commencement(118989) 7daysontheroad(750) galatasaray(3025965)
commencement(118989) 7daysontheroad(750) donutcoma(1020)
commencement(118989) 7daysontheroad(750) cousins(17429600)
commencement(118989) 7daysontheroad(750) wildheart(95305)
commencement(118989) 7daysontheroad(750) hairflip(290272)
commencement(118989) 7daysontheroad(750) gucci(15397611)
commencement(118989) 7daysontheroad(750) repost(127921113)
commencement(118989) 7daysontheroad(750) allredeverything(188549)
commencement(118989) 7daysontheroad(750) classicpic(20974)
