commencement(119013) black(70169420)
commencement(119013) crying(3780216)
commencement(119013) chicano(191584)
commencement(119013) hed(39657)
commencement(119013) onlythebeginning(90319)
commencement(119013) sardisgrad15(2)
commencement(119013) blue(65899935)
commencement(119013) family(132948435)
commencement(119013) kindergarten(1116778)
commencement(119013) graduationceremony(36527)
commencement(119013) picture(26442309)
commencement(119013) mybuttfellasleep(137)
commencement(119013) finalsweek(794848)
commencement(119013) pt2015(688)
commencement(119013) bruinbear(1639)
commencement(119013) china(9221343)
commencement(119013) highschool(6117411)
commencement(119013) graduation(8560934)
commencement(119013) complete(980281)
commencement(119013) black(70169414)
commencement(119013) carringtongrad(55)
commencement(119013) macau(1077746)
commencement(119013) hawaii(11134000)
commencement(119013) nofilter(126738637)
commencement(119013) graduation(8560940)
commencement(119013) highschool(6117412)
commencement(119013) kids(17505382)
commencement(119013) trapped(272156)
commencement(119013) nostalgic(748177)
commencement(119013) nofilter(126738618)
commencement(119013) gown(1022915)
commencement(119013) sachat(2522)
commencement(119013) drowningmysorrowswiththeview(1)
commencement(119013) proudaunt(677197)
commencement(119013) proud(10474398)
commencement(119013) masters(577515)
commencement(119013) 2015(26932537)
commencement(119013) feels(2008912)
commencement(119013) instavideo(3623776)
commencement(119013) graduate(1275335)
commencement(119013) sss15(650)
commencement(119013) graduation(8560938)
commencement(119013) stevenhowardlim(4)
commencement(119013) friends(219687120)
commencement(119013) congratulations(1379990)
commencement(119013) picture(26442313)
commencement(119013) bruin(95502)
commencement(119013) 2015(26932521)
commencement(119013) ceremony(988154)
commencement(119013) brownunivesity(6)
commencement(119013) campusdance(1511)
commencement(119013) graduation(8560935)
commencement(119013) 2015(26932548)
commencement(119013) carringtoncollege(5386)
commencement(119013) criminaljusticemajor(11615)
commencement(119013) temple(2313957)
commencement(119013) carringtongraduates(24)
commencement(119013) friends(219687166)
commencement(119013) fun(217363611)
commencement(119013) graduation(8560941)
commencement(119013) ptpride(420)
commencement(119013) done(8329188)
commencement(119013) bruinproud(660)
commencement(119013) worthit(1620541)
commencement(119013) class(8685869)
commencement(119013) graduation(8560942)
commencement(119013) nephew(12828330)
commencement(119013) sardis(12234)
commencement(119013) of(24367030)
commencement(119013) grad2015(67823)
commencement(119013) feelingold(229737)
commencement(119013) anticipation(136494)
commencement(119013) must(1141575)
commencement(119013) graduation(8560939)
commencement(119013) 2015(26932499)
commencement(119013) curly(10640146)
commencement(119013) tokyo(8957708)
commencement(119013) freshman15(36092)
commencement(119013) queenelizabeth(98329)
commencement(119013) collage(6656059)
commencement(119013) grad(1251579)
commencement(119013) family(132948481)
commencement(119013) capandgown(110442)
commencement(119013) nscds(669)
commencement(119013) family(132948434)
commencement(119013) uclaalumni(3968)
commencement(119013) happy(305376325)
commencement(119013) 2k15(1553387)
commencement(119013) friends(219687146)
commencement(119013) carry(254970)
commencement(119013) family(132948450)
commencement(119013) done(8329189)
commencement(119013) myself(11853208)
commencement(119013) pinetree(130089)
commencement(119013) punahou(8997)
commencement(119013) imissucla(128)
commencement(119013) proudauntie(787478)
commencement(119013) tujgrad15(1)
commencement(119013) fancy(4679303)
commencement(119013) ombre(5029000)
commencement(119013) happy(305376231)
commencement(119013) cantmath(303)
commencement(119013) 2015(26932513)
commencement(119013) commencement(119013)
commencement(119013) stocktonca(117183)
