donutday(28725) fairykei(88339)
donutday(28725) foodplorer(212)
donutday(28725) fatness(181247)
donutday(28725) cute(338761586)
donutday(28725) watercolor(3217280)
donutday(28725) donuts(2305791)
donutday(28725) latedonutday(7)
donutday(28725) instafood(44019026)
donutday(28725) gyarustyle(12654)
donutday(28725) customgift(15180)
donutday(28725) drawing(35960350)
donutday(28725) tassel(205962)
donutday(28725) instalove(60490989)
donutday(28725) vscocam(101688593)
donutday(28725) magazinefood(68)
donutday(28725) foodie(18679619)
donutday(28725) food(179942230)
donutday(28725) nationaldonutday(184820)
donutday(28725) animegirl(3037416)
donutday(28725) manga(12797072)
donutday(28725) girl(264239154)
donutday(28725) howyoudoing(57674)
donutday(28725) igartists(25901)
donutday(28725) vsco(63290604)
donutday(28725) instadaily(203561279)
donutday(28725) hination(11923)
donutday(28725) 0606(17267)
donutday(28725) food(179942225)
donutday(28725) foodporn(56558987)
donutday(28725) chella(32354)
donutday(28725) dibujo(1643877)
donutday(28725) foodies(2048478)
donutday(28725) sunset(58888567)
donutday(28725) digital(1568991)
donutday(28725) yas(1066718)
donutday(28725) animated(185532)
donutday(28725) zerolimits(11500)
donutday(28725) happynationaldonutday(8768)
donutday(28725) art(106479856)
donutday(28725) coffee(37172119)
donutday(28725) video(12261863)
donutday(28725) yummy(58082019)
donutday(28725) trailrunning(836716)
donutday(28725) oldfashion(247669)
donutday(28725) foodie(18679626)
donutday(28725) vsco(63290586)
donutday(28725) coreana(12842)
donutday(28725) kawaii(15884729)
donutday(28725) breakfast(38891840)
donutday(28725) foodpics(7789129)
donutday(28725) vscocam(101688583)
donutday(28725) amigurumi(388774)
donutday(28725) instacrochet(116288)
donutday(28725) applefritter(12998)
donutday(28725) internationaldonutday(1936)
donutday(28725) vanitysabeach(21)
donutday(28725) donut(1421162)
donutday(28725) milkybun(8518)
donutday(28725) foodie(18679629)
donutday(28725) coachella(1757260)
donutday(28725) foodie(18679612)
donutday(28725) doughnuts(804897)
donutday(28725) donuts(2305793)
donutday(28725) vscocam(101688591)
donutday(28725) canadianduty(10)
donutday(28725) inkyoto(768)
donutday(28725) gif(276644)
donutday(28725) foodyum(7785)
donutday(28725) artfood(17903)
donutday(28725) donutart(914)
donutday(28725) running(13507694)
donutday(28725) sprinkles(1125583)
donutday(28725) coachella2015(240276)
donutday(28725) sweettreat(187936)
donutday(28725) vscogood(9190899)
donutday(28725) college(10620073)
donutday(28725) patagoniatrailrunning(910)
donutday(28725) late(8911210)
donutday(28725) dailysketch(194931)
donutday(28725) foodstagram(6424857)
donutday(28725) artstagram(443742)
donutday(28725) breakfast(38891833)
donutday(28725) artgram(143627)
donutday(28725) hole30(55)
donutday(28725) food_glooby(53)
donutday(28725) doughnut(534784)
donutday(28725) commission(318958)
donutday(28725) chocolate(32568074)
donutday(28725) thismorning(627017)
donutday(28725) afters(44093)
donutday(28725) diainternacionaldonuts(4)
donutday(28725) handcrafted(1181925)
donutday(28725) instasize(104510879)
donutday(28725) aftersdonuts(5)
donutday(28725) international(2051757)
donutday(28725) iphone6(4394664)
donutday(28725) lunchdonut(9)
donutday(28725) vscophile(7864170)
donutday(28725) beachbabe(368731)
donutday(28725) beach(82496185)
donutday(28725) illustration(13776354)
donutday(28725) donuts(2305792)
donutday(28725) donutselfie(5973)
donutday(28725) vscogram(3522336)
donutday(28725) timhortons(688991)
donutday(28725) worthit(1620535)
donutday(28725) customart(92798)
donutday(28725) potd(16115272)
donutday(28725) beautifulthings(115298)
donutday(28725) dailygram(233783)
donutday(28725) roadisback(4)
donutday(28725) keychains(123841)
donutday(28725) pastellove(16323)
donutday(28725) handmade(25027726)
donutday(28725) fatkid(581873)
donutday(28725) foodart(958223)
donutday(28725) pastel(6746319)
donutday(28725) nationaldoughnutday(43526)
donutday(28725) coconut(2418944)
donutday(28725) 5june(4531)
donutday(28725) babe(12302883)
donutday(28725) anime(29168032)
donutday(28725) betterforit(50481)
donutday(28725) foodart(958225)
donutday(28725) arte(5248727)
donutday(28725) iphone(14571976)
donutday(28725) newportbeach(654370)
donutday(28725) june6th(36816)
donutday(28725) applefritters(6857)
donutday(28725) nokillingme(21)
donutday(28725) dunkindonuts(1179794)
donutday(28725) jktfoodbang(41276)
donutday(28725) instalike(189590887)
donutday(28725) instagram(18375582)
donutday(28725) donut(1421161)
donutday(28725) foodporn(56558945)
donutday(28725) ultraspire(2430)
donutday(28725) artistsoninstagram(295583)
donutday(28725) suninspired(193)
donutday(28725) loveit(55604753)
donutday(28725) letsgoandeatsome(1)
donutday(28725) arequipe(68581)
donutday(28725) foodphotography(2482754)
donutday(28725) kulinerjakarta(139421)
donutday(28725) twist(703653)
donutday(28725) donut(1421159)
donutday(28725) doughnutday(6236)
donutday(28725) sketch(22979906)
donutday(28725) food(179942153)
donutday(28725) animation(1435503)
donutday(28725) donutday(28725)
donutday(28725) worlddonutday(433)
donutday(28725) tasting(288930)
donutday(28725) gyaru(294062)
donutday(28725) starbucks(21247361)
donutday(28725) late(8911208)
donutday(28725) pink(74188525)
donutday(28725) jktfoodies(98842)
donutday(28725) instasize(104510862)
donutday(28725) chocolatedonut(12172)
donutday(28725) noviolence(34225)
donutday(28725) popkei(11496)
