donutday(28721) history(6352136) dwpickoftheday(10996)
donutday(28721) history(6352136) frands(141370)
donutday(28721) history(6352136) pinkhairdontcare(182005)
donutday(28721) history(6352136) hockeyteam(22521)
donutday(28721) history(6352136) saturdays(898603)
donutday(28721) history(6352136) danielwellington(363049)
donutday(28721) history(6352136) la(29888422)
donutday(28721) history(6352136) tashasmith(2444)
donutday(28721) history(6352136) digifestnyc(11955)
donutday(28721) history(6352136) morning(48023407)
donutday(28721) history(6352136) myshadow(119089)
donutday(28721) history(6352136) bamboobar(11110)
donutday(28721) history(6352136) poolparty(1892592)
donutday(28721) history(6352136) pink(74186814)
donutday(28721) history(6352136) philly(4438065)
donutday(28721) history(6352136) dreamfoundation(825)
donutday(28721) history(6352136) cabelosalon(84)
donutday(28721) history(6352136) nationals(926598)
donutday(28721) history(6352136) winneandkleo(1)
donutday(28721) edmonton(801159) me(376483418)
donutday(28721) edmonton(801159) laque(42596)
donutday(28721) edmonton(801159) laquenailbar(35891)
donutday(28721) edmonton(801159) saturdays(898602)
donutday(28721) edmonton(801159) teamo(18745409)
donutday(28721) edmonton(801159) bossmode(59829)
donutday(28721) edmonton(801159) wdywtgrid(14309)
donutday(28721) edmonton(801159) la(29888400)
donutday(28721) edmonton(801159) livefree(524084)
donutday(28721) edmonton(801159) wdywt(3946165)
donutday(28721) edmonton(801159) haroldandmaude(5659)
donutday(28721) edmonton(801159) puravidabracelets(68942)
donutday(28721) edmonton(801159) tothefore(1055)
donutday(28721) edmonton(801159) home(58060679)
donutday(28721) edmonton(801159) instamoment(27873448)
donutday(28721) edmonton(801159) myshadow(119089)
donutday(28721) edmonton(801159) getlaqued(27012)
donutday(28721) edmonton(801159) skyspacela(172)
donutday(28721) edmonton(801159) pink(74186781)
donutday(28721) edmonton(801159) wirunphotography(121)
donutday(28721) edmonton(801159) repost(127946073)
donutday(28721) ohcanada(177888) guns(2205062)
donutday(28721) ohcanada(177888) hockeyteam(22521)
donutday(28721) ohcanada(177888) repost(127946118)
donutday(28721) ohcanada(177888) gold(21296466)
donutday(28721) ohcanada(177888) pistol(430750)
donutday(28721) ohcanada(177888) 2a(519553)
donutday(28721) ohcanada(177888) getsupplied(1838)
donutday(28721) ohcanada(177888) gunporn(536721)
donutday(28721) ohcanada(177888) fcb_supporters(1099)
donutday(28721) ohcanada(177888) frands(141370)
donutday(28721) ohcanada(177888) poolparty(1892591)
donutday(28721) ohcanada(177888) dodgers(1939790)
donutday(28721) ohcanada(177888) righttobeararms(84345)
donutday(28721) ohcanada(177888) motd(4027111)
donutday(28721) ohcanada(177888) 22lr(39602)
donutday(28721) ohcanada(177888) bossmode(59829)
donutday(28721) ohcanada(177888) firearm(62329)
donutday(28721) ohcanada(177888) messi(3357151)
donutday(28721) ohcanada(177888) handgun(141184)
donutday(28721) ohcanada(177888) 707(203882)
donutday(28721) ohcanada(177888) morning(48023367)
donutday(28721) ohcanada(177888) weloveit(343405)
donutday(28721) ohcanada(177888) nra(283213)
donutday(28721) ohcanada(177888) thesocialexperiment(3002)
donutday(28721) ohcanada(177888) merica(4262893)
donutday(28721) ohcanada(177888) guncontrol(112431)
donutday(28721) ohcanada(177888) california(18352958)
donutday(28721) ohcanada(177888) sportsmansarms(1851)
donutday(28721) ohcanada(177888) skyspacela(172)
donutday(28721) ohcanada(177888) freedom(9296690)
donutday(28721) ohcanada(177888) fcbarcelona(1702885)
donutday(28721) ohcanada(177888) igmilitia(713380)
donutday(28721) ohcanada(177888) secondamendment(173061)
donutday(28721) ohcanada(177888) supplied(210139)
donutday(28721) ohcanada(177888) gunsdaily(193825)
donutday(28721) ohcanada(177888) revolver(210469)
donutday(28721) ohcanada(177888) gomariners(85331)
donutday(28721) ohcanada(177888) chicago(16739114)
donutday(28721) ohcanada(177888) molonlabe(297628)
donutday(28721) ohcanada(177888) colt(300992)
donutday(28721) ohcanada(177888) gun(2393540)
donutday(28721) ohcanada(177888) ucl(730813)
donutday(28721) jaggerjosephbraun(28) streetart(12735263)
donutday(28721) jaggerjosephbraun(28) sailormoon(1205786)
donutday(28721) jaggerjosephbraun(28) laque(42596)
donutday(28721) jaggerjosephbraun(28) laquenailbar(35891)
donutday(28721) jaggerjosephbraun(28) angels(1759156)
donutday(28721) jaggerjosephbraun(28) followme(328115352)
donutday(28721) jaggerjosephbraun(28) teamfitt(45534)
donutday(28721) jaggerjosephbraun(28) jurassicworld(123030)
donutday(28721) jaggerjosephbraun(28) wdywt(3946164)
donutday(28721) jaggerjosephbraun(28) pink(74186772)
donutday(28721) jaggerjosephbraun(28) banginandbitsy(2)
donutday(28721) jaggerjosephbraun(28) alumni(740761)
donutday(28721) jaggerjosephbraun(28) wdywtgrid(14309)
donutday(28721) jaggerjosephbraun(28) saturdays(898602)
donutday(28721) jaggerjosephbraun(28) 24(3668210)
donutday(28721) jaggerjosephbraun(28) killwhatyoueat(916)
donutday(28721) jaggerjosephbraun(28) eatwhatyoukill(6615)
donutday(28721) jaggerjosephbraun(28) valentino(7171065)
donutday(28721) jaggerjosephbraun(28) myshadow(119089)
donutday(28721) jaggerjosephbraun(28) getlaqued(27012)
donutday(28721) jaggerjosephbraun(28) planb(430390)
donutday(28721) jaggerjosephbraun(28) risegymgear(2518)
donutday(28721) jaggerjosephbraun(28) renasarmy(2681)
donutday(28721) jaggerjosephbraun(28) streetartglobe(4154)
donutday(28721) jaggerjosephbraun(28) dressyourfacelive(14826)
donutday(28721) jaggerjosephbraun(28) la(29888389)
donutday(28721) jaggerjosephbraun(28) jordansdaily(794933)
donutday(28721) jaggerjosephbraun(28) othongthai(450)
donutday(28721) benabrooklynguy(11116) dogsofinstagram(21540658)
donutday(28721) benabrooklynguy(11116) jaggerjosephbraun(28)
donutday(28721) benabrooklynguy(11116) untamed(62953)
donutday(28721) benabrooklynguy(11116) baifernfamkannaja(43)
donutday(28721) benabrooklynguy(11116) bacarditour(1776)
donutday(28721) benabrooklynguy(11116) momsareawesome(5220)
donutday(28721) benabrooklynguy(11116) dog(69441207)
donutday(28721) benabrooklynguy(11116) bamboobar(11110)
donutday(28721) benabrooklynguy(11116) digifestnyc(11955)
donutday(28721) benabrooklynguy(11116) dogs(16257387)
donutday(28721) benabrooklynguy(11116) huf(1436194)
donutday(28721) benabrooklynguy(11116) meowout(541)
donutday(28721) benabrooklynguy(11116) huf2(206)
donutday(28721) benabrooklynguy(11116) waitwhat(228874)
donutday(28721) benabrooklynguy(11116) speciale(196892)
donutday(28721) benabrooklynguy(11116) spon(34287)
donutday(28721) benabrooklynguy(11116) hufworldwide(33337)
donutday(28721) benabrooklynguy(11116) philly(4438060)
donutday(28721) capitalo(277) meowout(539)
donutday(28721) capitalo(277) sailormoon(1205780)
donutday(28721) capitalo(277) xgames(324695)
donutday(28721) capitalo(277) love(920961297)
donutday(28721) capitalo(277) philly(4438057)
donutday(28721) capitalo(277) monsterenergy(1003614)
donutday(28721) capitalo(277) instamoment(27873397)
donutday(28721) capitalo(277) bamboobar(11110)
donutday(28721) capitalo(277) jordansdaily(794933)
donutday(28721) capitalo(277) unleashedatx(514)
donutday(28721) capitalo(277) govballnyc(94246)
donutday(28721) capitalo(277) home(58060552)
donutday(28721) capitalo(277) yankees(1493088)
donutday(28721) capitalo(277) othongthai(450)
donutday(28721) capitalo(277) me(376482778)
donutday(28721) commonwealth(87551) thairath(31251)
donutday(28721) commonwealth(87551) capitalo(278)
donutday(28721) commonwealth(87551) princesscharlotte(14834)
donutday(28721) commonwealth(87551) onlyforluxury(18892)
donutday(28721) commonwealth(87551) atx(2085377)
donutday(28721) commonwealth(87551) bossmode(59829)
donutday(28721) commonwealth(87551) healthymary(48640)
donutday(28721) commonwealth(87551) pr(2022675)
donutday(28721) commonwealth(87551) funniest15seconds(60851)
donutday(28721) commonwealth(87551) tothefore(1055)
donutday(28721) commonwealth(87551) asiyasafiya(157)
donutday(28721) commonwealth(87551) jaggerjosephbraun(28)
donutday(28721) commonwealth(87551) stanleycup(595851)
donutday(28721) commonwealth(87551) princegeorge(105376)
donutday(28721) commonwealth(87551) skyspacela(172)
donutday(28721) commonwealth(87551) freshprince(376907)
donutday(28721) commonwealth(87551) royalbaby(172933)
donutday(28721) commonwealth(87551) royalfamily(170653)
donutday(28721) commonwealth(87551) suits(1179186)
donutday(28721) commonwealth(87551) repost(127946015)
donutday(28721) nothinginthisworld(2440) newage(247624)
donutday(28721) nothinginthisworld(2440) ufcnola(2715)
donutday(28721) nothinginthisworld(2440) wweslc(497)
donutday(28721) nothinginthisworld(2440) gaybar(148795)
donutday(28721) nothinginthisworld(2440) worldcup(5724801)
donutday(28721) nothinginthisworld(2440) 30sarenew20s(40)
donutday(28721) nothinginthisworld(2440) soccerdotcom(40539)
donutday(28721) nothinginthisworld(2440) werewolf(460148)
donutday(28721) nothinginthisworld(2440) wwe(4055136)
donutday(28721) nothinginthisworld(2440) newyork(26126440)
donutday(28721) nothinginthisworld(2440) wirunphotography(121)
donutday(28721) nothinginthisworld(2440) nike(45053826)
donutday(28721) nothinginthisworld(2440) nyc(38406260)
donutday(28721) nothinginthisworld(2440) celticwarrior(8137)
donutday(28721) christinesinclair(1871) behuman(34102)
donutday(28721) christinesinclair(1871) ufcnola(2715)
donutday(28721) christinesinclair(1871) danielwellington(363048)
donutday(28721) christinesinclair(1871) 7daysontheroad(769)
donutday(28721) christinesinclair(1871) englishbulldog(1744706)
donutday(28721) christinesinclair(1871) baifernfamkannaja(43)
donutday(28721) christinesinclair(1871) rescuedtigers(568)
donutday(28721) christinesinclair(1871) bae(8863675)
donutday(28721) christinesinclair(1871) weout(399680)
donutday(28721) christinesinclair(1871) yankees(1493090)
donutday(28721) christinesinclair(1871) followme(328115555)
donutday(28721) christinesinclair(1871) warrenjc(87814)
donutday(28721) christinesinclair(1871) saveourplanet(49339)
donutday(28721) christinesinclair(1871) chicago(16739112)
donutday(28721) christinesinclair(1871) disneyland60(74388)
donutday(28721) christinesinclair(1871) nosonmascotas(3860)
donutday(28721) christinesinclair(1871) dwpickoftheday(10996)
donutday(28721) christinesinclair(1871) babymeera(1084)
donutday(28721) christinesinclair(1871) thesocialexperiment(3002)
donutday(28721) christinesinclair(1871) asiyasafiya(157)
donutday(28721) christinesinclair(1871) notpets(5860)
donutday(28721) christinesinclair(1871) savetigers(10368)
donutday(28721) christinesinclair(1871) govball(45480)
donutday(28721) christinesinclair(1871) blackjaguarwhitetiger(12436)
donutday(28721) amg(2063755) edmonton(801163)
donutday(28721) amg(2063755) commonwealth(87551)
donutday(28721) amg(2063755) fcbarcelona(1702850)
donutday(28721) amg(2063755) ohcanada(177888)
donutday(28721) amg(2063755) messi(3357127)
donutday(28721) amg(2063755) nothinginthisworld(2440)
donutday(28721) amg(2063755) christinesinclair(1871)
donutday(28721) amg(2063755) bottle(1540879)
donutday(28721) amg(2063755) repost(127945691)
donutday(28721) amg(2063755) meowout(541)
donutday(28721) amg(2063755) fcb_supporters(1098)
donutday(28721) amg(2063755) chinapr(142)
donutday(28721) amg(2063755) ucl(730793)
donutday(28721) amg(2063755) bae(8863647)
donutday(28721) amg(2063755) canada(13562842)
donutday(28721) amg(2063755) chrisbrown(2698900)
donutday(28721) amg(2063755) history(6352142)
donutday(28721) amg(2063755) fifawwc(3641)
donutday(28721) amg(2063755) dodgers(1939788)
donutday(28721) amg(2063755) goodnight(39906095)
donutday(28721) amg(2063755) speciale(196892)
donutday(28721) amg(2063755) highoffmylove(4290)
donutday(28721) amg(2063755) penalty(114648)
donutday(28721) fallontonight(21315) bifetodasemana(32)
donutday(28721) fallontonight(21315) gaybar(148795)
donutday(28721) fallontonight(21315) promseason(77562)
donutday(28721) fallontonight(21315) chrisbrown(2698901)
donutday(28721) fallontonight(21315) 30sarenew20s(40)
donutday(28721) fallontonight(21315) contigokevinroldan(371)
donutday(28721) fallontonight(21315) nyc(38406256)
donutday(28721) fallontonight(21315) americanpharaoh(5005)
donutday(28721) fallontonight(21315) amo(21523939)
donutday(28721) fallontonight(21315) winneandkleo(1)
donutday(28721) fallontonight(21315) yg(1982560)
donutday(28721) fallontonight(21315) bae(8863655)
donutday(28721) fallontonight(21315) godsister(108320)
donutday(28721) fallontonight(21315) warrenjc(87813)
donutday(28721) fallontonight(21315) newage(247624)
donutday(28721) fallontonight(21315) newyork(26126436)
donutday(28721) series(1248099) dance(25788709)
donutday(28721) series(1248099) besttime(787082)
donutday(28721) series(1248099) renasarmy(2680)
donutday(28721) series(1248099) lilwanmai(27918)
donutday(28721) series(1248099) yankees(1493088)
donutday(28721) series(1248099) trst(12210)
donutday(28721) series(1248099) hiphopgoesbroadway(131)
donutday(28721) series(1248099) kosova(355094)
donutday(28721) series(1248099) energy(4764902)
donutday(28721) series(1248099) fun(217355556)
donutday(28721) series(1248099) stancenation(2166713)
donutday(28721) series(1248099) stanleycup(595851)
donutday(28721) series(1248099) iifa2015(4281)
donutday(28721) series(1248099) prizen(850)
donutday(28721) series(1248099) vintique(381763)
donutday(28721) series(1248099) copordrop(27732)
donutday(28721) series(1248099) friends(219678897)
donutday(28721) series(1248099) warrenjc(87813)
donutday(28721) series(1248099) rehearsals(193723)
donutday(28721) series(1248099) srbija(469244)
donutday(28721) chinapr(142) summernightsnashville(18)
donutday(28721) chinapr(142) dodgers(1939791)
donutday(28721) chinapr(142) promseason(77562)
donutday(28721) chinapr(142) winneandkleo(1)
donutday(28721) chinapr(142) weloveit(343405)
donutday(28721) chinapr(142) getsupplied(1838)
donutday(28721) chinapr(142) puravidabracelets(68942)
donutday(28721) chinapr(142) supplied(210139)
donutday(28721) chinapr(142) yg(1982563)
donutday(28721) chinapr(142) wirunphotography(121)
donutday(28721) chinapr(142) hongkong(8382577)
donutday(28721) chinapr(142) livefree(524084)
donutday(28721) chinapr(142) godsister(108320)
donutday(28721) bottle(1540875) funniest15seconds(60851)
donutday(28721) bottle(1540875) freshprince(376907)
donutday(28721) bottle(1540875) pinkhairdontcare(182005)
donutday(28721) bottle(1540875) instasize(104503682)
donutday(28721) bottle(1540875) puravidabracelets(68942)
donutday(28721) bottle(1540875) capitalo(278)
donutday(28721) bottle(1540875) cabelosalon(84)
donutday(28721) bottle(1540875) dressyourfacelive(14826)
donutday(28721) bottle(1540875) angels(1759157)
donutday(28721) bottle(1540875) yg(1982561)
donutday(28721) bottle(1540875) gomariners(85331)
donutday(28721) bottle(1540875) livefree(524084)
donutday(28721) bottle(1540875) godsister(108320)
donutday(28721) bottle(1540875) kardashiankids(27981)
donutday(28721) bottle(1540875) promseason(77562)
donutday(28721) bottle(1540875) govballnyc(94257)
donutday(28721) amazingcars247(1228964) sls(614827)
donutday(28721) amazingcars247(1228964) black(70167468)
donutday(28721) amazingcars247(1228964) mercedes(4224701)
donutday(28721) amazingcars247(1228964) superstreet(673415)
donutday(28721) amazingcars247(1228964) promseason(77562)
donutday(28721) amazingcars247(1228964) benz(1629989)
donutday(28721) amazingcars247(1228964) fallontonight(21315)
donutday(28721) amazingcars247(1228964) weloveit(343405)
donutday(28721) amazingcars247(1228964) wekfest(128003)
donutday(28721) amazingcars247(1228964) dodgers(1939787)
donutday(28721) amazingcars247(1228964) amg(2063757)
donutday(28721) amazingcars247(1228964) wfla(7064)
donutday(28721) amazingcars247(1228964) series(1248100)
donutday(28721) amazingcars247(1228964) amazingcars247(1228966)
donutday(28721) amazingcars247(1228964) godsister(108320)
donutday(28721) amazingcars247(1228964) shareacoke(658524)
donutday(28721) amazingcars247(1228964) 7daysontheroad(767)
donutday(28721) amazingcars247(1228964) yg(1982557)
donutday(28721) funniest15seconds(60851) trst(12210)
donutday(28721) funniest15seconds(60851) kosova(355094)
donutday(28721) funniest15seconds(60851) jaggerjosephbraun(28)
donutday(28721) funniest15seconds(60851) friends(219678595)
donutday(28721) funniest15seconds(60851) capitalo(277)
donutday(28721) funniest15seconds(60851) werewolf(460147)
donutday(28721) funniest15seconds(60851) wdywtgrid(14309)
donutday(28721) funniest15seconds(60851) funniest15seconds(60851)
donutday(28721) funniest15seconds(60851) dwpickoftheday(10996)
donutday(28721) funniest15seconds(60851) besttime(787083)
donutday(28721) funniest15seconds(60851) freshprince(376906)
donutday(28721) funniest15seconds(60851) pink(74186635)
donutday(28721) funniest15seconds(60851) danielwellington(363046)
donutday(28721) funniest15seconds(60851) saturdays(898598)
donutday(28721) funniest15seconds(60851) aye30minnaturecontest(330)
donutday(28721) funniest15seconds(60851) myshadow(119089)
donutday(28721) funniest15seconds(60851) la(29888332)
donutday(28721) funniest15seconds(60851) srbija(469243)
donutday(28721) funniest15seconds(60851) prizen(850)
donutday(28721) funniest15seconds(60851) americanstyle(136588)
donutday(28721) funniest15seconds(60851) wdywt(3946163)
donutday(28721) freshprince(376906) eatyourbeansman(4)
donutday(28721) freshprince(376906) usabmu16(27)
donutday(28721) freshprince(376906) latino(1476042)
donutday(28721) freshprince(376906) hottie(6411993)
donutday(28721) freshprince(376906) bestdateever(78404)
donutday(28721) freshprince(376906) me(376482731)
donutday(28721) freshprince(376906) sweetheart(2136046)
donutday(28721) freshprince(376906) liquidlips(26278)
donutday(28721) freshprince(376906) suicidegirlsperiscope(41)
donutday(28721) freshprince(376906) tattoos(20113097)
donutday(28721) freshprince(376906) instamoment(27873395)
donutday(28721) freshprince(376906) bigheart(155572)
donutday(28721) freshprince(376906) regram(16149976)
donutday(28721) freshprince(376906) kickthedustup(5110)
donutday(28721) freshprince(376906) anastasiabeverlyhills(2207333)
donutday(28721) freshprince(376906) home(58060540)
donutday(28721) mybena(5033) repost(127945803)
donutday(28721) mybena(5033) nothinginthisworld(2440)
donutday(28721) mybena(5033) godsister(108320)
donutday(28721) mybena(5033) timessquare(1281339)
donutday(28721) mybena(5033) promseason(77562)
donutday(28721) mybena(5033) girlmeetsworld(174056)
donutday(28721) mybena(5033) auggie(22141)
donutday(28721) mybena(5033) daddydaughtertime(217848)
donutday(28721) mybena(5033) bucadibeppo(45098)
donutday(28721) mybena(5033) anniestyle(419)
donutday(28721) mybena(5033) chrisbrown(2698900)
donutday(28721) mybena(5033) hongkong(8382537)
donutday(28721) mybena(5033) boymeetsbuca(2)
donutday(28721) mybena(5033) loveunconditional(10624)
donutday(28721) mybena(5033) 50shadesofk(7430)
donutday(28721) mybena(5033) dressyourfacelive(14826)
donutday(28721) mybena(5033) highoffmylove(4290)
donutday(28721) mybena(5033) yg(1982560)
donutday(28721) digifestnyc(11955) murica(1254841)
donutday(28721) digifestnyc(11955) worldcup(5724802)
donutday(28721) digifestnyc(11955) renasarmy(2680)
donutday(28721) digifestnyc(11955) besttime(787083)
donutday(28721) digifestnyc(11955) aye30minnaturecontest(330)
donutday(28721) digifestnyc(11955) trst(12210)
donutday(28721) digifestnyc(11955) livefree(524084)
donutday(28721) digifestnyc(11955) kosova(355094)
donutday(28721) digifestnyc(11955) victory(1376514)
donutday(28721) digifestnyc(11955) soproud(1717806)
donutday(28721) digifestnyc(11955) srbija(469243)
donutday(28721) digifestnyc(11955) prizen(850)
donutday(28721) digifestnyc(11955) soccerdotcom(40539)
donutday(28721) digifestnyc(11955) inspired(2811767)
donutday(28721) digifestnyc(11955) puravidabracelets(68942)
donutday(28721) digifestnyc(11955) nike(45053757)
donutday(28721) digifestnyc(11955) friends(219678775)
donutday(28721) benz(1629987) eatyourbeansman(4)
donutday(28721) benz(1629987) hottie(6411996)
donutday(28721) benz(1629987) anastasiabeverlyhills(2207334)
donutday(28721) benz(1629987) soproud(1717806)
donutday(28721) benz(1629987) bestdateever(78404)
donutday(28721) benz(1629987) brandyusa(80183)
donutday(28721) benz(1629987) meowout(541)
donutday(28721) benz(1629987) tattoos(20113116)
donutday(28721) benz(1629987) freshtops(88362)
donutday(28721) benz(1629987) motd(4027104)
donutday(28721) benz(1629987) makeupbyanna(79390)
donutday(28721) benz(1629987) jurassicworld(123029)
donutday(28721) benz(1629987) latino(1476044)
donutday(28721) benz(1629987) victory(1376515)
donutday(28721) benz(1629987) valentino(7171040)
donutday(28721) benz(1629987) sweetheart(2136047)
donutday(28721) benz(1629987) liquidlips(26279)
donutday(28721) benz(1629987) inspired(2811772)
donutday(28721) benz(1629987) bigheart(155572)
donutday(28721) benz(1629987) 77(342031)
donutday(28721) benz(1629987) kardashiankids(27981)
donutday(28721) goodnight(39906025) iifa2015(4286)
donutday(28721) goodnight(39906025) eatyourbeansman(4)
donutday(28721) goodnight(39906025) fairytale(1042417)
donutday(28721) goodnight(39906025) 77(342032)
donutday(28721) goodnight(39906025) spiketvawards(53)
donutday(28721) goodnight(39906025) repost(127946210)
donutday(28721) goodnight(39906025) nofilter(126734591)
donutday(28721) goodnight(39906025) baifernfamkannaja(43)
donutday(28721) goodnight(39906025) dildhadaknedo(12838)
donutday(28721) goodnight(39906025) premier(508165)
donutday(28721) goodnight(39906025) fallontonight(21316)
donutday(28721) goodnight(39906025) funniest15seconds(60851)
donutday(28721) goodnight(39906025) dreamy(683668)
donutday(28721) goodnight(39906025) makeupbyanna(79390)
donutday(28721) goodnight(39906025) tashasmith(2444)
donutday(28721) goodnight(39906025) followme(328115682)
donutday(28721) goodnight(39906025) vintique(381763)
donutday(28721) goodnight(39906025) malaysia(9638202)
donutday(28721) goodnight(39906025) freshprince(376907)
donutday(28721) goodnight(39906025) lilwanmai(27918)
donutday(28721) goodnight(39906025) day2(4844704)
donutday(28721) goodnight(39906025) capitalo(278)
donutday(28721) goodnight(39906025) kl(1464449)
donutday(28721) goodnight(39906025) goenkajewellers(3)
donutday(28721) goodnight(39906025) wirunphotography(121)
donutday(28721) huf2(206) summernightsnashville(18)
donutday(28721) huf2(206) valentino(7171017)
donutday(28721) huf2(206) murica(1254841)
donutday(28721) huf2(206) followme(328114642)
donutday(28721) huf2(206) roc(350667)
donutday(28721) huf2(206) isaacng(1054)
donutday(28721) huf2(206) throwupthex(143401)
donutday(28721) huf2(206) kosova(355094)
donutday(28721) huf2(206) trst(12210)
donutday(28721) huf2(206) besttime(787083)
donutday(28721) huf2(206) mybena(5033)
donutday(28721) huf2(206) bae(8863630)
donutday(28721) huf2(206) benabrooklynguy(11116)
donutday(28721) huf2(206) throwback(71789913)
donutday(28721) huf2(206) srbija(469243)
donutday(28721) huf2(206) babybubz(1232)
donutday(28721) huf2(206) alxjames(11526)
donutday(28721) huf2(206) jurassicworld(123027)
donutday(28721) huf2(206) friends(219678740)
donutday(28721) huf2(206) prizen(850)
donutday(28721) fifawwc(3641) spiketvawards(53)
donutday(28721) fifawwc(3641) supplied(210139)
donutday(28721) fifawwc(3641) pink(74186811)
donutday(28721) fifawwc(3641) 77(342032)
donutday(28721) fifawwc(3641) planb(430390)
donutday(28721) fifawwc(3641) getsupplied(1838)
donutday(28721) fifawwc(3641) 50shadesofk(7430)
donutday(28721) fifawwc(3641) nofilter(126734607)
donutday(28721) fifawwc(3641) motd(4027112)
donutday(28721) fifawwc(3641) alumni(740761)
donutday(28721) fifawwc(3641) myshadow(119089)
donutday(28721) fifawwc(3641) alxjames(11526)
donutday(28721) fifawwc(3641) usabmu16(27)
donutday(28721) fifawwc(3641) stanleycup(595851)
donutday(28721) fifawwc(3641) saturdays(898603)
donutday(28721) fifawwc(3641) repost(127946239)
donutday(28721) fifawwc(3641) la(29888418)
donutday(28721) fifawwc(3641) makeupbyanna(79390)
donutday(28721) waitwhat(228874) ucl(730778)
donutday(28721) waitwhat(228874) wweslc(497)
donutday(28721) waitwhat(228874) benabrooklynguy(11116)
donutday(28721) waitwhat(228874) americanstyle(136589)
donutday(28721) waitwhat(228874) wheredidstevego(40)
donutday(28721) waitwhat(228874) onlyforluxury(18892)
donutday(28721) waitwhat(228874) kennychesney(274021)
donutday(28721) waitwhat(228874) regram(16149978)
donutday(28721) waitwhat(228874) premier(508165)
donutday(28721) waitwhat(228874) fallontonight(21315)
donutday(28721) waitwhat(228874) soldierfield(78151)
donutday(28721) waitwhat(228874) iifa2015(4280)
donutday(28721) waitwhat(228874) fcb_supporters(1098)
donutday(28721) waitwhat(228874) energy(4764893)
donutday(28721) waitwhat(228874) dreamy(683664)
donutday(28721) waitwhat(228874) mybena(5033)
donutday(28721) waitwhat(228874) malaysia(9638123)
donutday(28721) waitwhat(228874) suicidegirlsperiscope(41)
donutday(28721) waitwhat(228874) dance(25788671)
donutday(28721) waitwhat(228874) messi(3357108)
donutday(28721) waitwhat(228874) stanleycup(595851)
donutday(28721) waitwhat(228874) wwe(4055128)
donutday(28721) waitwhat(228874) fun(217355340)
donutday(28721) waitwhat(228874) dildhadaknedo(12836)
donutday(28721) waitwhat(228874) day2(4844693)
donutday(28721) waitwhat(228874) rehearsals(193723)
donutday(28721) waitwhat(228874) fcbarcelona(1702815)
donutday(28721) waitwhat(228874) goenkajewellers(3)
donutday(28721) waitwhat(228874) fairytale(1042414)
donutday(28721) waitwhat(228874) wirunphotography(121)
donutday(28721) waitwhat(228874) tunein(315437)
donutday(28721) waitwhat(228874) kl(1464434)
donutday(28721) waitwhat(228874) celticwarrior(8137)
donutday(28721) canada(13562829) throwback(71790046)
donutday(28721) canada(13562829) thuglife(3764777)
donutday(28721) canada(13562829) throwupthex(143401)
donutday(28721) canada(13562829) regram(16149997)
donutday(28721) canada(13562829) danielwellington(363048)
donutday(28721) canada(13562829) 7daysontheroad(769)
donutday(28721) canada(13562829) soproud(1717812)
donutday(28721) canada(13562829) haroldandmaude(5659)
donutday(28721) canada(13562829) fun(217355795)
donutday(28721) canada(13562829) cane(1035213)
donutday(28721) canada(13562829) daddydaughtertime(217848)
donutday(28721) canada(13562829) winneandkleo(1)
donutday(28721) canada(13562829) anniestyle(419)
donutday(28721) canada(13562829) grandpa(1788325)
donutday(28721) canada(13562829) iifa2015(4282)
donutday(28721) canada(13562829) healthymary(48640)
donutday(28721) canada(13562829) inspired(2811781)
donutday(28721) canada(13562829) dwpickoftheday(10996)
donutday(28721) canada(13562829) roc(350667)
donutday(28721) canada(13562829) energy(4764906)
donutday(28721) canada(13562829) loveunconditional(10624)
donutday(28721) canada(13562829) dance(25788750)
donutday(28721) canada(13562829) rehearsals(193723)
donutday(28721) canada(13562829) dancing(7834852)
donutday(28721) canada(13562829) stancenation(2166714)
donutday(28721) canada(13562829) victory(1376518)
donutday(28721) black(70167392) teamfitt(45533)
donutday(28721) black(70167392) repost(127945547)
donutday(28721) black(70167392) canada(13562837)
donutday(28721) black(70167392) otas(5544)
donutday(28721) black(70167392) ohcanada(177888)
donutday(28721) black(70167392) blacktattoo(164109)
donutday(28721) black(70167392) tattoo(42717225)
donutday(28721) black(70167392) commonwealth(87551)
donutday(28721) black(70167392) christinesinclair(1871)
donutday(28721) black(70167392) warrenjc(87813)
donutday(28721) black(70167392) kennychesney(274021)
donutday(28721) black(70167392) edmonton(801160)
donutday(28721) black(70167392) tattoos(20113113)
donutday(28721) black(70167392) girlmeetsworld(174056)
donutday(28721) black(70167392) auggie(22141)
donutday(28721) black(70167392) bestdateever(78404)
donutday(28721) black(70167392) blackwork(330649)
donutday(28721) black(70167392) chinapr(142)
donutday(28721) black(70167392) hottie(6411994)
donutday(28721) black(70167392) bucadibeppo(45098)
donutday(28721) black(70167392) blackworkers(196924)
donutday(28721) black(70167392) boymeetsbuca(2)
donutday(28721) black(70167392) goodnight(39906076)
donutday(28721) black(70167392) sweetheart(2136047)
donutday(28721) black(70167392) soldierfield(78151)
donutday(28721) black(70167392) capenidhra(1966)
donutday(28721) black(70167392) bigheart(155572)
donutday(28721) black(70167392) fifawwc(3641)
donutday(28721) black(70167392) risegymgear(2518)
donutday(28721) black(70167392) timessquare(1281337)
donutday(28721) black(70167392) bottle(1540877)
donutday(28721) black(70167392) history(6352137)
donutday(28721) black(70167392) bw(10197968)
donutday(28721) black(70167392) speciale(196892)
donutday(28721) black(70167392) latino(1476043)
donutday(28721) black(70167392) jgaltusa(11163)
donutday(28721) black(70167392) penalty(114648)
donutday(28721) mercedes(4224697) teamfitt(45533)
donutday(28721) mercedes(4224697) eatyourbeansman(4)
donutday(28721) mercedes(4224697) throwupthex(143401)
donutday(28721) mercedes(4224697) untamed(62953)
donutday(28721) mercedes(4224697) livefree(524083)
donutday(28721) mercedes(4224697) bacarditour(1776)
donutday(28721) mercedes(4224697) bossmode(59829)
donutday(28721) mercedes(4224697) blacktattoo(164109)
donutday(28721) mercedes(4224697) styledbyadrianne(1172)
donutday(28721) mercedes(4224697) blackwork(330649)
donutday(28721) mercedes(4224697) blackworkers(196924)
donutday(28721) mercedes(4224697) tattoo(42717237)
donutday(28721) mercedes(4224697) roc(350667)
donutday(28721) mercedes(4224697) repost(127945586)
donutday(28721) mercedes(4224697) puravidabracelets(68942)
donutday(28721) mercedes(4224697) tothefore(1055)
donutday(28721) mercedes(4224697) skyspacela(172)
donutday(28721) mercedes(4224697) risegymgear(2518)
donutday(28721) mercedes(4224697) lilwanmai(27918)
donutday(28721) mercedes(4224697) bw(10197968)
donutday(28721) mercedes(4224697) aye30minnaturecontest(330)
donutday(28721) mercedes(4224697) bl(617195)
donutday(28721) mercedes(4224697) spon(34287)
donutday(28721) mercedes(4224697) jgaltusa(11163)
donutday(28721) mercedes(4224697) throwback(71789951)
donutday(28721) highoffmylove(4290) thuglife(3764776)
donutday(28721) highoffmylove(4290) repost(127945931)
donutday(28721) highoffmylove(4290) throwback(71790038)
donutday(28721) highoffmylove(4290) cane(1035213)
donutday(28721) highoffmylove(4290) wweslc(497)
donutday(28721) highoffmylove(4290) ohcanada(177888)
donutday(28721) highoffmylove(4290) history(6352150)
donutday(28721) highoffmylove(4290) commonwealth(87551)
donutday(28721) highoffmylove(4290) frands(141370)
donutday(28721) highoffmylove(4290) timessquare(1281339)
donutday(28721) highoffmylove(4290) bucadibeppo(45098)
donutday(28721) highoffmylove(4290) roc(350667)
donutday(28721) highoffmylove(4290) banginandbitsy(2)
donutday(28721) highoffmylove(4290) bossmode(59829)
donutday(28721) highoffmylove(4290) girlmeetsworld(174056)
donutday(28721) highoffmylove(4290) auggie(22141)
donutday(28721) highoffmylove(4290) christinesinclair(1871)
donutday(28721) highoffmylove(4290) chinapr(142)
donutday(28721) highoffmylove(4290) goodnight(39906130)
donutday(28721) highoffmylove(4290) grandpa(1788325)
donutday(28721) highoffmylove(4290) poolparty(1892588)
donutday(28721) highoffmylove(4290) edmonton(801165)
donutday(28721) highoffmylove(4290) bottle(1540880)
donutday(28721) highoffmylove(4290) boymeetsbuca(2)
donutday(28721) highoffmylove(4290) throwupthex(143401)
donutday(28721) highoffmylove(4290) skyspacela(172)
donutday(28721) highoffmylove(4290) repost(127945952)
donutday(28721) highoffmylove(4290) canada(13562849)
donutday(28721) highoffmylove(4290) wwe(4055137)
donutday(28721) highoffmylove(4290) englishbulldog(1744704)
donutday(28721) highoffmylove(4290) hockeyteam(22521)
donutday(28721) highoffmylove(4290) fifawwc(3643)
donutday(28721) highoffmylove(4290) dancing(7834851)
donutday(28721) highoffmylove(4290) celticwarrior(8137)
donutday(28721) highoffmylove(4290) penalty(114648)
donutday(28721) huf(1436195) contigokevinroldan(371)
donutday(28721) huf(1436195) blackworkers(196924)
donutday(28721) huf(1436195) cane(1035213)
donutday(28721) huf(1436195) dogs(16257354)
donutday(28721) huf(1436195) blacktattoo(164109)
donutday(28721) huf(1436195) blackwork(330649)
donutday(28721) huf(1436195) tattoo(42717203)
donutday(28721) huf(1436195) thuglife(3764771)
donutday(28721) huf(1436195) love(920961435)
donutday(28721) huf(1436195) dancing(7834827)
donutday(28721) huf(1436195) stancenation(2166710)
donutday(28721) huf(1436195) bw(10197962)
donutday(28721) huf(1436195) grandpa(1788324)
donutday(28721) huf(1436195) dogsofinstagram(21540636)
donutday(28721) huf(1436195) americanstyle(136589)
donutday(28721) huf(1436195) dog(69441117)
donutday(28721) sls(614825) nationals(926597)
donutday(28721) sls(614825) funniest15seconds(60851)
donutday(28721) sls(614825) tashasmith(2444)
donutday(28721) sls(614825) dodgers(1939788)
donutday(28721) sls(614825) xgames(324706)
donutday(28721) sls(614825) freshprince(376907)
donutday(28721) sls(614825) regram(16149990)
donutday(28721) sls(614825) laque(42596)
donutday(28721) sls(614825) weloveit(343405)
donutday(28721) sls(614825) alxjames(11526)
donutday(28721) sls(614825) laquenailbar(35891)
donutday(28721) sls(614825) tunein(315437)
donutday(28721) sls(614825) getlaqued(27012)
donutday(28721) sls(614825) dreamfoundation(825)
donutday(28721) sls(614825) wheredidstevego(40)
donutday(28721) sls(614825) capitalo(278)
donutday(28721) hufworldwide(33337) ohcanada(177888)
donutday(28721) hufworldwide(33337) dodgers(1939787)
donutday(28721) hufworldwide(33337) commonwealth(87551)
donutday(28721) hufworldwide(33337) christinesinclair(1871)
donutday(28721) hufworldwide(33337) edmonton(801160)
donutday(28721) hufworldwide(33337) angels(1759153)
donutday(28721) hufworldwide(33337) americanpharaoh(5005)
donutday(28721) hufworldwide(33337) goodnight(39906064)
donutday(28721) hufworldwide(33337) chinapr(142)
donutday(28721) hufworldwide(33337) regram(16149979)
donutday(28721) hufworldwide(33337) weloveit(343405)
donutday(28721) hufworldwide(33337) eatwhatyoukill(6615)
donutday(28721) hufworldwide(33337) killwhatyoueat(916)
donutday(28721) hufworldwide(33337) 24(3668204)
donutday(28721) hufworldwide(33337) fifawwc(3641)
donutday(28721) hufworldwide(33337) bottle(1540877)
donutday(28721) hufworldwide(33337) canada(13562836)
donutday(28721) hufworldwide(33337) aye30minnaturecontest(330)
donutday(28721) hufworldwide(33337) history(6352137)
donutday(28721) hufworldwide(33337) vintique(381762)
donutday(28721) hufworldwide(33337) penalty(114648)
donutday(28721) penalty(114648) jurassicworld(123031)
donutday(28721) penalty(114648) fcb_supporters(1099)
donutday(28721) penalty(114648) ohcanada(177888)
donutday(28721) penalty(114648) commonwealth(87551)
donutday(28721) penalty(114648) history(6352153)
donutday(28721) penalty(114648) christinesinclair(1871)
donutday(28721) penalty(114648) baifernfamkannaja(43)
donutday(28721) penalty(114648) teamfitt(45534)
donutday(28721) penalty(114648) raffaelmachadonodomingoespetacular(6)
donutday(28721) penalty(114648) raffaelmachado(1698)
donutday(28721) penalty(114648) fifawwc(3643)
donutday(28721) penalty(114648) bottle(1540881)
donutday(28721) penalty(114648) chinapr(142)
donutday(28721) penalty(114648) warrenjc(87814)
donutday(28721) penalty(114648) fashionking(24942)
donutday(28721) penalty(114648) messi(3357155)
donutday(28721) penalty(114648) fcbarcelona(1702893)
donutday(28721) penalty(114648) valentino(7171087)
donutday(28721) penalty(114648) canada(13562853)
donutday(28721) penalty(114648) ucl(730814)
donutday(28721) penalty(114648) goodnight(39906164)
donutday(28721) penalty(114648) risegymgear(2518)
donutday(28721) penalty(114648) contigokevinroldan(371)
donutday(28721) penalty(114648) edmonton(801168)
donutday(28721) penalty(114648) stanleycup(595851)
donutday(28721) penalty(114648) copordrop(27732)
donutday(28721) penalty(114648) penalty(114648)
donutday(28721) ufcnola(2711) nyc(38406314)
donutday(28721) ufcnola(2711) nofilter(126734625)
donutday(28721) ufcnola(2711) newage(247624)
donutday(28721) ufcnola(2711) hiphopgoesbroadway(131)
donutday(28721) ufcnola(2711) bw(10197991)
donutday(28721) ufcnola(2711) film07(322)
donutday(28721) ufcnola(2711) blackwork(330651)
donutday(28721) ufcnola(2711) tattoo(42717327)
donutday(28721) ufcnola(2711) blacktattoo(164110)
donutday(28721) ufcnola(2711) ufcnola(2715)
donutday(28721) ufcnola(2711) momjeans(55817)
donutday(28721) ufcnola(2711) blackworkers(196924)
donutday(28721) ufcnola(2711) gaybar(148795)
donutday(28721) ufcnola(2711) styledbyadrianne(1172)
donutday(28721) ufcnola(2711) newyork(26126469)
donutday(28721) ufcnola(2711) 30sarenew20s(40)
