nbaplayoffs(516478) playoffs(1924605)
nbaplayoffs(516478) igers(187607417)
nbaplayoffs(516478) roaracle(19476)
nbaplayoffs(516478) dope(17048836)
nbaplayoffs(516478) sanfrancisco(8281000)
nbaplayoffs(516478) gsw(189803)
nbaplayoffs(516478) airjordanivs(200)
nbaplayoffs(516478) jesus(10188378)
nbaplayoffs(516478) followme(328130380)
nbaplayoffs(516478) sexysunday(123139)
nbaplayoffs(516478) sports(7422217)
nbaplayoffs(516478) mood(7820426)
nbaplayoffs(516478) bestoftheday(151284794)
nbaplayoffs(516478) instamood(143444349)
nbaplayoffs(516478) mensfashion(4649264)
nbaplayoffs(516478) webstergram(123687)
nbaplayoffs(516478) mvp(1334072)
nbaplayoffs(516478) whenbordemstrikes(23839)
nbaplayoffs(516478) airjordan(2757268)
nbaplayoffs(516478) screwib(277)
nbaplayoffs(516478) airjordan4s(4777)
nbaplayoffs(516478) samelove(845841)
nbaplayoffs(516478) waitingforthenextgame(196)
nbaplayoffs(516478) thebay(333357)
nbaplayoffs(516478) handlelife(92602)
nbaplayoffs(516478) smile(224632924)
nbaplayoffs(516478) nbafinals(587168)
nbaplayoffs(516478) djlowdown(128)
nbaplayoffs(516478) bored(87949593)
nbaplayoffs(516478) fashion(220320445)
nbaplayoffs(516478) justkidding(1548421)
nbaplayoffs(516478) sneakerheads(2485987)
nbaplayoffs(516478) airjordan4(63525)
nbaplayoffs(516478) freeallday(1201)
nbaplayoffs(516478) oakland(1682936)
nbaplayoffs(516478) hkbasketball(15190)
nbaplayoffs(516478) dayparty(340908)
nbaplayoffs(516478) iamanangel(1527)
nbaplayoffs(516478) picoftheday(232541897)
nbaplayoffs(516478) 2015(26933003)
nbaplayoffs(516478) dontmess(148651)
nbaplayoffs(516478) hiphop(15934539)
nbaplayoffs(516478) grind(4862575)
nbaplayoffs(516478) ballislife(2994326)
nbaplayoffs(516478) wanderlust(5841379)
nbaplayoffs(516478) nbaplayoffs(516478)
nbaplayoffs(516478) gangstermaterial(28)
nbaplayoffs(516478) nbc(444453)
nbaplayoffs(516478) nightparty(119092)
nbaplayoffs(516478) dubsnation(7935)
nbaplayoffs(516478) fun(217364918)
nbaplayoffs(516478) hardwork(7394323)
nbaplayoffs(516478) jumpman(837024)
nbaplayoffs(516478) workout(45083033)
nbaplayoffs(516478) like4like(233493261)
nbaplayoffs(516478) nhl(1552701)
nbaplayoffs(516478) greeklife(232890)
nbaplayoffs(516478) kingjames(808640)
nbaplayoffs(516478) manhattan(4650746)
nbaplayoffs(516478) hkig(17317854)
nbaplayoffs(516478) onepride(99656)
nbaplayoffs(516478) sneakerheadchics(35)
nbaplayoffs(516478) streetwear(5402819)
nbaplayoffs(516478) trocolikes(8443645)
nbaplayoffs(516478) splashbrothers(82116)
nbaplayoffs(516478) jordan4(260022)
nbaplayoffs(516478) awesome(58865661)
nbaplayoffs(516478) curry(1494937)
nbaplayoffs(516478) instagood(422216058)
nbaplayoffs(516478) tweetagram(179507)
nbaplayoffs(516478) urbanwear(364737)
nbaplayoffs(516478) hkig(17317853)
nbaplayoffs(516478) js(1013534)
nbaplayoffs(516478) regram(16150291)
nbaplayoffs(516478) rhoh(18084)
nbaplayoffs(516478) iguodala(6007)
nbaplayoffs(516478) game(15791632)
nbaplayoffs(516478) warriors(1395691)
nbaplayoffs(516478) kicks(6298700)
nbaplayoffs(516478) ques(52276)
nbaplayoffs(516478) hkigshop(4730797)
nbaplayoffs(516478) cebu(1247818)
nbaplayoffs(516478) seven(913214)
nbaplayoffs(516478) airjordans(480323)
nbaplayoffs(516478) hkig(17317848)
nbaplayoffs(516478) clutchcity(95258)
nbaplayoffs(516478) instagram(18376765)
nbaplayoffs(516478) jordan4s(59857)
nbaplayoffs(516478) jordans(4496114)
nbaplayoffs(516478) cavsnation(99787)
nbaplayoffs(516478) nfl(4912768)
nbaplayoffs(516478) follow(339298125)
nbaplayoffs(516478) james(2026896)
nbaplayoffs(516478) nba(7224868)
nbaplayoffs(516478) love(920999679)
nbaplayoffs(516478) hkonlineshop(5687755)
nbaplayoffs(516478) warriors(1395692)
nbaplayoffs(516478) positive(5387085)
nbaplayoffs(516478) friends(219688671)
nbaplayoffs(516478) amazing(172713283)
nbaplayoffs(516478) lol(122178000)
nbaplayoffs(516478) newyorkcity(5462960)
nbaplayoffs(516478) lebron(2696370)
nbaplayoffs(516478) dubnation(403841)
nbaplayoffs(516478) one(12962400)
nbaplayoffs(516478) wcw(137714912)
nbaplayoffs(516478) groupie(478869)
nbaplayoffs(516478) cavs(570347)
nbaplayoffs(516478) cavaliers(225256)
nbaplayoffs(516478) mvp(1334071)
nbaplayoffs(516478) instahub(17553404)
nbaplayoffs(516478) motivation(41784258)
nbaplayoffs(516478) bros(3310935)
nbaplayoffs(516478) tweegram(93506726)
nbaplayoffs(516478) igtoday(64542)
nbaplayoffs(516478) filter(6246275)
nbaplayoffs(516478) dunk(860351)
nbaplayoffs(516478) mensshoes(179855)
nbaplayoffs(516478) hkigshop(4730796)
nbaplayoffs(516478) celebritystyle(203329)
nbaplayoffs(516478) splashbros(44006)
nbaplayoffs(516478) travelgram(6780901)
nbaplayoffs(516478) seven(913216)
nbaplayoffs(516478) chefcurry(41183)
nbaplayoffs(516478) repost(127956271)
nbaplayoffs(516478) cleveland(1541035)
nbaplayoffs(516478) goldenstatewarriors(192057)
nbaplayoffs(516478) webstagram(96511643)
nbaplayoffs(516478) jordan(11245530)
nbaplayoffs(516478) motivation(41784223)
nbaplayoffs(516478) basketball(10562196)
nbaplayoffs(516478) nba(7224869)
nbaplayoffs(516478) nbatv(39322)
nbaplayoffs(516478) dubs(319601)
nbaplayoffs(516478) dream(16789996)
nbaplayoffs(516478) sneakers(8140355)
nbaplayoffs(516478) basketball(10562199)
nbaplayoffs(516478) style(146570987)
nbaplayoffs(516478) stephcurry(119386)
nbaplayoffs(516478) vegas(16406893)
nbaplayoffs(516478) bayarea(2616797)
nbaplayoffs(516478) nba(7224870)
nbaplayoffs(516478) airjordaniv(7670)
