nbaplayoffs(519140) luck(1717852)
nbaplayoffs(519140) mvp(1311990)
nbaplayoffs(519140) delly(54893)
nbaplayoffs(519140) exercise(15719823)
nbaplayoffs(519140) meditating(84557)
nbaplayoffs(519140) ballislife(2979162)
nbaplayoffs(519140) allbroneverything(10313)
nbaplayoffs(519140) warriorsnation(17276)
nbaplayoffs(519140) bron(58383)
nbaplayoffs(519140) profits(24286)
nbaplayoffs(519140) allin(665272)
nbaplayoffs(519140) striveforgreatness(786634)
nbaplayoffs(519140) mommyonamission(10739)
nbaplayoffs(519140) redcup(270316)
nbaplayoffs(519140) king(6123340)
nbaplayoffs(519140) umadbro(170345)
nbaplayoffs(519140) basketball(10510314)
nbaplayoffs(519140) stephcurry(123027)
nbaplayoffs(519140) style(146927085)
nbaplayoffs(519140) lasvegas(9282121)
nbaplayoffs(519140) kicksonfire(4172471)
nbaplayoffs(519140) sportsbetting(54028)
nbaplayoffs(519140) success(8748267)
nbaplayoffs(519140) nutraburst(9985)
nbaplayoffs(519140) tru(1578305)
nbaplayoffs(519140) basketballunited(19)
nbaplayoffs(519140) likeforlike(162792242)
nbaplayoffs(519140) followme(328902292)
nbaplayoffs(519140) visalus(257318)
nbaplayoffs(519140) aau(245255)
nbaplayoffs(519140) nhlplayoffs(108844)
nbaplayoffs(519140) lebronjames(1095758)
nbaplayoffs(519140) james(2026920)
nbaplayoffs(519140) hornets(313705)
nbaplayoffs(519140) tatted(3897726)
nbaplayoffs(519140) lifestyle(25766222)
nbaplayoffs(519140) lebron(2618677)
nbaplayoffs(519140) f4f(138862293)
nbaplayoffs(519140) lbjtripledub(8)
nbaplayoffs(519140) warriors(1365722)
nbaplayoffs(519140) royalty(958047)
nbaplayoffs(519140) heat(4819318)
nbaplayoffs(519140) bulls(2584593)
nbaplayoffs(519140) liquor(1060593)
nbaplayoffs(519140) cavsnation(106794)
nbaplayoffs(519140) instacollage(58355266)
nbaplayoffs(519140) laserfocused(4932)
nbaplayoffs(519140) parkour(790553)
nbaplayoffs(519140) kidanthedestroyer(505)
nbaplayoffs(519140) sweat(4540550)
nbaplayoffs(519140) kobe8(213028)
nbaplayoffs(519140) akronsfinest(583)
nbaplayoffs(519140) nba(7221177)
nbaplayoffs(519140) followforfollow(139372708)
nbaplayoffs(519140) fortune(1072362)
nbaplayoffs(519140) workout(45184101)
nbaplayoffs(519140) success(8748266)
nbaplayoffs(519140) l4l(135260935)
nbaplayoffs(519140) clutch(2282261)
nbaplayoffs(519140) jrsmith(68637)
nbaplayoffs(519140) lebron11(247608)
nbaplayoffs(519140) strava(312990)
nbaplayoffs(519140) jordans(4501620)
nbaplayoffs(519140) igfitnessfamily(546)
nbaplayoffs(519140) rap(9135650)
nbaplayoffs(519140) nbafinals(620648)
nbaplayoffs(519140) cavsin6(1550)
nbaplayoffs(519140) warriors(1365723)
nbaplayoffs(519140) bronbron(42181)
nbaplayoffs(519140) theking(705983)
nbaplayoffs(519140) lion(3034586)
nbaplayoffs(519140) bars(1560474)
nbaplayoffs(519140) nrg(167393)
nbaplayoffs(519140) jimbarnett(203)
nbaplayoffs(519140) cavs(590558)
nbaplayoffs(519140) dontjumpyoungblood(1373)
nbaplayoffs(519140) uncledrew(65079)
nbaplayoffs(519140) industry(412396)
nbaplayoffs(519140) gameofthrones(2690325)
nbaplayoffs(519140) beachbod(126518)
nbaplayoffs(519140) miami(22844669)
nbaplayoffs(519140) like4like(234165238)
nbaplayoffs(519140) game2(131590)
nbaplayoffs(519140) bestcapper(1460)
nbaplayoffs(519140) earnednotgiven(104019)
nbaplayoffs(519140) betting(132197)
nbaplayoffs(519140) mailboxmoney(19928)
nbaplayoffs(519140) miamiheat(1595383)
nbaplayoffs(519140) calenthenics(45)
nbaplayoffs(519140) yinyang(396057)
nbaplayoffs(519140) getfit(11707043)
nbaplayoffs(519140) delcurry(119)
nbaplayoffs(519140) skinntea(67828)
nbaplayoffs(519140) winning(9047015)
nbaplayoffs(519140) beer(27595070)
nbaplayoffs(519140) backboard(184200)
nbaplayoffs(519140) happypill(35046)
nbaplayoffs(519140) nbafinals2015(11175)
nbaplayoffs(519140) clutchfamilyposts(148)
nbaplayoffs(519140) chefcurry(42893)
nbaplayoffs(519140) circlegotsmaller(1196)
nbaplayoffs(519140) likeitup(6810155)
nbaplayoffs(519140) youreachiteach(1721)
nbaplayoffs(519140) strikeup(2613)
nbaplayoffs(519140) rileycurry(16412)
nbaplayoffs(519140) michaeljordan(732485)
nbaplayoffs(519140) hdfootwork(35790)
nbaplayoffs(519140) mlb(1733695)
nbaplayoffs(519140) kingjames(818944)
nbaplayoffs(519140) music(89899184)
nbaplayoffs(519140) god(18098649)
nbaplayoffs(519140) follow4follow(174642194)
nbaplayoffs(519140) turnt(2061283)
nbaplayoffs(519140) weightlifting(2260343)
nbaplayoffs(519140) handicapping(9380)
nbaplayoffs(519140) core(1510060)
nbaplayoffs(519140) nhl(1539234)
nbaplayoffs(519140) vegasstrip(235833)
nbaplayoffs(519140) basket(1660024)
nbaplayoffs(519140) allincle(70897)
nbaplayoffs(519140) goat(1534104)
nbaplayoffs(519140) crown(1907265)
nbaplayoffs(519140) graffiti(11729750)
nbaplayoffs(519140) dontreach(4300)
nbaplayoffs(519140) kennysmith(3088)
nbaplayoffs(519140) dhtk(15488)
nbaplayoffs(519140) stephcurrywiththeshot(8719)
nbaplayoffs(519140) guaranteedwinner(1824)
nbaplayoffs(519140) bettor(2634)
nbaplayoffs(519140) motivation(41888203)
nbaplayoffs(519140) nbafinals(620646)
nbaplayoffs(519140) 2k15(1583525)
nbaplayoffs(519140) goldonstate(90)
nbaplayoffs(519140) dubnation(416575)
nbaplayoffs(519140) follow4follow(174642191)
nbaplayoffs(519140) nbaplayoffs(519140)
nbaplayoffs(519140) iaso(29581)
nbaplayoffs(519140) lmao(23400407)
nbaplayoffs(519140) dunk(861405)
nbaplayoffs(519140) weareallwitnesses(5623)
nbaplayoffs(519140) believeland(63066)
nbaplayoffs(519140) mr4thquarter(1509)
nbaplayoffs(519140) capping(10942)
nbaplayoffs(519140) wizards(373961)
nbaplayoffs(519140) champs(1738599)
nbaplayoffs(519140) followforfollow(139372706)
nbaplayoffs(519140) prayerful(18519)
nbaplayoffs(519140) squat(3534112)
nbaplayoffs(519140) l4l(135260933)
nbaplayoffs(519140) kyrieirving(107133)
nbaplayoffs(519140) determined(2815515)
nbaplayoffs(519140) nfl(4912982)
nbaplayoffs(519140) witness(224043)
nbaplayoffs(519140) vegas(16475023)
nbaplayoffs(519140) capper(12041)
nbaplayoffs(519140) cardio(13379905)
nbaplayoffs(519140) getitinohio(431)
nbaplayoffs(519140) nbafinals(620645)
nbaplayoffs(519140) win(6755512)
nbaplayoffs(519140) kalamazoo(93719)
nbaplayoffs(519140) hiphop(15994314)
nbaplayoffs(519140) nbachampionship(8435)
nbaplayoffs(519140) money(16142363)
nbaplayoffs(519140) nbafinals(620647)
nbaplayoffs(519140) love(922769988)
nbaplayoffs(519140) buckets(356569)
nbaplayoffs(519140) supreme(4271695)
nbaplayoffs(519140) f4f(138862286)
nbaplayoffs(519140) letsgowarriors(74692)
nbaplayoffs(519140) sportsbook(40166)
nbaplayoffs(519140) tnt(717246)
nbaplayoffs(519140) airjordan(2769649)
nbaplayoffs(519140) art(106756426)
nbaplayoffs(519140) artsy(4992074)
nbaplayoffs(519140) cavaliers(230895)
nbaplayoffs(519140) cavs(590557)
nbaplayoffs(519140) gsw(193190)
nbaplayoffs(519140) faith(9700315)
nbaplayoffs(519140) jordan23(94850)
nbaplayoffs(519140) lebron(2618678)
nbaplayoffs(519140) cycling(3201357)
nbaplayoffs(519140) allincle(70896)
nbaplayoffs(519140) 1000families(5429)
nbaplayoffs(519140) gamewinner(58430)
nbaplayoffs(519140) kingjames(818945)
nbaplayoffs(519140) hawks(781071)
nbaplayoffs(519140) networkmarketing(478328)
nbaplayoffs(519140) joinmenow(3062)
nbaplayoffs(519140) sport(14578845)
nbaplayoffs(519140) bets(130177)
nbaplayoffs(519140) buzzerbeater(48841)
nbaplayoffs(519140) lebronjames(1095759)
nbaplayoffs(519140) creative(12442677)
nbaplayoffs(519140) streetbasketball(7189)
nbaplayoffs(519140) wontevenpretend(24)
nbaplayoffs(519140) icomeup(442)
nbaplayoffs(519140) goldenstatewarriors(197883)
nbaplayoffs(519140) elegance(1347866)
nbaplayoffs(519140) mrclutch(14207)
nbaplayoffs(519140) alleyoop(29266)
nbaplayoffs(519140) slamdunk(284623)
nbaplayoffs(519140) besthandicapper(1344)
nbaplayoffs(519140) ounce(42147)
nbaplayoffs(519140) herbalife(4483794)
nbaplayoffs(519140) cavsvsgoldenstatewarriors(10)
nbaplayoffs(519140) likeforlike(162792246)
nbaplayoffs(519140) artistic(2576859)
nbaplayoffs(519140) reiki(218718)
nbaplayoffs(519140) parlay(44623)
nbaplayoffs(519140) nbamvp(8989)
nbaplayoffs(519140) sike(1013698)
nbaplayoffs(519140) brand(3682191)
nbaplayoffs(519140) court(845181)
nbaplayoffs(519140) like4like(234165233)
nbaplayoffs(519140) united(1347582)
nbaplayoffs(519140) espn(1015066)
nbaplayoffs(519140) cleveland(1533165)
nbaplayoffs(519140) clevelandcavaliers(89979)
nbaplayoffs(519140) nets(505624)
nbaplayoffs(519140) nba(7221176)
nbaplayoffs(519140) cavs(590556)
nbaplayoffs(519140) dwade(212459)
nbaplayoffs(519140) organogold(145949)
nbaplayoffs(519140) mlm(655903)
nbaplayoffs(519140) throwback(71869966)
nbaplayoffs(519140) basketball(10510313)
nbaplayoffs(519140) follow(340075132)
nbaplayoffs(519140) street(15543904)
nbaplayoffs(519140) yoga(11904033)
