nbaplayoffs(516319) charlottelook(14224) speciale(196882)
nbaplayoffs(516319) charlottelook(14224) goals(8773562)
nbaplayoffs(516319) charlottelook(14224) ferrari(4908438)
nbaplayoffs(516319) charlottelook(14224) 458(485167)
nbaplayoffs(516319) charlottelook(14224) blacklist(1389448)
nbaplayoffs(516319) charlottelook(14224) cncsf(546)
nbaplayoffs(516319) charlottelook(14224) nationaldonutday(184750)
nbaplayoffs(516319) charlottelook(14224) aventador(969451)
nbaplayoffs(516319) charlottelook(14224) lamborghini(3022259)
nbaplayoffs(516319) charlottelook(14224) huracan(215628)
nbaplayoffs(516319) charlottelook(14224) morning(48017752)
nbaplayoffs(516319) charlottelook(14224) instagoodmyphoto(58515)
nbaplayoffs(516319) charlottelook(14224) bestvacations(814041)
nbaplayoffs(516319) lifethreatening(2167) dressby(3390)
nbaplayoffs(516319) lifethreatening(2167) itsmycannes(2162)
nbaplayoffs(516319) lifethreatening(2167) wwe(4054845)
nbaplayoffs(516319) lifethreatening(2167) hairglam(12647)
nbaplayoffs(516319) lifethreatening(2167) letsgogetemb(56)
nbaplayoffs(516319) lifethreatening(2167) whatsmallstepwillyoutaketoday(3)
nbaplayoffs(516319) lifethreatening(2167) wdywtgrid(14308)
nbaplayoffs(516319) lifethreatening(2167) periscope(34538)
nbaplayoffs(516319) lifethreatening(2167) becausewecannes(13130)
nbaplayoffs(516319) lifethreatening(2167) setoftheday(4408)
nbaplayoffs(516319) lifethreatening(2167) lorealparisthailand(6974)
nbaplayoffs(516319) lifethreatening(2167) heyyy(180910)
nbaplayoffs(516319) lifethreatening(2167) iwanttobefamous(5155)
nbaplayoffs(516319) lifethreatening(2167) lorealth(1690)
nbaplayoffs(516319) lifethreatening(2167) getlaqued(27010)
nbaplayoffs(516319) lifethreatening(2167) lorealparismakeup(6213)
nbaplayoffs(516319) lifethreatening(2167) quenoseculpeanadiedemimuerte(76)
nbaplayoffs(516319) lifethreatening(2167) oops(3316816)
nbaplayoffs(516319) lifethreatening(2167) hairflip(290273)
nbaplayoffs(516319) lifethreatening(2167) beautybreakthru(65)
nbaplayoffs(516319) lifethreatening(2167) laquenailbar(35850)
nbaplayoffs(516319) lifethreatening(2167) yeswecannes(9933)
nbaplayoffs(516319) lifethreatening(2167) lorealthailand(7264)
nbaplayoffs(516319) lifethreatening(2167) laque(42594)
nbaplayoffs(516319) lifethreatening(2167) gettingit(201069)
nbaplayoffs(516319) lifethreatening(2167) repost(127929586)
nbaplayoffs(516319) lifethreatening(2167) hairbyglam(372)
nbaplayoffs(516319) lifethreatening(2167) handlelife(92589)
nbaplayoffs(516319) lifethreatening(2167) evamarie(77529)
nbaplayoffs(516319) lifethreatening(2167) flashback(3801803)
nbaplayoffs(516319) lifethreatening(2167) noshorthair(757)
nbaplayoffs(516319) lifethreatening(2167) lorealparis(151849)
nbaplayoffs(516319) lifethreatening(2167) cannes2015(146862)
nbaplayoffs(516319) lifethreatening(2167) lorealparisth(2577)
nbaplayoffs(516319) lifethreatening(2167) abbodysquad(11956)
nbaplayoffs(516319) lifethreatening(2167) repost(127929616)
nbaplayoffs(516319) lifethreatening(2167) photoby(74104)
nbaplayoffs(516319) lifethreatening(2167) gotem(428650)
nbaplayoffs(516319) lifethreatening(2167) funniest15seconds(60835)
nbaplayoffs(516319) lifethreatening(2167) lorealparisofficial(1580)
nbaplayoffs(516319) lifethreatening(2167) allredeverything(188549)
nbaplayoffs(516319) lifethreatening(2167) wdywt(3946061)
nbaplayoffs(516319) bostonstrong(860422) meltcosmetics(153856)
nbaplayoffs(516319) bostonstrong(860422) toobadiloveit(91)
nbaplayoffs(516319) bostonstrong(860422) hehatespink(131)
nbaplayoffs(516319) bostonstrong(860422) ireneishungry(21)
nbaplayoffs(516319) bostonstrong(860422) lorealparismakeup(6213)
nbaplayoffs(516319) bostonstrong(860422) lamborghini(3022251)
nbaplayoffs(516319) bostonstrong(860422) ireneislondon(141)
nbaplayoffs(516319) bostonstrong(860422) charlottelook(14224)
nbaplayoffs(516319) bostonstrong(860422) lorealparisth(2577)
nbaplayoffs(516319) bostonstrong(860422) royce(404823)
nbaplayoffs(516319) bostonstrong(860422) becausewecannes(13130)
nbaplayoffs(516319) bostonstrong(860422) lorealparisthailand(6974)
nbaplayoffs(516319) bostonstrong(860422) salicerose(12430)
nbaplayoffs(516319) bostonstrong(860422) lorealth(1690)
nbaplayoffs(516319) bostonstrong(860422) meltblitzed(2145)
nbaplayoffs(516319) bostonstrong(860422) mercedes(4224421)
nbaplayoffs(516319) bostonstrong(860422) wififun(174120)
nbaplayoffs(516319) bostonstrong(860422) yeswecannes(9933)
nbaplayoffs(516319) bostonstrong(860422) ferrari(4908430)
nbaplayoffs(516319) bostonstrong(860422) benz(1629866)
nbaplayoffs(516319) bostonstrong(860422) lorealthailand(7264)
nbaplayoffs(516319) bostonstrong(860422) proudsister(608858)
nbaplayoffs(516319) bostonstrong(860422) dektay(4314)
nbaplayoffs(516319) bostonstrong(860422) amazingcars247(1228853)
nbaplayoffs(516319) bostonstrong(860422) zaaponsale(22538)
nbaplayoffs(516319) bostonstrong(860422) itsmycannes(2162)
nbaplayoffs(516319) bostonstrong(860422) lorealparis(151849)
nbaplayoffs(516319) bostonstrong(860422) happyfriday(4367759)
nbaplayoffs(516319) bostonstrong(860422) cannes2015(146862)
nbaplayoffs(516319) bostonstrong(860422) dektaysummercollection2015(438)
nbaplayoffs(516319) bostonstrong(860422) sirenlondon(1492)
nbaplayoffs(516319) bostonstrong(860422) rolls(683381)
nbaplayoffs(516319) bostonstrong(860422) photoby(74104)
nbaplayoffs(516319) bostonstrong(860422) lorealparisofficial(1580)
nbaplayoffs(516319) bostonstrong(860422) dressby(3390)
nbaplayoffs(516319) bostonstrong(860422) travel(45884848)
nbaplayoffs(516319) bostonstrong(860422) liveoutdoors(27353)
nbaplayoffs(516319) bostonstrong(860422) adventure(10266124)
nbaplayoffs(516319) bostonstrong(860422) drunkgirlsbeliiiiike(3)
nbaplayoffs(516319) shredz(948555) iconiclashes(4927)
nbaplayoffs(516319) shredz(948555) nationaldonutday(184751)
nbaplayoffs(516319) shredz(948555) flipagram(12970769)
nbaplayoffs(516319) shredz(948555) familyfeud(57379)
nbaplayoffs(516319) shredz(948555) houseoflashes(189564)
nbaplayoffs(516319) shredz(948555) doseofheaven(77)
nbaplayoffs(516319) shredz(948555) june21(44956)
nbaplayoffs(516319) shredz(948555) identitycrisis(41465)
nbaplayoffs(516319) shredz(948555) raydonovan(17315)
nbaplayoffs(516319) shredz(948555) doseofcolors(63873)
nbaplayoffs(516319) shredz(948555) pixieluxelashes(1312)
nbaplayoffs(516319) shredz(948555) regram(16149565)
nbaplayoffs(516319) shredz(948555) govballnyc(93657)
nbaplayoffs(516319) shredz(948555) auroramakeup(328208)
nbaplayoffs(516319) shredz(948555) thelword(56761)
nbaplayoffs(516319) wwc(47357) prettysureihave(22)
nbaplayoffs(516319) wwc(47357) ufcink(70)
nbaplayoffs(516319) wwc(47357) matchday(393284)
nbaplayoffs(516319) wwc(47357) getlaqued(27010)
nbaplayoffs(516319) wwc(47357) muimuimountains(1)
nbaplayoffs(516319) wwc(47357) nevaforget(3608)
nbaplayoffs(516319) wwc(47357) ufcart(1063)
nbaplayoffs(516319) wwc(47357) tourwithyomama(1)
nbaplayoffs(516319) wwc(47357) uclfinal(106211)
nbaplayoffs(516319) wwc(47357) morning(48017789)
nbaplayoffs(516319) wwc(47357) dr3am(42957)
nbaplayoffs(516319) wwc(47357) juvefcb(25963)
nbaplayoffs(516319) wwc(47357) laque(42594)
nbaplayoffs(516319) wwc(47357) laquenailbar(35850)
nbaplayoffs(516319) wwc(47357) dope(17047446)
nbaplayoffs(516319) wwc(47357) fridaynightfeet(46)
nbaplayoffs(516319) wwc(47357) iknowwhereyouwillbethissummer(1)
nbaplayoffs(516319) nicole(684786) wdywt(3946063)
nbaplayoffs(516319) nicole(684786) wdywtgrid(14308)
nbaplayoffs(516319) nicole(684786) fiji(896608)
nbaplayoffs(516319) nicole(684786) randwick(24432)
nbaplayoffs(516319) nicole(684786) kl(1464235)
nbaplayoffs(516319) nicole(684786) flipagram(12970748)
nbaplayoffs(516319) nicole(684786) fijipro(5395)
nbaplayoffs(516319) nicole(684786) charlieboy(34296)
nbaplayoffs(516319) nicole(684786) myanmar(551179)
nbaplayoffs(516319) nicole(684786) iifarocks(1107)
nbaplayoffs(516319) nicole(684786) supreme(4324000)
nbaplayoffs(516319) nicole(684786) celesteisthebest(233)
nbaplayoffs(516319) nicole(684786) mandalay(83712)
nbaplayoffs(516319) nicole(684786) mermaid(2296763)
nbaplayoffs(516319) nicole(684786) malaysia(9636714)
nbaplayoffs(516319) nicole(684786) bowtie(1693626)
nbaplayoffs(516319) nicole(684786) races(728992)
nbaplayoffs(516319) nicole(684786) parisnouvellevague(765)
nbaplayoffs(516319) nicole(684786) thirtyisthenewtwenty(5103)
nbaplayoffs(516319) nicole(684786) shiamak(8655)
nbaplayoffs(516319) jiradt(40764) regram(16149563)
nbaplayoffs(516319) jiradt(40764) piiiiiiiick(3)
nbaplayoffs(516319) jiradt(40764) essentials(466149)
nbaplayoffs(516319) jiradt(40764) redhead(4861735)
nbaplayoffs(516319) jiradt(40764) gonnabeagreatyear(7033)
nbaplayoffs(516319) jiradt(40764) onmywayhomeproject(6106)
nbaplayoffs(516319) jiradt(40764) zaaponsale(22540)
nbaplayoffs(516319) jiradt(40764) periscope(34540)
nbaplayoffs(516319) jiradt(40764) repost(127930009)
nbaplayoffs(516319) jiradt(40764) doseofcolors(63873)
nbaplayoffs(516319) jiradt(40764) dreamincolor(8393)
nbaplayoffs(516319) jiradt(40764) setoftheday(4408)
nbaplayoffs(516319) committomore(413) seeyousoonitaly(220)
nbaplayoffs(516319) committomore(413) iwanttobefamous(5155)
nbaplayoffs(516319) committomore(413) whatsmallstepwillyoutaketoday(3)
nbaplayoffs(516319) committomore(413) wheresmydonut(663)
nbaplayoffs(516319) committomore(413) nationaldonutday(184751)
nbaplayoffs(516319) committomore(413) funniest15seconds(60836)
nbaplayoffs(516319) committomore(413) loveyou(36699627)
nbaplayoffs(516319) committomore(413) nbafinals(586983)
nbaplayoffs(516319) committomore(413) seewhatididthere(229945)
nbaplayoffs(516319) committomore(413) heyyy(180910)
nbaplayoffs(516319) committomore(413) somebodygetmeadonut(13)
nbaplayoffs(516319) committomore(413) feelinggrateful(46118)
nbaplayoffs(516319) committomore(413) flashback(3801808)
nbaplayoffs(516319) committomore(413) abbodysquad(11958)
nbaplayoffs(516319) committomore(413) cousins(17429670)
nbaplayoffs(516319) committomore(413) thingsonstrings(564)
nbaplayoffs(516319) committomore(413) donutcoma(1020)
nbaplayoffs(516319) considered(5986) salty(547444)
nbaplayoffs(516319) considered(5986) wildheart(95305)
nbaplayoffs(516319) considered(5986) film07(318)
nbaplayoffs(516319) considered(5986) cousins(17429629)
nbaplayoffs(516319) considered(5986) redhead(4861729)
nbaplayoffs(516319) considered(5986) repost(127921427)
nbaplayoffs(516319) considered(5986) sweet(59598947)
nbaplayoffs(516319) considered(5986) cookbookrecipedevelopment(5)
nbaplayoffs(516319) considered(5986) love(920889399)
nbaplayoffs(516319) considered(5986) losangeles(10910761)
nbaplayoffs(516319) considered(5986) chewy(331331)
nbaplayoffs(516319) considered(5986) flipagram(12970734)
nbaplayoffs(516319) considered(5986) repost(127921428)
nbaplayoffs(516319) considered(5986) 3doongieedits(49)
nbaplayoffs(516319) considered(5986) la(29886565)
nbaplayoffs(516319) regram(16149549) streetart(12734398)
nbaplayoffs(516319) regram(16149549) lifeisgood(3774797)
nbaplayoffs(516319) regram(16149549) ootdfash(207942)
nbaplayoffs(516319) regram(16149549) ontheblog(508056)
nbaplayoffs(516319) regram(16149549) abbodysquad(11958)
nbaplayoffs(516319) regram(16149549) joannaaoran(1020)
nbaplayoffs(516319) regram(16149549) freshfacefriday(12375)
nbaplayoffs(516319) regram(16149549) celfie(1040047)
nbaplayoffs(516319) regram(16149549) proudsister(608862)
nbaplayoffs(516319) regram(16149549) blessed(43657737)
nbaplayoffs(516319) regram(16149549) shredz(948557)
nbaplayoffs(516319) regram(16149549) streetartglobe(4150)
nbaplayoffs(516319) regram(16149549) whatsmallstepwillyoutaketoday(3)
nbaplayoffs(516319) regram(16149549) gucci(15397755)
nbaplayoffs(516319) namasteseries(286) salicerose(12433)
nbaplayoffs(516319) namasteseries(286) committomore(413)
nbaplayoffs(516319) namasteseries(286) iifarocks(1107)
nbaplayoffs(516319) namasteseries(286) dwts(392901)
nbaplayoffs(516319) namasteseries(286) thebachelorette(47560)
nbaplayoffs(516319) namasteseries(286) mermaid(2296765)
nbaplayoffs(516319) namasteseries(286) abbodysquad(11958)
nbaplayoffs(516319) namasteseries(286) proudsister(608862)
nbaplayoffs(516319) namasteseries(286) whatsmallstepwillyoutaketoday(3)
nbaplayoffs(516319) namasteseries(286) keeppounding(194884)
nbaplayoffs(516319) namasteseries(286) malaysia(9636748)
nbaplayoffs(516319) namasteseries(286) renearthwedding(76)
nbaplayoffs(516319) namasteseries(286) namasteseries(286)
nbaplayoffs(516319) namasteseries(286) jgaltusa(11163)
nbaplayoffs(516319) namasteseries(286) kl(1464238)
nbaplayoffs(516319) namasteseries(286) otas(5542)
nbaplayoffs(516319) namasteseries(286) shiamak(8655)
nbaplayoffs(516319) namasteseries(286) drunkgirlsbeliiiiike(3)
nbaplayoffs(516319) govballnyc(93635) flipagram(12970782)
nbaplayoffs(516319) govballnyc(93635) dektaysummercollection2015(438)
nbaplayoffs(516319) govballnyc(93635) film07(318)
nbaplayoffs(516319) govballnyc(93635) meltblitzed(2145)
nbaplayoffs(516319) govballnyc(93635) liveoutdoors(27356)
nbaplayoffs(516319) govballnyc(93635) dektay(4314)
nbaplayoffs(516319) govballnyc(93635) onmywayhomeproject(6107)
nbaplayoffs(516319) govballnyc(93635) nationaldonutday(184752)
nbaplayoffs(516319) govballnyc(93635) adventure(10266179)
nbaplayoffs(516319) govballnyc(93635) morning(48017821)
nbaplayoffs(516319) govballnyc(93635) travel(45885051)
nbaplayoffs(516319) govballnyc(93635) doseofheaven(77)
nbaplayoffs(516319) govballnyc(93635) love(920891061)
nbaplayoffs(516319) govballnyc(93635) meltcosmetics(153857)
nbaplayoffs(516319) govballnyc(93635) doseofcolors(63873)
nbaplayoffs(516319) govballnyc(93635) repost(127930231)
nbaplayoffs(516319) bae(8862500) 458(485167)
nbaplayoffs(516319) bae(8862500) familyfeud(57379)
nbaplayoffs(516319) bae(8862500) speciale(196882)
nbaplayoffs(516319) bae(8862500) whoyougot(11507)
nbaplayoffs(516319) bae(8862500) film07(318)
nbaplayoffs(516319) bae(8862500) dresses__up(1012)
nbaplayoffs(516319) bae(8862500) cncsf(546)
nbaplayoffs(516319) bae(8862500) viscabarca(402261)
nbaplayoffs(516319) bae(8862500) ferrari(4908437)
nbaplayoffs(516319) bae(8862500) terminatorgenisys(8302)
nbaplayoffs(516319) bae(8862500) aventador(969450)
nbaplayoffs(516319) bae(8862500) dpnation(1457)
nbaplayoffs(516319) bae(8862500) justwaitonit(722028)
nbaplayoffs(516319) bae(8862500) weareready(72343)
nbaplayoffs(516319) bae(8862500) huracan(215628)
nbaplayoffs(516319) bae(8862500) blacklist(1389447)
nbaplayoffs(516319) bae(8862500) bamboobar(11104)
nbaplayoffs(516319) bae(8862500) june21(44955)
nbaplayoffs(516319) bae(8862500) paitaiaowdarbnhaainca(108)
nbaplayoffs(516319) bae(8862500) philly(4437859)
nbaplayoffs(516319) bae(8862500) lamborghini(3022258)
nbaplayoffs(516319) bae(8862500) 1(32528313)
nbaplayoffs(516319) dektay(4314) shiamak(8655)
nbaplayoffs(516319) dektay(4314) minaaa28(810)
nbaplayoffs(516319) dektay(4314) nicole(684788)
nbaplayoffs(516319) dektay(4314) iifarocks(1107)
nbaplayoffs(516319) dektay(4314) americanstyle(136572)
nbaplayoffs(516319) dektay(4314) beautybreakthru(65)
nbaplayoffs(516319) dektay(4314) grandglamor(286)
nbaplayoffs(516319) dektay(4314) vegasnaylashes(1062)
nbaplayoffs(516319) dektay(4314) thirtyisthenewtwenty(5103)
nbaplayoffs(516319) dektay(4314) mermaid(2296766)
nbaplayoffs(516319) dektay(4314) lazyday(3149899)
nbaplayoffs(516319) dektay(4314) periscope(34540)
nbaplayoffs(516319) dektay(4314) malaysia(9636752)
nbaplayoffs(516319) dektay(4314) scooterseason(188)
nbaplayoffs(516319) dektay(4314) vegas_nay(1824360)
nbaplayoffs(516319) dektay(4314) setoftheday(4408)
nbaplayoffs(516319) dektay(4314) kl(1464239)
nbaplayoffs(516319) fenway(342792) prettysureihave(22)
nbaplayoffs(516319) fenway(342792) handlelife(92589)
nbaplayoffs(516319) fenway(342792) summernights(1661477)
nbaplayoffs(516319) fenway(342792) 27(1392576)
nbaplayoffs(516319) fenway(342792) wheresmydonut(663)
nbaplayoffs(516319) fenway(342792) anastasiabrows(467668)
nbaplayoffs(516319) fenway(342792) terminatorgenisys(8302)
nbaplayoffs(516319) fenway(342792) repost(127929658)
nbaplayoffs(516319) fenway(342792) anastasiabeverlyhills(2207044)
nbaplayoffs(516319) fenway(342792) seewhatididthere(229945)
nbaplayoffs(516319) fenway(342792) muimuimountains(1)
nbaplayoffs(516319) fenway(342792) contourkit(60563)
nbaplayoffs(516319) fenway(342792) somebodygetmeadonut(13)
nbaplayoffs(516319) fenway(342792) parisnouvellevague(765)
nbaplayoffs(516319) fenway(342792) dipbrow(156875)
nbaplayoffs(516319) fenway(342792) classicpic(20974)
nbaplayoffs(516319) fenway(342792) fridaynightfeet(46)
nbaplayoffs(516319) dektaysummercollection2015(438) ireneishungry(21)
nbaplayoffs(516319) dektaysummercollection2015(438) contourkit(60563)
nbaplayoffs(516319) dektaysummercollection2015(438) dipbrow(156875)
nbaplayoffs(516319) dektaysummercollection2015(438) garotavipsalvador(2624)
nbaplayoffs(516319) dektaysummercollection2015(438) streetart(12734397)
nbaplayoffs(516319) dektaysummercollection2015(438) speciale(196882)
nbaplayoffs(516319) dektaysummercollection2015(438) cncsf(546)
nbaplayoffs(516319) dektaysummercollection2015(438) anastasiabrows(467671)
nbaplayoffs(516319) dektaysummercollection2015(438) huracan(215630)
nbaplayoffs(516319) dektaysummercollection2015(438) quenoseculpeanadiedemimuerte(76)
nbaplayoffs(516319) dektaysummercollection2015(438) bowtie(1693626)
nbaplayoffs(516319) dektaysummercollection2015(438) charlieboy(34296)
nbaplayoffs(516319) dektaysummercollection2015(438) dt(33483102)
nbaplayoffs(516319) dektaysummercollection2015(438) celesteisthebest(233)
nbaplayoffs(516319) dektaysummercollection2015(438) ireneislondon(141)
nbaplayoffs(516319) dektaysummercollection2015(438) garotavip(51591)
nbaplayoffs(516319) dektaysummercollection2015(438) randwick(24432)
nbaplayoffs(516319) dektaysummercollection2015(438) lamborghini(3022266)
nbaplayoffs(516319) dektaysummercollection2015(438) races(728993)
nbaplayoffs(516319) dektaysummercollection2015(438) streetartglobe(4150)
nbaplayoffs(516319) dektaysummercollection2015(438) blacklist(1389450)
nbaplayoffs(516319) dektaysummercollection2015(438) aventador(969452)
nbaplayoffs(516319) dektaysummercollection2015(438) ferrari(4908445)
nbaplayoffs(516319) dektaysummercollection2015(438) 458(485168)
nbaplayoffs(516319) dektaysummercollection2015(438) parisnouvellevague(765)
nbaplayoffs(516319) dektaysummercollection2015(438) anastasiabeverlyhills(2207053)
nbaplayoffs(516319) lazyday(3149898) oahu(1567239)
nbaplayoffs(516319) lazyday(3149898) myanmar(551179)
nbaplayoffs(516319) lazyday(3149898) snowboarder(162604)
nbaplayoffs(516319) lazyday(3149898) summernights(1661478)
nbaplayoffs(516319) lazyday(3149898) repost(127929805)
nbaplayoffs(516319) lazyday(3149898) quenoseculpeanadiedemimuerte(76)
nbaplayoffs(516319) lazyday(3149898) mandalay(83712)
nbaplayoffs(516319) lazyday(3149898) ootdfash(207945)
nbaplayoffs(516319) lazyday(3149898) jgaltusa(11163)
nbaplayoffs(516319) lazyday(3149898) goals(8773555)
nbaplayoffs(516319) lazyday(3149898) snowboarding(2726231)
nbaplayoffs(516319) sirenlondon(1492) fijipro(5395)
nbaplayoffs(516319) sirenlondon(1492) killercolors(621)
nbaplayoffs(516319) sirenlondon(1492) meltcosmetics(153857)
nbaplayoffs(516319) sirenlondon(1492) xgames(323960)
nbaplayoffs(516319) sirenlondon(1492) thuglife(3764457)
nbaplayoffs(516319) sirenlondon(1492) karmisforever(5468)
nbaplayoffs(516319) sirenlondon(1492) meltblitzed(2145)
nbaplayoffs(516319) sirenlondon(1492) finger(1188247)
nbaplayoffs(516319) sirenlondon(1492) flipagram(12970758)
nbaplayoffs(516319) sirenlondon(1492) bodyslam(65390)
nbaplayoffs(516319) sirenlondon(1492) nationaldonutday(184750)
nbaplayoffs(516319) sirenlondon(1492) thankyou(12994644)
nbaplayoffs(516319) sirenlondon(1492) galatasaray(3025968)
nbaplayoffs(516319) sirenlondon(1492) bae(8862528)
nbaplayoffs(516319) sirenlondon(1492) periscope(34540)
nbaplayoffs(516319) sirenlondon(1492) savelions(19085)
nbaplayoffs(516319) sirenlondon(1492) fiji(896608)
nbaplayoffs(516319) sirenlondon(1492) baby(75819617)
nbaplayoffs(516319) sirenlondon(1492) cradle(39393)
nbaplayoffs(516319) sirenlondon(1492) setoftheday(4408)
nbaplayoffs(516319) miami(22808858) auroramakeup(328208)
nbaplayoffs(516319) miami(22808858) battleready(21052)
nbaplayoffs(516319) miami(22808858) bae(8862527)
nbaplayoffs(516319) miami(22808858) seeyousoonitaly(220)
nbaplayoffs(516319) miami(22808858) meltblitzed(2145)
nbaplayoffs(516319) miami(22808858) houseoflashes(189564)
nbaplayoffs(516319) miami(22808858) liveoutdoors(27356)
nbaplayoffs(516319) miami(22808858) renearthwedding(76)
nbaplayoffs(516319) miami(22808858) killercolors(621)
nbaplayoffs(516319) miami(22808858) loveyou(36699599)
nbaplayoffs(516319) miami(22808858) xgames2015(4471)
nbaplayoffs(516319) miami(22808858) nbafinals(586981)
nbaplayoffs(516319) miami(22808858) travel(45884937)
nbaplayoffs(516319) miami(22808858) iconiclashes(4927)
nbaplayoffs(516319) miami(22808858) meltcosmetics(153857)
nbaplayoffs(516319) miami(22808858) adventure(10266146)
nbaplayoffs(516319) miami(22808858) dt(33483016)
nbaplayoffs(516319) miami(22808858) parisnouvellevague(765)
nbaplayoffs(516319) miami(22808858) feelinggrateful(46118)
nbaplayoffs(516319) miami(22808858) pixieluxelashes(1312)
nbaplayoffs(516319) miami(22808858) bestvacations(814041)
nbaplayoffs(516319) soccerdotcom(40538) blessed(43657699)
nbaplayoffs(516319) soccerdotcom(40538) randwick(24432)
nbaplayoffs(516319) soccerdotcom(40538) bowtie(1693625)
nbaplayoffs(516319) soccerdotcom(40538) film07(318)
nbaplayoffs(516319) soccerdotcom(40538) 4runner(224610)
nbaplayoffs(516319) soccerdotcom(40538) gododgers(222038)
nbaplayoffs(516319) soccerdotcom(40538) imagefanmeeting2015(18)
nbaplayoffs(516319) soccerdotcom(40538) celfie(1040047)
nbaplayoffs(516319) soccerdotcom(40538) charlieboy(34296)
nbaplayoffs(516319) soccerdotcom(40538) wildheart(95306)
nbaplayoffs(516319) soccerdotcom(40538) lifeisgood(3774793)
nbaplayoffs(516319) soccerdotcom(40538) celesteisthebest(233)
nbaplayoffs(516319) soccerdotcom(40538) joannaaoran(1020)
nbaplayoffs(516319) soccerdotcom(40538) keepitwild(265941)
nbaplayoffs(516319) soccerdotcom(40538) lazyday(3149898)
nbaplayoffs(516319) soccerdotcom(40538) nicole(684788)
nbaplayoffs(516319) soccerdotcom(40538) london(36590400)
nbaplayoffs(516319) soccerdotcom(40538) races(728992)
nbaplayoffs(516319) godbless(1517046) killercolors(621)
nbaplayoffs(516319) godbless(1517046) essentials(466149)
nbaplayoffs(516319) godbless(1517046) lazyday(3149898)
nbaplayoffs(516319) godbless(1517046) 27(1392576)
nbaplayoffs(516319) godbless(1517046) redhead(4861734)
nbaplayoffs(516319) godbless(1517046) shredz(948555)
nbaplayoffs(516319) godbless(1517046) patrickstarrr(43355)
nbaplayoffs(516319) godbless(1517046) yaz(1387742)
nbaplayoffs(516319) godbless(1517046) morning(48017704)
nbaplayoffs(516319) godbless(1517046) teamstarrr(91)
nbaplayoffs(516319) godbless(1517046) nicole(684787)
nbaplayoffs(516319) godbless(1517046) summernights(1661477)
nbaplayoffs(516319) godbless(1517046) periscope(34539)
nbaplayoffs(516319) godbless(1517046) setoftheday(4408)
nbaplayoffs(516319) florida(17859112) ootd(63042393)
nbaplayoffs(516319) florida(17859112) meltcosmetics(153857)
nbaplayoffs(516319) florida(17859112) seeyousoonitaly(220)
nbaplayoffs(516319) florida(17859112) meltblitzed(2145)
nbaplayoffs(516319) florida(17859112) ireneislondon(141)
nbaplayoffs(516319) florida(17859112) abbodysquad(11956)
nbaplayoffs(516319) florida(17859112) nevaforget(3608)
nbaplayoffs(516319) florida(17859112) ireneishungry(21)
nbaplayoffs(516319) florida(17859112) aaselfie(92398)
nbaplayoffs(516319) florida(17859112) whatsmallstepwillyoutaketoday(3)
nbaplayoffs(516319) florida(17859112) soccerdotcom(40538)
nbaplayoffs(516319) florida(17859112) loveyou(36699600)
nbaplayoffs(516319) florida(17859112) wwc(47357)
nbaplayoffs(516319) florida(17859112) parisnouvellevague(765)
nbaplayoffs(516319) florida(17859112) feelinggrateful(46118)
nbaplayoffs(516319) florida(17859112) cousins(17429651)
nbaplayoffs(516319) florida(17859112) beautybreakthru(65)
nbaplayoffs(516319) florida(17859112) xgames(323959)
