summer(209590696) churchoflaugh(21326) beach(82493668)
summer(209590696) churchoflaugh(21326) men(10359326)
summer(209590696) churchoflaugh(21326) metontour(7375)
summer(209590696) churchoflaugh(21326) wedding(36877130)
summer(209590696) churchoflaugh(21326) family(132944797)
summer(209590696) churchoflaugh(21326) styledbyadrianne(1172)
summer(209590696) churchoflaugh(21326) bikini(13437543)
summer(209590696) churchoflaugh(21326) happy(305367768)
summer(209590696) churchoflaugh(21326) weekend(35204026)
summer(209590696) churchoflaugh(21326) getgame(700)
summer(209590696) churchoflaugh(21326) weddingatthebeach(617)
summer(209590696) churchoflaugh(21326) xgames(324770)
summer(209590696) churchoflaugh(21326) werunparisbynike(1)
summer(209590696) churchoflaugh(21326) wildlavender(484)
summer(209590696) churchoflaugh(21326) shop(15550212)
summer(209590696) churchoflaugh(21326) listen(1611984)
summer(209590696) churchoflaugh(21326) sons(681944)
summer(209590696) churchoflaugh(21326) _abu_habib(399)
summer(209590696) churchoflaugh(21326) gooseberryintimates(3509)
summer(209590696) churchoflaugh(21326) suits(1179194)
summer(209590696) churchoflaugh(21326) coupon(1015097)
summer(209590696) churchoflaugh(21326) itstime(351346)
summer(209590696) churchoflaugh(21326) metallica(1275819)
summer(209590696) churchoflaugh(21326) 10off(3067)
summer(209590696) princesscharlotte(14842) c4supsquatch(42)
summer(209590696) princesscharlotte(14842) gopro(11862332)
summer(209590696) princesscharlotte(14842) vegas_nay(1824579)
summer(209590696) princesscharlotte(14842) baifernfamkannaja(43)
summer(209590696) princesscharlotte(14842) danielwellington(363053)
summer(209590696) princesscharlotte(14842) queen(9939115)
summer(209590696) princesscharlotte(14842) onlyforluxury(18892)
summer(209590696) princesscharlotte(14842) f12(172727)
summer(209590696) princesscharlotte(14842) teamgrom(232)
summer(209590696) princesscharlotte(14842) jezebel(23342)
summer(209590696) princesscharlotte(14842) 138(59385)
summer(209590696) princesscharlotte(14842) wekfest(128003)
summer(209590696) princesscharlotte(14842) ferrari(4908811)
summer(209590696) princesscharlotte(14842) wfla(7064)
summer(209590696) princesscharlotte(14842) blacklist(1389523)
summer(209590696) princesscharlotte(14842) king(6129524)
summer(209590696) princesscharlotte(14842) dwpickoftheday(10997)
summer(209590696) princesscharlotte(14842) 412(247330)
summer(209590696) princesscharlotte(14842) superstreet(673422)
summer(209590696) princesscharlotte(14842) warrenjc(87816)
summer(209590696) princesscharlotte(14842) marcbeauty(6123)
summer(209590696) royalbaby(172934) ilovesweets(38910)
summer(209590696) royalbaby(172934) vapenation(467741)
summer(209590696) royalbaby(172934) vapegram(145318)
summer(209590696) royalbaby(172934) fitnes(443733)
summer(209590696) royalbaby(172934) socalvape(80147)
summer(209590696) royalbaby(172934) mods(592032)
summer(209590696) royalbaby(172934) contest(2341578)
summer(209590696) royalbaby(172934) vapepix(54810)
summer(209590696) royalbaby(172934) baifernfamkannaja(43)
summer(209590696) royalbaby(172934) sport(14593154)
summer(209590696) royalbaby(172934) lipo(118223)
summer(209590696) royalbaby(172934) withthecupcakes(15)
summer(209590696) royalbaby(172934) cloudchaser(532901)
summer(209590696) royalbaby(172934) improof(273651)
summer(209590696) royalbaby(172934) kingofcloudz(33)
summer(209590696) royalbaby(172934) 310vapers(22745)
summer(209590696) royalbaby(172934) forcevapor(6)
summer(209590696) royalbaby(172934) vape(3862563)
summer(209590696) royalbaby(172934) vapesummit(27503)
summer(209590696) royalbaby(172934) vapesquad(23899)
summer(209590696) royalbaby(172934) dripanddrive(17343)
summer(209590696) royalbaby(172934) vapeoftheday(110896)
summer(209590696) royalbaby(172934) sailormoon(1205802)
summer(209590696) royalbaby(172934) adidas(13366445)
summer(209590696) royalbaby(172934) vintique(381763)
summer(209590696) royalbaby(172934) vapelife(2190619)
summer(209590696) royalbaby(172934) weatcoastvapers(613)
summer(209590696) royalbaby(172934) yesung(696250)
summer(209590696) royalbaby(172934) vapelyfe(1761066)
summer(209590696) royalbaby(172934) vapor(1543456)
summer(209590696) royalbaby(172934) ecc(131815)
summer(209590696) royalbaby(172934) c3vapors(9)
summer(209590696) royalbaby(172934) closeup(3254563)
summer(209590696) royalbaby(172934) vapefriends(271303)
summer(209590696) royalbaby(172934) vapeshop(249542)
summer(209590696) royalbaby(172934) ocvapers(112858)
summer(209590696) royalbaby(172934) othongthai(450)
summer(209590696) royalbaby(172934) clouds(32238241)
summer(209590696) hiphopgoesbroadway(131) f21xme(223508)
summer(209590696) hiphopgoesbroadway(131) sugarpill(276528)
summer(209590696) hiphopgoesbroadway(131) morecowbell(35795)
summer(209590696) hiphopgoesbroadway(131) blackmilk(358584)
summer(209590696) hiphopgoesbroadway(131) glorious(310622)
summer(209590696) hiphopgoesbroadway(131) shop(15550280)
summer(209590696) hiphopgoesbroadway(131) hongkong(8382746)
summer(209590696) hiphopgoesbroadway(131) nationaldonutday(184810)
summer(209590696) hiphopgoesbroadway(131) bbgmums(28889)
summer(209590696) hiphopgoesbroadway(131) gomariners(85333)
summer(209590696) hiphopgoesbroadway(131) getgame(700)
summer(209590696) hiphopgoesbroadway(131) allhailfelix(1620)
summer(209590696) hiphopgoesbroadway(131) galatasaray(3026099)
summer(209590696) hiphopgoesbroadway(131) blackmilkclothing(425927)
summer(209590696) hiphopgoesbroadway(131) coupon(1015097)
summer(209590696) hiphopgoesbroadway(131) bmolympusscoopskaterdress(1)
summer(209590696) hiphopgoesbroadway(131) genefrenkle(89)
summer(209590696) hiphopgoesbroadway(131) dwpickoftheday(10997)
summer(209590696) hiphopgoesbroadway(131) weekend(35204305)
summer(209590696) hiphopgoesbroadway(131) danielwellington(363061)
summer(209590696) hiphopgoesbroadway(131) itstime(351346)
summer(209590696) hiphopgoesbroadway(131) 10off(3067)
summer(209590696) hiphopgoesbroadway(131) listen(1611991)
summer(209590696) hiphopgoesbroadway(131) kaylaitsines(800814)
summer(209590696) history(6352176) movenourishbelieve(353436)
summer(209590696) history(6352176) hublot(745293)
summer(209590696) history(6352176) watchoftheday(373297)
summer(209590696) history(6352176) xgames(324797)
summer(209590696) history(6352176) lornajane(385382)
summer(209590696) history(6352176) thebestmaidofhonorparty(567)
summer(209590696) history(6352176) weekend(35204290)
summer(209590696) history(6352176) getgame(700)
summer(209590696) history(6352176) coupon(1015097)
summer(209590696) history(6352176) tashasmith(2444)
summer(209590696) history(6352176) watchmaking(39442)
summer(209590696) history(6352176) activeliving(254494)
summer(209590696) history(6352176) shop(15550275)
summer(209590696) history(6352176) itstime(351346)
summer(209590696) history(6352176) watches(1968813)
summer(209590696) history(6352176) 10off(3067)
summer(209590696) history(6352176) paitaiaowdarbnhaainca(114)
summer(209590696) history(6352176) listen(1611991)
summer(209590696) wweslc(497) eatyourbeansman(4)
summer(209590696) wweslc(497) funniest15seconds(60851)
summer(209590696) wweslc(497) freshprince(376908)
summer(209590696) wweslc(497) puravidabracelets(68942)
summer(209590696) wweslc(497) banginandbitsy(2)
summer(209590696) wweslc(497) capitalo(278)
summer(209590696) wweslc(497) anastasiabeverlyhills(2207356)
summer(209590696) wweslc(497) inspired(2811801)
summer(209590696) wweslc(497) liquidlips(26280)
summer(209590696) wweslc(497) worldcup(5724809)
summer(209590696) wweslc(497) bl(617200)
summer(209590696) wweslc(497) motd(4027127)
summer(209590696) wweslc(497) livefree(524090)
summer(209590696) wweslc(497) soproud(1717818)
summer(209590696) wweslc(497) soccerdotcom(40539)
summer(209590696) wweslc(497) yankees(1493091)
summer(209590696) wweslc(497) victory(1376524)
summer(209590696) wweslc(497) nike(45054105)
summer(209590696) ohcanada(177888) dancing(7834939)
summer(209590696) ohcanada(177888) sons(681946)
summer(209590696) ohcanada(177888) hublot(745293)
summer(209590696) ohcanada(177888) watchoftheday(373297)
summer(209590696) ohcanada(177888) baifernfamkannaja(43)
summer(209590696) ohcanada(177888) dog(69441759)
summer(209590696) ohcanada(177888) vintique(381765)
summer(209590696) ohcanada(177888) allhailfelix(1620)
summer(209590696) ohcanada(177888) xgames(324790)
summer(209590696) ohcanada(177888) watches(1968810)
summer(209590696) ohcanada(177888) happy(305368421)
summer(209590696) ohcanada(177888) suits(1179196)
summer(209590696) ohcanada(177888) weddingatthebeach(617)
summer(209590696) ohcanada(177888) thuglife(3764807)
summer(209590696) ohcanada(177888) family(132945087)
summer(209590696) ohcanada(177888) gomariners(85332)
summer(209590696) ohcanada(177888) dogsofinstagram(21540879)
summer(209590696) ohcanada(177888) watchmaking(39442)
summer(209590696) ohcanada(177888) beach(82493875)
summer(209590696) ohcanada(177888) cane(1035224)
summer(209590696) ohcanada(177888) grandpa(1788340)
summer(209590696) ohcanada(177888) metontour(7376)
summer(209590696) ohcanada(177888) paitaiaowdarbnhaainca(114)
summer(209590696) ohcanada(177888) men(10359352)
summer(209590696) ohcanada(177888) metallica(1275842)
summer(209590696) ohcanada(177888) wedding(36877337)
summer(209590696) commonwealth(87551) f21xme(223508)
summer(209590696) commonwealth(87551) turquoisehunt(127)
summer(209590696) commonwealth(87551) peterward(104)
summer(209590696) commonwealth(87551) cabelosalon(84)
summer(209590696) commonwealth(87551) fifa(5040057)
summer(209590696) commonwealth(87551) malanbreton(3044)
summer(209590696) commonwealth(87551) styledbyadrianne(1172)
summer(209590696) commonwealth(87551) carlifestyle(432445)
summer(209590696) commonwealth(87551) editorial(1557442)
summer(209590696) commonwealth(87551) wekfest(128003)
summer(209590696) commonwealth(87551) pinkhairdontcare(182007)
summer(209590696) commonwealth(87551) wfla(7064)
summer(209590696) commonwealth(87551) jasonjaskot(128)
summer(209590696) commonwealth(87551) soccerdotcom(40539)
summer(209590696) commonwealth(87551) haha(31678685)
summer(209590696) commonwealth(87551) nike(45054231)
summer(209590696) commonwealth(87551) 412(247330)
summer(209590696) commonwealth(87551) worldcup(5724812)
summer(209590696) commonwealth(87551) superstreet(673422)
summer(209590696) commonwealth(87551) respect(7887238)
summer(209590696) commonwealth(87551) photographer(9866987)
summer(209590696) commonwealth(87551) model(53574436)
summer(209590696) christinesinclair(1871) vapegram(145318)
summer(209590696) christinesinclair(1871) vapeoftheday(110896)
summer(209590696) christinesinclair(1871) socalvape(80147)
summer(209590696) christinesinclair(1871) blackmilk(358584)
summer(209590696) christinesinclair(1871) vapepix(54810)
summer(209590696) christinesinclair(1871) kl(1464471)
summer(209590696) christinesinclair(1871) premier(508170)
summer(209590696) christinesinclair(1871) 310vapers(22745)
summer(209590696) christinesinclair(1871) fairytale(1042427)
summer(209590696) christinesinclair(1871) samerkhouzami(87215)
summer(209590696) christinesinclair(1871) dripanddrive(17343)
summer(209590696) christinesinclair(1871) c3vapors(9)
summer(209590696) christinesinclair(1871) vapenation(467742)
summer(209590696) christinesinclair(1871) goenkajewellers(3)
summer(209590696) christinesinclair(1871) timeless(689962)
summer(209590696) christinesinclair(1871) vapefriends(271303)
summer(209590696) christinesinclair(1871) vapelyfe(1761073)
summer(209590696) christinesinclair(1871) winneandkleo(1)
summer(209590696) christinesinclair(1871) cloudchaser(532903)
summer(209590696) christinesinclair(1871) improof(273651)
summer(209590696) christinesinclair(1871) day2(4844723)
summer(209590696) christinesinclair(1871) love(920972470)
summer(209590696) christinesinclair(1871) ocvapers(112858)
summer(209590696) christinesinclair(1871) vapor(1543462)
summer(209590696) christinesinclair(1871) iifa2015(4303)
summer(209590696) christinesinclair(1871) lipo(118224)
summer(209590696) christinesinclair(1871) clouds(32238321)
summer(209590696) christinesinclair(1871) vapelife(2190628)
summer(209590696) christinesinclair(1871) weatcoastvapers(613)
summer(209590696) christinesinclair(1871) malaysia(9638391)
summer(209590696) christinesinclair(1871) bmolympusscoopskaterdress(1)
summer(209590696) christinesinclair(1871) maisonsamerkhouzami(156)
summer(209590696) christinesinclair(1871) dildhadaknedo(12841)
summer(209590696) christinesinclair(1871) paitaiaowdarbnhaainca(114)
summer(209590696) christinesinclair(1871) mom(17037858)
summer(209590696) christinesinclair(1871) ecc(131817)
summer(209590696) christinesinclair(1871) contest(2341583)
summer(209590696) christinesinclair(1871) forcevapor(6)
summer(209590696) christinesinclair(1871) vapesummit(27503)
summer(209590696) christinesinclair(1871) kingofcloudz(33)
summer(209590696) christinesinclair(1871) beauty(89682383)
summer(209590696) christinesinclair(1871) mods(592034)
summer(209590696) christinesinclair(1871) vapesquad(23899)
summer(209590696) christinesinclair(1871) blackmilkclothing(425927)
summer(209590696) christinesinclair(1871) vape(3862582)
summer(209590696) christinesinclair(1871) sunsetsupreme(37)
summer(209590696) christinesinclair(1871) vapeshop(249542)
summer(209590696) christinesinclair(1871) dreamy(683678)
summer(209590696) wheredidstevego(40) viners(288487)
summer(209590696) wheredidstevego(40) newyork(26126520)
summer(209590696) wheredidstevego(40) digifest(37451)
summer(209590696) wheredidstevego(40) speciale(196893)
summer(209590696) wheredidstevego(40) usabmu16(27)
summer(209590696) wheredidstevego(40) blackjaguarwhitetiger(12437)
summer(209590696) wheredidstevego(40) bucadibeppo(45099)
summer(209590696) wheredidstevego(40) freshprince(376908)
summer(209590696) wheredidstevego(40) repost(127947082)
summer(209590696) wheredidstevego(40) digifestnyc(11957)
summer(209590696) wheredidstevego(40) nosonmascotas(3861)
summer(209590696) wheredidstevego(40) girlmeetsworld(174056)
summer(209590696) wheredidstevego(40) auggie(22141)
summer(209590696) wheredidstevego(40) jordansdaily(794935)
summer(209590696) wheredidstevego(40) timessquare(1281339)
summer(209590696) wheredidstevego(40) vintique(381764)
summer(209590696) wheredidstevego(40) digifest2015(17157)
summer(209590696) wheredidstevego(40) freshtops(88362)
summer(209590696) wheredidstevego(40) youtubers(2430808)
summer(209590696) wheredidstevego(40) funniest15seconds(60851)
summer(209590696) wheredidstevego(40) savetigers(10369)
summer(209590696) wheredidstevego(40) babymeera(1084)
summer(209590696) wheredidstevego(40) boymeetsbuca(2)
summer(209590696) wheredidstevego(40) behuman(34103)
summer(209590696) wheredidstevego(40) dodgers(1939795)
summer(209590696) wheredidstevego(40) disneyland60(74390)
summer(209590696) wheredidstevego(40) haroldandmaude(5664)
summer(209590696) wheredidstevego(40) repost(127947090)
summer(209590696) wheredidstevego(40) capitalo(278)
summer(209590696) wheredidstevego(40) rescuedtigers(569)
summer(209590696) wheredidstevego(40) digifestsquadgoals(1)
summer(209590696) wheredidstevego(40) saveourplanet(49341)
summer(209590696) wheredidstevego(40) digifestma(1233)
summer(209590696) wheredidstevego(40) notpets(5861)
summer(209590696) digifestnyc(11957) secondamendment(173062)
summer(209590696) digifestnyc(11957) jeremyscott(291872)
summer(209590696) digifestnyc(11957) progun(53844)
summer(209590696) digifestnyc(11957) defendthesecond(83553)
summer(209590696) digifestnyc(11957) moschino(2774674)
summer(209590696) digifestnyc(11957) lettherebecake(2075)
summer(209590696) digifestnyc(11957) gun(2393567)
summer(209590696) digifestnyc(11957) guns(2205084)
summer(209590696) digifestnyc(11957) defendthe2nd(14241)
summer(209590696) digifestnyc(11957) grandpa(1788342)
summer(209590696) digifestnyc(11957) righttobeararms(84346)
summer(209590696) digifestnyc(11957) thuglife(3764811)
summer(209590696) digifestnyc(11957) thetrilogy(13979)
summer(209590696) digifestnyc(11957) gotogetherchangetogether(4)
summer(209590696) digifestnyc(11957) freecrack3(112)
summer(209590696) digifestnyc(11957) capenidhra(1966)
summer(209590696) digifestnyc(11957) shooting(4329411)
summer(209590696) digifestnyc(11957) jezebel(23342)
summer(209590696) digifestnyc(11957) weapons(297745)
summer(209590696) digifestnyc(11957) weaponsreloaded(27781)
summer(209590696) digifestnyc(11957) nra(283213)
summer(209590696) digifestnyc(11957) 138(59385)
summer(209590696) digifestnyc(11957) hongkong(8382752)
summer(209590696) digifestnyc(11957) vegas_nay(1824590)
summer(209590696) digifestnyc(11957) gunporn(536723)
summer(209590696) digifestnyc(11957) firearms(178127)
summer(209590696) digifestnyc(11957) antiguncontrol(11778)
summer(209590696) digifestnyc(11957) dancing(7834949)
summer(209590696) digifestnyc(11957) marcbeauty(6123)
summer(209590696) digifestnyc(11957) cane(1035227)
summer(209590696) goodnight(39906243) 412(247330)
summer(209590696) goodnight(39906243) banginandbitsy(2)
summer(209590696) goodnight(39906243) vonmoger(61)
summer(209590696) goodnight(39906243) carswithoutlimits(1980086)
summer(209590696) goodnight(39906243) ch3party(460)
summer(209590696) goodnight(39906243) closeup(3254569)
summer(209590696) goodnight(39906243) tashasmith(2444)
summer(209590696) goodnight(39906243) oraclefoxart(3)
summer(209590696) bethemotivation(1863) _abu_habib(399)
summer(209590696) bethemotivation(1863) sugarpill(276528)
summer(209590696) bethemotivation(1863) fcb_supporters(1099)
summer(209590696) bethemotivation(1863) queen(9939124)
summer(209590696) bethemotivation(1863) xavi(418234)
summer(209590696) bethemotivation(1863) baifernfamkannaja(43)
summer(209590696) bethemotivation(1863) king(6129531)
summer(209590696) bethemotivation(1863) fcbarcelona(1703054)
summer(209590696) bethemotivation(1863) bluehairdiary(40)
summer(209590696) bethemotivation(1863) werewolf(460149)
summer(209590696) bethemotivation(1863) labayadere(7143)
summer(209590696) bethemotivation(1863) squadgoals(344533)
summer(209590696) bethemotivation(1863) renasarmy(2681)
summer(209590696) bethemotivation(1863) zaynusak(6401)
summer(209590696) bethemotivation(1863) govballnyc(94276)
summer(209590696) bethemotivation(1863) nvsc(10155)
summer(209590696) fifawwc(3644) cane(1035224)
summer(209590696) fifawwc(3644) ferrari(4908826)
summer(209590696) fifawwc(3644) werewolf(460149)
summer(209590696) fifawwc(3644) dancing(7834944)
summer(209590696) fifawwc(3644) goloskrainy(5400)
summer(209590696) fifawwc(3644) fitcoteam(6484)
summer(209590696) fifawwc(3644) styledbyadrianne(1172)
summer(209590696) fifawwc(3644) f12(172727)
summer(209590696) fifawwc(3644) blacklist(1389528)
summer(209590696) fifawwc(3644) grandpa(1788340)
summer(209590696) fifawwc(3644) thuglife(3764809)
summer(209590696) shareacoke(658529) film07(322)
summer(209590696) shareacoke(658529) blackjaguarwhitetiger(12437)
summer(209590696) shareacoke(658529) makeupbyanna(79390)
summer(209590696) shareacoke(658529) weloveit(343406)
summer(209590696) shareacoke(658529) nosonmascotas(3861)
summer(209590696) shareacoke(658529) philly(4438067)
summer(209590696) shareacoke(658529) bamboobar(11110)
summer(209590696) shareacoke(658529) wirunphotography(121)
summer(209590696) shareacoke(658529) rescuedtigers(569)
summer(209590696) shareacoke(658529) 77(342032)
summer(209590696) shareacoke(658529) savetigers(10369)
summer(209590696) shareacoke(658529) dodgers(1939799)
summer(209590696) shareacoke(658529) babymeera(1084)
summer(209590696) shareacoke(658529) thesocialexperiment(3002)
summer(209590696) shareacoke(658529) gomariners(85332)
summer(209590696) shareacoke(658529) regram(16150034)
summer(209590696) shareacoke(658529) behuman(34103)
summer(209590696) shareacoke(658529) sailormoon(1205799)
summer(209590696) shareacoke(658529) chicago(16739168)
summer(209590696) shareacoke(658529) lilwanmai(27918)
summer(209590696) shareacoke(658529) warrenjc(87816)
summer(209590696) shareacoke(658529) saveourplanet(49341)
summer(209590696) shareacoke(658529) notpets(5861)
summer(209590696) shareacoke(658529) americanstyle(136588)
summer(209590696) shareacoke(658529) othongthai(450)
summer(209590696) chinapr(142) nerd(6319317)
summer(209590696) chinapr(142) fitgirls(2926340)
summer(209590696) chinapr(142) girlswithglasses(311207)
summer(209590696) chinapr(142) asiyasafiya(157)
summer(209590696) chinapr(142) 412(247330)
summer(209590696) chinapr(142) 7daysontheroad(772)
summer(209590696) wwe(4055153) otas(5544)
summer(209590696) wwe(4055153) spiketvawards(53)
summer(209590696) wwe(4055153) jaggerjosephbraun(28)
summer(209590696) wwe(4055153) benabrooklynguy(11116)
summer(209590696) wwe(4055153) fairytale(1042421)
summer(209590696) wwe(4055153) day2(4844713)
summer(209590696) wwe(4055153) teamfitt(45534)
summer(209590696) wwe(4055153) momsareawesome(5220)
summer(209590696) wwe(4055153) digifestnyc(11957)
summer(209590696) wwe(4055153) dildhadaknedo(12838)
summer(209590696) wwe(4055153) dreamy(683672)
summer(209590696) wwe(4055153) kl(1464462)
summer(209590696) wwe(4055153) iifa2015(4294)
summer(209590696) wwe(4055153) nofilter(126734988)
summer(209590696) wwe(4055153) mybena(5033)
summer(209590696) wwe(4055153) repost(127947254)
summer(209590696) wwe(4055153) malaysia(9638294)
summer(209590696) wwe(4055153) dresses__up(1014)
summer(209590696) wwe(4055153) risegymgear(2518)
summer(209590696) wwe(4055153) premier(508168)
summer(209590696) wwe(4055153) alxjames(11526)
summer(209590696) wwe(4055153) goenkajewellers(3)
summer(209590696) wwe(4055153) jgaltusa(11163)
summer(209590696) bottle(1540886) dwpickoftheday(10997)
summer(209590696) bottle(1540886) danielwellington(363055)
summer(209590696) bottle(1540886) winneandkleo(1)
summer(209590696) bottle(1540886) lilwanmai(27919)
summer(209590696) bottle(1540886) styledbyadrianne(1172)
summer(209590696) bottle(1540886) anastasiabeverlyhills(2207369)
summer(209590696) bottle(1540886) carswithoutlimits(1980083)
summer(209590696) bottle(1540886) comeover(101901)
summer(209590696) bottle(1540886) copordrop(27732)
summer(209590696) bottle(1540886) soundsdangerous(383)
summer(209590696) bottle(1540886) suckthesoulouttayou(20)
summer(209590696) bottle(1540886) anastasiabrows(467733)
summer(209590696) bottle(1540886) dipbrow(156895)
summer(209590696) bottle(1540886) vintique(381765)
summer(209590696) bottle(1540886) sunsetsupreme(37)
summer(209590696) bottle(1540886) funniest15seconds(60852)
summer(209590696) tunein(315438) secondamendment(173062)
summer(209590696) tunein(315438) getsupplied(1838)
summer(209590696) tunein(315438) kennychesney(274024)
summer(209590696) tunein(315438) supplied(210139)
summer(209590696) tunein(315438) 77(342032)
summer(209590696) tunein(315438) progun(53844)
summer(209590696) tunein(315438) defendthesecond(83553)
summer(209590696) tunein(315438) americanpharaoh(5009)
summer(209590696) tunein(315438) defendthe2nd(14241)
summer(209590696) tunein(315438) righttobeararms(84346)
summer(209590696) tunein(315438) soldierfield(78151)
summer(209590696) tunein(315438) starvingtime(145593)
summer(209590696) tunein(315438) momjeans(55817)
summer(209590696) tunein(315438) neymar(2275810)
summer(209590696) tunein(315438) firearms(178127)
summer(209590696) tunein(315438) weaponsreloaded(27781)
summer(209590696) tunein(315438) makeupbyanna(79390)
summer(209590696) tunein(315438) nra(283213)
summer(209590696) tunein(315438) nofilter(126734928)
summer(209590696) tunein(315438) weapons(297744)
summer(209590696) tunein(315438) gunporn(536723)
summer(209590696) tunein(315438) ucl(730845)
summer(209590696) tunein(315438) guns(2205073)
summer(209590696) tunein(315438) haroldandmaude(5664)
summer(209590696) tunein(315438) lilwanmai(27918)
summer(209590696) tunein(315438) antiguncontrol(11778)
summer(209590696) tunein(315438) shooting(4329374)
summer(209590696) tunein(315438) gun(2393555)
summer(209590696) canada(13562871) eatyourbeansman(4)
summer(209590696) canada(13562871) gun(2393559)
summer(209590696) canada(13562871) guns(2205080)
summer(209590696) canada(13562871) secondamendment(173062)
summer(209590696) canada(13562871) morecowbell(35795)
summer(209590696) canada(13562871) firearms(178127)
summer(209590696) canada(13562871) progun(53844)
summer(209590696) canada(13562871) defendthesecond(83553)
summer(209590696) canada(13562871) glorious(310622)
summer(209590696) canada(13562871) defendthe2nd(14241)
summer(209590696) canada(13562871) righttobeararms(84346)
summer(209590696) canada(13562871) shooting(4329395)
summer(209590696) canada(13562871) jezebel(23342)
summer(209590696) canada(13562871) weapons(297745)
summer(209590696) canada(13562871) weaponsreloaded(27781)
summer(209590696) canada(13562871) vegas_nay(1824581)
summer(209590696) canada(13562871) nra(283213)
summer(209590696) canada(13562871) 138(59385)
summer(209590696) canada(13562871) vonmoger(61)
summer(209590696) canada(13562871) asiyasafiya(157)
summer(209590696) canada(13562871) gooseberryintimates(3509)
summer(209590696) canada(13562871) gunporn(536723)
summer(209590696) canada(13562871) genefrenkle(89)
summer(209590696) canada(13562871) dresses__up(1014)
summer(209590696) canada(13562871) svssx15f(158)
summer(209590696) canada(13562871) antiguncontrol(11778)
summer(209590696) canada(13562871) bikini(13437563)
summer(209590696) canada(13562871) marcbeauty(6123)
summer(209590696) penalty(114648) repost(127948294)
summer(209590696) penalty(114648) lookbookstore(35110)
summer(209590696) penalty(114648) carlifestyle(432446)
summer(209590696) penalty(114648) turquoisehunt(127)
summer(209590696) penalty(114648) xavi(418249)
summer(209590696) penalty(114648) allhailfelix(1620)
summer(209590696) penalty(114648) lightmaster(4371)
summer(209590696) penalty(114648) blackworkers(196927)
summer(209590696) penalty(114648) bw(10198064)
summer(209590696) penalty(114648) gomariners(85332)
summer(209590696) penalty(114648) llamaycierra(462)
summer(209590696) penalty(114648) blackwork(330655)
summer(209590696) penalty(114648) dresses__up(1014)
summer(209590696) penalty(114648) earthpix(314343)
summer(209590696) penalty(114648) blacktattoo(164113)
summer(209590696) penalty(114648) repost(127948304)
summer(209590696) penalty(114648) green(41964168)
summer(209590696) penalty(114648) fcb_supporters(1100)
summer(209590696) penalty(114648) fcbarcelona(1703088)
summer(209590696) penalty(114648) tattoo(42717524)
summer(209590696) penalty(114648) deusnocomandosempre(444014)
summer(209590696) thairath(31252) movenourishbelieve(353436)
summer(209590696) thairath(31252) dogsofinstagram(21540815)
summer(209590696) thairath(31252) peterward(104)
summer(209590696) thairath(31252) godsister(108320)
summer(209590696) thairath(31252) dog(69441631)
summer(209590696) thairath(31252) model(53574369)
summer(209590696) thairath(31252) activeliving(254491)
summer(209590696) thairath(31252) malanbreton(3044)
summer(209590696) thairath(31252) lornajane(385381)
summer(209590696) thairath(31252) editorial(1557438)
summer(209590696) thairath(31252) promseason(77562)
summer(209590696) thairath(31252) haha(31678663)
summer(209590696) thairath(31252) jasonjaskot(128)
summer(209590696) thairath(31252) yg(1982581)
summer(209590696) thairath(31252) photographer(9866949)
summer(209590696) thairath(31252) fifa(5040046)
summer(209590696) thairath(31252) xgames(324769)
summer(209590696) thairath(31252) respect(7887223)
summer(209590696) princegeorge(105384) _abu_habib(399)
summer(209590696) princegeorge(105384) ch3party(456)
summer(209590696) princegeorge(105384) styledbyadrianne(1172)
summer(209590696) princegeorge(105384) f12(172727)
summer(209590696) princegeorge(105384) blacklist(1389522)
summer(209590696) princegeorge(105384) stancenation(2166726)
summer(209590696) princegeorge(105384) galatasaray(3026084)
summer(209590696) princegeorge(105384) dog(69441589)
summer(209590696) princegeorge(105384) ferrari(4908803)
summer(209590696) princegeorge(105384) ufcnola(2721)
summer(209590696) princegeorge(105384) girl(264233833)
summer(209590696) princegeorge(105384) zaynusak(6401)
summer(209590696) princegeorge(105384) dogsofinstagram(21540800)
summer(209590696) manoftheyear(84020) earthpix(314341)
summer(209590696) manoftheyear(84020) nationaldonutday(184809)
summer(209590696) manoftheyear(84020) repost(127947813)
summer(209590696) manoftheyear(84020) imagefanmeeting2015(19)
summer(209590696) manoftheyear(84020) morecowbell(35795)
summer(209590696) manoftheyear(84020) cabeloaovento(2698)
summer(209590696) manoftheyear(84020) repost(127947821)
summer(209590696) manoftheyear(84020) deusnocomandosempre(444013)
summer(209590696) manoftheyear(84020) glorious(310622)
summer(209590696) manoftheyear(84020) genefrenkle(89)
summer(209590696) edmonton(801177) kaylaitsines(800808)
summer(209590696) edmonton(801177) sugarpill(276528)
summer(209590696) edmonton(801177) bbgmums(28889)
summer(209590696) edmonton(801177) getsupplied(1838)
summer(209590696) edmonton(801177) bl(617204)
summer(209590696) edmonton(801177) supplied(210139)
summer(209590696) edmonton(801177) watchoftheday(373295)
summer(209590696) edmonton(801177) anastasiabrows(467733)
summer(209590696) edmonton(801177) watchmaking(39441)
summer(209590696) edmonton(801177) anastasiabeverlyhills(2207370)
summer(209590696) edmonton(801177) watches(1968808)
summer(209590696) edmonton(801177) hublot(745292)
summer(209590696) edmonton(801177) dipbrow(156895)
summer(209590696) edmonton(801177) wildlavender(484)
summer(209590696) celticwarrior(8137) throwupthex(143401)
summer(209590696) celticwarrior(8137) blackjaguarwhitetiger(12437)
summer(209590696) celticwarrior(8137) crayola(356491)
summer(209590696) celticwarrior(8137) savetigers(10369)
summer(209590696) celticwarrior(8137) behuman(34103)
summer(209590696) celticwarrior(8137) motd(4027129)
summer(209590696) celticwarrior(8137) rescuedtigers(569)
summer(209590696) celticwarrior(8137) throwback(71790333)
summer(209590696) celticwarrior(8137) roc(350667)
summer(209590696) celticwarrior(8137) tothefore(1055)
summer(209590696) celticwarrior(8137) babymeera(1084)
summer(209590696) celticwarrior(8137) suicidegirlsperiscope(41)
summer(209590696) celticwarrior(8137) amo(21523989)
summer(209590696) celticwarrior(8137) postmyfashionkid(565320)
summer(209590696) celticwarrior(8137) nosonmascotas(3861)
summer(209590696) celticwarrior(8137) bifetodasemana(32)
summer(209590696) celticwarrior(8137) chrisbrown(2698911)
summer(209590696) celticwarrior(8137) pokemon(7410906)
summer(209590696) celticwarrior(8137) 50shadesofk(7430)
summer(209590696) celticwarrior(8137) illustration(13775795)
summer(209590696) celticwarrior(8137) littlefootboutique(2314)
summer(209590696) celticwarrior(8137) saveourplanet(49341)
summer(209590696) celticwarrior(8137) fashionkids(1837009)
summer(209590696) celticwarrior(8137) notpets(5861)
summer(209590696) respect(7887203) nerd(6319307)
summer(209590696) respect(7887203) ufcnola(2724)
summer(209590696) respect(7887203) streetart(12735348)
summer(209590696) respect(7887203) jeremyscott(291872)
summer(209590696) respect(7887203) baifernfamkannaja(43)
summer(209590696) respect(7887203) fitgirls(2926334)
summer(209590696) respect(7887203) shredz(948689)
summer(209590696) respect(7887203) allredeverything(188568)
summer(209590696) respect(7887203) moschino(2774637)
summer(209590696) respect(7887203) streetartglobe(4155)
summer(209590696) respect(7887203) dowork(1204375)
summer(209590696) respect(7887203) girlswithglasses(311206)
summer(209590696) respect(7887203) dresses__up(1014)
summer(209590696) respect(7887203) zaynusak(6401)
summer(209590696) royalfamily(170657) love(920970460)
summer(209590696) royalfamily(170657) _abu_habib(399)
summer(209590696) royalfamily(170657) film07(322)
summer(209590696) royalfamily(170657) getsupplied(1838)
summer(209590696) royalfamily(170657) supplied(210139)
summer(209590696) royalfamily(170657) girlswithglasses(311205)
summer(209590696) royalfamily(170657) beauty(89682074)
summer(209590696) royalfamily(170657) murica(1254843)
summer(209590696) royalfamily(170657) happy(305367605)
summer(209590696) royalfamily(170657) fitgirls(2926327)
summer(209590696) royalfamily(170657) lightmaster(4371)
summer(209590696) royalfamily(170657) suits(1179193)
summer(209590696) royalfamily(170657) nerd(6319306)
summer(209590696) royalfamily(170657) mom(17037832)
summer(209590696) royalfamily(170657) maisonsamerkhouzami(156)
summer(209590696) royalfamily(170657) weddingatthebeach(617)
summer(209590696) royalfamily(170657) samerkhouzami(87215)
summer(209590696) royalfamily(170657) beach(82493596)
summer(209590696) royalfamily(170657) vonmoger(61)
summer(209590696) royalfamily(170657) men(10359320)
summer(209590696) royalfamily(170657) sons(681943)
summer(209590696) royalfamily(170657) girl(264233935)
summer(209590696) royalfamily(170657) family(132944692)
summer(209590696) royalfamily(170657) wedding(36877071)
summer(209590696) royalfamily(170657) timeless(689962)
