food(179929171) tattoo(42715865) puravidabracelets(68940)
food(179929171) tattoo(42715865) stancenation(2166596)
food(179929171) tattoo(42715865) babymeera(1082)
food(179929171) tattoo(42715865) trst(12210)
food(179929171) tattoo(42715865) iifa2015(4199)
food(179929171) tattoo(42715865) saveourplanet(49333)
food(179929171) tattoo(42715865) besttime(787032)
food(179929171) tattoo(42715865) savetigers(10366)
food(179929171) tattoo(42715865) premier(508155)
food(179929171) tattoo(42715865) kosova(355090)
food(179929171) tattoo(42715865) cats(24938684)
food(179929171) tattoo(42715865) dildhadaknedo(12805)
food(179929171) tattoo(42715865) catsofinstagram(17777649)
food(179929171) tattoo(42715865) goenkajewellers(3)
food(179929171) tattoo(42715865) kl(1464276)
food(179929171) tattoo(42715865) notpets(5858)
food(179929171) tattoo(42715865) srbija(469230)
food(179929171) tattoo(42715865) govballnyc(93868)
food(179929171) tattoo(42715865) friends(219669479)
food(179929171) tattoo(42715865) fairytale(1042376)
food(179929171) tattoo(42715865) behuman(34095)
food(179929171) tattoo(42715865) planb(430361)
food(179929171) tattoo(42715865) day2(4844499)
food(179929171) tattoo(42715865) alumni(740733)
food(179929171) tattoo(42715865) wdywt(3946086)
food(179929171) tattoo(42715865) livefree(524050)
food(179929171) tattoo(42715865) cat(61372584)
food(179929171) tattoo(42715865) followme(328099762)
food(179929171) tattoo(42715865) shareacoke(658486)
food(179929171) tattoo(42715865) rescuedtigers(566)
food(179929171) tattoo(42715865) werewolf(460134)
food(179929171) tattoo(42715865) nosonmascotas(3858)
food(179929171) tattoo(42715865) malaysia(9637141)
food(179929171) tattoo(42715865) blackjaguarwhitetiger(12430)
food(179929171) tattoo(42715865) prizen(850)
food(179929171) tattoo(42715865) jgaltusa(11163)
food(179929171) tattoo(42715865) dreamy(683630)
food(179929171) tattoo(42715865) wdywtgrid(14308)
food(179929171) pink(74184444) nofilter(126730176)
food(179929171) pink(74184444) speciale(196884)
food(179929171) pink(74184444) 24(3668096)
food(179929171) pink(74184444) laque(42594)
food(179929171) pink(74184444) brandyusa(80174)
food(179929171) pink(74184444) followme(328100883)
food(179929171) pink(74184444) getlaqued(27010)
food(179929171) pink(74184444) film07(319)
food(179929171) pink(74184444) laquenailbar(35889)
food(179929171) pink(74184444) englishbulldog(1744641)
food(179929171) pink(74184444) teamfitt(45531)
food(179929171) pink(74184444) tattoo(42715973)
food(179929171) pink(74184444) blacktattoo(164090)
food(179929171) pink(74184444) bae(8862887)
food(179929171) pink(74184444) bw(10197600)
food(179929171) pink(74184444) momjeans(55816)
food(179929171) pink(74184444) risegymgear(2517)
food(179929171) pink(74184444) otas(5542)
food(179929171) pink(74184444) blackworkers(196913)
food(179929171) pink(74184444) blackwork(330622)
food(179929171) pink(74184444) 50shadesofk(7430)
food(179929171) ootd(63043801) 24(3668084)
food(179929171) ootd(63043801) behuman(34095)
food(179929171) ootd(63043801) saveourplanet(49333)
food(179929171) ootd(63043801) usabmu16(27)
food(179929171) ootd(63043801) savetigers(10366)
food(179929171) ootd(63043801) babymeera(1082)
food(179929171) ootd(63043801) dog(69438678)
food(179929171) ootd(63043801) getlaqued(27010)
food(179929171) ootd(63043801) notpets(5858)
food(179929171) ootd(63043801) amo(21523571)
food(179929171) ootd(63043801) dogsofinstagram(21539588)
food(179929171) ootd(63043801) fallontonight(21314)
food(179929171) ootd(63043801) laque(42594)
food(179929171) ootd(63043801) tothefore(1055)
food(179929171) ootd(63043801) eatwhatyoukill(6615)
food(179929171) ootd(63043801) killwhatyoueat(916)
food(179929171) ootd(63043801) dogs(16256610)
food(179929171) ootd(63043801) bifetodasemana(32)
food(179929171) ootd(63043801) laquenailbar(35889)
food(179929171) ootd(63043801) morning(48018924)
food(179929171) ootd(63043801) bamboobar(11104)
food(179929171) ootd(63043801) philly(4437932)
food(179929171) ootd(63043801) rescuedtigers(566)
food(179929171) ootd(63043801) bae(8862852)
food(179929171) ootd(63043801) nosonmascotas(3858)
food(179929171) ootd(63043801) guyschoice(2065)
food(179929171) ootd(63043801) blackjaguarwhitetiger(12430)
food(179929171) saturdays(898506) penalty(114641)
food(179929171) saturdays(898506) ohcanada(177883)
food(179929171) saturdays(898506) shareacoke(658487)
food(179929171) saturdays(898506) hiphopgoesbroadway(131)
food(179929171) saturdays(898506) trst(12210)
food(179929171) saturdays(898506) murica(1254813)
food(179929171) saturdays(898506) ufcnola(2649)
food(179929171) saturdays(898506) usabmu16(27)
food(179929171) saturdays(898506) kosova(355090)
food(179929171) saturdays(898506) besttime(787039)
food(179929171) saturdays(898506) blacktattoo(164090)
food(179929171) saturdays(898506) edmonton(801076)
food(179929171) saturdays(898506) chinapr(141)
food(179929171) saturdays(898506) bw(10197601)
food(179929171) saturdays(898506) kardashiankids(27975)
food(179929171) saturdays(898506) commonwealth(87452)
food(179929171) saturdays(898506) friends(219670338)
food(179929171) saturdays(898506) fifawwc(3615)
food(179929171) saturdays(898506) prizen(850)
food(179929171) saturdays(898506) summernightsnashville(18)
food(179929171) saturdays(898506) history(6351805)
food(179929171) saturdays(898506) alumni(740736)
food(179929171) saturdays(898506) bl(617116)
food(179929171) saturdays(898506) blackworkers(196913)
food(179929171) saturdays(898506) teamo(18744833)
food(179929171) saturdays(898506) blackwork(330622)
food(179929171) saturdays(898506) srbija(469232)
food(179929171) saturdays(898506) starvingtime(145552)
food(179929171) saturdays(898506) bottle(1540824)
food(179929171) saturdays(898506) planb(430366)
food(179929171) saturdays(898506) kickthedustup(5015)
food(179929171) saturdays(898506) goodnight(39904252)
food(179929171) saturdays(898506) canada(13562276)
food(179929171) saturdays(898506) tattoo(42715979)
food(179929171) saturdays(898506) christinesinclair(1868)
food(179929171) dresses__up(1012) ohcanada(177883)
food(179929171) dresses__up(1012) raffaelmachado(1697)
food(179929171) dresses__up(1012) pr(2022616)
food(179929171) dresses__up(1012) suits(1179135)
food(179929171) dresses__up(1012) history(6351802)
food(179929171) dresses__up(1012) usabmu16(27)
food(179929171) dresses__up(1012) dressyourfacelive(14823)
food(179929171) dresses__up(1012) chinapr(141)
food(179929171) dresses__up(1012) disneyland60(74297)
food(179929171) dresses__up(1012) commonwealth(87452)
food(179929171) dresses__up(1012) canada(13562273)
food(179929171) dresses__up(1012) edmonton(801073)
food(179929171) dresses__up(1012) followme(328100788)
food(179929171) dresses__up(1012) atx(2085218)
food(179929171) dresses__up(1012) fifawwc(3615)
food(179929171) dresses__up(1012) raffaelmachadonodomingoespetacular(6)
food(179929171) dresses__up(1012) goodnight(39904236)
food(179929171) dresses__up(1012) bossmode(59828)
food(179929171) dresses__up(1012) skyspacela(172)
food(179929171) dresses__up(1012) penalty(114640)
food(179929171) dresses__up(1012) bottle(1540824)
food(179929171) dresses__up(1012) healthymary(48622)
food(179929171) dresses__up(1012) englishbulldog(1744641)
food(179929171) dresses__up(1012) repost(127934833)
food(179929171) dresses__up(1012) christinesinclair(1868)
food(179929171) contigokevinroldan(367) puravidabracelets(68940)
food(179929171) contigokevinroldan(367) tunein(315432)
food(179929171) contigokevinroldan(367) thairath(31251)
food(179929171) contigokevinroldan(367) jaggerjosephbraun(28)
food(179929171) contigokevinroldan(367) soccerdotcom(40537)
food(179929171) contigokevinroldan(367) liquidlips(26273)
food(179929171) contigokevinroldan(367) nothinginthisworld(2440)
food(179929171) contigokevinroldan(367) wheredidstevego(40)
food(179929171) contigokevinroldan(367) neymar(2275145)
food(179929171) contigokevinroldan(367) hongkong(8381519)
food(179929171) contigokevinroldan(367) anastasiabeverlyhills(2207113)
food(179929171) contigokevinroldan(367) princesscharlotte(14708)
food(179929171) contigokevinroldan(367) nike(45051815)
food(179929171) contigokevinroldan(367) royalbaby(172912)
food(179929171) contigokevinroldan(367) royalfamily(170630)
food(179929171) contigokevinroldan(367) highoffmylove(4289)
food(179929171) contigokevinroldan(367) princegeorge(105295)
food(179929171) contigokevinroldan(367) ucl(730364)
food(179929171) contigokevinroldan(367) livefree(524050)
food(179929171) contigokevinroldan(367) worldcup(5724750)
food(179929171) contigokevinroldan(367) love(920900439)
food(179929171) renasarmy(2665) xgames(324274)
food(179929171) renasarmy(2665) danielwellington(362965)
food(179929171) renasarmy(2665) trst(12210)
food(179929171) renasarmy(2665) dwpickoftheday(10995)
food(179929171) renasarmy(2665) kickthedustup(5014)
food(179929171) renasarmy(2665) brandyusa(80175)
food(179929171) renasarmy(2665) srbija(469231)
food(179929171) renasarmy(2665) kosova(355090)
food(179929171) renasarmy(2665) besttime(787036)
food(179929171) renasarmy(2665) baifernfamkannaja(39)
food(179929171) renasarmy(2665) soldierfield(78129)
food(179929171) renasarmy(2665) glorious(310605)
food(179929171) renasarmy(2665) getsupplied(1836)
food(179929171) renasarmy(2665) ucl(730392)
food(179929171) renasarmy(2665) friends(219670080)
food(179929171) renasarmy(2665) genefrenkle(89)
food(179929171) renasarmy(2665) neymar(2275169)
food(179929171) renasarmy(2665) usabmu16(27)
food(179929171) renasarmy(2665) supplied(210125)
food(179929171) renasarmy(2665) morecowbell(35795)
food(179929171) renasarmy(2665) kennychesney(273972)
food(179929171) renasarmy(2665) prizen(850)
food(179929171) renasarmy(2665) jgaltusa(11163)
food(179929171) birthdayfashion(337) suits(1179135)
food(179929171) birthdayfashion(337) ufcnola(2649)
food(179929171) birthdayfashion(337) liquidlips(26273)
food(179929171) birthdayfashion(337) worldcup(5724753)
food(179929171) birthdayfashion(337) pr(2022614)
food(179929171) birthdayfashion(337) baifernfamkannaja(39)
food(179929171) birthdayfashion(337) anastasiabeverlyhills(2207120)
food(179929171) birthdayfashion(337) atx(2085211)
food(179929171) birthdayfashion(337) jordansdaily(794913)
food(179929171) birthdayfashion(337) nike(45051857)
food(179929171) birthdayfashion(337) churchoflaugh(21325)
food(179929171) birthdayfashion(337) soccerdotcom(40537)
food(179929171) birthdayfashion(337) healthymary(48622)
food(179929171) unleashedatx(512) restaurant(6783342)
food(179929171) unleashedatx(512) kickthedustup(5010)
food(179929171) unleashedatx(512) thailand(21837302)
food(179929171) unleashedatx(512) onlyforluxury(18892)
food(179929171) unleashedatx(512) sailormoon(1205683)
food(179929171) unleashedatx(512) valentino(7169766)
food(179929171) unleashedatx(512) food(179929366)
food(179929171) unleashedatx(512) teamfitt(45531)
food(179929171) unleashedatx(512) postmyfashionkid(565300)
food(179929171) unleashedatx(512) jurassicworld(122963)
food(179929171) unleashedatx(512) risegymgear(2517)
food(179929171) unleashedatx(512) fashionkids(1836868)
food(179929171) unleashedatx(512) review(1483845)
food(179929171) unleashedatx(512) littlefootboutique(2314)
food(179929171) unleashedatx(512) suicidegirlsperiscope(41)
food(179929171) unleashedatx(512) speciale(196884)
food(179929171) unleashedatx(512) wongnai(222196)
food(179929171) unleashedatx(512) capenidhra(1966)
food(179929171) unleashedatx(512) followme(328100060)
food(179929171) unleashedatx(512) othongthai(450)
food(179929171) blackworkers(196912) love(920900285)
food(179929171) blackworkers(196912) fashionkids(1836867)
food(179929171) blackworkers(196912) nyc(38404619)
food(179929171) blackworkers(196912) churchoflaugh(21325)
food(179929171) blackworkers(196912) littlefootboutique(2314)
food(179929171) blackworkers(196912) isaacng(1054)
food(179929171) blackworkers(196912) govballnyc(93871)
food(179929171) blackworkers(196912) 30sarenew20s(40)
food(179929171) blackworkers(196912) eatwhatyoukill(6615)
food(179929171) blackworkers(196912) killwhatyoueat(916)
food(179929171) blackworkers(196912) newyork(26125556)
food(179929171) blackworkers(196912) newage(247607)
food(179929171) blackworkers(196912) babybubz(1232)
food(179929171) blackworkers(196912) postmyfashionkid(565300)
food(179929171) blackworkers(196912) digifestnyc(11927)
food(179929171) blackworkers(196912) gaybar(148782)
food(179929171) blackworkers(196912) othongthai(450)
food(179929171) blackworkers(196912) sailormoon(1205683)
food(179929171) tashasmith(2444) puravidabracelets(68940)
food(179929171) tashasmith(2444) xgames(324251)
food(179929171) tashasmith(2444) jaggerjosephbraun(28)
food(179929171) tashasmith(2444) morecowbell(35795)
food(179929171) tashasmith(2444) monsterenergy(1003578)
food(179929171) tashasmith(2444) momsareawesome(5220)
food(179929171) tashasmith(2444) fashionkids(1836868)
food(179929171) tashasmith(2444) glorious(310604)
food(179929171) tashasmith(2444) dresses__up(1012)
food(179929171) tashasmith(2444) luxwt(113102)
food(179929171) tashasmith(2444) govballnyc(93872)
food(179929171) tashasmith(2444) postmyfashionkid(565300)
food(179929171) tashasmith(2444) littlefootboutique(2314)
food(179929171) tashasmith(2444) asiyasafiya(157)
food(179929171) tashasmith(2444) unleashedatx(513)
food(179929171) tashasmith(2444) livefree(524050)
food(179929171) tashasmith(2444) meowout(506)
food(179929171) tashasmith(2444) genefrenkle(89)
food(179929171) tashasmith(2444) luxuryworldtraveler(121463)
food(179929171) disneyland60(74291) summernightsnashville(18)
food(179929171) disneyland60(74291) meowout(507)
food(179929171) disneyland60(74291) instasize(104493592)
food(179929171) disneyland60(74291) brandyusa(80174)
food(179929171) disneyland60(74291) hiphopgoesbroadway(131)
food(179929171) disneyland60(74291) govball(45382)
food(179929171) disneyland60(74291) mybena(5033)
food(179929171) disneyland60(74291) bifetodasemana(32)
food(179929171) disneyland60(74291) bae(8862885)
food(179929171) disneyland60(74291) amo(21523587)
food(179929171) disneyland60(74291) americanstyle(136578)
food(179929171) disneyland60(74291) benabrooklynguy(11115)
food(179929171) disneyland60(74291) weout(399668)
food(179929171) la(29887053) amo(21523588)
food(179929171) la(29887053) viners(288476)
food(179929171) la(29887053) newyork(26125641)
food(179929171) la(29887053) dressyourfacelive(14823)
food(179929171) la(29887053) digifest2015(17092)
food(179929171) la(29887053) digifest(37426)
food(179929171) la(29887053) digifestsquadgoals(1)
food(179929171) la(29887053) illustration(13774687)
food(179929171) la(29887053) digifestma(1231)
food(179929171) la(29887053) vintique(381779)
food(179929171) la(29887053) 30sarenew20s(40)
food(179929171) la(29887053) newyork(26125642)
food(179929171) la(29887053) teamfitt(45531)
food(179929171) la(29887053) newage(247608)
food(179929171) la(29887053) risegymgear(2517)
food(179929171) la(29887053) crayola(356479)
food(179929171) la(29887053) bifetodasemana(32)
food(179929171) la(29887053) speciale(196884)
food(179929171) la(29887053) youtubers(2430663)
food(179929171) la(29887053) gaybar(148783)
food(179929171) la(29887053) digifestnyc(11928)
food(179929171) la(29887053) pokemon(7410581)
food(179929171) la(29887053) wirunphotography(121)
food(179929171) la(29887053) nyc(38404757)
food(179929171) blackwork(330619) untamed(62953)
food(179929171) blackwork(330619) cabelosalon(84)
food(179929171) blackwork(330619) kardashiankids(27975)
food(179929171) blackwork(330619) teamo(18744776)
food(179929171) blackwork(330619) bacarditour(1775)
food(179929171) blackwork(330619) baifernfamkannaja(39)
food(179929171) blackwork(330619) birthdayfashion(337)
food(179929171) blackwork(330619) neymar(2275143)
food(179929171) blackwork(330619) ucl(730361)
food(179929171) blackwork(330619) spon(34286)
food(179929171) blackwork(330619) otas(5542)
food(179929171) blackwork(330619) ootd(63043840)
food(179929171) blackwork(330619) pinkhairdontcare(181998)
food(179929171) blackwork(330619) englishbulldog(1744638)
food(179929171) blacktattoo(164088) xgames(324246)
food(179929171) blacktattoo(164088) babybubz(1232)
food(179929171) blacktattoo(164088) churchoflaugh(21325)
food(179929171) blacktattoo(164088) speciale(196884)
food(179929171) blacktattoo(164088) worldcup(5724747)
food(179929171) blacktattoo(164088) bifetodasemana(32)
food(179929171) blacktattoo(164088) soccerdotcom(40537)
food(179929171) blacktattoo(164088) highoffmylove(4289)
food(179929171) blacktattoo(164088) isaacng(1054)
food(179929171) blacktattoo(164088) nothinginthisworld(2440)
food(179929171) blacktattoo(164088) nike(45051787)
food(179929171) blacktattoo(164088) amo(21523557)
food(179929171) myshadow(119083) morning(48019084)
food(179929171) myshadow(119083) wirunphotography(121)
food(179929171) myshadow(119083) pr(2022619)
food(179929171) myshadow(119083) roc(350661)
food(179929171) myshadow(119083) throwupthex(143400)
food(179929171) myshadow(119083) alumni(740736)
food(179929171) myshadow(119083) jaggerjosephbraun(28)
food(179929171) myshadow(119083) planb(430366)
food(179929171) myshadow(119083) suits(1179135)
food(179929171) myshadow(119083) ufcnola(2649)
food(179929171) myshadow(119083) thebestmaidofhonorparty(551)
food(179929171) myshadow(119083) soldierfield(78129)
food(179929171) myshadow(119083) kennychesney(273972)
food(179929171) myshadow(119083) highoffmylove(4289)
food(179929171) myshadow(119083) throwback(71787673)
food(179929171) myshadow(119083) nothinginthisworld(2440)
food(179929171) myshadow(119083) atx(2085220)
food(179929171) bw(10197570) dildhadaknedo(12806)
food(179929171) bw(10197570) day2(4844500)
food(179929171) bw(10197570) raffaelmachado(1697)
food(179929171) bw(10197570) tunein(315432)
food(179929171) bw(10197570) blackwork(330621)
food(179929171) bw(10197570) kl(1464277)
food(179929171) bw(10197570) premier(508155)
food(179929171) bw(10197570) malaysia(9637158)
food(179929171) bw(10197570) wheredidstevego(40)
food(179929171) bw(10197570) bw(10197579)
food(179929171) bw(10197570) raffaelmachadonodomingoespetacular(6)
food(179929171) bw(10197570) ucl(730362)
food(179929171) bw(10197570) fairytale(1042376)
food(179929171) bw(10197570) blackworkers(196912)
food(179929171) bw(10197570) iifa2015(4202)
food(179929171) bw(10197570) capitalo(275)
food(179929171) bw(10197570) yankees(1493064)
food(179929171) bw(10197570) tattoo(42715885)
food(179929171) bw(10197570) funniest15seconds(60847)
food(179929171) bw(10197570) blacktattoo(164088)
food(179929171) bw(10197570) shareacoke(658486)
food(179929171) bw(10197570) neymar(2275144)
food(179929171) bw(10197570) alxjames(11526)
food(179929171) bw(10197570) freshprince(376902)
food(179929171) bw(10197570) goenkajewellers(3)
food(179929171) bw(10197570) dreamy(683630)
food(179929171) monsterenergy(1003575) churchoflaugh(21325)
food(179929171) monsterenergy(1003575) 24(3668084)
food(179929171) monsterenergy(1003575) xgames(324254)
food(179929171) monsterenergy(1003575) respect(7886662)
food(179929171) monsterenergy(1003575) bethemotivation(1863)
food(179929171) monsterenergy(1003575) monsterenergy(1003578)
food(179929171) monsterenergy(1003575) tothefore(1055)
food(179929171) monsterenergy(1003575) unleashedatx(513)
food(179929171) monsterenergy(1003575) bl(617115)
food(179929171) monsterenergy(1003575) manoftheyear(84017)
food(179929171) monsterenergy(1003575) onlyforluxury(18892)
food(179929171) xgames(324240) malaysia(9637185)
food(179929171) xgames(324240) dressyourfacelive(14823)
food(179929171) xgames(324240) chinapr(141)
food(179929171) xgames(324240) momjeans(55816)
food(179929171) xgames(324240) dreamy(683631)
food(179929171) xgames(324240) fifawwc(3614)
food(179929171) xgames(324240) bottle(1540819)
food(179929171) xgames(324240) goodnight(39904118)
food(179929171) xgames(324240) day2(4844505)
food(179929171) xgames(324240) benz(1629891)
food(179929171) xgames(324240) edmonton(801071)
food(179929171) xgames(324240) sls(614758)
food(179929171) xgames(324240) fairytale(1042377)
food(179929171) xgames(324240) commonwealth(87452)
food(179929171) xgames(324240) review(1483845)
food(179929171) xgames(324240) kl(1464279)
food(179929171) xgames(324240) ohcanada(177881)
food(179929171) xgames(324240) canada(13562233)
food(179929171) xgames(324240) fashionking(24939)
food(179929171) xgames(324240) history(6351793)
food(179929171) xgames(324240) amg(2063642)
food(179929171) xgames(324240) series(1248049)
food(179929171) xgames(324240) wongnai(222196)
food(179929171) xgames(324240) mercedes(4224480)
food(179929171) xgames(324240) premier(508157)
food(179929171) xgames(324240) nofilter(126729948)
food(179929171) xgames(324240) capenidhra(1966)
food(179929171) xgames(324240) penalty(114640)
food(179929171) xgames(324240) churchoflaugh(21325)
food(179929171) xgames(324240) restaurant(6783343)
food(179929171) xgames(324240) iifa2015(4203)
food(179929171) xgames(324240) stanleycup(595827)
food(179929171) xgames(324240) food(179929376)
food(179929171) xgames(324240) black(70165543)
food(179929171) xgames(324240) amazingcars247(1228885)
food(179929171) xgames(324240) goenkajewellers(3)
food(179929171) xgames(324240) thailand(21837307)
food(179929171) xgames(324240) dildhadaknedo(12807)
food(179929171) xgames(324240) christinesinclair(1868)
