food(179945243) smile(224633694)
food(179945243) tflers(169442063)
food(179945243) instalike(189594551)
food(179945243) bestoftheday(151285316)
food(179945243) instadaily(203568397)
food(179945243) friends(219689368)
food(179945243) love(921002845)
food(179945243) fashion(220321494)
food(179945243) tbt(352525838)
food(179945243) instadaily(203568354)
food(179945243) foodporn(56560229)
food(179945243) like4like(233494482)
food(179945243) me(376495525)
food(179945243) love(921002360)
food(179945243) photooftheday(320344163)
food(179945243) all_shots(84639337)
food(179945243) follow4follow(174161304)
food(179945243) sun(107507020)
food(179945243) love(921002195)
food(179945243) instadaily(203568323)
food(179945243) look(79839412)
food(179945243) food(179945094)
food(179945243) tagsforlikesapp(5844500)
food(179945243) followme(328131846)
food(179945243) yammy(528920)
food(179945243) girl(264242595)
food(179945243) tbt(352525797)
food(179945243) followme(328131755)
food(179945243) friends(219689595)
food(179945243) tagsforlikesapp(5844552)
food(179945243) picoftheday(232542894)
food(179945243) lunch(27555451)
food(179945243) cute(338765592)
food(179945243) friends(219689534)
food(179945243) fashion(220321590)
food(179945243) food(179945014)
food(179945243) tagsforlikesapp(5844433)
food(179945243) beautiful(291515660)
food(179945243) beautiful(291515683)
food(179945243) swag(170487793)
food(179945243) instagood(422218033)
food(179945243) happy(305379485)
food(179945243) tflers(169442084)
food(179945243) igers(187608003)
food(179945243) girl(264242558)
food(179945243) girl(264242698)
food(179945243) picstitch(36505694)
food(179945243) food(179945140)
food(179945243) follow(339299565)
food(179945243) food(179945021)
food(179945243) smile(224633744)
food(179945243) fashion(220321376)
food(179945243) instamood(143444918)
food(179945243) pepe(716882)
food(179945243) like4like(233494526)
food(179945243) fun(217365712)
food(179945243) swag(170487858)
food(179945243) smile(224633670)
food(179945243) tumblr(45118099)
food(179945243) tagsforlikes(302467986)
food(179945243) fashion(220321534)
food(179945243) bestoftheday(151285386)
food(179945243) teatim(346)
food(179945243) amazing(172713811)
food(179945243) bestoftheday(151285267)
food(179945243) followme(328131524)
food(179945243) tflers(169442141)
food(179945243) yumm(3373249)
food(179945243) photooftheday(320344570)
food(179945243) eating(10373520)
food(179945243) cute(338765810)
food(179945243) beautiful(291515589)
food(179945243) saigon(843883)
food(179945243) follow(339299254)
food(179945243) instalike(189594496)
food(179945243) cakelove(60370)
food(179945243) girl(264242494)
food(179945243) igers(187607946)
food(179945243) instadaily(203568427)
food(179945243) follow4follow(174161220)
food(179945243) instalike(189594466)
food(179945243) tomato(1859438)
food(179945243) fun(217365807)
food(179945243) picoftheday(232542785)
food(179945243) instadaily(203568459)
food(179945243) summer(209604864)
food(179945243) all_shots(84639350)
food(179945243) follow(339299691)
food(179945243) tagsforlikes(302468188)
food(179945243) igers(187607977)
food(179945243) berries(1465435)
food(179945243) happy(305379444)
food(179945243) afternoon(8505814)
food(179945243) instadaily(203568284)
food(179945243) food(179944990)
food(179945243) beautiful(291515973)
food(179945243) photooftheday(320344417)
food(179945243) instagood(422217717)
food(179945243) picoftheday(232542681)
food(179945243) friends(219689497)
food(179945243) tbt(352525879)
food(179945243) tagsforlikesapp(5844475)
food(179945243) cakes(2367508)
food(179945243) foodie(18680117)
food(179945243) beautiful(291515864)
food(179945243) happy(305379343)
food(179945243) cute(338765765)
food(179945243) me(376495873)
food(179945243) cute(338765839)
food(179945243) fashion(220321671)
food(179945243) instagood(422217509)
food(179945243) girl(264242618)
food(179945243) iphoneonly(96362024)
food(179945243) food(179945157)
food(179945243) happy(305379374)
food(179945243) follow(339299297)
food(179945243) bestoftheday(151285426)
food(179945243) webstagram(96511894)
food(179945243) igers(187608019)
food(179945243) instalike(189594586)
food(179945243) coffee(37173043)
food(179945243) tbt(352525912)
food(179945243) food(179945194)
food(179945243) igers(187608102)
food(179945243) nofilter(126739781)
food(179945243) instagood(422217861)
food(179945243) happiness(34995904)
food(179945243) tflers(169442159)
food(179945243) photooftheday(320344335)
food(179945243) photooftheday(320344282)
food(179945243) tagsforlikes(302468146)
food(179945243) like4like(233494289)
food(179945243) picoftheday(232542617)
food(179945243) tagsforlikes(302468243)
food(179945243) followme(328131547)
food(179945243) sunday(39732704)
food(179945243) instafollow(90834240)
food(179945243) style(146571420)
food(179945243) swag(170487912)
food(179945243) like4like(233494381)
food(179945243) meme(6684907)
food(179945243) amazing(172714002)
food(179945243) hotsumer(327)
food(179945243) instadaily(203568499)
food(179945243) iphoneonly(96362046)
food(179945243) summer(209605054)
food(179945243) food(179945081)
food(179945243) tflers(169442021)
food(179945243) instafood(44020052)
food(179945243) lecker(1710921)
food(179945243) style(146571470)
food(179945243) summer(209604758)
food(179945243) beautiful(291515897)
food(179945243) vscocam(101692685)
food(179945243) smile(224633888)
food(179945243) appbreeze(1195115)
food(179945243) amazing(172713963)
food(179945243) bestoftheday(151285371)
food(179945243) food(179945223)
food(179945243) instacool(89904440)
food(179945243) food(179945118)
food(179945243) tagsforlikesapp(5844508)
food(179945243) smoothie(4170566)
food(179945243) summer(209605161)
food(179945243) taipei(2909215)
food(179945243) food(179945177)
food(179945243) lovefruits(20180)
food(179945243) friends(219689655)
food(179945243) instagood(422217664)
food(179945243) beautiful(291515781)
food(179945243) breakfast(38893619)
food(179945243) life(126867380)
food(179945243) photooftheday(320344459)
food(179945243) love(921002782)
food(179945243) instacake(1379219)
food(179945243) like4like(233494581)
food(179945243) picoftheday(232542744)
food(179945243) raspberry(1520680)
food(179945243) love(921002655)
food(179945243) instalike(189594419)
food(179945243) followme(328131674)
food(179945243) instalike(189594668)
food(179945243) instamood(143444842)
food(179945243) beautiful(291515826)
food(179945243) happy(305379508)
food(179945243) enjoy(15937116)
food(179945243) follow(339299478)
food(179945243) colorful(68864755)
food(179945243) instagood(422217595)
food(179945243) friends(219689439)
food(179945243) food(179945133)
food(179945243) strawberry(10610857)
food(179945243) vsco(63293112)
food(179945243) food(179945046)
food(179945243) instamood(143444835)
food(179945243) birthdaycake(2801232)
food(179945243) swag(170487822)
food(179945243) fruit(11111302)
food(179945243) tagsforlikes(302468322)
food(179945243) foodgasm(11354907)
food(179945243) shangrila(224192)
food(179945243) instagood(422217801)
food(179945243) loveit(55605394)
food(179945243) photograph(4698938)
food(179945243) swag(170487775)
food(179945243) follow(339299533)
food(179945243) cute(338765683)
food(179945243) torte(219479)
food(179945243) happy(305379548)
food(179945243) food(179944995)
food(179945243) cute(338765868)
food(179945243) instagramhub(42368595)
food(179945243) food(179945213)
food(179945243) tweegram(93506902)
food(179945243) cute(338765929)
food(179945243) fun(217365910)
food(179945243) me(376495703)
food(179945243) cake(32557586)
food(179945243) cherries(839568)
food(179945243) morning(48028863)
food(179945243) look(79839437)
food(179945243) tbt(352525830)
food(179945243) girl(264242410)
food(179945243) followme(328131603)
food(179945243) osaka(1936263)
food(179945243) tagsforlikesapp(5844465)
food(179945243) bestoftheday(151285255)
food(179945243) tagsforlikes(302468058)
food(179945243) nickhide(511)
food(179945243) food(179945061)
food(179945243) webstagram(96511872)
food(179945243) strawberries(5209904)
food(179945243) food(179945128)
food(179945243) instagood(422217445)
food(179945243) me(376495599)
food(179945243) bestoftheday(151285226)
food(179945243) amazing(172713935)
food(179945243) colorful(68864735)
food(179945243) food(179945108)
food(179945243) photooftheday(320344236)
food(179945243) instalike(189594621)
food(179945243) 20likes(69698996)
food(179945243) instacool(89904468)
food(179945243) me(376495778)
food(179945243) enjoy(15937110)
food(179945243) fruitlover(77902)
food(179945243) instamood(143444886)
food(179945243) bhanmi(326)
food(179945243) instalike(189594737)
food(179945243) instamood(143444976)
food(179945243) like4like(233494324)
food(179945243) sushi(12655048)
food(179945243) instagood(422217908)
food(179945243) girl(264242435)
food(179945243) instadaily(203568520)
food(179945243) summer(209605222)
food(179945243) jj(34460168)
food(179945243) like4like(233494654)
food(179945243) pasta(5591873)
food(179945243) happy(305379267)
food(179945243) igers(187608078)
food(179945243) swag(170487838)
food(179945243) tflers(169442118)
food(179945243) birthday(55436614)
food(179945243) girl(264242524)
food(179945243) igers(187608146)
food(179945243) love(921002909)
food(179945243) follow(339299378)
food(179945243) instadaily(203568254)
food(179945243) smile(224633782)
food(179945243) bestoftheday(151285357)
food(179945243) daily(14358334)
food(179945243) happy(305379611)
food(179945243) tweegram(93506938)
food(179945243) summer(209605131)
food(179945243) love(921003110)
food(179945243) friends(219689413)
food(179945243) kuchen(335900)
food(179945243) amazing(172713860)
food(179945243) picoftheday(232542700)
food(179945243) me(376495749)
food(179945243) swag(170487758)
food(179945243) follow(339299602)
food(179945243) fun(217365648)
food(179945243) instadaily(203568447)
food(179945243) leisurely(11270)
food(179945243) berriesmoothies(45)
food(179945243) food(179945226)
food(179945243) instafollow(90834283)
food(179945243) instadaily(203568593)
food(179945243) fashion(220321309)
food(179945243) amazing(172713919)
food(179945243) food(179945037)
food(179945243) bestoftheday(151285333)
food(179945243) girl(264242460)
food(179945243) tbt(352525893)
food(179945243) healthy(50577073)
food(179945243) foodpics(7789294)
food(179945243) pho(1158164)
food(179945243) instafood(44020112)
food(179945243) love(921002277)
food(179945243) fashion(220321404)
food(179945243) picoftheday(232542605)
food(179945243) yummy(58083028)
food(179945243) summer(209604993)
food(179945243) photooftheday(320344210)
food(179945243) cute(338765658)
food(179945243) fitspiration(5051776)
food(179945243) followme(328131701)
food(179945243) smile(224633831)
food(179945243) instagood(422217547)
food(179945243) happy(305379573)
food(179945243) igers(187608120)
food(179945243) delicious(34674174)
food(179945243) smile(224633614)
food(179945243) tagsforlikes(302468084)
food(179945243) summer(209605088)
food(179945243) sky(79088936)
food(179945243) smile(224633727)
food(179945243) tflers(169442213)
food(179945243) pepethefrog(10161)
food(179945243) followme(328131936)
food(179945243) instago(85793991)
food(179945243) tagsforlikes(302468213)
food(179945243) iphonesia(60299028)
food(179945243) fun(217365770)
food(179945243) fun(217365695)
food(179945243) follow(339299436)
food(179945243) smile(224633645)
food(179945243) swag(170487813)
food(179945243) love(921002548)
food(179945243) amazing(172713844)
food(179945243) fun(217365855)
food(179945243) 20likes(69699016)
food(179945243) foodporn(56560227)
food(179945243) follow(339299335)
food(179945243) igers(187608056)
food(179945243) love(921002432)
food(179945243) instamood(143444902)
food(179945243) love(921002341)
food(179945243) swag(170487880)
food(179945243) amazing(172713884)
food(179945243) followme(328131471)
food(179945243) photooftheday(320344491)
food(179945243) amazing(172714060)
food(179945243) like4like(233494453)
food(179945243) picoftheday(232542654)
food(179945243) frog(1264378)
food(179945243) birthday(55436630)
food(179945243) picoftheday(232542820)
food(179945243) tbt(352525942)
food(179945243) instago(85794005)
food(179945243) tweegram(93506921)
food(179945243) me(376495628)
food(179945243) instamood(143444790)
food(179945243) bestoftheday(151285289)
food(179945243) like4like(233494338)
food(179945243) webstagram(96511843)
food(179945243) healthy(50577069)
food(179945243) fashion(220321559)
food(179945243) instafood(44020095)
food(179945243) travel(45896039)
food(179945243) igers(187608200)
food(179945243) photooftheday(320344365)
food(179945243) summer(209604999)
food(179945243) instalike(189594482)
food(179945243) tbt(352525897)
food(179945243) summer(209604894)
food(179945243) foodpic(6505142)
