movies(9305979) saveourplanet(49337) godsister(108319)
movies(9305979) saveourplanet(49337) goodnight(39905251)
movies(9305979) saveourplanet(49337) film07(319)
movies(9305979) saveourplanet(49337) renasarmy(2671)
movies(9305979) saveourplanet(49337) history(6351952)
movies(9305979) saveourplanet(49337) ohcanada(177887)
movies(9305979) saveourplanet(49337) bottle(1540841)
movies(9305979) saveourplanet(49337) chinapr(141)
movies(9305979) saveourplanet(49337) inspired(2811685)
movies(9305979) saveourplanet(49337) yg(1982500)
movies(9305979) saveourplanet(49337) soproud(1717780)
movies(9305979) saveourplanet(49337) edmonton(801121)
movies(9305979) saveourplanet(49337) christinesinclair(1870)
movies(9305979) saveourplanet(49337) canada(13562617)
movies(9305979) saveourplanet(49337) fifawwc(3633)
movies(9305979) saveourplanet(49337) thesocialexperiment(3002)
movies(9305979) saveourplanet(49337) victory(1376484)
movies(9305979) saveourplanet(49337) chicago(16738863)
movies(9305979) saveourplanet(49337) 50shadesofk(7430)
movies(9305979) saveourplanet(49337) promseason(77561)
movies(9305979) saveourplanet(49337) penalty(114645)
movies(9305979) saveourplanet(49337) stanleycup(595839)
movies(9305979) saveourplanet(49337) commonwealth(87550)
movies(9305979) saveourplanet(49337) angels(1759111)
movies(9305979) newyork(26125954) restaurant(6783491)
movies(9305979) newyork(26125954) food(179932824)
movies(9305979) newyork(26125954) blacktattoo(164101)
movies(9305979) newyork(26125954) aye30minnaturecontest(331)
movies(9305979) newyork(26125954) fallontonight(21315)
movies(9305979) newyork(26125954) otas(5544)
movies(9305979) newyork(26125954) review(1483942)
movies(9305979) newyork(26125954) manoftheyear(84020)
movies(9305979) newyork(26125954) murica(1254827)
movies(9305979) newyork(26125954) wongnai(222221)
movies(9305979) newyork(26125954) bw(10197784)
movies(9305979) newyork(26125954) pinkhairdontcare(182001)
movies(9305979) newyork(26125954) blackworkers(196920)
movies(9305979) newyork(26125954) thailand(21838114)
movies(9305979) newyork(26125954) respect(7886892)
movies(9305979) newyork(26125954) tattoo(42716576)
movies(9305979) newyork(26125954) cabelosalon(84)
movies(9305979) newyork(26125954) blackwork(330635)
movies(9305979) newyork(26125954) bethemotivation(1863)
movies(9305979) bossmode(59828) repost(127939421)
movies(9305979) bossmode(59828) fcbarcelona(1702295)
movies(9305979) bossmode(59828) hiphopgoesbroadway(131)
movies(9305979) bossmode(59828) morning(48020638)
movies(9305979) bossmode(59828) spiketvawards(53)
movies(9305979) bossmode(59828) messi(3356660)
movies(9305979) bossmode(59828) chicago(16738820)
movies(9305979) bossmode(59828) disneyland60(74343)
movies(9305979) bossmode(59828) royalfamily(170643)
movies(9305979) bossmode(59828) nofilter(126731870)
movies(9305979) bossmode(59828) superstreet(673409)
movies(9305979) bossmode(59828) laque(42595)
movies(9305979) bossmode(59828) fallontonight(21315)
movies(9305979) bossmode(59828) thairath(31251)
movies(9305979) bossmode(59828) laquenailbar(35890)
movies(9305979) bossmode(59828) princesscharlotte(14794)
movies(9305979) bossmode(59828) royalbaby(172920)
movies(9305979) bossmode(59828) americanstyle(136583)
movies(9305979) bossmode(59828) fcb_supporters(1095)
movies(9305979) bossmode(59828) thesocialexperiment(3002)
movies(9305979) bossmode(59828) luxwt(113105)
movies(9305979) bossmode(59828) wekfest(128003)
movies(9305979) bossmode(59828) getlaqued(27011)
movies(9305979) bossmode(59828) ucl(730535)
movies(9305979) bossmode(59828) luxuryworldtraveler(121467)
movies(9305979) bossmode(59828) wfla(7062)
movies(9305979) bossmode(59828) princegeorge(105334)
movies(9305979) bossmode(59828) bae(8863212)
movies(9305979) bossmode(59828) ufcnola(2669)
movies(9305979) usabmu16(27) atx(2085295)
movies(9305979) usabmu16(27) followme(328106717)
movies(9305979) usabmu16(27) suits(1179161)
movies(9305979) usabmu16(27) throwupthex(143401)
movies(9305979) usabmu16(27) throwback(71788675)
movies(9305979) usabmu16(27) roc(350663)
movies(9305979) usabmu16(27) wirunphotography(121)
movies(9305979) usabmu16(27) pr(2022653)
movies(9305979) usabmu16(27) stancenation(2166659)
movies(9305979) digifestma(1232) dodgers(1939704)
movies(9305979) digifestma(1232) godsister(108319)
movies(9305979) digifestma(1232) streetart(12734916)
movies(9305979) digifestma(1232) streetartglobe(4153)
movies(9305979) digifestma(1232) soccerdotcom(40537)
movies(9305979) digifestma(1232) planb(430377)
movies(9305979) digifestma(1232) weloveit(343402)
movies(9305979) digifestma(1232) worldcup(5724784)
movies(9305979) digifestma(1232) nike(45052758)
movies(9305979) digifestma(1232) fallontonight(21315)
movies(9305979) digifestma(1232) alumni(740747)
movies(9305979) digifestma(1232) disneyland60(74345)
movies(9305979) digifestma(1232) englishbulldog(1744678)
movies(9305979) digifestma(1232) stancenation(2166663)
movies(9305979) digifestma(1232) copordrop(27728)
movies(9305979) digifestma(1232) promseason(77561)
movies(9305979) digifestma(1232) yg(1982498)
movies(9305979) youtubers(2430707) godsister(108319)
movies(9305979) youtubers(2430707) bae(8863270)
movies(9305979) youtubers(2430707) trst(12210)
movies(9305979) youtubers(2430707) review(1483942)
movies(9305979) youtubers(2430707) friends(219674372)
movies(9305979) youtubers(2430707) 77(342028)
movies(9305979) youtubers(2430707) luxwt(113106)
movies(9305979) youtubers(2430707) yg(1982500)
movies(9305979) youtubers(2430707) luxuryworldtraveler(121468)
movies(9305979) youtubers(2430707) speciale(196887)
movies(9305979) youtubers(2430707) srbija(469237)
movies(9305979) youtubers(2430707) birthdayfashion(337)
movies(9305979) youtubers(2430707) makeupbyanna(79388)
movies(9305979) youtubers(2430707) thailand(21838142)
movies(9305979) youtubers(2430707) kosova(355092)
movies(9305979) youtubers(2430707) ootd(63046233)
movies(9305979) youtubers(2430707) restaurant(6783496)
movies(9305979) youtubers(2430707) 50shadesofk(7430)
movies(9305979) youtubers(2430707) besttime(787057)
movies(9305979) youtubers(2430707) food(179932938)
movies(9305979) youtubers(2430707) promseason(77561)
movies(9305979) youtubers(2430707) wongnai(222223)
movies(9305979) youtubers(2430707) prizen(850)
movies(9305979) behuman(34099) teamo(18745160)
movies(9305979) behuman(34099) stanleycup(595841)
movies(9305979) behuman(34099) morning(48021012)
movies(9305979) behuman(34099) govball(45433)
movies(9305979) behuman(34099) weout(399675)
movies(9305979) behuman(34099) soccerdotcom(40538)
movies(9305979) behuman(34099) nike(45052848)
movies(9305979) behuman(34099) murica(1254828)
movies(9305979) behuman(34099) worldcup(5724784)
movies(9305979) rescuedtigers(568) aye30minnaturecontest(331)
movies(9305979) rescuedtigers(568) otas(5544)
movies(9305979) rescuedtigers(568) tashasmith(2444)
movies(9305979) rescuedtigers(568) jaggerjosephbraun(28)
movies(9305979) rescuedtigers(568) winneandkleo(1)
movies(9305979) rescuedtigers(568) pinkhairdontcare(182001)
movies(9305979) rescuedtigers(568) yankees(1493081)
movies(9305979) rescuedtigers(568) cabelosalon(84)
movies(9305979) rescuedtigers(568) capenidhra(1966)
movies(9305979) rescuedtigers(568) bl(617156)
movies(9305979) digifest(37438) ucl(730553)
movies(9305979) digifest(37438) murica(1254827)
movies(9305979) digifest(37438) morecowbell(35795)
movies(9305979) digifest(37438) fcb_supporters(1095)
movies(9305979) digifest(37438) supplied(210126)
movies(9305979) digifest(37438) bae(8863242)
movies(9305979) digifest(37438) messi(3356686)
movies(9305979) digifest(37438) saturdays(898559)
movies(9305979) digifest(37438) disneyland60(74344)
movies(9305979) digifest(37438) myshadow(119086)
movies(9305979) digifest(37438) teamfitt(45531)
movies(9305979) digifest(37438) pink(74185513)
movies(9305979) digifest(37438) neymar(2275406)
movies(9305979) digifest(37438) getsupplied(1836)
movies(9305979) digifest(37438) motd(4026989)
movies(9305979) digifest(37438) genefrenkle(89)
movies(9305979) digifest(37438) risegymgear(2518)
movies(9305979) digifest(37438) fcbarcelona(1702328)
movies(9305979) digifest(37438) xgames(324508)
movies(9305979) digifest(37438) glorious(310608)
movies(9305979) digifest(37438) la(29887709)
movies(9305979) digifest(37438) angels(1759104)
movies(9305979) kennychesney(273994) me(376477173)
movies(9305979) kennychesney(273994) atx(2085294)
movies(9305979) kennychesney(273994) banginandbitsy(2)
movies(9305979) kennychesney(273994) suits(1179161)
movies(9305979) kennychesney(273994) morecowbell(35795)
movies(9305979) kennychesney(273994) glorious(310608)
movies(9305979) kennychesney(273994) home(58059535)
movies(9305979) kennychesney(273994) xgames(324494)
movies(9305979) kennychesney(273994) pr(2022653)
movies(9305979) kennychesney(273994) instamoment(27872985)
movies(9305979) kennychesney(273994) genefrenkle(89)
movies(9305979) philly(4437992) meowout(524)
movies(9305979) philly(4437992) dodgers(1939704)
movies(9305979) philly(4437992) food(179932760)
movies(9305979) philly(4437992) restaurant(6783488)
movies(9305979) philly(4437992) funniest15seconds(60850)
movies(9305979) philly(4437992) soproud(1717777)
movies(9305979) philly(4437992) renasarmy(2670)
movies(9305979) philly(4437992) victory(1376482)
movies(9305979) philly(4437992) freshprince(376905)
movies(9305979) philly(4437992) jaggerjosephbraun(28)
movies(9305979) philly(4437992) wongnai(222221)
movies(9305979) philly(4437992) capitalo(277)
movies(9305979) philly(4437992) tunein(315434)
movies(9305979) philly(4437992) weloveit(343402)
movies(9305979) philly(4437992) kickthedustup(5059)
movies(9305979) philly(4437992) inspired(2811677)
movies(9305979) philly(4437992) wheredidstevego(40)
movies(9305979) philly(4437992) review(1483939)
movies(9305979) philly(4437992) momsareawesome(5220)
movies(9305979) philly(4437992) thailand(21838103)
movies(9305979) winneandkleo(1) handgun(141182)
movies(9305979) winneandkleo(1) murica(1254827)
movies(9305979) winneandkleo(1) california(18352235)
movies(9305979) winneandkleo(1) molonlabe(297620)
movies(9305979) winneandkleo(1) pinkhairdontcare(182001)
movies(9305979) winneandkleo(1) 707(203873)
movies(9305979) winneandkleo(1) igmilitia(713367)
movies(9305979) winneandkleo(1) baifernfamkannaja(43)
movies(9305979) winneandkleo(1) secondamendment(173046)
movies(9305979) winneandkleo(1) 2a(519533)
movies(9305979) winneandkleo(1) onlyforluxury(18892)
movies(9305979) winneandkleo(1) hongkong(8381978)
movies(9305979) winneandkleo(1) righttobeararms(84341)
movies(9305979) winneandkleo(1) waitwhat(228872)
movies(9305979) winneandkleo(1) gold(21296050)
movies(9305979) winneandkleo(1) sailormoon(1205727)
movies(9305979) winneandkleo(1) revolver(210467)
movies(9305979) winneandkleo(1) gunporn(536703)
movies(9305979) winneandkleo(1) 22lr(39602)
movies(9305979) winneandkleo(1) genefrenkle(89)
movies(9305979) winneandkleo(1) nra(283209)
movies(9305979) winneandkleo(1) dodgers(1939699)
movies(9305979) winneandkleo(1) colt(300990)
movies(9305979) winneandkleo(1) merica(4262822)
movies(9305979) winneandkleo(1) guncontrol(112431)
movies(9305979) winneandkleo(1) hufworldwide(33336)
movies(9305979) winneandkleo(1) jaggerjosephbraun(28)
movies(9305979) winneandkleo(1) amo(21523747)
movies(9305979) winneandkleo(1) sportsmansarms(1851)
movies(9305979) winneandkleo(1) weloveit(343402)
movies(9305979) winneandkleo(1) gun(2393481)
movies(9305979) winneandkleo(1) bifetodasemana(32)
movies(9305979) winneandkleo(1) freedom(9296441)
movies(9305979) winneandkleo(1) huf(1436186)
movies(9305979) winneandkleo(1) huf2(206)
movies(9305979) winneandkleo(1) pistol(430743)
movies(9305979) winneandkleo(1) guns(2205011)
movies(9305979) winneandkleo(1) cabelosalon(84)
movies(9305979) winneandkleo(1) 24(3668145)
movies(9305979) winneandkleo(1) morecowbell(35795)
movies(9305979) winneandkleo(1) glorious(310608)
movies(9305979) winneandkleo(1) gunsdaily(193815)
movies(9305979) winneandkleo(1) firearm(62329)
movies(9305979) winneandkleo(1) othongthai(450)
movies(9305979) winneandkleo(1) morning(48020689)
movies(9305979) alumni(740747) throwupthex(143401)
movies(9305979) alumni(740747) shooting(4329231)
movies(9305979) alumni(740747) dresses__up(1013)
movies(9305979) alumni(740747) soldierfield(78141)
movies(9305979) alumni(740747) bl(617140)
movies(9305979) alumni(740747) antiguncontrol(11777)
movies(9305979) alumni(740747) secondamendment(173046)
movies(9305979) alumni(740747) jurassicworld(122993)
movies(9305979) alumni(740747) defendthesecond(83551)
movies(9305979) alumni(740747) righttobeararms(84341)
movies(9305979) alumni(740747) gunporn(536703)
movies(9305979) alumni(740747) firearms(178116)
movies(9305979) alumni(740747) throwback(71788642)
movies(9305979) alumni(740747) hongkong(8381970)
movies(9305979) alumni(740747) regram(16149815)
movies(9305979) alumni(740747) roc(350663)
movies(9305979) alumni(740747) weaponsreloaded(27777)
movies(9305979) alumni(740747) gun(2393481)
movies(9305979) alumni(740747) progun(53842)
movies(9305979) alumni(740747) valentino(7170391)
movies(9305979) alumni(740747) weapons(297732)
movies(9305979) alumni(740747) guns(2205011)
movies(9305979) alumni(740747) nra(283209)
movies(9305979) alumni(740747) defendthe2nd(14238)
movies(9305979) alumni(740747) kennychesney(273996)
movies(9305979) digifest2015(17102) godsister(108319)
movies(9305979) digifest2015(17102) yg(1982500)
movies(9305979) digifest2015(17102) haroldandmaude(5640)
movies(9305979) digifest2015(17102) copordrop(27728)
movies(9305979) digifest2015(17102) jaggerjosephbraun(28)
movies(9305979) digifest2015(17102) promseason(77561)
movies(9305979) digifest2015(17102) teamo(18745154)
movies(9305979) digifest2015(17102) highoffmylove(4289)
movies(9305979) digifest2015(17102) nothinginthisworld(2440)
movies(9305979) digifest2015(17102) jgaltusa(11163)
movies(9305979) digifest2015(17102) americanstyle(136583)
movies(9305979) digifest2015(17102) onlyforluxury(18892)
movies(9305979) digifest2015(17102) 7daysontheroad(762)
movies(9305979) freshtops(88362) makeupbyanna(79388)
movies(9305979) freshtops(88362) fashionkids(1836931)
movies(9305979) freshtops(88362) healthymary(48627)
movies(9305979) freshtops(88362) wheredidstevego(40)
movies(9305979) freshtops(88362) momsareawesome(5220)
movies(9305979) freshtops(88362) 77(342028)
movies(9305979) freshtops(88362) bethemotivation(1863)
movies(9305979) freshtops(88362) anniestyle(419)
movies(9305979) freshtops(88362) americanstyle(136583)
movies(9305979) freshtops(88362) summernightsnashville(18)
movies(9305979) freshtops(88362) digifestnyc(11951)
movies(9305979) freshtops(88362) littlefootboutique(2314)
movies(9305979) freshtops(88362) tunein(315434)
movies(9305979) freshtops(88362) jaggerjosephbraun(28)
movies(9305979) freshtops(88362) loveunconditional(10624)
movies(9305979) freshtops(88362) respect(7886862)
movies(9305979) freshtops(88362) daddydaughtertime(217846)
movies(9305979) freshtops(88362) manoftheyear(84020)
movies(9305979) freshtops(88362) americanpharaoh(4998)
movies(9305979) freshtops(88362) postmyfashionkid(565314)
movies(9305979) nosonmascotas(3860) luxwt(113106)
movies(9305979) nosonmascotas(3860) meowout(525)
movies(9305979) nosonmascotas(3860) aye30minnaturecontest(331)
movies(9305979) nosonmascotas(3860) streetartglobe(4153)
movies(9305979) nosonmascotas(3860) instasize(104498325)
movies(9305979) nosonmascotas(3860) copordrop(27728)
movies(9305979) nosonmascotas(3860) disneyland60(74347)
movies(9305979) nosonmascotas(3860) streetart(12734937)
movies(9305979) nosonmascotas(3860) pinkhairdontcare(182001)
movies(9305979) nosonmascotas(3860) luxuryworldtraveler(121468)
movies(9305979) nosonmascotas(3860) cabelosalon(84)
movies(9305979) digifestnyc(11951) gun(2393484)
movies(9305979) digifestnyc(11951) hiphopgoesbroadway(131)
movies(9305979) digifestnyc(11951) antiguncontrol(11777)
movies(9305979) digifestnyc(11951) raffaelmachadonodomingoespetacular(6)
movies(9305979) digifestnyc(11951) raffaelmachado(1698)
movies(9305979) digifestnyc(11951) gunporn(536703)
movies(9305979) digifestnyc(11951) secondamendment(173048)
movies(9305979) digifestnyc(11951) firearms(178116)
movies(9305979) digifestnyc(11951) speciale(196887)
movies(9305979) digifestnyc(11951) dreamfoundation(825)
movies(9305979) digifestnyc(11951) nra(283209)
movies(9305979) digifestnyc(11951) 7daysontheroad(762)
movies(9305979) digifestnyc(11951) defendthesecond(83551)
movies(9305979) digifestnyc(11951) righttobeararms(84341)
movies(9305979) digifestnyc(11951) weaponsreloaded(27777)
movies(9305979) digifestnyc(11951) progun(53842)
movies(9305979) digifestnyc(11951) shooting(4329238)
movies(9305979) digifestnyc(11951) nationals(926590)
movies(9305979) digifestnyc(11951) weapons(297732)
movies(9305979) digifestnyc(11951) guns(2205011)
movies(9305979) digifestnyc(11951) defendthe2nd(14238)
movies(9305979) digifestnyc(11951) bl(617156)
movies(9305979) bamboobar(11107) churchoflaugh(21326)
movies(9305979) bamboobar(11107) guyschoice(2074)
movies(9305979) bamboobar(11107) dwpickoftheday(10996)
movies(9305979) bamboobar(11107) isaacng(1054)
movies(9305979) bamboobar(11107) starvingtime(145564)
movies(9305979) bamboobar(11107) laque(42595)
movies(9305979) bamboobar(11107) getlaqued(27011)
movies(9305979) bamboobar(11107) weout(399673)
movies(9305979) bamboobar(11107) laquenailbar(35890)
movies(9305979) bamboobar(11107) warrenjc(87802)
movies(9305979) bamboobar(11107) dressyourfacelive(14825)
movies(9305979) bamboobar(11107) stancenation(2166663)
movies(9305979) bamboobar(11107) babybubz(1232)
movies(9305979) bamboobar(11107) govball(45430)
movies(9305979) bamboobar(11107) danielwellington(363014)
movies(9305979) viners(288478) handgun(141182)
movies(9305979) viners(288478) gold(21296075)
movies(9305979) viners(288478) restaurant(6783494)
movies(9305979) viners(288478) makeupbyanna(79388)
movies(9305979) viners(288478) xgames(324511)
movies(9305979) viners(288478) soldierfield(78141)
movies(9305979) viners(288478) molonlabe(297620)
movies(9305979) viners(288478) 707(203873)
movies(9305979) viners(288478) igmilitia(713367)
movies(9305979) viners(288478) food(179932860)
movies(9305979) viners(288478) freedom(9296447)
movies(9305979) viners(288478) 2a(519533)
movies(9305979) viners(288478) 77(342028)
movies(9305979) viners(288478) review(1483942)
movies(9305979) viners(288478) righttobeararms(84341)
movies(9305979) viners(288478) luxwt(113106)
movies(9305979) viners(288478) revolver(210467)
movies(9305979) viners(288478) 22lr(39602)
movies(9305979) viners(288478) merica(4262830)
movies(9305979) viners(288478) gunporn(536703)
movies(9305979) viners(288478) secondamendment(173048)
movies(9305979) viners(288478) sportsmansarms(1851)
movies(9305979) viners(288478) luxuryworldtraveler(121468)
movies(9305979) viners(288478) fashionkids(1836935)
movies(9305979) viners(288478) gun(2393482)
movies(9305979) viners(288478) motd(4026991)
movies(9305979) viners(288478) nra(283209)
movies(9305979) viners(288478) colt(300990)
movies(9305979) viners(288478) littlefootboutique(2314)
movies(9305979) viners(288478) guncontrol(112431)
movies(9305979) viners(288478) wongnai(222222)
movies(9305979) viners(288478) monsterenergy(1003593)
movies(9305979) viners(288478) kennychesney(273999)
movies(9305979) viners(288478) postmyfashionkid(565315)
movies(9305979) viners(288478) gomariners(85318)
movies(9305979) viners(288478) firearm(62329)
movies(9305979) viners(288478) unleashedatx(513)
movies(9305979) viners(288478) pistol(430743)
movies(9305979) viners(288478) sailormoon(1205728)
movies(9305979) viners(288478) guns(2205011)
movies(9305979) viners(288478) thailand(21838124)
movies(9305979) viners(288478) wirunphotography(121)
movies(9305979) viners(288478) gunsdaily(193815)
movies(9305979) viners(288478) california(18352274)
movies(9305979) viners(288478) othongthai(450)
movies(9305979) puravidabracelets(68942) amg(2063697)
movies(9305979) puravidabracelets(68942) amazingcars247(1228921)
movies(9305979) puravidabracelets(68942) thairath(31251)
movies(9305979) puravidabracelets(68942) dresses__up(1013)
movies(9305979) puravidabracelets(68942) royalbaby(172923)
movies(9305979) puravidabracelets(68942) sls(614781)
movies(9305979) puravidabracelets(68942) benz(1629938)
movies(9305979) puravidabracelets(68942) wheredidstevego(40)
movies(9305979) puravidabracelets(68942) renasarmy(2670)
movies(9305979) puravidabracelets(68942) lilwanmai(27916)
movies(9305979) puravidabracelets(68942) black(70166429)
movies(9305979) puravidabracelets(68942) wdywtgrid(14309)
movies(9305979) puravidabracelets(68942) princesscharlotte(14800)
movies(9305979) puravidabracelets(68942) xgames(324498)
movies(9305979) puravidabracelets(68942) series(1248057)
movies(9305979) puravidabracelets(68942) tunein(315434)
movies(9305979) puravidabracelets(68942) asiyasafiya(157)
movies(9305979) puravidabracelets(68942) wdywt(3946122)
movies(9305979) puravidabracelets(68942) royalfamily(170645)
movies(9305979) puravidabracelets(68942) princegeorge(105341)
movies(9305979) puravidabracelets(68942) americanpharaoh(4998)
movies(9305979) puravidabracelets(68942) wirunphotography(121)
movies(9305979) puravidabracelets(68942) mercedes(4224578)
movies(9305979) babymeera(1084) wdywt(3946132)
movies(9305979) babymeera(1084) englishbulldog(1744682)
movies(9305979) babymeera(1084) streetartglobe(4153)
movies(9305979) babymeera(1084) getlaqued(27011)
movies(9305979) babymeera(1084) jordansdaily(794927)
movies(9305979) babymeera(1084) blackwork(330635)
movies(9305979) babymeera(1084) streetart(12734949)
movies(9305979) babymeera(1084) laque(42595)
movies(9305979) babymeera(1084) kickthedustup(5065)
movies(9305979) babymeera(1084) laquenailbar(35890)
movies(9305979) babymeera(1084) wdywtgrid(14309)
movies(9305979) babymeera(1084) 7daysontheroad(762)
movies(9305979) babymeera(1084) blacktattoo(164101)
movies(9305979) babymeera(1084) bw(10197800)
movies(9305979) babymeera(1084) tattoo(42716629)
movies(9305979) babymeera(1084) murica(1254828)
movies(9305979) babymeera(1084) blackworkers(196921)
movies(9305979) blackjaguarwhitetiger(12435) murica(1254828)
movies(9305979) blackjaguarwhitetiger(12435) laque(42595)
movies(9305979) blackjaguarwhitetiger(12435) tothefore(1055)
movies(9305979) blackjaguarwhitetiger(12435) haroldandmaude(5640)
movies(9305979) blackjaguarwhitetiger(12435) getlaqued(27011)
movies(9305979) blackjaguarwhitetiger(12435) morecowbell(35795)
movies(9305979) blackjaguarwhitetiger(12435) love(920916784)
movies(9305979) blackjaguarwhitetiger(12435) usabmu16(27)
movies(9305979) blackjaguarwhitetiger(12435) disneyland60(74348)
movies(9305979) blackjaguarwhitetiger(12435) ootd(63046311)
movies(9305979) blackjaguarwhitetiger(12435) laquenailbar(35890)
movies(9305979) blackjaguarwhitetiger(12435) yankees(1493081)
movies(9305979) blackjaguarwhitetiger(12435) birthdayfashion(337)
movies(9305979) blackjaguarwhitetiger(12435) glorious(310610)
movies(9305979) blackjaguarwhitetiger(12435) genefrenkle(89)
movies(9305979) eatwhatyoukill(6615) govball(45433)
movies(9305979) eatwhatyoukill(6615) weout(399675)
movies(9305979) eatwhatyoukill(6615) sailormoon(1205737)
movies(9305979) eatwhatyoukill(6615) film07(319)
movies(9305979) eatwhatyoukill(6615) 50shadesofk(7430)
movies(9305979) eatwhatyoukill(6615) copordrop(27729)
movies(9305979) eatwhatyoukill(6615) shareacoke(658515)
movies(9305979) eatwhatyoukill(6615) nofilter(126732327)
movies(9305979) eatwhatyoukill(6615) love(920917228)
movies(9305979) eatwhatyoukill(6615) momjeans(55817)
movies(9305979) eatwhatyoukill(6615) othongthai(450)
movies(9305979) killwhatyoueat(916) 2a(519534)
movies(9305979) killwhatyoueat(916) catsofinstagram(17778193)
movies(9305979) killwhatyoueat(916) handgun(141182)
movies(9305979) killwhatyoueat(916) englishbulldog(1744682)
movies(9305979) killwhatyoueat(916) revolver(210468)
movies(9305979) killwhatyoueat(916) guns(2205014)
movies(9305979) killwhatyoueat(916) colt(300990)
movies(9305979) killwhatyoueat(916) igmilitia(713367)
movies(9305979) killwhatyoueat(916) freedom(9296467)
movies(9305979) killwhatyoueat(916) righttobeararms(84341)
movies(9305979) killwhatyoueat(916) merica(4262834)
movies(9305979) killwhatyoueat(916) california(18352332)
movies(9305979) killwhatyoueat(916) monsterenergy(1003594)
movies(9305979) killwhatyoueat(916) cats(24939248)
movies(9305979) killwhatyoueat(916) gun(2393487)
movies(9305979) killwhatyoueat(916) molonlabe(297621)
movies(9305979) killwhatyoueat(916) 22lr(39602)
movies(9305979) killwhatyoueat(916) gold(21296117)
movies(9305979) killwhatyoueat(916) gunporn(536703)
movies(9305979) killwhatyoueat(916) secondamendment(173048)
movies(9305979) killwhatyoueat(916) sportsmansarms(1851)
movies(9305979) killwhatyoueat(916) me(376477957)
movies(9305979) killwhatyoueat(916) victory(1376485)
movies(9305979) killwhatyoueat(916) anniestyle(419)
movies(9305979) killwhatyoueat(916) instamoment(27873038)
movies(9305979) killwhatyoueat(916) inspired(2811686)
movies(9305979) killwhatyoueat(916) guncontrol(112431)
movies(9305979) killwhatyoueat(916) soproud(1717780)
movies(9305979) killwhatyoueat(916) copordrop(27729)
movies(9305979) killwhatyoueat(916) loveunconditional(10624)
movies(9305979) killwhatyoueat(916) unleashedatx(513)
movies(9305979) killwhatyoueat(916) xgames(324528)
movies(9305979) killwhatyoueat(916) daddydaughtertime(217846)
movies(9305979) killwhatyoueat(916) healthymary(48628)
movies(9305979) killwhatyoueat(916) pistol(430743)
movies(9305979) killwhatyoueat(916) nra(283210)
movies(9305979) killwhatyoueat(916) 707(203874)
movies(9305979) killwhatyoueat(916) cat(61374059)
movies(9305979) killwhatyoueat(916) gunsdaily(193816)
movies(9305979) killwhatyoueat(916) home(58059675)
movies(9305979) killwhatyoueat(916) firearm(62329)
movies(9305979) repost(127939259) brandyusa(80177)
movies(9305979) repost(127939259) godsister(108319)
movies(9305979) repost(127939259) malaysia(9637609)
movies(9305979) repost(127939259) besttime(787056)
movies(9305979) repost(127939259) premier(508162)
movies(9305979) repost(127939259) soldierfield(78141)
movies(9305979) repost(127939259) fairytale(1042397)
movies(9305979) repost(127939259) americanpharaoh(4998)
movies(9305979) repost(127939259) iifa2015(4232)
movies(9305979) repost(127939259) kl(1464357)
movies(9305979) repost(127939259) kosova(355092)
movies(9305979) repost(127939259) dreamy(683650)
movies(9305979) repost(127939259) puravidabracelets(68942)
movies(9305979) repost(127939259) luxuryworldtraveler(121467)
movies(9305979) repost(127939259) angels(1759099)
movies(9305979) repost(127939259) friends(219673805)
movies(9305979) repost(127939259) trst(12210)
movies(9305979) repost(127939259) kennychesney(273995)
movies(9305979) repost(127939259) yg(1982494)
movies(9305979) repost(127939259) luxwt(113105)
movies(9305979) repost(127939259) day2(4844598)
movies(9305979) repost(127939259) dildhadaknedo(12817)
movies(9305979) repost(127939259) livefree(524071)
movies(9305979) repost(127939259) instasize(104497598)
movies(9305979) repost(127939259) promseason(77561)
movies(9305979) repost(127939259) goenkajewellers(3)
movies(9305979) repost(127939259) prizen(850)
movies(9305979) repost(127939259) srbija(469236)
movies(9305979) babybubz(1232) brandyusa(80177)
movies(9305979) babybubz(1232) angels(1759099)
movies(9305979) babybubz(1232) nofilter(126731854)
movies(9305979) babybubz(1232) momjeans(55817)
movies(9305979) babybubz(1232) fun(217350511)
movies(9305979) babybubz(1232) rehearsals(193722)
movies(9305979) babybubz(1232) dance(25787977)
movies(9305979) babybubz(1232) energy(4764757)
movies(9305979) babybubz(1232) contigokevinroldan(368)
movies(9305979) babybubz(1232) alumni(740747)
movies(9305979) babybubz(1232) planb(430377)
movies(9305979) babybubz(1232) americanpharaoh(4998)
movies(9305979) babybubz(1232) freshtops(88362)
movies(9305979) babybubz(1232) iifa2015(4232)
movies(9305979) babybubz(1232) 7daysontheroad(762)
movies(9305979) skyspacela(172) catsofinstagram(17778096)
movies(9305979) skyspacela(172) werewolf(460142)
movies(9305979) skyspacela(172) throwupthex(143401)
movies(9305979) skyspacela(172) govball(45424)
movies(9305979) skyspacela(172) murica(1254827)
movies(9305979) skyspacela(172) weout(399673)
movies(9305979) skyspacela(172) cat(61373766)
movies(9305979) skyspacela(172) healthymary(48627)
movies(9305979) skyspacela(172) untamed(62953)
movies(9305979) skyspacela(172) roc(350663)
movies(9305979) skyspacela(172) cane(1035191)
movies(9305979) skyspacela(172) throwback(71788613)
movies(9305979) skyspacela(172) wdywtgrid(14309)
movies(9305979) skyspacela(172) xgames(324483)
movies(9305979) skyspacela(172) cats(24939130)
movies(9305979) skyspacela(172) dancing(7834648)
movies(9305979) skyspacela(172) spon(34286)
movies(9305979) skyspacela(172) wdywt(3946117)
movies(9305979) skyspacela(172) unleashedatx(513)
movies(9305979) skyspacela(172) bacarditour(1775)
movies(9305979) skyspacela(172) dodgers(1939695)
movies(9305979) skyspacela(172) repost(127939387)
movies(9305979) skyspacela(172) monsterenergy(1003592)
movies(9305979) skyspacela(172) thuglife(3764653)
movies(9305979) skyspacela(172) grandpa(1788297)
movies(9305979) love(920913759) gomariners(85318)
movies(9305979) love(920913759) ufcnola(2671)
movies(9305979) love(920913759) getsupplied(1836)
movies(9305979) love(920913759) suits(1179161)
movies(9305979) love(920913759) fallontonight(21315)
movies(9305979) love(920913759) mybena(5033)
movies(9305979) love(920913759) govballnyc(94062)
movies(9305979) love(920913759) asiyasafiya(157)
movies(9305979) love(920913759) dodgers(1939701)
movies(9305979) love(920913759) benabrooklynguy(11115)
movies(9305979) love(920913759) pinkhairdontcare(182001)
movies(9305979) love(920913759) weloveit(343402)
movies(9305979) love(920913759) supplied(210126)
movies(9305979) love(920913759) atx(2085299)
movies(9305979) love(920913759) cabelosalon(84)
movies(9305979) love(920913759) pr(2022653)
movies(9305979) livefree(524071) godsister(108319)
movies(9305979) livefree(524071) yg(1982495)
movies(9305979) livefree(524071) suits(1179161)
movies(9305979) livefree(524071) repost(127939652)
movies(9305979) livefree(524071) weout(399673)
movies(9305979) livefree(524071) murica(1254827)
movies(9305979) livefree(524071) promseason(77561)
movies(9305979) livefree(524071) loveunconditional(10624)
movies(9305979) livefree(524071) atx(2085296)
movies(9305979) livefree(524071) anniestyle(419)
movies(9305979) livefree(524071) govball(45430)
movies(9305979) livefree(524071) dodgers(1939701)
movies(9305979) livefree(524071) pr(2022653)
movies(9305979) livefree(524071) daddydaughtertime(217846)
movies(9305979) notpets(5860) black(70166509)
movies(9305979) notpets(5860) aye30minnaturecontest(331)
movies(9305979) notpets(5860) benz(1629942)
movies(9305979) notpets(5860) lilwanmai(27917)
movies(9305979) notpets(5860) dance(25788072)
movies(9305979) notpets(5860) raffaelmachadonodomingoespetacular(6)
movies(9305979) notpets(5860) raffaelmachado(1698)
movies(9305979) notpets(5860) iifa2015(4236)
movies(9305979) notpets(5860) fun(217351175)
movies(9305979) notpets(5860) chicago(16738860)
movies(9305979) notpets(5860) thesocialexperiment(3002)
movies(9305979) notpets(5860) asiyasafiya(157)
movies(9305979) notpets(5860) series(1248060)
movies(9305979) notpets(5860) rehearsals(193722)
movies(9305979) notpets(5860) dressyourfacelive(14825)
movies(9305979) notpets(5860) amg(2063700)
movies(9305979) notpets(5860) energy(4764779)
movies(9305979) notpets(5860) mercedes(4224582)
movies(9305979) notpets(5860) disneyland60(74346)
movies(9305979) notpets(5860) alxjames(11526)
movies(9305979) notpets(5860) sls(614785)
movies(9305979) notpets(5860) sailormoon(1205732)
movies(9305979) notpets(5860) amazingcars247(1228925)
movies(9305979) notpets(5860) othongthai(450)
movies(9305979) savetigers(10368) kardashiankids(27976)
movies(9305979) savetigers(10368) styledbyadrianne(1171)
movies(9305979) savetigers(10368) tattoos(20112777)
movies(9305979) savetigers(10368) isaacng(1054)
movies(9305979) savetigers(10368) iifa2015(4236)
movies(9305979) savetigers(10368) hongkong(8382026)
movies(9305979) savetigers(10368) latino(1476030)
movies(9305979) savetigers(10368) bestdateever(78401)
movies(9305979) savetigers(10368) sweetheart(2136006)
movies(9305979) savetigers(10368) instasize(104498392)
movies(9305979) savetigers(10368) anniestyle(419)
movies(9305979) savetigers(10368) tashasmith(2444)
movies(9305979) savetigers(10368) rehearsals(193722)
movies(9305979) savetigers(10368) bigheart(155571)
movies(9305979) savetigers(10368) loveunconditional(10624)
movies(9305979) savetigers(10368) energy(4764782)
movies(9305979) savetigers(10368) babybubz(1232)
movies(9305979) savetigers(10368) daddydaughtertime(217846)
movies(9305979) savetigers(10368) hottie(6411900)
movies(9305979) savetigers(10368) morning(48020993)
movies(9305979) savetigers(10368) regram(16149835)
movies(9305979) savetigers(10368) fun(217351221)
movies(9305979) savetigers(10368) dance(25788082)
movies(9305979) isaacng(1054) summernightsnashville(18)
movies(9305979) isaacng(1054) godsister(108319)
movies(9305979) isaacng(1054) 50shadesofk(7430)
movies(9305979) isaacng(1054) laque(42595)
movies(9305979) isaacng(1054) banginandbitsy(2)
movies(9305979) isaacng(1054) getlaqued(27011)
movies(9305979) isaacng(1054) lilwanmai(27916)
movies(9305979) isaacng(1054) laquenailbar(35890)
movies(9305979) isaacng(1054) promseason(77561)
movies(9305979) isaacng(1054) yg(1982491)
movies(9305979) isaacng(1054) pinkhairdontcare(182001)
movies(9305979) isaacng(1054) repost(127939341)
movies(9305979) isaacng(1054) gomariners(85318)
movies(9305979) isaacng(1054) cabelosalon(84)
movies(9305979) isaacng(1054) dodgers(1939694)
movies(9305979) digifestsquadgoals(1) werewolf(460142)
movies(9305979) digifestsquadgoals(1) repost(127940078)
movies(9305979) digifestsquadgoals(1) supplied(210126)
movies(9305979) digifestsquadgoals(1) nyc(38405506)
movies(9305979) digifestsquadgoals(1) waitwhat(228872)
movies(9305979) digifestsquadgoals(1) 30sarenew20s(40)
movies(9305979) digifestsquadgoals(1) gaybar(148789)
movies(9305979) digifestsquadgoals(1) dodgers(1939706)
movies(9305979) digifestsquadgoals(1) huf(1436189)
movies(9305979) digifestsquadgoals(1) newyork(26126018)
movies(9305979) digifestsquadgoals(1) getsupplied(1836)
movies(9305979) digifestsquadgoals(1) eatwhatyoukill(6615)
movies(9305979) digifestsquadgoals(1) killwhatyoueat(916)
movies(9305979) digifestsquadgoals(1) weout(399674)
movies(9305979) digifestsquadgoals(1) hufworldwide(33336)
movies(9305979) digifestsquadgoals(1) huf2(206)
movies(9305979) digifestsquadgoals(1) newage(247615)
movies(9305979) digifestsquadgoals(1) morning(48020895)
movies(9305979) digifestsquadgoals(1) govball(45432)
movies(9305979) digifestsquadgoals(1) fashionking(24940)
movies(9305979) soldierfield(78140) vintique(381782)
movies(9305979) soldierfield(78140) cabelosalon(84)
movies(9305979) soldierfield(78140) getsupplied(1836)
movies(9305979) soldierfield(78140) winneandkleo(1)
movies(9305979) soldierfield(78140) wheredidstevego(40)
movies(9305979) soldierfield(78140) pinkhairdontcare(182001)
movies(9305979) soldierfield(78140) celticwarrior(8137)
movies(9305979) soldierfield(78140) tunein(315434)
movies(9305979) soldierfield(78140) jaggerjosephbraun(28)
movies(9305979) soldierfield(78140) hongkong(8381980)
movies(9305979) soldierfield(78140) wwe(4055041)
movies(9305979) soldierfield(78140) wweslc(495)
movies(9305979) soldierfield(78140) usabmu16(27)
movies(9305979) soldierfield(78140) morecowbell(35795)
movies(9305979) soldierfield(78140) supplied(210126)
movies(9305979) soldierfield(78140) genefrenkle(89)
movies(9305979) soldierfield(78140) englishbulldog(1744674)
movies(9305979) soldierfield(78140) glorious(310608)
movies(9305979) planb(430377) godsister(108319)
movies(9305979) planb(430377) churchoflaugh(21326)
movies(9305979) planb(430377) newage(247614)
movies(9305979) planb(430377) shooting(4329231)
movies(9305979) planb(430377) premier(508162)
movies(9305979) planb(430377) murica(1254827)
movies(9305979) planb(430377) gaybar(148788)
movies(9305979) planb(430377) antiguncontrol(11777)
movies(9305979) planb(430377) stancenation(2166657)
movies(9305979) planb(430377) secondamendment(173046)
movies(9305979) planb(430377) iifa2015(4232)
movies(9305979) planb(430377) defendthesecond(83551)
movies(9305979) planb(430377) righttobeararms(84341)
movies(9305979) planb(430377) ufcnola(2670)
movies(9305979) planb(430377) dreamy(683650)
movies(9305979) planb(430377) 30sarenew20s(40)
movies(9305979) planb(430377) gunporn(536703)
movies(9305979) planb(430377) firearms(178116)
movies(9305979) planb(430377) speciale(196887)
movies(9305979) planb(430377) momsareawesome(5220)
movies(9305979) planb(430377) nyc(38405428)
movies(9305979) planb(430377) nra(283209)
movies(9305979) planb(430377) fairytale(1042398)
movies(9305979) planb(430377) yg(1982494)
movies(9305979) planb(430377) jaggerjosephbraun(28)
movies(9305979) planb(430377) weaponsreloaded(27777)
movies(9305979) planb(430377) chrisbrown(2698834)
movies(9305979) planb(430377) gun(2393481)
movies(9305979) planb(430377) progun(53842)
movies(9305979) planb(430377) dildhadaknedo(12817)
movies(9305979) planb(430377) weapons(297732)
movies(9305979) planb(430377) malaysia(9637610)
movies(9305979) planb(430377) guns(2205011)
movies(9305979) planb(430377) promseason(77561)
movies(9305979) planb(430377) goenkajewellers(3)
movies(9305979) planb(430377) kl(1464358)
movies(9305979) planb(430377) defendthe2nd(14238)
movies(9305979) planb(430377) newyork(26125974)
movies(9305979) planb(430377) day2(4844599)
