pets(16153771) kennychesney(273973) huf(1436176)
pets(16153771) kennychesney(273973) morecowbell(35795)
pets(16153771) kennychesney(273973) philly(4437951)
pets(16153771) kennychesney(273973) sailormoon(1205690)
pets(16153771) kennychesney(273973) bamboobar(11106)
pets(16153771) kennychesney(273973) neymar(2275208)
pets(16153771) kennychesney(273973) ucl(730413)
pets(16153771) kennychesney(273973) anniestyle(419)
pets(16153771) kennychesney(273973) govball(45397)
pets(16153771) kennychesney(273973) glorious(310605)
pets(16153771) kennychesney(273973) weout(399671)
pets(16153771) kennychesney(273973) loveunconditional(10624)
pets(16153771) kennychesney(273973) lilwanmai(27915)
pets(16153771) kennychesney(273973) hufworldwide(33336)
pets(16153771) kennychesney(273973) genefrenkle(89)
pets(16153771) kennychesney(273973) huf2(206)
pets(16153771) kennychesney(273973) waitwhat(228871)
pets(16153771) kennychesney(273973) daddydaughtertime(217843)
pets(16153771) kennychesney(273973) othongthai(450)
pets(16153771) brandyusa(80176) puravidabracelets(68940)
pets(16153771) brandyusa(80176) friends(219670975)
pets(16153771) brandyusa(80176) teamo(18744892)
pets(16153771) brandyusa(80176) hongkong(8381633)
pets(16153771) brandyusa(80176) isaacng(1054)
pets(16153771) brandyusa(80176) churchoflaugh(21326)
pets(16153771) brandyusa(80176) banginandbitsy(2)
pets(16153771) brandyusa(80176) trst(12210)
pets(16153771) brandyusa(80176) livefree(524055)
pets(16153771) brandyusa(80176) srbija(469234)
pets(16153771) brandyusa(80176) 24(3668105)
pets(16153771) brandyusa(80176) babybubz(1232)
pets(16153771) brandyusa(80176) prizen(850)
pets(16153771) brandyusa(80176) kosova(355090)
pets(16153771) brandyusa(80176) otas(5542)
pets(16153771) brandyusa(80176) besttime(787043)
pets(16153771) puravidabracelets(68940) sailormoon(1205698)
pets(16153771) puravidabracelets(68940) untamed(62953)
pets(16153771) puravidabracelets(68940) momjeans(55816)
pets(16153771) puravidabracelets(68940) defendthe2nd(14237)
pets(16153771) puravidabracelets(68940) progun(53840)
pets(16153771) puravidabracelets(68940) weaponsreloaded(27775)
pets(16153771) puravidabracelets(68940) antiguncontrol(11776)
pets(16153771) puravidabracelets(68940) guns(2204969)
pets(16153771) puravidabracelets(68940) disneyland60(74310)
pets(16153771) puravidabracelets(68940) littlefootboutique(2314)
pets(16153771) puravidabracelets(68940) digifestnyc(11931)
pets(16153771) puravidabracelets(68940) weapons(297726)
pets(16153771) puravidabracelets(68940) fashionking(24939)
pets(16153771) puravidabracelets(68940) spon(34286)
pets(16153771) puravidabracelets(68940) speciale(196884)
pets(16153771) puravidabracelets(68940) fashionkids(1836893)
pets(16153771) puravidabracelets(68940) secondamendment(173044)
pets(16153771) puravidabracelets(68940) defendthesecond(83549)
pets(16153771) puravidabracelets(68940) bacarditour(1775)
pets(16153771) puravidabracelets(68940) gunporn(536697)
pets(16153771) puravidabracelets(68940) nra(283205)
pets(16153771) puravidabracelets(68940) firearms(178112)
pets(16153771) puravidabracelets(68940) xgames(324323)
pets(16153771) puravidabracelets(68940) gun(2393445)
pets(16153771) puravidabracelets(68940) alxjames(11526)
pets(16153771) puravidabracelets(68940) regram(16149707)
pets(16153771) puravidabracelets(68940) righttobeararms(84339)
pets(16153771) puravidabracelets(68940) nofilter(126730536)
pets(16153771) puravidabracelets(68940) postmyfashionkid(565306)
pets(16153771) puravidabracelets(68940) othongthai(450)
pets(16153771) puravidabracelets(68940) shooting(4329149)
pets(16153771) thebestmaidofhonorparty(551) godsister(108316)
pets(16153771) thebestmaidofhonorparty(551) yg(1982448)
pets(16153771) thebestmaidofhonorparty(551) dresses__up(1012)
pets(16153771) thebestmaidofhonorparty(551) film07(319)
pets(16153771) thebestmaidofhonorparty(551) asiyasafiya(157)
pets(16153771) thebestmaidofhonorparty(551) jurassicworld(122973)
pets(16153771) thebestmaidofhonorparty(551) wdywt(3946091)
pets(16153771) thebestmaidofhonorparty(551) wdywtgrid(14308)
pets(16153771) thebestmaidofhonorparty(551) valentino(7169948)
pets(16153771) thebestmaidofhonorparty(551) govball(45397)
pets(16153771) thebestmaidofhonorparty(551) promseason(77559)
pets(16153771) thebestmaidofhonorparty(551) onlyforluxury(18892)
pets(16153771) thebestmaidofhonorparty(551) weout(399671)
pets(16153771) 77(342022) superstreet(673404)
pets(16153771) 77(342022) thairath(31251)
pets(16153771) 77(342022) jaggerjosephbraun(28)
pets(16153771) 77(342022) anastasiabeverlyhills(2207142)
pets(16153771) 77(342022) princegeorge(105307)
pets(16153771) 77(342022) liquidlips(26273)
pets(16153771) 77(342022) momjeans(55816)
pets(16153771) 77(342022) freshprince(376903)
pets(16153771) 77(342022) throwupthex(143400)
pets(16153771) 77(342022) princesscharlotte(14723)
pets(16153771) 77(342022) capitalo(276)
pets(16153771) 77(342022) throwback(71787854)
pets(16153771) 77(342022) amo(21523611)
pets(16153771) 77(342022) wfla(7062)
pets(16153771) 77(342022) freshtops(88362)
pets(16153771) 77(342022) roc(350662)
pets(16153771) 77(342022) tashasmith(2444)
pets(16153771) 77(342022) bifetodasemana(32)
pets(16153771) 77(342022) haroldandmaude(5616)
pets(16153771) 77(342022) jgaltusa(11163)
pets(16153771) 77(342022) starvingtime(145552)
pets(16153771) 77(342022) wekfest(128000)
pets(16153771) 77(342022) funniest15seconds(60848)
pets(16153771) 77(342022) royalbaby(172913)
pets(16153771) 77(342022) nofilter(126730469)
pets(16153771) 77(342022) gomariners(85308)
pets(16153771) 77(342022) royalfamily(170635)
pets(16153771) livefree(524054) ucl(730420)
pets(16153771) livefree(524054) contigokevinroldan(368)
pets(16153771) livefree(524054) wdywtgrid(14308)
pets(16153771) livefree(524054) supplied(210126)
pets(16153771) livefree(524054) cabelosalon(84)
pets(16153771) livefree(524054) dodgers(1939641)
pets(16153771) livefree(524054) vintique(381779)
pets(16153771) livefree(524054) banginandbitsy(2)
pets(16153771) livefree(524054) fcb_supporters(1091)
pets(16153771) livefree(524054) 24(3668106)
pets(16153771) livefree(524054) anniestyle(419)
pets(16153771) livefree(524054) weloveit(343389)
pets(16153771) livefree(524054) otas(5543)
pets(16153771) livefree(524054) getsupplied(1836)
pets(16153771) livefree(524054) suicidegirlsperiscope(41)
pets(16153771) livefree(524054) loveunconditional(10624)
pets(16153771) livefree(524054) daddydaughtertime(217844)
pets(16153771) livefree(524054) wdywt(3946091)
pets(16153771) livefree(524054) govballnyc(93937)
pets(16153771) livefree(524054) messi(3356428)
pets(16153771) livefree(524054) pinkhairdontcare(181998)
pets(16153771) livefree(524054) fcbarcelona(1702033)
pets(16153771) fashionking(24939) ucl(730414)
pets(16153771) fashionking(24939) jaggerjosephbraun(28)
pets(16153771) fashionking(24939) guyschoice(2067)
pets(16153771) fashionking(24939) untamed(62953)
pets(16153771) fashionking(24939) momsareawesome(5220)
pets(16153771) fashionking(24939) isaacng(1054)
pets(16153771) fashionking(24939) bamboobar(11106)
pets(16153771) fashionking(24939) auggie(22141)
pets(16153771) fashionking(24939) followme(328101845)
pets(16153771) fashionking(24939) suits(1179137)
pets(16153771) fashionking(24939) philly(4437952)
pets(16153771) fashionking(24939) motd(4026879)
pets(16153771) fashionking(24939) neymar(2275209)
pets(16153771) fashionking(24939) grandpa(1788277)
pets(16153771) fashionking(24939) spon(34286)
pets(16153771) fashionking(24939) boymeetsbuca(2)
pets(16153771) fashionking(24939) babybubz(1232)
pets(16153771) fashionking(24939) timessquare(1281298)
pets(16153771) fashionking(24939) bacarditour(1775)
pets(16153771) fashionking(24939) bucadibeppo(45097)
pets(16153771) fashionking(24939) repost(127935772)
pets(16153771) fashionking(24939) dancing(7834552)
pets(16153771) fashionking(24939) alxjames(11526)
pets(16153771) fashionking(24939) girlmeetsworld(174042)
pets(16153771) fashionking(24939) atx(2085235)
pets(16153771) fashionking(24939) jgaltusa(11163)
pets(16153771) fashionking(24939) thuglife(3764571)
pets(16153771) fashionking(24939) pr(2022626)
pets(16153771) fashionking(24939) cane(1035182)
pets(16153771) eatwhatyoukill(6615) contigokevinroldan(368)
pets(16153771) eatwhatyoukill(6615) styledbyadrianne(1171)
pets(16153771) eatwhatyoukill(6615) savetigers(10366)
pets(16153771) eatwhatyoukill(6615) behuman(34096)
pets(16153771) eatwhatyoukill(6615) momjeans(55816)
pets(16153771) eatwhatyoukill(6615) saveourplanet(49334)
pets(16153771) eatwhatyoukill(6615) lilwanmai(27916)
pets(16153771) eatwhatyoukill(6615) notpets(5858)
pets(16153771) eatwhatyoukill(6615) philly(4437956)
pets(16153771) eatwhatyoukill(6615) rescuedtigers(566)
pets(16153771) eatwhatyoukill(6615) fashionking(24939)
pets(16153771) eatwhatyoukill(6615) bifetodasemana(32)
pets(16153771) eatwhatyoukill(6615) baifernfamkannaja(41)
pets(16153771) eatwhatyoukill(6615) nofilter(126730561)
pets(16153771) eatwhatyoukill(6615) babymeera(1083)
pets(16153771) eatwhatyoukill(6615) blackjaguarwhitetiger(12432)
pets(16153771) eatwhatyoukill(6615) bamboobar(11106)
pets(16153771) eatwhatyoukill(6615) nosonmascotas(3858)
pets(16153771) eatwhatyoukill(6615) amo(21523621)
pets(16153771) alxjames(11526) govballnyc(93933)
pets(16153771) alxjames(11526) 707(203870)
pets(16153771) alxjames(11526) gun(2393444)
pets(16153771) alxjames(11526) contigokevinroldan(368)
pets(16153771) alxjames(11526) meowout(509)
pets(16153771) alxjames(11526) savetigers(10366)
pets(16153771) alxjames(11526) behuman(34096)
pets(16153771) alxjames(11526) firearm(62328)
pets(16153771) alxjames(11526) blackwork(330624)
pets(16153771) alxjames(11526) momjeans(55816)
pets(16153771) alxjames(11526) igmilitia(713363)
pets(16153771) alxjames(11526) notpets(5858)
pets(16153771) alxjames(11526) vintique(381779)
pets(16153771) alxjames(11526) saveourplanet(49334)
pets(16153771) alxjames(11526) babymeera(1083)
pets(16153771) alxjames(11526) freedom(9296303)
pets(16153771) alxjames(11526) nofilter(126730515)
pets(16153771) alxjames(11526) luxwt(113102)
pets(16153771) alxjames(11526) blackworkers(196916)
pets(16153771) alxjames(11526) sportsmansarms(1851)
pets(16153771) alxjames(11526) disneyland60(74310)
pets(16153771) alxjames(11526) chrisbrown(2698788)
pets(16153771) alxjames(11526) bw(10197640)
pets(16153771) alxjames(11526) tattoo(42716085)
pets(16153771) alxjames(11526) 22lr(39602)
pets(16153771) alxjames(11526) colt(300990)
pets(16153771) alxjames(11526) followme(328102097)
pets(16153771) alxjames(11526) teamo(18744898)
pets(16153771) alxjames(11526) rescuedtigers(566)
pets(16153771) alxjames(11526) fashionking(24939)
pets(16153771) alxjames(11526) gunsdaily(193812)
pets(16153771) alxjames(11526) secondamendment(173044)
pets(16153771) alxjames(11526) pistol(430737)
pets(16153771) alxjames(11526) blacktattoo(164092)
pets(16153771) alxjames(11526) gunporn(536697)
pets(16153771) alxjames(11526) nra(283205)
pets(16153771) alxjames(11526) 2a(519527)
pets(16153771) alxjames(11526) guns(2204968)
pets(16153771) alxjames(11526) merica(4262781)
pets(16153771) alxjames(11526) handgun(141181)
pets(16153771) alxjames(11526) luxuryworldtraveler(121463)
pets(16153771) alxjames(11526) americanpharaoh(4985)
pets(16153771) alxjames(11526) california(18351796)
pets(16153771) alxjames(11526) nosonmascotas(3858)
pets(16153771) alxjames(11526) thebestmaidofhonorparty(551)
pets(16153771) alxjames(11526) molonlabe(297619)
pets(16153771) alxjames(11526) righttobeararms(84339)
pets(16153771) alxjames(11526) blackjaguarwhitetiger(12432)
pets(16153771) alxjames(11526) gold(21295823)
pets(16153771) alxjames(11526) guncontrol(112430)
pets(16153771) alxjames(11526) revolver(210464)
pets(16153771) usabmu16(27) starvingtime(145552)
pets(16153771) usabmu16(27) newyork(26125687)
pets(16153771) usabmu16(27) shooting(4329140)
pets(16153771) usabmu16(27) nyc(38404863)
pets(16153771) usabmu16(27) instamoment(27872765)
pets(16153771) usabmu16(27) gaybar(148784)
pets(16153771) usabmu16(27) gomariners(85308)
pets(16153771) usabmu16(27) kosova(355090)
pets(16153771) usabmu16(27) cabelosalon(84)
pets(16153771) usabmu16(27) besttime(787042)
pets(16153771) usabmu16(27) friends(219670727)
pets(16153771) usabmu16(27) defendthe2nd(14237)
pets(16153771) usabmu16(27) progun(53840)
pets(16153771) usabmu16(27) firearms(178112)
pets(16153771) usabmu16(27) srbija(469234)
pets(16153771) usabmu16(27) 30sarenew20s(40)
pets(16153771) usabmu16(27) weapons(297725)
pets(16153771) usabmu16(27) luxwt(113102)
pets(16153771) usabmu16(27) home(58058919)
pets(16153771) usabmu16(27) antiguncontrol(11776)
pets(16153771) usabmu16(27) aye30minnaturecontest(332)
pets(16153771) usabmu16(27) guns(2204965)
pets(16153771) usabmu16(27) streetart(12734665)
pets(16153771) usabmu16(27) gunporn(536695)
pets(16153771) usabmu16(27) tashasmith(2444)
pets(16153771) usabmu16(27) trst(12210)
pets(16153771) usabmu16(27) instasize(104494241)
pets(16153771) usabmu16(27) secondamendment(173044)
pets(16153771) usabmu16(27) defendthesecond(83549)
pets(16153771) usabmu16(27) gun(2393441)
pets(16153771) usabmu16(27) nra(283205)
pets(16153771) usabmu16(27) weaponsreloaded(27775)
pets(16153771) usabmu16(27) streetartglobe(4152)
pets(16153771) usabmu16(27) luxuryworldtraveler(121463)
pets(16153771) usabmu16(27) pinkhairdontcare(181998)
pets(16153771) usabmu16(27) me(376473382)
pets(16153771) usabmu16(27) righttobeararms(84339)
pets(16153771) usabmu16(27) prizen(850)
pets(16153771) usabmu16(27) newage(247610)
pets(16153771) winneandkleo(1) huf(1436176)
pets(16153771) winneandkleo(1) latino(1475995)
pets(16153771) winneandkleo(1) chinapr(141)
pets(16153771) winneandkleo(1) ohcanada(177883)
pets(16153771) winneandkleo(1) atx(2085236)
pets(16153771) winneandkleo(1) goodnight(39904421)
pets(16153771) winneandkleo(1) hottie(6411752)
pets(16153771) winneandkleo(1) edmonton(801081)
pets(16153771) winneandkleo(1) tattoos(20112508)
pets(16153771) winneandkleo(1) pr(2022627)
pets(16153771) winneandkleo(1) penalty(114642)
pets(16153771) winneandkleo(1) haroldandmaude(5615)
pets(16153771) winneandkleo(1) dresses__up(1012)
pets(16153771) winneandkleo(1) sweetheart(2135969)
pets(16153771) winneandkleo(1) suits(1179137)
pets(16153771) winneandkleo(1) bestdateever(78399)
pets(16153771) winneandkleo(1) baifernfamkannaja(40)
pets(16153771) winneandkleo(1) history(6351820)
pets(16153771) winneandkleo(1) canada(13562341)
pets(16153771) winneandkleo(1) hufworldwide(33336)
pets(16153771) winneandkleo(1) huf2(206)
pets(16153771) winneandkleo(1) fifawwc(3620)
pets(16153771) winneandkleo(1) commonwealth(87545)
pets(16153771) winneandkleo(1) bigheart(155566)
pets(16153771) winneandkleo(1) vintique(381779)
pets(16153771) winneandkleo(1) waitwhat(228871)
pets(16153771) winneandkleo(1) bottle(1540829)
pets(16153771) winneandkleo(1) christinesinclair(1868)
pets(16153771) soldierfield(78129) funniest15seconds(60848)
pets(16153771) soldierfield(78129) stanleycup(595830)
pets(16153771) soldierfield(78129) jaggerjosephbraun(28)
pets(16153771) soldierfield(78129) dodgers(1939636)
pets(16153771) soldierfield(78129) weloveit(343389)
pets(16153771) soldierfield(78129) streetartglobe(4152)
pets(16153771) soldierfield(78129) food(179930252)
pets(16153771) soldierfield(78129) streetart(12734676)
pets(16153771) soldierfield(78129) capitalo(276)
pets(16153771) soldierfield(78129) restaurant(6783386)
pets(16153771) soldierfield(78129) review(1483878)
pets(16153771) soldierfield(78129) thailand(21837529)
pets(16153771) soldierfield(78129) bae(8862946)
pets(16153771) soldierfield(78129) freshprince(376903)
pets(16153771) soldierfield(78129) 50shadesofk(7430)
pets(16153771) soldierfield(78129) haroldandmaude(5615)
pets(16153771) soldierfield(78129) warrenjc(87795)
pets(16153771) soldierfield(78129) wongnai(222202)
pets(16153771) wirunphotography(121) starvingtime(145552)
pets(16153771) wirunphotography(121) atx(2085236)
pets(16153771) wirunphotography(121) viners(288476)
pets(16153771) wirunphotography(121) planb(430368)
pets(16153771) wirunphotography(121) digifestma(1231)
pets(16153771) wirunphotography(121) pr(2022627)
pets(16153771) wirunphotography(121) gaybar(148784)
pets(16153771) wirunphotography(121) alumni(740739)
pets(16153771) wirunphotography(121) youtubers(2430671)
pets(16153771) wirunphotography(121) throwupthex(143400)
pets(16153771) wirunphotography(121) nyc(38404913)
pets(16153771) wirunphotography(121) 30sarenew20s(40)
pets(16153771) wirunphotography(121) auggie(22141)
pets(16153771) wirunphotography(121) suits(1179137)
pets(16153771) wirunphotography(121) throwback(71787874)
pets(16153771) wirunphotography(121) wfla(7062)
pets(16153771) wirunphotography(121) roc(350662)
pets(16153771) wirunphotography(121) kickthedustup(5021)
pets(16153771) wirunphotography(121) digifestnyc(11929)
pets(16153771) wirunphotography(121) thesocialexperiment(3002)
pets(16153771) wirunphotography(121) repost(127935887)
pets(16153771) wirunphotography(121) boymeetsbuca(2)
pets(16153771) wirunphotography(121) newyork(26125715)
pets(16153771) wirunphotography(121) regram(16149706)
pets(16153771) wirunphotography(121) morning(48019337)
pets(16153771) wirunphotography(121) bucadibeppo(45097)
pets(16153771) wirunphotography(121) superstreet(673405)
pets(16153771) wirunphotography(121) timessquare(1281301)
pets(16153771) wirunphotography(121) wekfest(128000)
pets(16153771) wirunphotography(121) haroldandmaude(5616)
pets(16153771) wirunphotography(121) digifestsquadgoals(1)
pets(16153771) wirunphotography(121) girlmeetsworld(174042)
pets(16153771) wirunphotography(121) digifest2015(17093)
pets(16153771) wirunphotography(121) newage(247610)
pets(16153771) wirunphotography(121) digifest(37427)
pets(16153771) wirunphotography(121) chicago(16738626)
pets(16153771) killwhatyoueat(916) disneyland60(74310)
pets(16153771) killwhatyoueat(916) dance(25787587)
pets(16153771) killwhatyoueat(916) philly(4437956)
pets(16153771) killwhatyoueat(916) hongkong(8381652)
pets(16153771) killwhatyoueat(916) govballnyc(93940)
pets(16153771) killwhatyoueat(916) bamboobar(11106)
pets(16153771) killwhatyoueat(916) messi(3356434)
pets(16153771) killwhatyoueat(916) americanpharaoh(4985)
pets(16153771) killwhatyoueat(916) fun(217348165)
pets(16153771) killwhatyoueat(916) jaggerjosephbraun(28)
pets(16153771) killwhatyoueat(916) iifa2015(4211)
pets(16153771) killwhatyoueat(916) energy(4764687)
pets(16153771) killwhatyoueat(916) haroldandmaude(5616)
pets(16153771) killwhatyoueat(916) rehearsals(193721)
pets(16153771) killwhatyoueat(916) 24(3668106)
pets(16153771) killwhatyoueat(916) fcbarcelona(1702039)
pets(16153771) killwhatyoueat(916) renasarmy(2665)
pets(16153771) killwhatyoueat(916) fcb_supporters(1091)
pets(16153771) killwhatyoueat(916) ucl(730422)
pets(16153771) killwhatyoueat(916) instasize(104494663)
pets(16153771) makeupbyanna(79387) spiketvawards(53)
pets(16153771) makeupbyanna(79387) repost(127935851)
pets(16153771) makeupbyanna(79387) glorious(310606)
pets(16153771) makeupbyanna(79387) alxjames(11526)
pets(16153771) makeupbyanna(79387) babymeera(1083)
pets(16153771) makeupbyanna(79387) saveourplanet(49334)
pets(16153771) makeupbyanna(79387) rescuedtigers(566)
pets(16153771) makeupbyanna(79387) nofilter(126730476)
pets(16153771) makeupbyanna(79387) werewolf(460135)
pets(16153771) makeupbyanna(79387) behuman(34096)
pets(16153771) makeupbyanna(79387) contigokevinroldan(368)
pets(16153771) makeupbyanna(79387) bl(617118)
pets(16153771) makeupbyanna(79387) morecowbell(35795)
pets(16153771) makeupbyanna(79387) notpets(5858)
pets(16153771) makeupbyanna(79387) savetigers(10366)
pets(16153771) makeupbyanna(79387) nosonmascotas(3858)
pets(16153771) makeupbyanna(79387) blackjaguarwhitetiger(12432)
pets(16153771) makeupbyanna(79387) bae(8862954)
pets(16153771) makeupbyanna(79387) shareacoke(658490)
pets(16153771) makeupbyanna(79387) otas(5542)
pets(16153771) makeupbyanna(79387) genefrenkle(89)
