reading(7150576) elchoco(1226)
reading(7150576) liepo(131)
reading(7150576) instalike(189596878)
reading(7150576) cover(3791278)
reading(7150576) contestday(690114)
reading(7150576) sundays(1549598)
reading(7150576) bondia(485190)
reading(7150576) read(3698555)
reading(7150576) bookbloggers(8274)
reading(7150576) lovelybooks(5100)
reading(7150576) travelgram(6781099)
reading(7150576) bibliophile(479973)
reading(7150576) idea(1579445)
reading(7150576) tagstagram(12814008)
reading(7150576) makeup(71113981)
reading(7150576) sanpedro(500526)
reading(7150576) chasinglight(546604)
reading(7150576) igers(187609669)
reading(7150576) froh(52220)
reading(7150576) reading(7150575)
reading(7150576) josephconrad(3517)
reading(7150576) book(15017095)
reading(7150576) sunny(26665065)
reading(7150576) adventure(10268848)
reading(7150576) books(12128917)
reading(7150576) cansada(1640177)
reading(7150576) trip(21804295)
reading(7150576) international(2051826)
reading(7150576) nook(440222)
reading(7150576) sundayfunday(14983114)
reading(7150576) bookphotography(71314)
reading(7150576) beautiful(291518816)
reading(7150576) coffee(37173625)
reading(7150576) black(70170600)
reading(7150576) blah(4562061)
reading(7150576) writer(1506137)
reading(7150576) readinglist(365040)
reading(7150576) fbf(12648909)
reading(7150576) eustonstation(1555)
reading(7150576) books(12128927)
reading(7150576) traveling(7209684)
reading(7150576) word(6862044)
reading(7150576) buch(209852)
reading(7150576) happy(305382450)
reading(7150576) paper(6356829)
reading(7150576) murakami(113004)
reading(7150576) penguinbooks(23656)
reading(7150576) quoteoftheday(9214894)
reading(7150576) jennyhan(20570)
reading(7150576) bookworm(2033912)
reading(7150576) kindle(786503)
reading(7150576) sommer(3482375)
reading(7150576) reader(659442)
reading(7150576) quoted(211469)
reading(7150576) ichlesegerade(2040)
reading(7150576) tweegram(93507373)
reading(7150576) travel(45897051)
reading(7150576) quotes(23448752)
reading(7150576) still(3727741)
reading(7150576) intresting(58330)
reading(7150576) shoutoutforshoutout(20645515)
reading(7150576) smile(224652631)
reading(7150576) papers(455012)
reading(7150576) red(57601250)
reading(7150576) tagsforlikes(302470948)
reading(7150576) bookquote(53410)
reading(7150576) books(12128922)
reading(7150576) photooftheday(320347589)
reading(7150576) foundation(1640324)
reading(7150576) skyporn(9034329)
reading(7150576) library(2397667)
reading(7150576) nature(92436286)
reading(7150576) szjg(7822)
reading(7150576) action(2495405)
reading(7150576) quote(34105829)
reading(7150576) shoutouts(29967251)
reading(7150576) stories(949363)
reading(7150576) louisvuitton(8847908)
reading(7150576) reading(7150574)
reading(7150576) booklove(225117)
reading(7150576) text(7052181)
reading(7150576) quotesaboutlifequotesandsayings(71113)
reading(7150576) books(12128921)
reading(7150576) story(3281762)
reading(7150576) hi(11795735)
reading(7150576) crescent_dawn(2)
reading(7150576) bahrain(15099613)
reading(7150576) kafkaontheshore(6801)
reading(7150576) medicin(25386)
reading(7150576) fresh(31183421)
reading(7150576) quote(34105824)
reading(7150576) obstetric(2348)
reading(7150576) novel(804803)
reading(7150576) liebe(4878285)
reading(7150576) words(6195372)
reading(7150576) tagsta(9336660)
reading(7150576) reading(7150573)
reading(7150576) bookstagram(1062998)
reading(7150576) fangirl(5163836)
reading(7150576) imagine(3033996)
reading(7150576) pages(464857)
reading(7150576) instatravel(7993920)
reading(7150576) sharma(19476)
reading(7150576) literature(1231830)
reading(7150576) dubai(26424200)
reading(7150576) books(12128925)
reading(7150576) bieber(7431491)
reading(7150576) booknerdigans(164232)
reading(7150576) book(15017090)
reading(7150576) goodmorning(51457034)
reading(7150576) plot(353639)
reading(7150576) kieracass(80553)
reading(7150576) literate(350909)
reading(7150576) page(1207323)
reading(7150576) orokke(2099)
reading(7150576) avadellaira(4090)
reading(7150576) hass(116968)
reading(7150576) garraf(26674)
reading(7150576) timetoread(33698)
reading(7150576) literature(1231829)
reading(7150576) lifestylemoral(58)
reading(7150576) love(921010572)
reading(7150576) words(6195367)
reading(7150576) wayofthinking(3317)
reading(7150576) climax(383959)
reading(7150576) book(15017089)
reading(7150576) tree(27168310)
reading(7150576) insta(21269260)
reading(7150576) majus2(50)
reading(7150576) sunday(39734978)
reading(7150576) igreads(106636)
reading(7150576) illustration(13776903)
reading(7150576) susansontag(5126)
reading(7150576) bookworm(2033914)
reading(7150576) learning(2068442)
reading(7150576) calm(4564368)
reading(7150576) thewinnerscurse(3265)
reading(7150576) sweden(7014472)
reading(7150576) penguin80(1011)
reading(7150576) instagood(422222366)
reading(7150576) exoticcars(1288057)
reading(7150576) marierutkoski(1879)
reading(7150576) vacation(25093277)
reading(7150576) detail(1491406)
reading(7150576) kids(17505793)
reading(7150576) school(48841728)
reading(7150576) typography(2509895)
reading(7150576) f4f(138512059)
reading(7150576) szerda(3941)
reading(7150576) sun(107508708)
reading(7150576) inspiration(33635257)
reading(7150576) breakfast(38894672)
reading(7150576) lesefreude(468)
reading(7150576) recent(7979582)
reading(7150576) mind(3509872)
reading(7150576) lbloggers(233852)
reading(7150576) habit(231066)
reading(7150576) book(15017094)
reading(7150576) coffee(37173618)
reading(7150576) lasvegas(9200215)
reading(7150576) instago(85794417)
reading(7150576) thriller(697609)
reading(7150576) berlin(10646222)
reading(7150576) reading(7150572)
reading(7150576) bookstagram(1062997)
reading(7150576) tagstagram(12814003)
reading(7150576) bolivia(633136)
reading(7150576) good(60204457)
reading(7150576) parklife(436663)
reading(7150576) instatext(1069915)
reading(7150576) paper(6356832)
reading(7150576) books(12128919)
reading(7150576) morning(48030033)
reading(7150576) buchliebe(6283)
reading(7150576) robin(1236721)
reading(7150576) toalltheboysivelovedbefore(10524)
reading(7150576) zorandrvenkar(253)
reading(7150576) quotesoftheday(506165)
reading(7150576) teeth(3835100)
reading(7150576) good(60204446)
reading(7150576) marilynmonroe(2318838)
reading(7150576) currentread(37716)
reading(7150576) reading(7150571)
reading(7150576) love(921010147)
reading(7150576) photowall(3261669)
reading(7150576) quote(34105817)
reading(7150576) quotestagram(581602)
reading(7150576) fslc(13484310)
reading(7150576) quotestoliveby(956508)
reading(7150576) bookspinebeauty(1627)
reading(7150576) author(1013946)
reading(7150576) theheir(38159)
reading(7150576) bookgeek(63117)
reading(7150576) reading(7150576)
reading(7150576) loveletterstothedead(6233)
reading(7150576) boy(52141799)
reading(7150576) mytravelgram(3180660)
reading(7150576) instasize(104516615)
reading(7150576) swede(99808)
reading(7150576) comment(33676694)
reading(7150576) seixbarral(436)
reading(7150576) lesen(170585)
reading(7150576) joy(7083556)
reading(7150576) bullet(502699)
reading(7150576) park(14496486)
reading(7150576) relaxing(10600791)
reading(7150576) igers_berlin(5497)
reading(7150576) hermanhesse(6395)
reading(7150576) tgif(18483421)
reading(7150576) sunday(39735018)
reading(7150576) siddhartha(23749)
reading(7150576) readit(225174)
reading(7150576) morning(48030048)
reading(7150576) beer(27498308)
reading(7150576) moss(620101)
reading(7150576) bestoftheday(151286794)
reading(7150576) airplanereading(907)
reading(7150576) suhrkamp(598)
reading(7150576) culturas(13085)
reading(7150576) lavanguardia(5204)
reading(7150576) loveit(55605753)
reading(7150576) currentlyreading(227022)
