reading(7150113) nra(283211) werewolf(460142)
reading(7150113) nra(283211) thesocialexperiment(3002)
reading(7150113) nra(283211) ucl(730644)
reading(7150113) nra(283211) hongkong(8382209)
reading(7150113) nra(283211) isaacng(1054)
reading(7150113) nra(283211) fcbarcelona(1702531)
reading(7150113) nra(283211) soldierfield(78146)
reading(7150113) nra(283211) chicago(16738962)
reading(7150113) nra(283211) highoffmylove(4290)
reading(7150113) nra(283211) messi(3356864)
reading(7150113) nra(283211) babybubz(1232)
reading(7150113) nra(283211) kennychesney(274011)
reading(7150113) nra(283211) nothinginthisworld(2440)
reading(7150113) nra(283211) fcb_supporters(1095)
reading(7150113) nra(283211) shareacoke(658522)
reading(7150113) spiketvawards(53) nosonmascotas(3860)
reading(7150113) spiketvawards(53) haroldandmaude(5645)
reading(7150113) spiketvawards(53) savetigers(10368)
reading(7150113) spiketvawards(53) notpets(5860)
reading(7150113) spiketvawards(53) churchoflaugh(21326)
reading(7150113) spiketvawards(53) englishbulldog(1744686)
reading(7150113) spiketvawards(53) babymeera(1084)
reading(7150113) spiketvawards(53) suicidegirlsperiscope(41)
reading(7150113) spiketvawards(53) dressyourfacelive(14826)
reading(7150113) spiketvawards(53) morecowbell(35795)
reading(7150113) spiketvawards(53) hongkong(8382154)
reading(7150113) spiketvawards(53) blackjaguarwhitetiger(12435)
reading(7150113) spiketvawards(53) rescuedtigers(568)
reading(7150113) spiketvawards(53) anastasiabeverlyhills(2207272)
reading(7150113) spiketvawards(53) glorious(310611)
reading(7150113) spiketvawards(53) meowout(528)
reading(7150113) spiketvawards(53) behuman(34100)
reading(7150113) spiketvawards(53) liquidlips(26275)
reading(7150113) spiketvawards(53) saveourplanet(49338)
reading(7150113) spiketvawards(53) healthymary(48628)
reading(7150113) spiketvawards(53) genefrenkle(89)
reading(7150113) jaggerjosephbraun(28) eatyourbeansman(4)
reading(7150113) jaggerjosephbraun(28) nra(283211)
reading(7150113) jaggerjosephbraun(28) handgun(141182)
reading(7150113) jaggerjosephbraun(28) throwupthex(143401)
reading(7150113) jaggerjosephbraun(28) renasarmy(2671)
reading(7150113) jaggerjosephbraun(28) guns(2205024)
reading(7150113) jaggerjosephbraun(28) firearm(62329)
reading(7150113) jaggerjosephbraun(28) bw(10197824)
reading(7150113) jaggerjosephbraun(28) colt(300990)
reading(7150113) jaggerjosephbraun(28) throwback(71789025)
reading(7150113) jaggerjosephbraun(28) roc(350663)
reading(7150113) jaggerjosephbraun(28) pistol(430746)
reading(7150113) jaggerjosephbraun(28) blackworkers(196922)
reading(7150113) jaggerjosephbraun(28) blacktattoo(164102)
reading(7150113) jaggerjosephbraun(28) tattoo(42716727)
reading(7150113) jaggerjosephbraun(28) 22lr(39602)
reading(7150113) jaggerjosephbraun(28) capenidhra(1966)
reading(7150113) jaggerjosephbraun(28) gunsdaily(193818)
reading(7150113) jaggerjosephbraun(28) chrisbrown(2698854)
reading(7150113) jaggerjosephbraun(28) gunporn(536705)
reading(7150113) jaggerjosephbraun(28) righttobeararms(84341)
reading(7150113) jaggerjosephbraun(28) wekfest(128003)
reading(7150113) jaggerjosephbraun(28) 707(203875)
reading(7150113) jaggerjosephbraun(28) guncontrol(112431)
reading(7150113) jaggerjosephbraun(28) merica(4262840)
reading(7150113) jaggerjosephbraun(28) gold(21296178)
reading(7150113) jaggerjosephbraun(28) secondamendment(173049)
reading(7150113) jaggerjosephbraun(28) sportsmansarms(1851)
reading(7150113) jaggerjosephbraun(28) blackwork(330637)
reading(7150113) jaggerjosephbraun(28) wfla(7063)
reading(7150113) jaggerjosephbraun(28) superstreet(673411)
reading(7150113) jaggerjosephbraun(28) california(18352431)
reading(7150113) jaggerjosephbraun(28) haroldandmaude(5644)
reading(7150113) jaggerjosephbraun(28) freedom(9296490)
reading(7150113) jaggerjosephbraun(28) 2a(519535)
reading(7150113) jaggerjosephbraun(28) shareacoke(658519)
reading(7150113) jaggerjosephbraun(28) molonlabe(297623)
reading(7150113) jaggerjosephbraun(28) igmilitia(713368)
reading(7150113) jaggerjosephbraun(28) jordansdaily(794926)
reading(7150113) jaggerjosephbraun(28) revolver(210468)
reading(7150113) jaggerjosephbraun(28) gun(2393493)
reading(7150113) ucl(730599) godsister(108319)
reading(7150113) ucl(730599) timessquare(1281324)
reading(7150113) ucl(730599) yg(1982512)
reading(7150113) ucl(730599) aye30minnaturecontest(331)
reading(7150113) ucl(730599) girlmeetsworld(174052)
reading(7150113) ucl(730599) capitalo(277)
reading(7150113) ucl(730599) kardashiankids(27977)
reading(7150113) ucl(730599) repost(127941066)
reading(7150113) ucl(730599) planb(430381)
reading(7150113) ucl(730599) funniest15seconds(60850)
reading(7150113) ucl(730599) ootd(63046614)
reading(7150113) ucl(730599) hiphopgoesbroadway(131)
reading(7150113) ucl(730599) auggie(22141)
reading(7150113) ucl(730599) monsterenergy(1003598)
reading(7150113) ucl(730599) bucadibeppo(45098)
reading(7150113) ucl(730599) birthdayfashion(337)
reading(7150113) ucl(730599) anastasiabeverlyhills(2207259)
reading(7150113) ucl(730599) freshprince(376906)
reading(7150113) ucl(730599) liquidlips(26275)
reading(7150113) ucl(730599) boymeetsbuca(2)
reading(7150113) ucl(730599) unleashedatx(513)
reading(7150113) ucl(730599) promseason(77561)
reading(7150113) ucl(730599) alumni(740752)
reading(7150113) ucl(730599) xgames(324559)
reading(7150113) repost(127940918) hiphopgoesbroadway(131)
reading(7150113) repost(127940918) dresses__up(1013)
reading(7150113) repost(127940918) wheredidstevego(40)
reading(7150113) repost(127940918) dwpickoftheday(10996)
reading(7150113) repost(127940918) nike(45053088)
reading(7150113) repost(127940918) tunein(315435)
reading(7150113) repost(127940918) soccerdotcom(40538)
reading(7150113) repost(127940918) guyschoice(2075)
reading(7150113) repost(127940918) danielwellington(363034)
reading(7150113) repost(127940918) worldcup(5724791)
reading(7150113) repost(127940918) planb(430382)
reading(7150113) repost(127940918) gomariners(85326)
reading(7150113) repost(127940918) alumni(740752)
reading(7150113) repost(127940918) jordansdaily(794926)
reading(7150113) antiguncontrol(11777) molonlabe(297624)
reading(7150113) antiguncontrol(11777) cats(24939388)
reading(7150113) antiguncontrol(11777) handgun(141182)
reading(7150113) antiguncontrol(11777) revolver(210468)
reading(7150113) antiguncontrol(11777) skyspacela(172)
reading(7150113) antiguncontrol(11777) secondamendment(173051)
reading(7150113) antiguncontrol(11777) dancing(7834716)
reading(7150113) antiguncontrol(11777) gunsdaily(193819)
reading(7150113) antiguncontrol(11777) pistol(430746)
reading(7150113) antiguncontrol(11777) 707(203876)
reading(7150113) antiguncontrol(11777) wweslc(496)
reading(7150113) antiguncontrol(11777) bossmode(59829)
reading(7150113) antiguncontrol(11777) contigokevinroldan(369)
reading(7150113) antiguncontrol(11777) nra(283212)
reading(7150113) antiguncontrol(11777) 22lr(39602)
reading(7150113) antiguncontrol(11777) gunporn(536708)
reading(7150113) antiguncontrol(11777) guns(2205027)
reading(7150113) antiguncontrol(11777) morning(48021587)
reading(7150113) antiguncontrol(11777) freedom(9296518)
reading(7150113) antiguncontrol(11777) colt(300990)
reading(7150113) antiguncontrol(11777) gold(21296220)
reading(7150113) antiguncontrol(11777) grandpa(1788308)
reading(7150113) antiguncontrol(11777) guncontrol(112431)
reading(7150113) antiguncontrol(11777) gun(2393499)
reading(7150113) antiguncontrol(11777) thuglife(3764694)
reading(7150113) antiguncontrol(11777) sportsmansarms(1851)
reading(7150113) antiguncontrol(11777) jgaltusa(11163)
reading(7150113) antiguncontrol(11777) 2a(519538)
reading(7150113) antiguncontrol(11777) california(18352502)
reading(7150113) antiguncontrol(11777) righttobeararms(84343)
reading(7150113) antiguncontrol(11777) cane(1035204)
reading(7150113) antiguncontrol(11777) sailormoon(1205751)
reading(7150113) antiguncontrol(11777) cat(61374443)
reading(7150113) antiguncontrol(11777) repost(127941971)
reading(7150113) antiguncontrol(11777) wwe(4055079)
reading(7150113) antiguncontrol(11777) catsofinstagram(17778335)
reading(7150113) antiguncontrol(11777) celticwarrior(8137)
reading(7150113) antiguncontrol(11777) merica(4262848)
reading(7150113) antiguncontrol(11777) firearm(62329)
reading(7150113) antiguncontrol(11777) othongthai(450)
reading(7150113) antiguncontrol(11777) igmilitia(713368)
reading(7150113) firearms(178117) molonlabe(297624)
reading(7150113) firearms(178117) 2a(519541)
reading(7150113) firearms(178117) revolver(210468)
reading(7150113) firearms(178117) bamboobar(11109)
reading(7150113) firearms(178117) alumni(740753)
reading(7150113) firearms(178117) gunsdaily(193819)
reading(7150113) firearms(178117) handgun(141183)
reading(7150113) firearms(178117) bae(8863401)
reading(7150113) firearms(178117) freedom(9296526)
reading(7150113) firearms(178117) 22lr(39602)
reading(7150113) firearms(178117) fallontonight(21315)
reading(7150113) firearms(178117) superstreet(673413)
reading(7150113) firearms(178117) nra(283212)
reading(7150113) firearms(178117) wekfest(128002)
reading(7150113) firearms(178117) ucl(730640)
reading(7150113) firearms(178117) gun(2393500)
reading(7150113) firearms(178117) sportsmansarms(1851)
reading(7150113) firearms(178117) philly(4438028)
reading(7150113) firearms(178117) fcb_supporters(1095)
reading(7150113) firearms(178117) secondamendment(173052)
reading(7150113) firearms(178117) gomariners(85326)
reading(7150113) firearms(178117) gold(21296238)
reading(7150113) firearms(178117) fcbarcelona(1702523)
reading(7150113) firearms(178117) warrenjc(87805)
reading(7150113) firearms(178117) messi(3356856)
reading(7150113) firearms(178117) pistol(430746)
reading(7150113) firearms(178117) guncontrol(112431)
reading(7150113) firearms(178117) gunporn(536709)
reading(7150113) firearms(178117) guns(2205030)
reading(7150113) firearms(178117) wfla(7063)
reading(7150113) firearms(178117) planb(430383)
reading(7150113) firearms(178117) merica(4262849)
reading(7150113) firearms(178117) california(18352529)
reading(7150113) firearms(178117) 707(203878)
reading(7150113) firearms(178117) colt(300991)
reading(7150113) firearms(178117) sailormoon(1205754)
reading(7150113) firearms(178117) righttobeararms(84343)
reading(7150113) firearms(178117) igmilitia(713369)
reading(7150113) firearms(178117) firearm(62329)
reading(7150113) firearms(178117) othongthai(450)
reading(7150113) onlyforluxury(18892) tattoos(20112853)
reading(7150113) onlyforluxury(18892) thairath(31251)
reading(7150113) onlyforluxury(18892) otas(5544)
reading(7150113) onlyforluxury(18892) dresses__up(1013)
reading(7150113) onlyforluxury(18892) dogs(16257077)
reading(7150113) onlyforluxury(18892) soccerdotcom(40538)
reading(7150113) onlyforluxury(18892) latino(1476037)
reading(7150113) onlyforluxury(18892) series(1248070)
reading(7150113) onlyforluxury(18892) hottie(6411929)
reading(7150113) onlyforluxury(18892) black(70166714)
reading(7150113) onlyforluxury(18892) princegeorge(105355)
reading(7150113) onlyforluxury(18892) benz(1629950)
reading(7150113) onlyforluxury(18892) amg(2063710)
reading(7150113) onlyforluxury(18892) mercedes(4224602)
reading(7150113) onlyforluxury(18892) amazingcars247(1228935)
reading(7150113) onlyforluxury(18892) nike(45053058)
reading(7150113) onlyforluxury(18892) mybena(5033)
reading(7150113) onlyforluxury(18892) suicidegirlsperiscope(41)
reading(7150113) onlyforluxury(18892) sweetheart(2136020)
reading(7150113) onlyforluxury(18892) bigheart(155571)
reading(7150113) onlyforluxury(18892) dog(69440269)
reading(7150113) onlyforluxury(18892) worldcup(5724791)
reading(7150113) onlyforluxury(18892) royalfamily(170649)
reading(7150113) onlyforluxury(18892) bestdateever(78402)
reading(7150113) onlyforluxury(18892) dogsofinstagram(21540269)
reading(7150113) onlyforluxury(18892) benabrooklynguy(11115)
reading(7150113) onlyforluxury(18892) princesscharlotte(14815)
reading(7150113) onlyforluxury(18892) sls(614803)
reading(7150113) onlyforluxury(18892) royalbaby(172926)
reading(7150113) 77(342028) huf2(206)
reading(7150113) 77(342028) illustration(13775228)
reading(7150113) 77(342028) pokemon(7410751)
reading(7150113) 77(342028) waitwhat(228873)
reading(7150113) 77(342028) huf(1436191)
reading(7150113) 77(342028) digifestnyc(11953)
reading(7150113) 77(342028) hufworldwide(33337)
reading(7150113) 77(342028) crayola(356481)
reading(7150113) defendthesecond(83551) americanpharaoh(5002)
reading(7150113) defendthesecond(83551) cane(1035203)
reading(7150113) defendthesecond(83551) streetart(12735024)
reading(7150113) defendthesecond(83551) fallontonight(21315)
reading(7150113) defendthesecond(83551) home(58059922)
reading(7150113) defendthesecond(83551) thuglife(3764693)
reading(7150113) defendthesecond(83551) grandpa(1788308)
reading(7150113) defendthesecond(83551) streetartglobe(4154)
reading(7150113) defendthesecond(83551) daddydaughtertime(217846)
reading(7150113) defendthesecond(83551) lilwanmai(27917)
reading(7150113) defendthesecond(83551) loveunconditional(10624)
reading(7150113) defendthesecond(83551) styledbyadrianne(1171)
reading(7150113) defendthesecond(83551) 24(3668166)
reading(7150113) defendthesecond(83551) me(376479306)
reading(7150113) defendthesecond(83551) anniestyle(419)
reading(7150113) defendthesecond(83551) sailormoon(1205750)
reading(7150113) defendthesecond(83551) instamoment(27873126)
reading(7150113) defendthesecond(83551) dancing(7834711)
reading(7150113) defendthesecond(83551) othongthai(450)
reading(7150113) righttobeararms(84341) hiphopgoesbroadway(131)
reading(7150113) righttobeararms(84341) trst(12210)
reading(7150113) righttobeararms(84341) besttime(787064)
reading(7150113) righttobeararms(84341) nothinginthisworld(2440)
reading(7150113) righttobeararms(84341) baifernfamkannaja(43)
reading(7150113) righttobeararms(84341) shareacoke(658520)
reading(7150113) righttobeararms(84341) srbija(469241)
reading(7150113) righttobeararms(84341) summernightsnashville(18)
reading(7150113) righttobeararms(84341) ufcnola(2691)
reading(7150113) righttobeararms(84341) kosova(355092)
reading(7150113) righttobeararms(84341) suicidegirlsperiscope(41)
reading(7150113) righttobeararms(84341) dressyourfacelive(14826)
reading(7150113) righttobeararms(84341) highoffmylove(4290)
reading(7150113) righttobeararms(84341) prizen(850)
reading(7150113) righttobeararms(84341) friends(219675687)
reading(7150113) makeupbyanna(79389) nra(283211)
reading(7150113) makeupbyanna(79389) fun(217351760)
reading(7150113) makeupbyanna(79389) defendthe2nd(14238)
reading(7150113) makeupbyanna(79389) morecowbell(35795)
reading(7150113) makeupbyanna(79389) lilwanmai(27917)
reading(7150113) makeupbyanna(79389) antiguncontrol(11777)
reading(7150113) makeupbyanna(79389) firearms(178117)
reading(7150113) makeupbyanna(79389) progun(53842)
reading(7150113) makeupbyanna(79389) fashionkids(1836943)
reading(7150113) makeupbyanna(79389) defendthesecond(83551)
reading(7150113) makeupbyanna(79389) righttobeararms(84341)
reading(7150113) makeupbyanna(79389) la(29887855)
reading(7150113) makeupbyanna(79389) guns(2205022)
reading(7150113) makeupbyanna(79389) shooting(4329252)
reading(7150113) makeupbyanna(79389) myshadow(119088)
reading(7150113) makeupbyanna(79389) sailormoon(1205744)
reading(7150113) makeupbyanna(79389) energy(4764800)
reading(7150113) makeupbyanna(79389) americanpharaoh(5001)
reading(7150113) makeupbyanna(79389) littlefootboutique(2314)
reading(7150113) makeupbyanna(79389) gunporn(536705)
reading(7150113) makeupbyanna(79389) tothefore(1055)
reading(7150113) makeupbyanna(79389) secondamendment(173049)
reading(7150113) makeupbyanna(79389) rehearsals(193722)
reading(7150113) makeupbyanna(79389) weaponsreloaded(27777)
reading(7150113) makeupbyanna(79389) gun(2393490)
reading(7150113) makeupbyanna(79389) iifa2015(4245)
reading(7150113) makeupbyanna(79389) dance(25788155)
reading(7150113) makeupbyanna(79389) genefrenkle(89)
reading(7150113) makeupbyanna(79389) postmyfashionkid(565317)
reading(7150113) makeupbyanna(79389) saturdays(898570)
reading(7150113) makeupbyanna(79389) weapons(297732)
reading(7150113) makeupbyanna(79389) glorious(310612)
reading(7150113) makeupbyanna(79389) pink(74185727)
reading(7150113) makeupbyanna(79389) othongthai(450)
reading(7150113) atx(2085320) atx(2085327)
reading(7150113) atx(2085320) nyc(38405700)
reading(7150113) atx(2085320) throwupthex(143401)
reading(7150113) atx(2085320) premier(508162)
reading(7150113) atx(2085320) messi(3356800)
reading(7150113) atx(2085320) throwback(71789071)
reading(7150113) atx(2085320) day2(4844632)
reading(7150113) atx(2085320) suits(1179164)
reading(7150113) atx(2085320) dildhadaknedo(12824)
reading(7150113) atx(2085320) weloveit(343402)
reading(7150113) atx(2085320) roc(350664)
reading(7150113) atx(2085320) dreamy(683653)
reading(7150113) atx(2085320) englishbulldog(1744685)
reading(7150113) atx(2085320) cabelosalon(84)
reading(7150113) atx(2085320) morning(48021442)
reading(7150113) atx(2085320) malaysia(9637802)
reading(7150113) atx(2085320) 30sarenew20s(40)
reading(7150113) atx(2085320) kl(1464382)
reading(7150113) atx(2085320) newyork(26126142)
reading(7150113) atx(2085320) wdywtgrid(14309)
reading(7150113) atx(2085320) gaybar(148792)
reading(7150113) atx(2085320) iifa2015(4246)
reading(7150113) atx(2085320) fcb_supporters(1095)
reading(7150113) atx(2085320) ucl(730621)
reading(7150113) atx(2085320) fairytale(1042406)
reading(7150113) atx(2085320) newage(247617)
reading(7150113) atx(2085320) fcbarcelona(1702461)
reading(7150113) atx(2085320) pr(2022660)
reading(7150113) atx(2085320) dodgers(1939729)
reading(7150113) atx(2085320) motd(4027019)
reading(7150113) atx(2085320) wdywt(3946136)
reading(7150113) atx(2085320) styledbyadrianne(1171)
reading(7150113) atx(2085320) pinkhairdontcare(182001)
reading(7150113) atx(2085320) goenkajewellers(3)
reading(7150113) momsareawesome(5220) me(376478688)
reading(7150113) momsareawesome(5220) pink(74185754)
reading(7150113) momsareawesome(5220) chicago(16738904)
reading(7150113) momsareawesome(5220) lilwanmai(27917)
reading(7150113) momsareawesome(5220) wheredidstevego(40)
reading(7150113) momsareawesome(5220) meowout(527)
reading(7150113) momsareawesome(5220) inspired(2811690)
reading(7150113) momsareawesome(5220) wweslc(496)
reading(7150113) momsareawesome(5220) streetart(12734988)
reading(7150113) momsareawesome(5220) victory(1376488)
reading(7150113) momsareawesome(5220) tunein(315435)
reading(7150113) momsareawesome(5220) soproud(1717780)
reading(7150113) momsareawesome(5220) myshadow(119088)
reading(7150113) momsareawesome(5220) la(29887874)
reading(7150113) momsareawesome(5220) thesocialexperiment(3002)
reading(7150113) momsareawesome(5220) puravidabracelets(68942)
reading(7150113) momsareawesome(5220) instamoment(27873085)
reading(7150113) momsareawesome(5220) tashasmith(2444)
reading(7150113) momsareawesome(5220) wekfest(128003)
reading(7150113) momsareawesome(5220) stanleycup(595844)
reading(7150113) momsareawesome(5220) wfla(7063)
reading(7150113) momsareawesome(5220) superstreet(673411)
reading(7150113) momsareawesome(5220) wwe(4055068)
reading(7150113) momsareawesome(5220) saturdays(898570)
reading(7150113) momsareawesome(5220) livefree(524074)
reading(7150113) momsareawesome(5220) streetartglobe(4154)
reading(7150113) momsareawesome(5220) home(58059820)
reading(7150113) momsareawesome(5220) kardashiankids(27977)
reading(7150113) momsareawesome(5220) celticwarrior(8137)
reading(7150113) suits(1179162) eatyourbeansman(4)
reading(7150113) suits(1179162) premier(508162)
reading(7150113) suits(1179162) fairytale(1042406)
reading(7150113) suits(1179162) speciale(196889)
reading(7150113) suits(1179162) motd(4027020)
reading(7150113) suits(1179162) dreamy(683653)
reading(7150113) suits(1179162) iifa2015(4247)
reading(7150113) suits(1179162) raffaelmachadonodomingoespetacular(6)
reading(7150113) suits(1179162) raffaelmachado(1698)
reading(7150113) suits(1179162) kl(1464382)
reading(7150113) suits(1179162) anastasiabeverlyhills(2207269)
reading(7150113) suits(1179162) malaysia(9637805)
reading(7150113) suits(1179162) poolparty(1892521)
reading(7150113) suits(1179162) day2(4844634)
reading(7150113) suits(1179162) liquidlips(26275)
reading(7150113) suits(1179162) frands(141368)
reading(7150113) suits(1179162) hockeyteam(22521)
reading(7150113) suits(1179162) dildhadaknedo(12824)
reading(7150113) suits(1179162) goenkajewellers(3)
reading(7150113) suits(1179162) fashionking(24940)
reading(7150113) defendthe2nd(14238) dodgers(1939735)
reading(7150113) defendthe2nd(14238) premier(508162)
reading(7150113) defendthe2nd(14238) fairytale(1042406)
reading(7150113) defendthe2nd(14238) jaggerjosephbraun(28)
reading(7150113) defendthe2nd(14238) repost(127941871)
reading(7150113) defendthe2nd(14238) bae(8863385)
reading(7150113) defendthe2nd(14238) malaysia(9637837)
reading(7150113) defendthe2nd(14238) momsareawesome(5220)
reading(7150113) defendthe2nd(14238) illustration(13775318)
reading(7150113) defendthe2nd(14238) pokemon(7410769)
reading(7150113) defendthe2nd(14238) day2(4844640)
reading(7150113) defendthe2nd(14238) xgames(324596)
reading(7150113) defendthe2nd(14238) monsterenergy(1003604)
reading(7150113) defendthe2nd(14238) dreamy(683654)
reading(7150113) defendthe2nd(14238) crayola(356481)
reading(7150113) defendthe2nd(14238) dildhadaknedo(12827)
reading(7150113) defendthe2nd(14238) gomariners(85326)
reading(7150113) defendthe2nd(14238) kl(1464391)
reading(7150113) defendthe2nd(14238) iifa2015(4248)
reading(7150113) defendthe2nd(14238) streetartglobe(4154)
reading(7150113) defendthe2nd(14238) streetart(12735021)
reading(7150113) defendthe2nd(14238) goenkajewellers(3)
reading(7150113) defendthe2nd(14238) unleashedatx(514)
reading(7150113) gunporn(536705) vintique(381756)
reading(7150113) gunporn(536705) dildhadaknedo(12828)
reading(7150113) gunporn(536705) thairath(31251)
reading(7150113) gunporn(536705) premier(508162)
reading(7150113) gunporn(536705) dreamy(683656)
reading(7150113) gunporn(536705) stanleycup(595846)
reading(7150113) gunporn(536705) styledbyadrianne(1171)
reading(7150113) gunporn(536705) iifa2015(4250)
reading(7150113) gunporn(536705) royalbaby(172927)
reading(7150113) gunporn(536705) illustration(13775351)
reading(7150113) gunporn(536705) fairytale(1042408)
reading(7150113) gunporn(536705) kl(1464397)
reading(7150113) gunporn(536705) princesscharlotte(14816)
reading(7150113) gunporn(536705) auggie(22141)
reading(7150113) gunporn(536705) bucadibeppo(45098)
reading(7150113) gunporn(536705) princegeorge(105356)
reading(7150113) gunporn(536705) spiketvawards(53)
reading(7150113) gunporn(536705) tashasmith(2444)
reading(7150113) gunporn(536705) liquidlips(26275)
reading(7150113) gunporn(536705) boymeetsbuca(2)
reading(7150113) gunporn(536705) malaysia(9637869)
reading(7150113) gunporn(536705) repost(127942196)
reading(7150113) gunporn(536705) pokemon(7410778)
reading(7150113) gunporn(536705) girlmeetsworld(174055)
reading(7150113) gunporn(536705) frands(141368)
reading(7150113) gunporn(536705) crayola(356482)
reading(7150113) gunporn(536705) hockeyteam(22521)
reading(7150113) gunporn(536705) royalfamily(170649)
reading(7150113) gunporn(536705) goenkajewellers(3)
reading(7150113) gunporn(536705) nofilter(126732990)
reading(7150113) gunporn(536705) poolparty(1892529)
reading(7150113) gunporn(536705) anastasiabeverlyhills(2207281)
reading(7150113) gunporn(536705) kickthedustup(5083)
reading(7150113) gunporn(536705) timessquare(1281329)
reading(7150113) gunporn(536705) repost(127942175)
reading(7150113) gunporn(536705) day2(4844643)
reading(7150113) anastasiabeverlyhills(2207259) nra(283211)
reading(7150113) anastasiabeverlyhills(2207259) waitwhat(228873)
reading(7150113) anastasiabeverlyhills(2207259) throwupthex(143401)
reading(7150113) anastasiabeverlyhills(2207259) freedom(9296491)
reading(7150113) anastasiabeverlyhills(2207259) guns(2205024)
reading(7150113) anastasiabeverlyhills(2207259) repost(127941423)
reading(7150113) anastasiabeverlyhills(2207259) hottie(6411921)
reading(7150113) anastasiabeverlyhills(2207259) warrenjc(87805)
reading(7150113) anastasiabeverlyhills(2207259) handgun(141182)
reading(7150113) anastasiabeverlyhills(2207259) righttobeararms(84341)
reading(7150113) anastasiabeverlyhills(2207259) pistol(430746)
reading(7150113) anastasiabeverlyhills(2207259) guncontrol(112431)
reading(7150113) anastasiabeverlyhills(2207259) roc(350664)
reading(7150113) anastasiabeverlyhills(2207259) sweetheart(2136018)
reading(7150113) anastasiabeverlyhills(2207259) auggie(22141)
reading(7150113) anastasiabeverlyhills(2207259) 22lr(39602)
reading(7150113) anastasiabeverlyhills(2207259) throwback(71789039)
reading(7150113) anastasiabeverlyhills(2207259) sportsmansarms(1851)
reading(7150113) anastasiabeverlyhills(2207259) latino(1476036)
reading(7150113) anastasiabeverlyhills(2207259) ufcnola(2687)
reading(7150113) anastasiabeverlyhills(2207259) girlmeetsworld(174054)
reading(7150113) anastasiabeverlyhills(2207259) gunsdaily(193818)
reading(7150113) anastasiabeverlyhills(2207259) poolparty(1892521)
reading(7150113) anastasiabeverlyhills(2207259) revolver(210468)
reading(7150113) anastasiabeverlyhills(2207259) bestdateever(78401)
reading(7150113) anastasiabeverlyhills(2207259) boymeetsbuca(2)
reading(7150113) anastasiabeverlyhills(2207259) gun(2393494)
reading(7150113) anastasiabeverlyhills(2207259) colt(300990)
reading(7150113) anastasiabeverlyhills(2207259) bucadibeppo(45098)
reading(7150113) anastasiabeverlyhills(2207259) gunporn(536705)
reading(7150113) anastasiabeverlyhills(2207259) california(18352440)
reading(7150113) anastasiabeverlyhills(2207259) tothefore(1055)
reading(7150113) anastasiabeverlyhills(2207259) asiyasafiya(157)
reading(7150113) anastasiabeverlyhills(2207259) secondamendment(173049)
reading(7150113) anastasiabeverlyhills(2207259) 707(203875)
reading(7150113) anastasiabeverlyhills(2207259) merica(4262840)
reading(7150113) anastasiabeverlyhills(2207259) igmilitia(713368)
reading(7150113) anastasiabeverlyhills(2207259) hufworldwide(33337)
reading(7150113) anastasiabeverlyhills(2207259) capenidhra(1966)
reading(7150113) anastasiabeverlyhills(2207259) frands(141368)
reading(7150113) anastasiabeverlyhills(2207259) huf2(206)
reading(7150113) anastasiabeverlyhills(2207259) bigheart(155571)
reading(7150113) anastasiabeverlyhills(2207259) 2a(519535)
reading(7150113) anastasiabeverlyhills(2207259) hockeyteam(22521)
reading(7150113) anastasiabeverlyhills(2207259) molonlabe(297623)
reading(7150113) anastasiabeverlyhills(2207259) huf(1436190)
reading(7150113) anastasiabeverlyhills(2207259) tattoos(20112844)
reading(7150113) anastasiabeverlyhills(2207259) gold(21296181)
reading(7150113) anastasiabeverlyhills(2207259) timessquare(1281326)
reading(7150113) anastasiabeverlyhills(2207259) fashionking(24940)
reading(7150113) anastasiabeverlyhills(2207259) firearm(62329)
reading(7150113) suicidegirlsperiscope(41) eatyourbeansman(4)
reading(7150113) suicidegirlsperiscope(41) viners(288480)
reading(7150113) suicidegirlsperiscope(41) handgun(141182)
reading(7150113) suicidegirlsperiscope(41) revolver(210468)
reading(7150113) suicidegirlsperiscope(41) dresses__up(1013)
reading(7150113) suicidegirlsperiscope(41) guns(2205024)
reading(7150113) suicidegirlsperiscope(41) digifestma(1232)
reading(7150113) suicidegirlsperiscope(41) untamed(62953)
reading(7150113) suicidegirlsperiscope(41) nra(283211)
reading(7150113) suicidegirlsperiscope(41) gun(2393492)
reading(7150113) suicidegirlsperiscope(41) blackworkers(196922)
reading(7150113) suicidegirlsperiscope(41) fashionkids(1836943)
reading(7150113) suicidegirlsperiscope(41) gold(21296168)
reading(7150113) suicidegirlsperiscope(41) righttobeararms(84341)
reading(7150113) suicidegirlsperiscope(41) pistol(430746)
reading(7150113) suicidegirlsperiscope(41) blacktattoo(164102)
reading(7150113) suicidegirlsperiscope(41) youtubers(2430743)
reading(7150113) suicidegirlsperiscope(41) california(18352417)
reading(7150113) suicidegirlsperiscope(41) 22lr(39602)
reading(7150113) suicidegirlsperiscope(41) tattoo(42716712)
reading(7150113) suicidegirlsperiscope(41) sportsmansarms(1851)
reading(7150113) suicidegirlsperiscope(41) gunsdaily(193818)
reading(7150113) suicidegirlsperiscope(41) colt(300990)
reading(7150113) suicidegirlsperiscope(41) littlefootboutique(2314)
reading(7150113) suicidegirlsperiscope(41) gunporn(536705)
reading(7150113) suicidegirlsperiscope(41) 707(203875)
reading(7150113) suicidegirlsperiscope(41) secondamendment(173049)
reading(7150113) suicidegirlsperiscope(41) guncontrol(112431)
reading(7150113) suicidegirlsperiscope(41) dressyourfacelive(14825)
reading(7150113) suicidegirlsperiscope(41) digifest2015(17101)
reading(7150113) suicidegirlsperiscope(41) soldierfield(78143)
reading(7150113) suicidegirlsperiscope(41) igmilitia(713368)
reading(7150113) suicidegirlsperiscope(41) blackwork(330637)
reading(7150113) suicidegirlsperiscope(41) spon(34286)
reading(7150113) suicidegirlsperiscope(41) freedom(9296486)
reading(7150113) suicidegirlsperiscope(41) bacarditour(1775)
reading(7150113) suicidegirlsperiscope(41) bw(10197822)
reading(7150113) suicidegirlsperiscope(41) newyork(26126116)
reading(7150113) suicidegirlsperiscope(41) postmyfashionkid(565317)
reading(7150113) suicidegirlsperiscope(41) 2a(519535)
reading(7150113) suicidegirlsperiscope(41) molonlabe(297623)
reading(7150113) suicidegirlsperiscope(41) digifest(37436)
reading(7150113) suicidegirlsperiscope(41) kennychesney(274006)
reading(7150113) suicidegirlsperiscope(41) alxjames(11526)
reading(7150113) suicidegirlsperiscope(41) digifestsquadgoals(1)
reading(7150113) suicidegirlsperiscope(41) morning(48021308)
reading(7150113) suicidegirlsperiscope(41) digifestnyc(11952)
reading(7150113) suicidegirlsperiscope(41) firearm(62329)
reading(7150113) suicidegirlsperiscope(41) merica(4262839)
reading(7150113) liquidlips(26275) werewolf(460142)
reading(7150113) liquidlips(26275) waitwhat(228873)
reading(7150113) liquidlips(26275) aye30minnaturecontest(331)
reading(7150113) liquidlips(26275) otas(5544)
reading(7150113) liquidlips(26275) bossmode(59828)
reading(7150113) liquidlips(26275) usabmu16(27)
reading(7150113) liquidlips(26275) saveourplanet(49338)
reading(7150113) liquidlips(26275) rescuedtigers(568)
reading(7150113) liquidlips(26275) makeupbyanna(79389)
reading(7150113) liquidlips(26275) 77(342029)
reading(7150113) liquidlips(26275) nosonmascotas(3860)
reading(7150113) liquidlips(26275) huf(1436189)
reading(7150113) liquidlips(26275) babymeera(1084)
reading(7150113) liquidlips(26275) blackjaguarwhitetiger(12435)
reading(7150113) liquidlips(26275) copordrop(27729)
reading(7150113) liquidlips(26275) skyspacela(172)
reading(7150113) liquidlips(26275) repost(127941342)
reading(7150113) liquidlips(26275) hufworldwide(33337)
reading(7150113) liquidlips(26275) huf2(206)
reading(7150113) liquidlips(26275) notpets(5860)
reading(7150113) liquidlips(26275) savetigers(10368)
reading(7150113) liquidlips(26275) behuman(34100)
reading(7150113) weaponsreloaded(27777) sls(614807)
reading(7150113) weaponsreloaded(27777) dildhadaknedo(12828)
reading(7150113) weaponsreloaded(27777) premier(508162)
reading(7150113) weaponsreloaded(27777) fairytale(1042406)
reading(7150113) weaponsreloaded(27777) jurassicworld(123008)
reading(7150113) weaponsreloaded(27777) series(1248074)
reading(7150113) weaponsreloaded(27777) nike(45053139)
reading(7150113) weaponsreloaded(27777) mercedes(4224610)
reading(7150113) weaponsreloaded(27777) anastasiabeverlyhills(2207280)
reading(7150113) weaponsreloaded(27777) valentino(7170683)
reading(7150113) weaponsreloaded(27777) wirunphotography(121)
reading(7150113) weaponsreloaded(27777) repost(127942048)
reading(7150113) weaponsreloaded(27777) worldcup(5724793)
reading(7150113) weaponsreloaded(27777) fallontonight(21315)
reading(7150113) weaponsreloaded(27777) auggie(22141)
reading(7150113) weaponsreloaded(27777) black(70166791)
reading(7150113) weaponsreloaded(27777) bucadibeppo(45098)
reading(7150113) weaponsreloaded(27777) soccerdotcom(40538)
reading(7150113) weaponsreloaded(27777) freshtops(88362)
reading(7150113) weaponsreloaded(27777) kl(1464396)
reading(7150113) weaponsreloaded(27777) day2(4844641)
reading(7150113) weaponsreloaded(27777) love(920951941)
reading(7150113) weaponsreloaded(27777) malaysia(9637853)
reading(7150113) weaponsreloaded(27777) benz(1629961)
reading(7150113) weaponsreloaded(27777) iifa2015(4248)
reading(7150113) weaponsreloaded(27777) boymeetsbuca(2)
reading(7150113) weaponsreloaded(27777) dreamy(683655)
reading(7150113) weaponsreloaded(27777) liquidlips(26275)
reading(7150113) weaponsreloaded(27777) girlmeetsworld(174055)
reading(7150113) weaponsreloaded(27777) timessquare(1281328)
reading(7150113) weaponsreloaded(27777) amg(2063716)
reading(7150113) weaponsreloaded(27777) streetartglobe(4154)
reading(7150113) weaponsreloaded(27777) goenkajewellers(3)
reading(7150113) weaponsreloaded(27777) amazingcars247(1228937)
reading(7150113) weaponsreloaded(27777) stanleycup(595845)
reading(7150113) weaponsreloaded(27777) streetart(12735031)
reading(7150113) gun(2393490) sailormoon(1205753)
reading(7150113) gun(2393490) digifest(37439)
reading(7150113) gun(2393490) jaggerjosephbraun(28)
reading(7150113) gun(2393490) digifestma(1232)
reading(7150113) gun(2393490) youtubers(2430747)
reading(7150113) gun(2393490) healthymary(48630)
reading(7150113) gun(2393490) catsofinstagram(17778337)
reading(7150113) gun(2393490) myshadow(119088)
reading(7150113) gun(2393490) govball(45463)
reading(7150113) gun(2393490) cats(24939392)
reading(7150113) gun(2393490) warrenjc(87805)
reading(7150113) gun(2393490) littlefootboutique(2314)
reading(7150113) gun(2393490) pink(74185902)
reading(7150113) gun(2393490) digifest2015(17104)
reading(7150113) gun(2393490) weout(399677)
reading(7150113) gun(2393490) fashionkids(1836951)
reading(7150113) gun(2393490) saturdays(898576)
reading(7150113) gun(2393490) digifestsquadgoals(1)
reading(7150113) gun(2393490) viners(288480)
reading(7150113) gun(2393490) hongkong(8382187)
reading(7150113) gun(2393490) stanleycup(595845)
reading(7150113) gun(2393490) cat(61374450)
reading(7150113) gun(2393490) digifestnyc(11953)
reading(7150113) gun(2393490) newyork(26126171)
reading(7150113) gun(2393490) la(29887976)
reading(7150113) gun(2393490) postmyfashionkid(565318)
reading(7150113) gun(2393490) othongthai(450)
reading(7150113) secondamendment(173049) murica(1254831)
reading(7150113) secondamendment(173049) chrisbrown(2698862)
reading(7150113) secondamendment(173049) 24(3668166)
reading(7150113) secondamendment(173049) asiyasafiya(157)
reading(7150113) secondamendment(173049) xgames(324604)
reading(7150113) secondamendment(173049) unleashedatx(514)
reading(7150113) secondamendment(173049) monsterenergy(1003604)
reading(7150113) progun(53842) aye30minnaturecontest(331)
reading(7150113) progun(53842) wwe(4055075)
reading(7150113) progun(53842) baifernfamkannaja(43)
reading(7150113) progun(53842) wweslc(496)
reading(7150113) progun(53842) pokemon(7410767)
reading(7150113) progun(53842) crayola(356481)
reading(7150113) progun(53842) freshtops(88362)
reading(7150113) progun(53842) bae(8863382)
reading(7150113) progun(53842) regram(16149880)
reading(7150113) progun(53842) celticwarrior(8137)
reading(7150113) progun(53842) illustration(13775317)
reading(7150113) pr(2022656) getlaqued(27011)
reading(7150113) pr(2022656) bamboobar(11108)
reading(7150113) pr(2022656) amo(21523811)
reading(7150113) pr(2022656) soproud(1717781)
reading(7150113) pr(2022656) digifestma(1232)
reading(7150113) pr(2022656) digifest2015(17103)
reading(7150113) pr(2022656) philly(4438023)
reading(7150113) pr(2022656) dogs(16257062)
reading(7150113) pr(2022656) dog(69440236)
reading(7150113) pr(2022656) laque(42595)
reading(7150113) pr(2022656) viners(288479)
reading(7150113) pr(2022656) laquenailbar(35890)
reading(7150113) pr(2022656) meowout(527)
reading(7150113) pr(2022656) youtubers(2430746)
reading(7150113) pr(2022656) xgames(324576)
reading(7150113) pr(2022656) dogsofinstagram(21540248)
reading(7150113) pr(2022656) bifetodasemana(32)
reading(7150113) pr(2022656) newyork(26126139)
reading(7150113) pr(2022656) digifest(37436)
reading(7150113) pr(2022656) inspired(2811692)
reading(7150113) pr(2022656) digifestsquadgoals(1)
reading(7150113) pr(2022656) victory(1376490)
reading(7150113) pr(2022656) digifestnyc(11952)
reading(7150113) weapons(297732) thairath(31251)
reading(7150113) weapons(297732) styledbyadrianne(1171)
reading(7150113) weapons(297732) royalbaby(172927)
reading(7150113) weapons(297732) princesscharlotte(14816)
reading(7150113) weapons(297732) haroldandmaude(5647)
reading(7150113) weapons(297732) americanstyle(136583)
reading(7150113) weapons(297732) princegeorge(105356)
reading(7150113) weapons(297732) anniestyle(419)
reading(7150113) weapons(297732) eatwhatyoukill(6615)
reading(7150113) weapons(297732) killwhatyoueat(916)
reading(7150113) weapons(297732) loveunconditional(10624)
reading(7150113) weapons(297732) starvingtime(145573)
reading(7150113) weapons(297732) sailormoon(1205754)
reading(7150113) weapons(297732) royalfamily(170649)
reading(7150113) weapons(297732) daddydaughtertime(217847)
reading(7150113) weapons(297732) othongthai(450)
reading(7150113) nofilter(126732504) righttobeararms(84342)
reading(7150113) nofilter(126732504) monsterenergy(1003601)
reading(7150113) nofilter(126732504) spiketvawards(53)
reading(7150113) nofilter(126732504) gunporn(536707)
reading(7150113) nofilter(126732504) morecowbell(35795)
reading(7150113) nofilter(126732504) glorious(310611)
reading(7150113) nofilter(126732504) secondamendment(173051)
reading(7150113) nofilter(126732504) repost(127941635)
reading(7150113) nofilter(126732504) weapons(297733)
reading(7150113) nofilter(126732504) catsofinstagram(17778310)
reading(7150113) nofilter(126732504) banginandbitsy(2)
reading(7150113) nofilter(126732504) contigokevinroldan(369)
reading(7150113) nofilter(126732504) nra(283212)
reading(7150113) nofilter(126732504) xgames(324584)
reading(7150113) nofilter(126732504) freshtops(88362)
reading(7150113) nofilter(126732504) progun(53843)
reading(7150113) nofilter(126732504) nofilter(126732765)
reading(7150113) nofilter(126732504) cats(24939359)
reading(7150113) nofilter(126732504) eatwhatyoukill(6615)
reading(7150113) nofilter(126732504) killwhatyoueat(916)
reading(7150113) nofilter(126732504) teamfitt(45532)
reading(7150113) nofilter(126732504) guns(2205026)
reading(7150113) nofilter(126732504) unleashedatx(513)
reading(7150113) nofilter(126732504) defendthe2nd(14239)
reading(7150113) nofilter(126732504) cat(61374382)
reading(7150113) nofilter(126732504) genefrenkle(89)
reading(7150113) nofilter(126732504) risegymgear(2518)
reading(7150113) nofilter(126732504) shooting(4329263)
reading(7150113) nofilter(126732504) antiguncontrol(11778)
reading(7150113) nofilter(126732504) gun(2393498)
reading(7150113) nofilter(126732504) weaponsreloaded(27778)
reading(7150113) nofilter(126732504) firearms(178118)
reading(7150113) nofilter(126732504) defendthesecond(83552)
reading(7150113) neymar(2275466) churchoflaugh(21326)
reading(7150113) neymar(2275466) livefree(524075)
reading(7150113) neymar(2275466) nra(283211)
reading(7150113) neymar(2275466) nothinginthisworld(2440)
reading(7150113) neymar(2275466) jaggerjosephbraun(28)
reading(7150113) neymar(2275466) guns(2205024)
reading(7150113) neymar(2275466) wekfest(128005)
reading(7150113) neymar(2275466) antiguncontrol(11777)
reading(7150113) neymar(2275466) firearms(178117)
reading(7150113) neymar(2275466) shooting(4329253)
reading(7150113) neymar(2275466) onlyforluxury(18892)
reading(7150113) neymar(2275466) defendthesecond(83551)
reading(7150113) neymar(2275466) righttobeararms(84341)
reading(7150113) neymar(2275466) fallontonight(21315)
reading(7150113) neymar(2275466) haroldandmaude(5642)
reading(7150113) neymar(2275466) gun(2393491)
reading(7150113) neymar(2275466) gunporn(536705)
reading(7150113) neymar(2275466) puravidabracelets(68942)
reading(7150113) neymar(2275466) secondamendment(173049)
reading(7150113) neymar(2275466) weaponsreloaded(27777)
reading(7150113) neymar(2275466) neymar(2275469)
reading(7150113) neymar(2275466) wfla(7063)
reading(7150113) neymar(2275466) superstreet(673411)
reading(7150113) neymar(2275466) progun(53842)
reading(7150113) neymar(2275466) ucl(730608)
reading(7150113) neymar(2275466) weapons(297732)
reading(7150113) neymar(2275466) hongkong(8382090)
reading(7150113) neymar(2275466) highoffmylove(4290)
reading(7150113) neymar(2275466) defendthe2nd(14238)
reading(7150113) neymar(2275466) warrenjc(87804)
reading(7150113) guns(2205022) la(29888003)
reading(7150113) guns(2205022) restaurant(6783562)
reading(7150113) guns(2205022) thailand(21838449)
reading(7150113) guns(2205022) saturdays(898576)
reading(7150113) guns(2205022) food(179934252)
reading(7150113) guns(2205022) grandpa(1788309)
reading(7150113) guns(2205022) tashasmith(2444)
reading(7150113) guns(2205022) suicidegirlsperiscope(41)
reading(7150113) guns(2205022) dancing(7834724)
reading(7150113) guns(2205022) review(1483976)
reading(7150113) guns(2205022) myshadow(119088)
reading(7150113) guns(2205022) cane(1035206)
reading(7150113) guns(2205022) pink(74185961)
reading(7150113) guns(2205022) speciale(196890)
reading(7150113) guns(2205022) thuglife(3764699)
reading(7150113) guns(2205022) wongnai(222238)
reading(7150113) guns(2205022) instasize(104500113)
reading(7150113) vintique(381752) grandpa(1788301)
reading(7150113) vintique(381752) livefree(524075)
reading(7150113) vintique(381752) dresses__up(1013)
reading(7150113) vintique(381752) benz(1629947)
reading(7150113) vintique(381752) supplied(210126)
reading(7150113) vintique(381752) mercedes(4224597)
reading(7150113) vintique(381752) pr(2022658)
reading(7150113) vintique(381752) poolparty(1892514)
reading(7150113) vintique(381752) 77(342028)
reading(7150113) vintique(381752) thuglife(3764679)
reading(7150113) vintique(381752) makeupbyanna(79389)
reading(7150113) vintique(381752) frands(141367)
reading(7150113) vintique(381752) cane(1035198)
reading(7150113) vintique(381752) amg(2063707)
reading(7150113) vintique(381752) chrisbrown(2698846)
reading(7150113) vintique(381752) regram(16149855)
reading(7150113) vintique(381752) americanpharaoh(5001)
reading(7150113) vintique(381752) suits(1179162)
reading(7150113) vintique(381752) getsupplied(1836)
reading(7150113) vintique(381752) puravidabracelets(68942)
reading(7150113) vintique(381752) atx(2085321)
reading(7150113) vintique(381752) sls(614790)
reading(7150113) vintique(381752) black(70166631)
reading(7150113) vintique(381752) series(1248068)
reading(7150113) vintique(381752) amazingcars247(1228930)
reading(7150113) vintique(381752) hockeyteam(22521)
reading(7150113) vintique(381752) dancing(7834695)
reading(7150113) shooting(4329250) murica(1254831)
reading(7150113) shooting(4329250) renasarmy(2673)
reading(7150113) shooting(4329250) xgames(324609)
reading(7150113) shooting(4329250) starvingtime(145573)
reading(7150113) shooting(4329250) nofilter(126732996)
reading(7150113) shooting(4329250) momjeans(55817)
reading(7150113) shooting(4329250) angels(1759129)
