sports(7421453) dressby(3390) dope(17047486)
sports(7421453) dressby(3390) mituberos(1089)
sports(7421453) dressby(3390) ireneishungry(21)
sports(7421453) dressby(3390) ireneislondon(141)
sports(7421453) dressby(3390) ufcart(1063)
sports(7421453) dressby(3390) tourwithyomama(1)
sports(7421453) dressby(3390) 3doongieedits(49)
sports(7421453) dressby(3390) ufcink(70)
sports(7421453) dressby(3390) film07(318)
sports(7421453) dressby(3390) iknowwhereyouwillbethissummer(1)
sports(7421453) opi_products(8105) me(376470721)
sports(7421453) opi_products(8105) weloveit(343381)
sports(7421453) opi_products(8105) secondamendment(173042)
sports(7421453) opi_products(8105) instamoment(27872542)
sports(7421453) opi_products(8105) progun(53839)
sports(7421453) opi_products(8105) guns(2204933)
sports(7421453) opi_products(8105) defendthe2nd(14237)
sports(7421453) opi_products(8105) werewolf(460128)
sports(7421453) opi_products(8105) firearms(178112)
sports(7421453) opi_products(8105) shooting(4329084)
sports(7421453) opi_products(8105) godsister(108314)
sports(7421453) opi_products(8105) teamfitt(45531)
sports(7421453) opi_products(8105) promseason(77559)
sports(7421453) opi_products(8105) antiguncontrol(11776)
sports(7421453) opi_products(8105) dodgers(1939571)
sports(7421453) opi_products(8105) home(58058403)
sports(7421453) opi_products(8105) freshtops(88362)
sports(7421453) opi_products(8105) styledbyadrianne(1167)
sports(7421453) opi_products(8105) asiyasafiya(157)
sports(7421453) opi_products(8105) yg(1982405)
sports(7421453) opi_products(8105) gun(2393428)
sports(7421453) opi_products(8105) digifestnyc(11900)
sports(7421453) opi_products(8105) defendthesecond(83549)
sports(7421453) opi_products(8105) 7daysontheroad(752)
sports(7421453) opi_products(8105) nra(283205)
sports(7421453) opi_products(8105) weaponsreloaded(27775)
sports(7421453) opi_products(8105) 50shadesofk(7430)
sports(7421453) opi_products(8105) righttobeararms(84339)
sports(7421453) opi_products(8105) risegymgear(2515)
sports(7421453) opi_products(8105) gunporn(536689)
sports(7421453) opi_products(8105) weapons(297716)
sports(7421453) opi_products(8105) dressyourfacelive(14822)
sports(7421453) 4runner(224610) hiphopgoesbroadway(131)
sports(7421453) 4runner(224610) govball(45349)
sports(7421453) 4runner(224610) usabmu16(27)
sports(7421453) 4runner(224610) yg(1982420)
sports(7421453) 4runner(224610) youtubers(2430631)
sports(7421453) 4runner(224610) meowout(494)
sports(7421453) 4runner(224610) promseason(77559)
sports(7421453) 4runner(224610) digifestma(1231)
sports(7421453) 4runner(224610) digifest2015(17091)
sports(7421453) 4runner(224610) godsister(108314)
sports(7421453) 4runner(224610) chrisbrown(2698763)
sports(7421453) 4runner(224610) freshtops(88362)
sports(7421453) 4runner(224610) newyork(26125475)
sports(7421453) 4runner(224610) weout(399667)
sports(7421453) 4runner(224610) tashasmith(2444)
sports(7421453) 4runner(224610) eatwhatyoukill(6615)
sports(7421453) 4runner(224610) killwhatyoueat(916)
sports(7421453) 4runner(224610) viners(288474)
sports(7421453) 4runner(224610) styledbyadrianne(1169)
sports(7421453) 4runner(224610) digifest(37423)
sports(7421453) 4runner(224610) murica(1254809)
sports(7421453) 4runner(224610) digifestsquadgoals(1)
sports(7421453) 4runner(224610) govballnyc(93808)
sports(7421453) 4runner(224610) guyschoice(2065)
sports(7421453) 4runner(224610) digifestnyc(11921)
sports(7421453) lorealparisth(2577) dressby(3390)
sports(7421453) lorealparisth(2577) insidestuff(3763)
sports(7421453) lorealparisth(2577) noshorthair(757)
sports(7421453) lorealparisth(2577) sirenlondon(1493)
sports(7421453) lorealparisth(2577) travel(45885450)
sports(7421453) lorealparisth(2577) lorealparismakeup(6213)
sports(7421453) lorealparisth(2577) allredeverything(188552)
sports(7421453) lorealparisth(2577) liveoutdoors(27357)
sports(7421453) lorealparisth(2577) identitycrisis(41465)
sports(7421453) lorealparisth(2577) wwe(4054881)
sports(7421453) lorealparisth(2577) lorealparisth(2577)
sports(7421453) lorealparisth(2577) lifethreatening(2167)
sports(7421453) lorealparisth(2577) adventure(10266277)
sports(7421453) lorealparisth(2577) becausewecannes(13130)
sports(7421453) lorealparisth(2577) fridaynightatthebar(1473)
sports(7421453) lorealparisth(2577) repost(127931338)
sports(7421453) lorealparisth(2577) considered(5986)
sports(7421453) lorealparisth(2577) kl(1464247)
sports(7421453) lorealparisth(2577) lorealth(1690)
sports(7421453) lorealparisth(2577) oops(3316833)
sports(7421453) lorealparisth(2577) godbless(1517062)
sports(7421453) lorealparisth(2577) charlottelook(14225)
sports(7421453) lorealparisth(2577) lorealparis(151850)
sports(7421453) lorealparisth(2577) gettingit(201069)
sports(7421453) lorealparisth(2577) hairbyglam(372)
sports(7421453) lorealparisth(2577) bostonstrong(860423)
sports(7421453) lorealparisth(2577) supreme(4324024)
sports(7421453) lorealparisth(2577) cannes2015(146862)
sports(7421453) lorealparisth(2577) gucci(15397867)
sports(7421453) lorealparisth(2577) beautybreakthru(65)
sports(7421453) lorealparisth(2577) malaysia(9636900)
sports(7421453) lorealparisth(2577) freshfacefriday(12375)
sports(7421453) lorealparisth(2577) bridesmaids(1383316)
sports(7421453) lorealparisth(2577) yeswecannes(9933)
sports(7421453) lorealparisth(2577) lorealthailand(7264)
sports(7421453) lorealparisth(2577) nodaysoff(2678679)
sports(7421453) lorealparisth(2577) mituberos(1089)
sports(7421453) lorealparisth(2577) lorealparisthailand(6974)
sports(7421453) lorealparisth(2577) hairflip(290273)
sports(7421453) lorealparisth(2577) oahu(1567266)
sports(7421453) lorealparisth(2577) hairglam(12647)
sports(7421453) lorealparisth(2577) evamarie(77529)
sports(7421453) lorealparisth(2577) fridaynight(5937836)
sports(7421453) lorealparisth(2577) raydonovan(17315)
sports(7421453) lorealparisth(2577) letsgogetemb(56)
sports(7421453) lorealparisth(2577) otas(5542)
sports(7421453) lorealparisth(2577) doesabearshitinthewoods(2107)
sports(7421453) lorealparisth(2577) thelword(56761)
sports(7421453) lorealparisth(2577) mermaid(2296780)
sports(7421453) lorealparisth(2577) gotem(428660)
sports(7421453) lorealparisth(2577) iifarocks(1108)
sports(7421453) lorealparisth(2577) itsmycannes(2162)
sports(7421453) lorealparisth(2577) keeppounding(194884)
sports(7421453) lorealparisth(2577) photoby(74104)
sports(7421453) lorealparisth(2577) lorealparisofficial(1580)
sports(7421453) lorealparisth(2577) shiamak(8655)
sports(7421453) lorealparisth(2577) fenway(342792)
sports(7421453) lifethreatening(2167) ireneishungry(21)
sports(7421453) lifethreatening(2167) allredeverything(188552)
sports(7421453) lifethreatening(2167) hairglam(12647)
sports(7421453) lifethreatening(2167) ireneislondon(141)
sports(7421453) lifethreatening(2167) letsgogetemb(56)
sports(7421453) lifethreatening(2167) miami(22809065)
sports(7421453) lifethreatening(2167) wdywtgrid(14308)
sports(7421453) lifethreatening(2167) nationaldonutday(184757)
sports(7421453) lifethreatening(2167) repost(127931808)
sports(7421453) lifethreatening(2167) wdywt(3946072)
sports(7421453) lifethreatening(2167) nastytrucksnation(20002)
sports(7421453) lifethreatening(2167) hairflip(290274)
sports(7421453) lifethreatening(2167) epikhightour(3998)
sports(7421453) lifethreatening(2167) ootdfash(207946)
sports(7421453) lifethreatening(2167) epikhigh(151515)
sports(7421453) lifethreatening(2167) doseofcolors(63874)
sports(7421453) lifethreatening(2167) gtautoconcepts(2496)
sports(7421453) lifethreatening(2167) hairbyglam(372)
sports(7421453) lifethreatening(2167) ussagivesback(6)
sports(7421453) lifethreatening(2167) evamarie(77529)
sports(7421453) lifethreatening(2167) speciale(196884)
sports(7421453) lifethreatening(2167) oops(3316836)
sports(7421453) lifethreatening(2167) doseofheaven(77)
sports(7421453) lifethreatening(2167) noshorthair(757)
sports(7421453) lifethreatening(2167) gotem(428663)
sports(7421453) lifethreatening(2167) gettingit(201070)
sports(7421453) lifethreatening(2167) wwe(4054891)
sports(7421453) lifethreatening(2167) lookbookstore(35109)
sports(7421453) lifethreatening(2167) onmywayhomeproject(6107)
sports(7421453) lifethreatening(2167) florida(17859205)
sports(7421453) lifethreatening(2167) truckporn(561617)
sports(7421453) lifethreatening(2167) epikdallas(462)
sports(7421453) becausewecannes(13130) foster(590687)
sports(7421453) becausewecannes(13130) redhead(4861757)
sports(7421453) becausewecannes(13130) adoptdontshop(1839184)
sports(7421453) becausewecannes(13130) supplements(1275206)
sports(7421453) becausewecannes(13130) otas(5542)
sports(7421453) becausewecannes(13130) nevaforget(3608)
sports(7421453) becausewecannes(13130) worldwideshipping(338912)
sports(7421453) becausewecannes(13130) wififun(174125)
sports(7421453) becausewecannes(13130) streetart(12734452)
sports(7421453) becausewecannes(13130) dt(33483403)
sports(7421453) becausewecannes(13130) keeppounding(194884)
sports(7421453) becausewecannes(13130) parisnouvellevague(765)
sports(7421453) becausewecannes(13130) beyondbcaa(5733)
sports(7421453) becausewecannes(13130) rescue(2326498)
sports(7421453) becausewecannes(13130) streetartglobe(4150)
sports(7421453) becausewecannes(13130) essentials(466152)
sports(7421453) bostonstrong(860422) doseofcolors(63874)
sports(7421453) bostonstrong(860422) insidestuff(3763)
sports(7421453) bostonstrong(860422) abbodysquad(11959)
sports(7421453) bostonstrong(860422) salicerose(12437)
sports(7421453) bostonstrong(860422) onmywayhomeproject(6107)
sports(7421453) bostonstrong(860422) whatsmallstepwillyoutaketoday(3)
sports(7421453) bostonstrong(860422) morning(48018216)
sports(7421453) bostonstrong(860422) regram(16149607)
sports(7421453) bostonstrong(860422) parisnouvellevague(765)
sports(7421453) bostonstrong(860422) govballnyc(93765)
sports(7421453) bostonstrong(860422) 3doongieedits(49)
sports(7421453) bostonstrong(860422) dreamincolor(8393)
sports(7421453) bostonstrong(860422) zaaponsale(22551)
sports(7421453) bostonstrong(860422) drunkgirlsbeliiiiike(3)
sports(7421453) auroramakeup(328208) tattoo(42715714)
sports(7421453) auroramakeup(328208) nike(45051579)
sports(7421453) auroramakeup(328208) tattoos(20112260)
sports(7421453) auroramakeup(328208) pinkhairdontcare(181995)
sports(7421453) auroramakeup(328208) youtubers(2430623)
sports(7421453) auroramakeup(328208) wfla(7061)
sports(7421453) auroramakeup(328208) blackworkers(196908)
sports(7421453) auroramakeup(328208) hottie(6411654)
sports(7421453) auroramakeup(328208) blacktattoo(164087)
sports(7421453) auroramakeup(328208) latino(1475971)
sports(7421453) auroramakeup(328208) sweetheart(2135953)
sports(7421453) auroramakeup(328208) bestdateever(78398)
sports(7421453) auroramakeup(328208) digifestma(1231)
sports(7421453) auroramakeup(328208) dresses__up(1012)
sports(7421453) auroramakeup(328208) digifest2015(17091)
sports(7421453) auroramakeup(328208) digifestnyc(11921)
sports(7421453) auroramakeup(328208) worldcup(5724740)
sports(7421453) auroramakeup(328208) bigheart(155565)
sports(7421453) auroramakeup(328208) tothefore(1055)
sports(7421453) auroramakeup(328208) bw(10197563)
sports(7421453) auroramakeup(328208) viners(288474)
sports(7421453) auroramakeup(328208) wekfest(127998)
sports(7421453) auroramakeup(328208) digifest(37423)
sports(7421453) auroramakeup(328208) blackwork(330571)
sports(7421453) auroramakeup(328208) superstreet(673400)
sports(7421453) auroramakeup(328208) cabelosalon(83)
sports(7421453) auroramakeup(328208) 50shadesofk(7430)
sports(7421453) auroramakeup(328208) digifestsquadgoals(1)
sports(7421453) auroramakeup(328208) soccerdotcom(40538)
sports(7421453) auroramakeup(328208) aye30minnaturecontest(327)
sports(7421453) auroramakeup(328208) newyork(26125456)
sports(7421453) lorealparisthailand(6974) karmisforever(5468)
sports(7421453) lorealparisthailand(6974) bridesmaids(1383318)
sports(7421453) lorealparisthailand(6974) godbless(1517063)
sports(7421453) lorealparisthailand(6974) fenway(342792)
sports(7421453) lorealparisthailand(6974) lifethreatening(2167)
sports(7421453) lorealparisthailand(6974) thankyou(12994715)
sports(7421453) lorealparisthailand(6974) doseofcolors(63873)
sports(7421453) lorealparisthailand(6974) meltcosmetics(153859)
sports(7421453) lorealparisthailand(6974) mrsrothschild(85)
sports(7421453) lorealparisthailand(6974) repost(127931538)
sports(7421453) lorealparisthailand(6974) meltblitzed(2145)
sports(7421453) lorealparisthailand(6974) goals(8773661)
sports(7421453) lorealparisthailand(6974) bostonstrong(860423)
sports(7421453) lorealparisthailand(6974) sweet(59599213)
sports(7421453) lorealparisthailand(6974) carswithoutlimits(1979907)
sports(7421453) lorealparisthailand(6974) considered(5986)
sports(7421453) lorealparisthailand(6974) bestvacations(814046)
sports(7421453) lorealparisthailand(6974) thingsonstrings(564)
sports(7421453) lorealparisthailand(6974) turquoisehunt(99)
sports(7421453) lorealparisthailand(6974) cookbookrecipedevelopment(5)
sports(7421453) lorealparisthailand(6974) salty(547452)
sports(7421453) lorealparisthailand(6974) thirtyisthenewtwenty(5103)
sports(7421453) lorealparisthailand(6974) savelions(19085)
sports(7421453) lorealparisthailand(6974) donutcoma(1020)
sports(7421453) lorealparisthailand(6974) chewy(331336)
sports(7421453) lorealparisthailand(6974) fiji(896618)
sports(7421453) lorealparisthailand(6974) fijipro(5397)
sports(7421453) lorealparisthailand(6974) blessed(43658035)
sports(7421453) lorealparisthailand(6974) nationaldonutday(184756)
sports(7421453) lorealparisthailand(6974) doseofheaven(77)
sports(7421453) mrsrothschild(85) travel(45885183)
sports(7421453) mrsrothschild(85) summerinhatang(64)
sports(7421453) mrsrothschild(85) superwomaninaussie(120)
sports(7421453) mrsrothschild(85) ontheblog(508057)
sports(7421453) mrsrothschild(85) byhatang(290)
sports(7421453) mrsrothschild(85) setoftheday(4408)
sports(7421453) mrsrothschild(85) wwc(47362)
sports(7421453) mrsrothschild(85) inhatang(10)
sports(7421453) mrsrothschild(85) film07(318)
sports(7421453) mrsrothschild(85) liveoutdoors(27356)
sports(7421453) mrsrothschild(85) iisuperwomanii(65557)
sports(7421453) mrsrothschild(85) periscope(34541)
sports(7421453) mrsrothschild(85) proudsister(608867)
sports(7421453) mrsrothschild(85) at2ui(10328)
sports(7421453) mrsrothschild(85) summer(209574745)
sports(7421453) mrsrothschild(85) tugstugsbuddy(5)
sports(7421453) mrsrothschild(85) adventure(10266212)
sports(7421453) mrsrothschild(85) soccerdotcom(40538)
sports(7421453) lorealth(1690) whoneedscrystalswhenyougotlimes(4)
sports(7421453) lorealth(1690) karmisforever(5468)
sports(7421453) lorealth(1690) identitycrisis(41465)
sports(7421453) lorealth(1690) whatsmallstepwillyoutaketoday(3)
sports(7421453) lorealth(1690) carswithoutlimits(1979900)
sports(7421453) lorealth(1690) dipbrow(156875)
sports(7421453) lorealth(1690) benz(1629872)
sports(7421453) lorealth(1690) ferrari(4908471)
sports(7421453) lorealth(1690) anastasiabeverlyhills(2207066)
sports(7421453) lorealth(1690) abbodysquad(11958)
sports(7421453) lorealth(1690) rolls(683383)
sports(7421453) lorealth(1690) gucci(15397843)
sports(7421453) lorealth(1690) thankyou(12994700)
sports(7421453) lorealth(1690) royce(404825)
sports(7421453) lorealth(1690) freshfacefriday(12375)
sports(7421453) lorealth(1690) lamborghini(3022282)
sports(7421453) lorealth(1690) amazingcars247(1228865)
sports(7421453) lorealth(1690) turquoisehunt(99)
sports(7421453) lorealth(1690) raydonovan(17315)
sports(7421453) lorealth(1690) thelword(56761)
sports(7421453) lorealth(1690) contourkit(60565)
sports(7421453) lorealth(1690) galatasaray(3025979)
sports(7421453) lorealth(1690) dt(33483305)
sports(7421453) lorealth(1690) anastasiabrows(467672)
sports(7421453) lorealth(1690) mercedes(4224437)
sports(7421453) lorealth(1690) savelions(19085)
sports(7421453) dresses__up(1012) summer(209575670)
sports(7421453) dresses__up(1012) summerinhatang(64)
sports(7421453) dresses__up(1012) identitycrisis(41465)
sports(7421453) dresses__up(1012) byhatang(290)
sports(7421453) dresses__up(1012) sophiecarlson(13)
sports(7421453) dresses__up(1012) barber(2617358)
sports(7421453) dresses__up(1012) ootd(63043033)
sports(7421453) dresses__up(1012) inhatang(10)
sports(7421453) dresses__up(1012) aaselfie(92400)
sports(7421453) dresses__up(1012) momlife(1384420)
sports(7421453) dresses__up(1012) fiji(896620)
sports(7421453) dresses__up(1012) love(920894507)
sports(7421453) dresses__up(1012) liviadorigon(195)
sports(7421453) dresses__up(1012) imagefanmeeting2015(19)
sports(7421453) dresses__up(1012) raydonovan(17315)
sports(7421453) dresses__up(1012) mandalay(83712)
sports(7421453) dresses__up(1012) oneweekold(56182)
sports(7421453) dresses__up(1012) myanmar(551180)
sports(7421453) dresses__up(1012) thelword(56761)
sports(7421453) dresses__up(1012) salicerose(12437)
sports(7421453) dresses__up(1012) snowboarder(162604)
sports(7421453) dresses__up(1012) fijipro(5397)
sports(7421453) dresses__up(1012) snowboarding(2726236)
sports(7421453) dresses__up(1012) drunkgirlsbeliiiiike(3)
sports(7421453) houseoflashes(189564) murica(1254808)
sports(7421453) houseoflashes(189564) supplied(210122)
sports(7421453) houseoflashes(189564) suicidegirlsperiscope(41)
sports(7421453) houseoflashes(189564) jordansdaily(794909)
sports(7421453) houseoflashes(189564) fashionking(24939)
sports(7421453) houseoflashes(189564) jaggerjosephbraun(28)
sports(7421453) houseoflashes(189564) kickthedustup(4996)
sports(7421453) houseoflashes(189564) getsupplied(1835)
sports(7421453) houseoflashes(189564) momsareawesome(5220)
sports(7421453) lorealparismakeup(6213) thuglife(3764486)
sports(7421453) lorealparismakeup(6213) worldwideshipping(338912)
sports(7421453) lorealparismakeup(6213) finger(1188246)
sports(7421453) lorealparismakeup(6213) beyondbcaa(5733)
sports(7421453) lorealparismakeup(6213) fnc(135723)
sports(7421453) lorealparismakeup(6213) familyfeud(57379)
sports(7421453) lorealparismakeup(6213) cradle(39394)
sports(7421453) lorealparismakeup(6213) june21(44956)
sports(7421453) lorealparismakeup(6213) supplements(1275207)
sports(7421453) lorealparismakeup(6213) ootdfash(207945)
sports(7421453) lorealparismakeup(6213) love(920894274)
sports(7421453) lorealparismakeup(6213) baby(75819972)
sports(7421453) lorealparismakeup(6213) paitaiaowdarbnhaainca(108)
sports(7421453) abbodysquad(11958) commonwealth(87451)
sports(7421453) abbodysquad(11958) canada(13562131)
sports(7421453) abbodysquad(11958) instasize(104491401)
sports(7421453) abbodysquad(11958) warrenjc(87786)
sports(7421453) abbodysquad(11958) chinapr(141)
sports(7421453) abbodysquad(11958) bottle(1540808)
sports(7421453) abbodysquad(11958) penalty(114639)
sports(7421453) abbodysquad(11958) goodnight(39903712)
sports(7421453) abbodysquad(11958) history(6351748)
sports(7421453) abbodysquad(11958) 30sarenew20s(40)
sports(7421453) abbodysquad(11958) nyc(38404302)
sports(7421453) abbodysquad(11958) bethemotivation(1863)
sports(7421453) abbodysquad(11958) respect(7886583)
sports(7421453) abbodysquad(11958) summernightsnashville(18)
sports(7421453) abbodysquad(11958) ohcanada(177881)
sports(7421453) abbodysquad(11958) fifawwc(3608)
sports(7421453) abbodysquad(11958) jaggerjosephbraun(28)
sports(7421453) abbodysquad(11958) newyork(26125421)
sports(7421453) abbodysquad(11958) manoftheyear(84017)
sports(7421453) abbodysquad(11958) edmonton(801060)
sports(7421453) abbodysquad(11958) chrisbrown(2698754)
sports(7421453) abbodysquad(11958) newage(247606)
sports(7421453) abbodysquad(11958) jgaltusa(11163)
sports(7421453) abbodysquad(11958) gaybar(148782)
sports(7421453) abbodysquad(11958) christinesinclair(1868)
sports(7421453) blessed(43657790) dressby(3390)
sports(7421453) blessed(43657790) wwe(4054859)
sports(7421453) blessed(43657790) itsmycannes(2162)
sports(7421453) blessed(43657790) huracan(215633)
sports(7421453) blessed(43657790) cncsf(546)
sports(7421453) blessed(43657790) hairglam(12647)
sports(7421453) blessed(43657790) letsgogetemb(56)
sports(7421453) blessed(43657790) lorealparisth(2577)
sports(7421453) blessed(43657790) repost(127930509)
sports(7421453) blessed(43657790) teamstarrr(91)
sports(7421453) blessed(43657790) 7daysontheroad(751)
sports(7421453) blessed(43657790) becausewecannes(13130)
sports(7421453) blessed(43657790) gucci(15397780)
sports(7421453) blessed(43657790) lorealthailand(7264)
sports(7421453) blessed(43657790) lorealparisthailand(6974)
sports(7421453) blessed(43657790) lorealth(1690)
sports(7421453) blessed(43657790) nastytrucksnation(20002)
sports(7421453) blessed(43657790) lorealparismakeup(6213)
sports(7421453) blessed(43657790) 458(485170)
sports(7421453) blessed(43657790) lorealparis(151850)
sports(7421453) blessed(43657790) yeswecannes(9933)
sports(7421453) blessed(43657790) lamborghini(3022271)
sports(7421453) blessed(43657790) yaz(1387743)
sports(7421453) blessed(43657790) gettingit(201069)
sports(7421453) blessed(43657790) hairbyglam(372)
sports(7421453) blessed(43657790) gonnabeagreatyear(7033)
sports(7421453) blessed(43657790) xgames(323985)
sports(7421453) blessed(43657790) freshfacefriday(12375)
sports(7421453) blessed(43657790) speciale(196883)
sports(7421453) blessed(43657790) killercolors(621)
sports(7421453) blessed(43657790) truckporn(561614)
sports(7421453) blessed(43657790) piiiiiiiick(3)
sports(7421453) blessed(43657790) hairflip(290273)
sports(7421453) blessed(43657790) sport(14591546)
sports(7421453) blessed(43657790) dope(17047469)
sports(7421453) blessed(43657790) evamarie(77529)
sports(7421453) blessed(43657790) ferrari(4908455)
sports(7421453) blessed(43657790) gotem(428657)
sports(7421453) blessed(43657790) noshorthair(757)
sports(7421453) blessed(43657790) losangeles(10910845)
sports(7421453) blessed(43657790) allredeverything(188550)
sports(7421453) blessed(43657790) cannes2015(146862)
sports(7421453) blessed(43657790) patrickstarrr(43356)
sports(7421453) blessed(43657790) tourwithyomama(1)
sports(7421453) blessed(43657790) aventador(969456)
sports(7421453) blessed(43657790) goals(8773626)
sports(7421453) blessed(43657790) blacklist(1389451)
sports(7421453) blessed(43657790) la(29886668)
sports(7421453) blessed(43657790) nevaforget(3608)
sports(7421453) blessed(43657790) photoby(74104)
sports(7421453) blessed(43657790) tugstugsbuddy(5)
sports(7421453) blessed(43657790) lorealparisofficial(1580)
sports(7421453) blessed(43657790) iknowwhereyouwillbethissummer(1)
sports(7421453) blessed(43657790) oops(3316828)
sports(7421453) blessed(43657790) handlelife(92590)
sports(7421453) committomore(413) raffaelmachado(1697)
sports(7421453) committomore(413) ootd(63043310)
sports(7421453) committomore(413) bw(10197561)
sports(7421453) committomore(413) chrisbrown(2698756)
sports(7421453) committomore(413) blackworkers(196908)
sports(7421453) committomore(413) blacktattoo(164087)
sports(7421453) committomore(413) dodgers(1939575)
sports(7421453) committomore(413) tattoo(42715687)
sports(7421453) committomore(413) wirunphotography(121)
sports(7421453) committomore(413) birthdayfashion(337)
sports(7421453) committomore(413) morning(48018398)
sports(7421453) committomore(413) weloveit(343382)
sports(7421453) committomore(413) blackwork(330571)
sports(7421453) committomore(413) 7daysontheroad(752)
sports(7421453) committomore(413) raffaelmachadonodomingoespetacular(6)
sports(7421453) yeswecannes(9933) truckporn(561616)
sports(7421453) yeswecannes(9933) randwick(24432)
sports(7421453) yeswecannes(9933) charlieboy(34296)
sports(7421453) yeswecannes(9933) seeyousoonitaly(220)
sports(7421453) yeswecannes(9933) loveyou(36699744)
sports(7421453) yeswecannes(9933) benefit(1259897)
sports(7421453) yeswecannes(9933) nastytrucksnation(20002)
sports(7421453) yeswecannes(9933) beyondbcaa(5733)
sports(7421453) yeswecannes(9933) london(36590537)
sports(7421453) yeswecannes(9933) killercolors(621)
sports(7421453) yeswecannes(9933) salicerose(12436)
sports(7421453) yeswecannes(9933) cousins(17429795)
sports(7421453) yeswecannes(9933) bowtie(1693631)
sports(7421453) yeswecannes(9933) celesteisthebest(233)
sports(7421453) yeswecannes(9933) xgames(324136)
sports(7421453) yeswecannes(9933) races(729000)
sports(7421453) yeswecannes(9933) maisgabriel(6)
sports(7421453) yeswecannes(9933) supplements(1275206)
sports(7421453) yeswecannes(9933) worldwideshipping(338912)
sports(7421453) yeswecannes(9933) maisnala(1)
sports(7421453) yeswecannes(9933) feelinggrateful(46118)
sports(7421453) yeswecannes(9933) nationaldonutday(184756)
sports(7421453) yeswecannes(9933) drunkgirlsbeliiiiike(3)
sports(7421453) lorealthailand(7264) fiji(896613)
sports(7421453) lorealthailand(7264) maisgabriel(6)
sports(7421453) lorealthailand(7264) ootd(63042651)
sports(7421453) lorealthailand(7264) paitaiaowdarbnhaainca(108)
sports(7421453) lorealthailand(7264) namasteseries(286)
sports(7421453) lorealthailand(7264) bestvacations(814044)
sports(7421453) lorealthailand(7264) identitycrisis(41465)
sports(7421453) lorealthailand(7264) fijipro(5396)
sports(7421453) lorealthailand(7264) aaselfie(92399)
sports(7421453) lorealthailand(7264) raydonovan(17315)
sports(7421453) lorealthailand(7264) parisnouvellevague(765)
sports(7421453) lorealthailand(7264) maisnala(1)
sports(7421453) lorealthailand(7264) proudsister(608867)
sports(7421453) lorealthailand(7264) committomore(413)
sports(7421453) lorealthailand(7264) turquoisehunt(99)
sports(7421453) lorealthailand(7264) thelword(56761)
sports(7421453) considered(5986) streetartglobe(4150)
sports(7421453) considered(5986) nbafinals(586999)
sports(7421453) considered(5986) whoneedscrystalswhenyougotlimes(4)
sports(7421453) considered(5986) streetart(12734470)
sports(7421453) considered(5986) wheresmydonut(663)
sports(7421453) considered(5986) namasteseries(286)
sports(7421453) considered(5986) cousins(17429814)
sports(7421453) considered(5986) seewhatididthere(229945)
sports(7421453) considered(5986) somebodygetmeadonut(13)
sports(7421453) considered(5986) nationaldonutday(184757)
sports(7421453) considered(5986) committomore(413)
sports(7421453) liviadorigon(195) gun(2393431)
sports(7421453) liviadorigon(195) shooting(4329094)
sports(7421453) liviadorigon(195) dildhadaknedo(12801)
sports(7421453) liviadorigon(195) weapons(297717)
sports(7421453) liviadorigon(195) jurassicworld(122953)
sports(7421453) liviadorigon(195) iifa2015(4188)
sports(7421453) liviadorigon(195) luxwt(113099)
sports(7421453) liviadorigon(195) defendthe2nd(14237)
sports(7421453) liviadorigon(195) progun(53840)
sports(7421453) liviadorigon(195) cats(24938584)
sports(7421453) liviadorigon(195) malaysia(9637020)
sports(7421453) liviadorigon(195) banginandbitsy(2)
sports(7421453) liviadorigon(195) shareacoke(658480)
sports(7421453) liviadorigon(195) aye30minnaturecontest(328)
sports(7421453) liviadorigon(195) antiguncontrol(11776)
sports(7421453) liviadorigon(195) premier(508154)
sports(7421453) liviadorigon(195) cat(61372381)
sports(7421453) liviadorigon(195) daddydaughtertime(217841)
sports(7421453) liviadorigon(195) guns(2204941)
sports(7421453) liviadorigon(195) anniestyle(419)
sports(7421453) liviadorigon(195) day2(4844476)
sports(7421453) liviadorigon(195) valentino(7169602)
sports(7421453) liviadorigon(195) dreamy(683628)
sports(7421453) liviadorigon(195) tothefore(1055)
sports(7421453) liviadorigon(195) mybena(5033)
sports(7421453) liviadorigon(195) catsofinstagram(17777558)
sports(7421453) liviadorigon(195) loveunconditional(10624)
sports(7421453) liviadorigon(195) firearms(178112)
sports(7421453) liviadorigon(195) defendthesecond(83549)
sports(7421453) liviadorigon(195) secondamendment(173042)
sports(7421453) liviadorigon(195) luxuryworldtraveler(121460)
sports(7421453) liviadorigon(195) freshtops(88362)
sports(7421453) liviadorigon(195) nra(283205)
sports(7421453) liviadorigon(195) weaponsreloaded(27775)
sports(7421453) liviadorigon(195) kl(1464259)
sports(7421453) liviadorigon(195) gunporn(536691)
sports(7421453) liviadorigon(195) goenkajewellers(3)
sports(7421453) liviadorigon(195) benabrooklynguy(11115)
sports(7421453) liviadorigon(195) righttobeararms(84339)
sports(7421453) liviadorigon(195) fairytale(1042369)
sports(7421453) liviadorigon(195) kickthedustup(4996)
sports(7421453) liviadorigon(195) regram(16149634)
sports(7421453) liviadorigon(195) love(920897003)
sports(7421453) namasteseries(286) streetartglobe(4150)
sports(7421453) namasteseries(286) nationals(926577)
sports(7421453) namasteseries(286) speciale(196884)
sports(7421453) namasteseries(286) dresses__up(1012)
sports(7421453) namasteseries(286) streetart(12734513)
sports(7421453) namasteseries(286) ufcnola(2637)
sports(7421453) namasteseries(286) disneyland60(74276)
sports(7421453) namasteseries(286) teamfitt(45531)
sports(7421453) namasteseries(286) spon(34286)
sports(7421453) namasteseries(286) americanpharaoh(4972)
sports(7421453) namasteseries(286) untamed(62954)
sports(7421453) namasteseries(286) dreamfoundation(825)
sports(7421453) namasteseries(286) risegymgear(2517)
sports(7421453) namasteseries(286) bacarditour(1774)
sports(7421453) namasteseries(286) kickthedustup(4996)
sports(7421453) namasteseries(286) vintique(381776)
sports(7421453) dektay(4314) drunkgirlsbeliiiiike(3)
sports(7421453) dektay(4314) epikhightour(3998)
sports(7421453) dektay(4314) salicerose(12437)
sports(7421453) dektay(4314) bridesmaids(1383319)
sports(7421453) dektay(4314) dresses__up(1012)
sports(7421453) dektay(4314) adventure(10266305)
sports(7421453) dektay(4314) regram(16149604)
sports(7421453) dektay(4314) goals(8773667)
sports(7421453) dektay(4314) identitycrisis(41465)
sports(7421453) dektay(4314) stefanobozzetti(13)
sports(7421453) dektay(4314) liveoutdoors(27359)
sports(7421453) dektay(4314) epikdallas(462)
sports(7421453) dektay(4314) epikhigh(151515)
sports(7421453) dektay(4314) doseofcolors(63874)
sports(7421453) dektay(4314) travel(45885565)
sports(7421453) dektay(4314) thelword(56761)
sports(7421453) dektay(4314) xgames(324145)
sports(7421453) dektay(4314) dreamincolor(8393)
sports(7421453) dektay(4314) raydonovan(17315)
sports(7421453) keepitwild(265943) gomariners(85301)
sports(7421453) keepitwild(265943) amo(21523515)
sports(7421453) keepitwild(265943) thebestmaidofhonorparty(543)
sports(7421453) keepitwild(265943) govball(45349)
sports(7421453) keepitwild(265943) 7daysontheroad(754)
sports(7421453) keepitwild(265943) dresses__up(1012)
sports(7421453) keepitwild(265943) repost(127932915)
sports(7421453) keepitwild(265943) chicago(16738439)
sports(7421453) keepitwild(265943) werewolf(460132)
sports(7421453) keepitwild(265943) dreamfoundation(825)
sports(7421453) keepitwild(265943) weout(399667)
sports(7421453) keepitwild(265943) bossmode(59826)
sports(7421453) keepitwild(265943) tothefore(1055)
sports(7421453) keepitwild(265943) thesocialexperiment(3002)
sports(7421453) keepitwild(265943) bifetodasemana(32)
sports(7421453) keepitwild(265943) skyspacela(172)
sports(7421453) keepitwild(265943) nationals(926579)
sports(7421453) keepitwild(265943) guyschoice(2065)
sports(7421453) fenway(342792) toobadiloveit(91)
sports(7421453) fenway(342792) hehatespink(131)
sports(7421453) fenway(342792) film07(318)
sports(7421453) fenway(342792) americanstyle(136573)
sports(7421453) fenway(342792) asiyasafiya(157)
sports(7421453) fenway(342792) flavorgod(105729)
sports(7421453) fenway(342792) happyfriday(4367762)
sports(7421453) fenway(342792) terminatorgenisys(8302)
sports(7421453) fenway(342792) renearthwedding(76)
sports(7421453) itsmycannes(2162) otas(5542)
sports(7421453) itsmycannes(2162) juvefcb(25972)
sports(7421453) itsmycannes(2162) uclfinal(106256)
sports(7421453) itsmycannes(2162) dr3am(42983)
sports(7421453) itsmycannes(2162) modifiedsociety(116351)
sports(7421453) itsmycannes(2162) sport(14591609)
sports(7421453) itsmycannes(2162) keeppounding(194884)
sports(7421453) itsmycannes(2162) tourwithyomama(1)
sports(7421453) itsmycannes(2162) doseofheaven(77)
sports(7421453) itsmycannes(2162) iknowwhereyouwillbethissummer(1)
sports(7421453) itsmycannes(2162) renearthwedding(76)
sports(7421453) itsmycannes(2162) nationaldonutday(184756)
sports(7421453) itsmycannes(2162) doseofcolors(63873)
sports(7421453) itsmycannes(2162) dope(17047516)
sports(7421453) itsmycannes(2162) matchday(393286)
sports(7421453) lorealparis(151849) whoneedscrystalswhenyougotlimes(4)
sports(7421453) lorealparis(151849) allredeverything(188552)
sports(7421453) lorealparis(151849) oops(3316834)
sports(7421453) lorealparis(151849) hairglam(12647)
sports(7421453) lorealparis(151849) letsgogetemb(56)
sports(7421453) lorealparis(151849) dipbrow(156875)
sports(7421453) lorealparis(151849) wwe(4054886)
sports(7421453) lorealparis(151849) gotem(428662)
sports(7421453) lorealparis(151849) anastasiabrows(467674)
sports(7421453) lorealparis(151849) gettingit(201069)
sports(7421453) lorealparis(151849) hairbyglam(372)
sports(7421453) lorealparis(151849) beautybreakthru(65)
sports(7421453) lorealparis(151849) contourkit(60565)
sports(7421453) lorealparis(151849) keepitwild(265944)
sports(7421453) lorealparis(151849) hairflip(290273)
sports(7421453) lorealparis(151849) evamarie(77529)
sports(7421453) lorealparis(151849) noshorthair(757)
sports(7421453) lorealparis(151849) anastasiabeverlyhills(2207078)
sports(7421453) lorealparis(151849) sport(14591625)
sports(7421453) lorealparis(151849) repost(127931616)
sports(7421453) lorealparis(151849) 4runner(224611)
sports(7421453) lorealparis(151849) lookbookstore(35109)
sports(7421453) lorealparis(151849) galatasaray(3025982)
sports(7421453) cannes2015(146862) inhatang(10)
sports(7421453) cannes2015(146862) summerinhatang(64)
sports(7421453) cannes2015(146862) identitycrisis(41465)
sports(7421453) cannes2015(146862) ontheblog(508057)
sports(7421453) cannes2015(146862) truckporn(561616)
sports(7421453) cannes2015(146862) halorecap(641)
sports(7421453) cannes2015(146862) byhatang(290)
sports(7421453) cannes2015(146862) sophiecarlson(13)
sports(7421453) cannes2015(146862) keepitwild(265943)
sports(7421453) cannes2015(146862) wheresmydonut(663)
sports(7421453) cannes2015(146862) nastytrucksnation(20002)
sports(7421453) cannes2015(146862) 4runner(224610)
sports(7421453) cannes2015(146862) abbodysquad(11958)
sports(7421453) cannes2015(146862) angels(1759026)
sports(7421453) cannes2015(146862) bestvacations(814046)
sports(7421453) cannes2015(146862) seewhatididthere(229945)
sports(7421453) cannes2015(146862) raydonovan(17315)
sports(7421453) cannes2015(146862) somebodygetmeadonut(13)
sports(7421453) cannes2015(146862) thelword(56761)
sports(7421453) cannes2015(146862) whatsmallstepwillyoutaketoday(3)
sports(7421453) cannes2015(146862) flavorgod(105728)
sports(7421453) cannes2015(146862) newyorkbound(36507)
sports(7421453) cannes2015(146862) summer(209575059)
sports(7421453) cannes2015(146862) oneweekold(56181)
sports(7421453) cannes2015(146862) wildheart(95308)
sports(7421453) cannes2015(146862) yankees(1493055)
sports(7421453) cannes2015(146862) handlelife(92590)
sports(7421453) iconiclashes(4927) murica(1254808)
sports(7421453) iconiclashes(4927) amo(21523507)
sports(7421453) iconiclashes(4927) anastasiabeverlyhills(2207095)
sports(7421453) iconiclashes(4927) kl(1464258)
sports(7421453) iconiclashes(4927) spiketvawards(53)
sports(7421453) iconiclashes(4927) pinkhairdontcare(181995)
sports(7421453) iconiclashes(4927) liquidlips(26273)
sports(7421453) iconiclashes(4927) iifa2015(4188)
sports(7421453) iconiclashes(4927) digifest(37421)
sports(7421453) iconiclashes(4927) digifestma(1231)
sports(7421453) iconiclashes(4927) goenkajewellers(3)
sports(7421453) iconiclashes(4927) dildhadaknedo(12801)
sports(7421453) iconiclashes(4927) youtubers(2430622)
sports(7421453) iconiclashes(4927) premier(508154)
sports(7421453) iconiclashes(4927) malaysia(9637015)
sports(7421453) iconiclashes(4927) day2(4844476)
sports(7421453) iconiclashes(4927) ufcnola(2638)
sports(7421453) iconiclashes(4927) dreamy(683628)
sports(7421453) iconiclashes(4927) digifest2015(17090)
sports(7421453) iconiclashes(4927) xgames(324192)
sports(7421453) iconiclashes(4927) bifetodasemana(32)
sports(7421453) iconiclashes(4927) newyork(26125449)
sports(7421453) iconiclashes(4927) thebestmaidofhonorparty(541)
sports(7421453) iconiclashes(4927) kennychesney(273953)
sports(7421453) iconiclashes(4927) otas(5542)
sports(7421453) iconiclashes(4927) soldierfield(78125)
sports(7421453) iconiclashes(4927) cabelosalon(83)
sports(7421453) iconiclashes(4927) viners(288474)
sports(7421453) iconiclashes(4927) digifestsquadgoals(1)
sports(7421453) iconiclashes(4927) digifestnyc(11921)
sports(7421453) iconiclashes(4927) fairytale(1042369)
sports(7421453) iconiclashes(4927) repost(127932606)
sports(7421453) iconiclashes(4927) nofilter(126729417)
sports(7421453) iconiclashes(4927) regram(16149634)
sports(7421453) dektaysummercollection2015(438) seeyousoonitaly(220)
sports(7421453) dektaysummercollection2015(438) bridesmaids(1383320)
sports(7421453) dektaysummercollection2015(438) namasteseries(286)
sports(7421453) dektaysummercollection2015(438) imagefanmeeting2015(19)
sports(7421453) dektaysummercollection2015(438) feelinggrateful(46118)
sports(7421453) dektaysummercollection2015(438) doseofheaven(77)
sports(7421453) dektaysummercollection2015(438) nationaldonutday(184757)
sports(7421453) dektaysummercollection2015(438) doseofcolors(63874)
sports(7421453) dektaysummercollection2015(438) loveyou(36699759)
sports(7421453) dektaysummercollection2015(438) committomore(413)
sports(7421453) whatsmallstepwillyoutaketoday(3) murica(1254808)
sports(7421453) whatsmallstepwillyoutaketoday(3) puravidabracelets(68940)
sports(7421453) whatsmallstepwillyoutaketoday(3) dogsofinstagram(21539396)
sports(7421453) whatsmallstepwillyoutaketoday(3) livefree(524047)
sports(7421453) whatsmallstepwillyoutaketoday(3) dogs(16256476)
sports(7421453) whatsmallstepwillyoutaketoday(3) wfla(7061)
sports(7421453) whatsmallstepwillyoutaketoday(3) wekfest(127998)
sports(7421453) whatsmallstepwillyoutaketoday(3) wirunphotography(121)
sports(7421453) whatsmallstepwillyoutaketoday(3) dog(69438301)
sports(7421453) whatsmallstepwillyoutaketoday(3) anastasiabeverlyhills(2207088)
sports(7421453) whatsmallstepwillyoutaketoday(3) superstreet(673401)
sports(7421453) whatsmallstepwillyoutaketoday(3) liquidlips(26273)
sports(7421453) whatsmallstepwillyoutaketoday(3) brandyusa(80175)
sports(7421453) sport(14591541) dressyourfacelive(14823)
sports(7421453) sport(14591541) wwe(4054911)
sports(7421453) sport(14591541) dwpickoftheday(10995)
sports(7421453) sport(14591541) brandyusa(80175)
sports(7421453) sport(14591541) digifestma(1231)
sports(7421453) sport(14591541) danielwellington(362947)
sports(7421453) sport(14591541) digifest2015(17091)
sports(7421453) sport(14591541) daddydaughtertime(217841)
sports(7421453) sport(14591541) anniestyle(419)
sports(7421453) sport(14591541) wweslc(468)
sports(7421453) sport(14591541) freshprince(376902)
sports(7421453) sport(14591541) summernightsnashville(18)
sports(7421453) sport(14591541) capitalo(275)
sports(7421453) sport(14591541) meowout(493)
sports(7421453) sport(14591541) celticwarrior(8137)
sports(7421453) sport(14591541) suicidegirlsperiscope(41)
sports(7421453) sport(14591541) loveunconditional(10624)
sports(7421453) sport(14591541) viners(288474)
sports(7421453) sport(14591541) digifest(37423)
sports(7421453) sport(14591541) funniest15seconds(60843)
sports(7421453) sport(14591541) otas(5542)
sports(7421453) sport(14591541) youtubers(2430627)
sports(7421453) sport(14591541) digifestsquadgoals(1)
sports(7421453) sport(14591541) americanpharaoh(4972)
sports(7421453) sport(14591541) digifestnyc(11921)
sports(7421453) sport(14591541) newyork(26125462)
sports(7421453) photoby(74104) lamborghini(3022284)
sports(7421453) photoby(74104) amazingcars247(1228867)
sports(7421453) photoby(74104) wdywt(3946070)
sports(7421453) photoby(74104) yassss(334200)
sports(7421453) photoby(74104) truckporn(561616)
sports(7421453) photoby(74104) wdywtgrid(14308)
sports(7421453) photoby(74104) rolls(683384)
sports(7421453) photoby(74104) chardlife(102)
sports(7421453) photoby(74104) stunning(6202955)
sports(7421453) photoby(74104) setoftheday(4408)
sports(7421453) photoby(74104) repost(127931265)
sports(7421453) photoby(74104) benz(1629872)
sports(7421453) photoby(74104) brix(29817)
sports(7421453) photoby(74104) nastytrucksnation(20002)
sports(7421453) photoby(74104) mercedes(4224439)
sports(7421453) photoby(74104) terminatorgenisys(8302)
sports(7421453) photoby(74104) selfish(659390)
sports(7421453) photoby(74104) ferrari(4908473)
sports(7421453) photoby(74104) nationaldonutday(184755)
sports(7421453) photoby(74104) sweet(59599157)
sports(7421453) photoby(74104) royce(404825)
sports(7421453) photoby(74104) asiyasafiya(157)
sports(7421453) photoby(74104) cookbookrecipedevelopment(5)
sports(7421453) photoby(74104) salty(547452)
sports(7421453) photoby(74104) chewy(331336)
sports(7421453) photoby(74104) periscope(34543)
sports(7421453) photoby(74104) jgaltusa(11163)
sports(7421453) bridesmaids(1383300) summer(209574713)
sports(7421453) bridesmaids(1383300) repost(127930629)
sports(7421453) bridesmaids(1383300) inhatang(10)
sports(7421453) bridesmaids(1383300) paitaiaowdarbnhaainca(108)
sports(7421453) bridesmaids(1383300) byhatang(290)
sports(7421453) bridesmaids(1383300) onmywayhomeproject(6107)
sports(7421453) bridesmaids(1383300) superwomaninaussie(120)
sports(7421453) bridesmaids(1383300) brix(29817)
sports(7421453) bridesmaids(1383300) summerinhatang(64)
sports(7421453) bridesmaids(1383300) iisuperwomanii(65557)
sports(7421453) bridesmaids(1383300) jgaltusa(11163)
sports(7421453) bridesmaids(1383300) govballnyc(93688)
sports(7421453) bridesmaids(1383300) regram(16149576)
sports(7421453) bridesmaids(1383300) at2ui(10328)
sports(7421453) lorealparisofficial(1580) finger(1188246)
sports(7421453) lorealparisofficial(1580) summerinhatang(64)
sports(7421453) lorealparisofficial(1580) summer(209574857)
sports(7421453) lorealparisofficial(1580) byhatang(290)
sports(7421453) lorealparisofficial(1580) garotavipsalvador(2624)
sports(7421453) lorealparisofficial(1580) chardlife(102)
sports(7421453) lorealparisofficial(1580) garotavip(51589)
sports(7421453) lorealparisofficial(1580) battleready(21052)
sports(7421453) lorealparisofficial(1580) inhatang(10)
sports(7421453) lorealparisofficial(1580) nationaldonutday(184754)
sports(7421453) lorealparisofficial(1580) thuglife(3764470)
sports(7421453) lorealparisofficial(1580) stunning(6202943)
sports(7421453) lorealparisofficial(1580) cradle(39393)
sports(7421453) lorealparisofficial(1580) xgames2015(4474)
sports(7421453) lorealparisofficial(1580) 27(1392585)
sports(7421453) lorealparisofficial(1580) thirtyisthenewtwenty(5103)
sports(7421453) lorealparisofficial(1580) selfish(659389)
sports(7421453) lorealparisofficial(1580) baby(75819814)
sports(7421453) lorealparisofficial(1580) yassss(334199)
sports(7421453) lorealparisofficial(1580) classicpic(20974)
sports(7421453) lorealparisofficial(1580) love(920892318)
sports(7421453) godbless(1517055) garotavip(51591)
sports(7421453) godbless(1517055) familyfeud(57379)
sports(7421453) godbless(1517055) hairglam(12647)
sports(7421453) godbless(1517055) letsgogetemb(56)
sports(7421453) godbless(1517055) oops(3316838)
sports(7421453) godbless(1517055) shredz(948570)
sports(7421453) godbless(1517055) repost(127931892)
sports(7421453) godbless(1517055) chardlife(102)
sports(7421453) godbless(1517055) selfish(659391)
sports(7421453) godbless(1517055) celfie(1040056)
sports(7421453) godbless(1517055) stunning(6202966)
sports(7421453) godbless(1517055) hairflip(290274)
sports(7421453) godbless(1517055) june21(44956)
sports(7421453) godbless(1517055) blessed(43658099)
sports(7421453) godbless(1517055) garotavipsalvador(2626)
sports(7421453) godbless(1517055) committomore(413)
sports(7421453) godbless(1517055) killercolors(621)
sports(7421453) godbless(1517055) americanstyle(136573)
sports(7421453) godbless(1517055) hairbyglam(372)
sports(7421453) godbless(1517055) namasteseries(286)
sports(7421453) godbless(1517055) yassss(334202)
sports(7421453) godbless(1517055) dektay(4314)
sports(7421453) godbless(1517055) evamarie(77529)
sports(7421453) godbless(1517055) noshorthair(757)
sports(7421453) godbless(1517055) gotem(428663)
sports(7421453) godbless(1517055) joannaaoran(1020)
sports(7421453) godbless(1517055) gettingit(201070)
sports(7421453) godbless(1517055) dektaysummercollection2015(438)
sports(7421453) godbless(1517055) nevaforget(3608)
sports(7421453) godbless(1517055) allredeverything(188553)
sports(7421453) godbless(1517055) lifeisgood(3774859)
sports(7421453) godbless(1517055) wwe(4054892)
sports(7421453) repost(127930457) weloveit(343381)
sports(7421453) repost(127930457) dodgers(1939572)
sports(7421453) repost(127930457) repost(127932168)
sports(7421453) repost(127930457) alumni(740731)
sports(7421453) repost(127930457) isaacng(1054)
sports(7421453) repost(127930457) postmyfashionkid(565296)
sports(7421453) repost(127930457) philly(4437897)
sports(7421453) repost(127930457) followme(328097782)
sports(7421453) repost(127930457) fashionkids(1836850)
sports(7421453) repost(127930457) neymar(2275067)
sports(7421453) repost(127930457) littlefootboutique(2314)
sports(7421453) repost(127930457) bossmode(59826)
sports(7421453) repost(127930457) eatwhatyoukill(6615)
sports(7421453) repost(127930457) killwhatyoueat(916)
sports(7421453) repost(127930457) babybubz(1232)
sports(7421453) repost(127930457) skyspacela(172)
sports(7421453) repost(127930457) capenidhra(1966)
sports(7421453) repost(127930457) bamboobar(11104)
sports(7421453) repost(127930457) planb(430357)
sports(7421453) repost(127930457) sailormoon(1205666)
sports(7421453) repost(127930457) ucl(730309)
sports(7421453) repost(127930457) othongthai(450)
sports(7421453) pixieluxelashes(1312) bl(617113)
sports(7421453) pixieluxelashes(1312) raffaelmachado(1697)
sports(7421453) pixieluxelashes(1312) momjeans(55816)
sports(7421453) pixieluxelashes(1312) bestdateever(78398)
sports(7421453) pixieluxelashes(1312) latino(1475971)
sports(7421453) pixieluxelashes(1312) sweetheart(2135953)
sports(7421453) pixieluxelashes(1312) raffaelmachadonodomingoespetacular(6)
sports(7421453) pixieluxelashes(1312) tattoos(20112248)
sports(7421453) pixieluxelashes(1312) nofilter(126729396)
sports(7421453) pixieluxelashes(1312) baifernfamkannaja(39)
sports(7421453) pixieluxelashes(1312) bigheart(155564)
sports(7421453) pixieluxelashes(1312) shareacoke(658480)
sports(7421453) pixieluxelashes(1312) tothefore(1055)
sports(7421453) pixieluxelashes(1312) hottie(6411652)
sports(7421453) pixieluxelashes(1312) tashasmith(2444)
sports(7421453) pixieluxelashes(1312) speciale(196884)
