ieee(24498) eatyourbeansman(4) _abu_habib(399)
ieee(24498) eatyourbeansman(4) lookbookstore(35110)
ieee(24498) eatyourbeansman(4) repost(127949777)
ieee(24498) eatyourbeansman(4) lornajane(385382)
ieee(24498) eatyourbeansman(4) fitgirls(2926383)
ieee(24498) eatyourbeansman(4) activeliving(254497)
ieee(24498) eatyourbeansman(4) girlswithglasses(311212)
ieee(24498) eatyourbeansman(4) nerd(6319350)
ieee(24498) eatyourbeansman(4) labayadere(7143)
ieee(24498) eatyourbeansman(4) bl(617213)
ieee(24498) eatyourbeansman(4) llamaycierra(462)
ieee(24498) eatyourbeansman(4) werewolf(460152)
ieee(24498) eatyourbeansman(4) green(41964448)
ieee(24498) eatyourbeansman(4) movenourishbelieve(353440)
ieee(24498) eatyourbeansman(4) xgames(324849)
ieee(24498) brooklynguy(5214) boho(3046001)
ieee(24498) brooklynguy(5214) godsister(108320)
ieee(24498) brooklynguy(5214) shopentourageclothing(3678)
ieee(24498) brooklynguy(5214) lornajane(385382)
ieee(24498) brooklynguy(5214) vest(1190832)
ieee(24498) brooklynguy(5214) promseason(77563)
ieee(24498) brooklynguy(5214) 10010314(1)
ieee(24498) brooklynguy(5214) winneandkleo(1)
ieee(24498) brooklynguy(5214) yg(1982600)
ieee(24498) brooklynguy(5214) shop(15550381)
ieee(24498) brooklynguy(5214) asiyasafiya(157)
ieee(24498) brooklynguy(5214) activeliving(254494)
ieee(24498) brooklynguy(5214) freeshipping(892927)
ieee(24498) brooklynguy(5214) dresses__up(1014)
ieee(24498) brooklynguy(5214) movenourishbelieve(353437)
ieee(24498) brooklynguy(5214) werewolf(460152)
ieee(24498) brooklynguy(5214) zaynusak(6401)
ieee(24498) brooklynguy(5214) summerstyle(383742)
ieee(24498) film07(322) earthpix(314347)
ieee(24498) film07(322) 412(247330)
ieee(24498) film07(322) dogsofinstagram(21540970)
ieee(24498) film07(322) dog(69441984)
ieee(24498) film07(322) copordrop(27732)
ieee(24498) film07(322) werewolf(460151)
ieee(24498) film07(322) capenidhra(1966)
ieee(24498) benabrooklynguy(11116) watches(1968828)
ieee(24498) benabrooklynguy(11116) paitaiaowdarbnhaainca(116)
ieee(24498) benabrooklynguy(11116) watchmaking(39443)
ieee(24498) benabrooklynguy(11116) stancenation(2166746)
ieee(24498) benabrooklynguy(11116) hublot(745296)
ieee(24498) benabrooklynguy(11116) watchoftheday(373299)
ieee(24498) benabrooklynguy(11116) ufcnola(2728)
ieee(24498) mom(17037897) family(132945820)
ieee(24498) mom(17037897) nationaldonutday(184813)
ieee(24498) mom(17037897) beach(82494479)
ieee(24498) mom(17037897) bbgmums(28889)
ieee(24498) mom(17037897) repost(127949690)
ieee(24498) mom(17037897) kaylaitsines(800833)
ieee(24498) mom(17037897) weddingatthebeach(617)
ieee(24498) mom(17037897) batman(8197388)
ieee(24498) mom(17037897) suits(1179202)
ieee(24498) mom(17037897) men(10359423)
ieee(24498) mom(17037897) vonmoger(61)
ieee(24498) mom(17037897) notsayingimbatmanjustsayingnobodyhasseenbatmanandiinthesameroom(1)
ieee(24498) mom(17037897) pr(2022691)
ieee(24498) mom(17037897) deusnocomandosempre(444016)
ieee(24498) mom(17037897) sunsetsupreme(37)
ieee(24498) mom(17037897) sons(681951)
ieee(24498) mom(17037897) emptygym(48076)
ieee(24498) mom(17037897) atx(2085423)
ieee(24498) mom(17037897) wedding(36877838)
ieee(24498) mom(17037897) happy(305370082)
ieee(24498) amrezy(529915) eatyourbeansman(4)
ieee(24498) amrezy(529915) brooklynguy(5214)
ieee(24498) amrezy(529915) shop(15550425)
ieee(24498) amrezy(529915) benabrooklynguy(11116)
ieee(24498) amrezy(529915) listen(1612001)
ieee(24498) amrezy(529915) bikini(13437808)
ieee(24498) amrezy(529915) itstime(351347)
ieee(24498) amrezy(529915) 10off(3067)
ieee(24498) amrezy(529915) getgame(700)
ieee(24498) amrezy(529915) weekend(35204831)
ieee(24498) amrezy(529915) neversaycutz(12432)
ieee(24498) amrezy(529915) govballnyc(94319)
ieee(24498) amrezy(529915) imagefanmeeting2015(19)
ieee(24498) amrezy(529915) gooseberryintimates(3509)
ieee(24498) amrezy(529915) ilovesweets(38913)
ieee(24498) amrezy(529915) withthecupcakes(15)
ieee(24498) amrezy(529915) 412(247331)
ieee(24498) amrezy(529915) coupon(1015102)
ieee(24498) amrezy(529915) bluehairdiary(40)
ieee(24498) bbgmums(28889) dwpickoftheday(10997)
ieee(24498) bbgmums(28889) teamgrom(232)
ieee(24498) bbgmums(28889) govballnyc(94319)
ieee(24498) bbgmums(28889) lightmaster(4372)
ieee(24498) bbgmums(28889) kaylaitsines(800834)
ieee(24498) bbgmums(28889) werewolf(460152)
ieee(24498) bbgmums(28889) danielwellington(363069)
ieee(24498) bbgmums(28889) stancenation(2166747)
ieee(24498) bbgmums(28889) zaynusak(6401)
ieee(24498) bbgmums(28889) gopro(11862482)
ieee(24498) bbgmums(28889) bluehairdiary(40)
ieee(24498) bbgmums(28889) c4supsquatch(42)
ieee(24498) bbgmums(28889) bestvacations(814169)
ieee(24498) bbgmums(28889) bbgmums(28889)
ieee(24498) quayaustralia(21581) vintique(381766)
ieee(24498) quayaustralia(21581) emptygym(48076)
ieee(24498) quayaustralia(21581) goloskrainy(5400)
ieee(24498) quayaustralia(21581) werunparisbynike(1)
ieee(24498) quayaustralia(21581) lettherebecake(2076)
ieee(24498) quayaustralia(21581) labayadere(7143)
ieee(24498) quayaustralia(21581) lilwanmai(27919)
ieee(24498) quayaustralia(21581) nothingcookedbyme(1)
ieee(24498) quayaustralia(21581) batman(8197393)
ieee(24498) quayaustralia(21581) copordrop(27732)
ieee(24498) quayaustralia(21581) notsayingimbatmanjustsayingnobodyhasseenbatmanandiinthesameroom(1)
ieee(24498) sunglasses(15396283) girlsnight(4562375)
ieee(24498) sunglasses(15396283) rcbattle(181)
ieee(24498) sunglasses(15396283) coupon(1015102)
ieee(24498) sunglasses(15396283) disneyland60(74398)
ieee(24498) sunglasses(15396283) shop(15550429)
ieee(24498) sunglasses(15396283) summertime(13872593)
ieee(24498) sunglasses(15396283) houston(5179438)
ieee(24498) sunglasses(15396283) deusnocomandosempre(444016)
ieee(24498) sunglasses(15396283) repost(127949972)
ieee(24498) sunglasses(15396283) getgame(700)
ieee(24498) sunglasses(15396283) worldcup(5724818)
ieee(24498) sunglasses(15396283) listen(1612002)
ieee(24498) sunglasses(15396283) soccerdotcom(40539)
ieee(24498) sunglasses(15396283) nike(45054588)
ieee(24498) sunglasses(15396283) stancenation(2166748)
ieee(24498) sunglasses(15396283) itstime(351347)
ieee(24498) sunglasses(15396283) girl(264235955)
ieee(24498) sunglasses(15396283) guyschoice(2082)
ieee(24498) sunglasses(15396283) weekend(35204851)
ieee(24498) sunglasses(15396283) 10off(3067)
ieee(24498) love(920976364) eatyourbeansman(4)
ieee(24498) love(920976364) secondamendment(173062)
ieee(24498) love(920976364) anastasiabrows(467739)
ieee(24498) love(920976364) progun(53844)
ieee(24498) love(920976364) defendthesecond(83553)
ieee(24498) love(920976364) shooting(4329448)
ieee(24498) love(920976364) thebestmaidofhonorparty(567)
ieee(24498) love(920976364) paitaiaowdarbnhaainca(116)
ieee(24498) love(920976364) defendthe2nd(14241)
ieee(24498) love(920976364) dipbrow(156895)
ieee(24498) love(920976364) winneandkleo(1)
ieee(24498) love(920976364) weapons(297745)
ieee(24498) love(920976364) firearms(178127)
ieee(24498) love(920976364) weaponsreloaded(27781)
ieee(24498) love(920976364) anastasiabeverlyhills(2207392)
ieee(24498) love(920976364) nra(283213)
ieee(24498) love(920976364) ch3party(462)
ieee(24498) love(920976364) guns(2205088)
ieee(24498) love(920976364) gun(2393574)
ieee(24498) love(920976364) gunporn(536723)
ieee(24498) love(920976364) antiguncontrol(11778)
ieee(24498) love(920976364) righttobeararms(84346)
ieee(24498) kaylaitsines(800821) _abu_habib(399)
ieee(24498) kaylaitsines(800821) squadgoals(344544)
ieee(24498) kaylaitsines(800821) adidas(13366677)
ieee(24498) kaylaitsines(800821) handlelife(92599)
ieee(24498) kaylaitsines(800821) sport(14593415)
ieee(24498) kaylaitsines(800821) fitnes(443742)
ieee(24498) maisonsamerkhouzami(156) allredeverything(188570)
ieee(24498) maisonsamerkhouzami(156) film07(322)
ieee(24498) maisonsamerkhouzami(156) soundsdangerous(383)
ieee(24498) maisonsamerkhouzami(156) baifernfamkannaja(43)
ieee(24498) maisonsamerkhouzami(156) ufcnola(2728)
ieee(24498) maisonsamerkhouzami(156) shredz(948697)
ieee(24498) maisonsamerkhouzami(156) banginandbitsy(2)
ieee(24498) maisonsamerkhouzami(156) stancenation(2166747)
ieee(24498) maisonsamerkhouzami(156) suckthesoulouttayou(20)
ieee(24498) maisonsamerkhouzami(156) starvingtime(145601)
ieee(24498) maisonsamerkhouzami(156) dowork(1204376)
ieee(24498) maisonsamerkhouzami(156) funniest15seconds(60853)
ieee(24498) maisonsamerkhouzami(156) comeover(101901)
ieee(24498) samerkhouzami(87215) rcbattle(181)
ieee(24498) samerkhouzami(87215) carlifestyle(432449)
ieee(24498) samerkhouzami(87215) wfla(7065)
ieee(24498) samerkhouzami(87215) superstreet(673425)
ieee(24498) samerkhouzami(87215) wekfest(128005)
ieee(24498) samerkhouzami(87215) xgames(324845)
ieee(24498) samerkhouzami(87215) suckthesoulouttayou(20)
ieee(24498) samerkhouzami(87215) soundsdangerous(383)
ieee(24498) samerkhouzami(87215) funniest15seconds(60853)
ieee(24498) samerkhouzami(87215) comeover(101901)
ieee(24498) neversaycutz(12432) throwupthex(143401)
ieee(24498) neversaycutz(12432) freeshipping(892927)
ieee(24498) neversaycutz(12432) makeup(71111127)
ieee(24498) neversaycutz(12432) throwback(71790755)
ieee(24498) neversaycutz(12432) bw(10198102)
ieee(24498) neversaycutz(12432) xgames(324841)
ieee(24498) neversaycutz(12432) shopentourageclothing(3678)
ieee(24498) neversaycutz(12432) shredz(948697)
ieee(24498) neversaycutz(12432) roc(350668)
ieee(24498) neversaycutz(12432) allredeverything(188569)
ieee(24498) neversaycutz(12432) metontour(7382)
ieee(24498) neversaycutz(12432) blackworkers(196928)
ieee(24498) neversaycutz(12432) 10010314(1)
ieee(24498) neversaycutz(12432) shop(15550384)
ieee(24498) neversaycutz(12432) repost(127949524)
ieee(24498) neversaycutz(12432) vest(1190833)
ieee(24498) neversaycutz(12432) dancing(7834990)
ieee(24498) neversaycutz(12432) quayaustralia(21580)
ieee(24498) neversaycutz(12432) dowork(1204375)
ieee(24498) neversaycutz(12432) boho(3046003)
ieee(24498) neversaycutz(12432) blacktattoo(164118)
ieee(24498) neversaycutz(12432) sunglasses(15396308)
ieee(24498) neversaycutz(12432) stancenation(2166746)
ieee(24498) neversaycutz(12432) deusnocomandosempre(444016)
ieee(24498) neversaycutz(12432) thuglife(3764826)
ieee(24498) neversaycutz(12432) grandpa(1788345)
ieee(24498) neversaycutz(12432) metallica(1275891)
ieee(24498) neversaycutz(12432) cabeloaovento(2698)
ieee(24498) neversaycutz(12432) amrezy(529918)
ieee(24498) neversaycutz(12432) blackwork(330658)
ieee(24498) neversaycutz(12432) tattoo(42717715)
ieee(24498) neversaycutz(12432) summerstyle(383742)
ieee(24498) neversaycutz(12432) cane(1035228)
ieee(24498) jordansdaily(794939) imsingle(106823)
ieee(24498) jordansdaily(794939) cabelosalon(84)
ieee(24498) jordansdaily(794939) makeup(71111052)
ieee(24498) jordansdaily(794939) crazygirlsinthebacktakingtableselfie(1)
ieee(24498) jordansdaily(794939) quayaustralia(21581)
ieee(24498) jordansdaily(794939) vegas(16406171)
ieee(24498) jordansdaily(794939) pinkhairdontcare(182008)
ieee(24498) jordansdaily(794939) holla(1812903)
ieee(24498) jordansdaily(794939) amrezy(529916)
ieee(24498) jordansdaily(794939) ch3party(462)
ieee(24498) jordansdaily(794939) labayadere(7143)
ieee(24498) jordansdaily(794939) foodiefitness(612)
ieee(24498) jordansdaily(794939) 21(6512091)
ieee(24498) jordansdaily(794939) gooseberryintimates(3509)
ieee(24498) jordansdaily(794939) sunglasses(15396290)
ieee(24498) jordansdaily(794939) llamaycierra(462)
ieee(24498) jordansdaily(794939) deusnocomandosempre(444016)
ieee(24498) jordansdaily(794939) repost(127949249)
ieee(24498) jordansdaily(794939) watchtwinning(18)
ieee(24498) jordansdaily(794939) dresses__up(1014)
ieee(24498) jordansdaily(794939) shestaken(37509)
ieee(24498) jordansdaily(794939) bikini(13437726)
ieee(24498) jordansdaily(794939) repost(127949217)
ieee(24498) makeup(71111035) c4supsquatch(42)
ieee(24498) makeup(71111035) werunparisbynike(1)
ieee(24498) makeup(71111035) turquoisehunt(127)
ieee(24498) makeup(71111035) stancenation(2166748)
ieee(24498) makeup(71111035) watches(1968834)
ieee(24498) makeup(71111035) watchmaking(39443)
ieee(24498) makeup(71111035) teamgrom(232)
ieee(24498) makeup(71111035) gopro(11862482)
ieee(24498) makeup(71111035) emptygym(48076)
ieee(24498) makeup(71111035) jgaltusa(11164)
ieee(24498) makeup(71111035) hublot(745298)
ieee(24498) makeup(71111035) cabeloaovento(2698)
ieee(24498) makeup(71111035) batman(8197393)
ieee(24498) makeup(71111035) watchoftheday(373300)
ieee(24498) makeup(71111035) notsayingimbatmanjustsayingnobodyhasseenbatmanandiinthesameroom(1)
ieee(24498) dresses__up(1014) bluehairdiary(40)
ieee(24498) dresses__up(1014) superstreet(673426)
ieee(24498) dresses__up(1014) mom(17037942)
ieee(24498) dresses__up(1014) maisonsamerkhouzami(156)
ieee(24498) dresses__up(1014) beauty(89683233)
ieee(24498) dresses__up(1014) wfla(7066)
ieee(24498) dresses__up(1014) anastasiabrows(467741)
ieee(24498) dresses__up(1014) timeless(689974)
ieee(24498) dresses__up(1014) love(920979034)
ieee(24498) dresses__up(1014) govballnyc(94320)
ieee(24498) dresses__up(1014) haha(31678769)
ieee(24498) dresses__up(1014) anastasiabeverlyhills(2207397)
ieee(24498) dresses__up(1014) respect(7887311)
ieee(24498) dresses__up(1014) fifa(5040131)
ieee(24498) dresses__up(1014) wekfest(128006)
ieee(24498) dresses__up(1014) dipbrow(156896)
ieee(24498) dresses__up(1014) samerkhouzami(87215)
ieee(24498) timeless(689972) lookbookstore(35110)
ieee(24498) timeless(689972) anastasiabrows(467739)
ieee(24498) timeless(689972) turquoisehunt(127)
ieee(24498) timeless(689972) 138(59386)
ieee(24498) timeless(689972) dipbrow(156896)
ieee(24498) timeless(689972) jezebel(23342)
ieee(24498) timeless(689972) imagefanmeeting2015(19)
ieee(24498) timeless(689972) green(41964444)
ieee(24498) timeless(689972) yesung(696262)
ieee(24498) timeless(689972) closeup(3254599)
ieee(24498) timeless(689972) anastasiabeverlyhills(2207395)
ieee(24498) timeless(689972) marcbeauty(6123)
ieee(24498) timeless(689972) vegas_nay(1824605)
ieee(24498) xgames(324823) gopro(11862487)
ieee(24498) xgames(324823) brooklynguy(5214)
ieee(24498) xgames(324823) imsingle(106823)
ieee(24498) xgames(324823) gomariners(85334)
ieee(24498) xgames(324823) lightmaster(4372)
ieee(24498) xgames(324823) c4supsquatch(42)
ieee(24498) xgames(324823) benabrooklynguy(11116)
ieee(24498) xgames(324823) holla(1812905)
ieee(24498) xgames(324823) repost(127950009)
ieee(24498) xgames(324823) crazygirlsinthebacktakingtableselfie(1)
ieee(24498) xgames(324823) allhailfelix(1620)
ieee(24498) xgames(324823) 21(6512108)
ieee(24498) xgames(324823) activeliving(254498)
ieee(24498) xgames(324823) freecrack3(112)
ieee(24498) xgames(324823) thetrilogy(13979)
ieee(24498) xgames(324823) winneandkleo(1)
ieee(24498) xgames(324823) earthpix(314358)
ieee(24498) xgames(324823) teamgrom(232)
ieee(24498) xgames(324823) neversaycutz(12432)
ieee(24498) xgames(324823) foodiefitness(612)
ieee(24498) xgames(324823) capenidhra(1966)
ieee(24498) xgames(324823) watchtwinning(18)
ieee(24498) xgames(324823) vegas(16406268)
ieee(24498) xgames(324823) movenourishbelieve(353440)
ieee(24498) xgames(324823) shestaken(37509)
ieee(24498) xgames(324823) lornajane(385383)
ieee(24498) beauty(89682848) 412(247331)
ieee(24498) beauty(89682848) fifa(5040122)
ieee(24498) beauty(89682848) banginandbitsy(2)
ieee(24498) beauty(89682848) lightmaster(4372)
ieee(24498) beauty(89682848) asiyasafiya(157)
ieee(24498) beauty(89682848) haha(31678757)
ieee(24498) beauty(89682848) streetartglobe(4156)
ieee(24498) beauty(89682848) streetart(12735483)
ieee(24498) beauty(89682848) respect(7887305)
ieee(24498) beauty(89682848) onlyforluxury(18892)
ieee(24498) nothingcookedbyme(1) closeup(3254595)
ieee(24498) nothingcookedbyme(1) werunparisbynike(1)
ieee(24498) nothingcookedbyme(1) lornajane(385382)
ieee(24498) nothingcookedbyme(1) bestvacations(814163)
ieee(24498) nothingcookedbyme(1) blacklist(1389533)
ieee(24498) nothingcookedbyme(1) watchmaking(39443)
ieee(24498) nothingcookedbyme(1) hublot(745296)
ieee(24498) nothingcookedbyme(1) lilwanmai(27919)
ieee(24498) nothingcookedbyme(1) watches(1968829)
ieee(24498) nothingcookedbyme(1) morecowbell(35796)
ieee(24498) nothingcookedbyme(1) movenourishbelieve(353438)
ieee(24498) nothingcookedbyme(1) asiyasafiya(157)
ieee(24498) nothingcookedbyme(1) ferrari(4908861)
ieee(24498) nothingcookedbyme(1) f12(172728)
ieee(24498) nothingcookedbyme(1) watchoftheday(373299)
ieee(24498) nothingcookedbyme(1) activeliving(254495)
ieee(24498) nothingcookedbyme(1) sunsetsupreme(37)
ieee(24498) nothingcookedbyme(1) genefrenkle(89)
ieee(24498) nothingcookedbyme(1) 7daysontheroad(775)
ieee(24498) nothingcookedbyme(1) glorious(310629)
