siggraph(2013) vegas_nay(1824618) eatyourbeansman(4)
siggraph(2013) vegas_nay(1824618) funniest15seconds(60854)
siggraph(2013) vegas_nay(1824618) soundsdangerous(383)
siggraph(2013) vegas_nay(1824618) thebestmaidofhonorparty(567)
siggraph(2013) vegas_nay(1824618) fitcoteam(6484)
siggraph(2013) vegas_nay(1824618) watchmaking(39443)
siggraph(2013) vegas_nay(1824618) watchoftheday(373302)
siggraph(2013) vegas_nay(1824618) hublot(745301)
siggraph(2013) vegas_nay(1824618) sport(14593493)
siggraph(2013) vegas_nay(1824618) vonmoger(61)
siggraph(2013) vegas_nay(1824618) asiyasafiya(157)
siggraph(2013) vegas_nay(1824618) adidas(13366777)
siggraph(2013) vegas_nay(1824618) fitnes(443743)
siggraph(2013) vegas_nay(1824618) zaynusak(6401)
siggraph(2013) vegas_nay(1824618) nothingcookedbyme(1)
siggraph(2013) vegas_nay(1824618) watches(1968846)
siggraph(2013) vegas_nay(1824618) suckthesoulouttayou(20)
siggraph(2013) vegas_nay(1824618) comeover(101901)
siggraph(2013) yg(1982611) malaysia(9638685)
siggraph(2013) yg(1982611) wfla(7066)
siggraph(2013) yg(1982611) fairytale(1042444)
siggraph(2013) yg(1982611) wekfest(128005)
siggraph(2013) yg(1982611) worldcup(5724828)
siggraph(2013) yg(1982611) iifa2015(4316)
siggraph(2013) yg(1982611) premier(508179)
siggraph(2013) yg(1982611) metontour(7385)
siggraph(2013) yg(1982611) superstreet(673426)
siggraph(2013) yg(1982611) day2(4844761)
siggraph(2013) yg(1982611) xgames(324875)
siggraph(2013) yg(1982611) capenidhra(1967)
siggraph(2013) yg(1982611) moschino(2774723)
siggraph(2013) yg(1982611) metallica(1275923)
siggraph(2013) yg(1982611) dildhadaknedo(12842)
siggraph(2013) yg(1982611) lilwanmai(27919)
siggraph(2013) yg(1982611) wildlavender(484)
siggraph(2013) yg(1982611) jeremyscott(291874)
siggraph(2013) yg(1982611) nike(45054834)
siggraph(2013) yg(1982611) kl(1464509)
siggraph(2013) yg(1982611) soccerdotcom(40539)
siggraph(2013) yg(1982611) stancenation(2166756)
siggraph(2013) yg(1982611) jgaltusa(11164)
siggraph(2013) yg(1982611) bl(617226)
siggraph(2013) yg(1982611) goenkajewellers(3)
siggraph(2013) yg(1982611) dreamy(683687)
siggraph(2013) yg(1982611) closeup(3254620)
siggraph(2013) yg(1982611) galatasaray(3026121)
siggraph(2013) instagoodmyphoto(58654) mods(592047)
siggraph(2013) instagoodmyphoto(58654) ecc(131817)
siggraph(2013) instagoodmyphoto(58654) socalvape(80147)
siggraph(2013) instagoodmyphoto(58654) lookbookstore(35110)
siggraph(2013) instagoodmyphoto(58654) cloudchaser(532931)
siggraph(2013) instagoodmyphoto(58654) vapeshop(249548)
siggraph(2013) instagoodmyphoto(58654) vapesummit(27504)
siggraph(2013) instagoodmyphoto(58654) vapelife(2190683)
siggraph(2013) instagoodmyphoto(58654) girl(264237062)
siggraph(2013) instagoodmyphoto(58654) forcevapor(6)
siggraph(2013) instagoodmyphoto(58654) vapegram(145320)
siggraph(2013) instagoodmyphoto(58654) lipo(118224)
siggraph(2013) instagoodmyphoto(58654) vapefriends(271319)
siggraph(2013) instagoodmyphoto(58654) kingofcloudz(33)
siggraph(2013) instagoodmyphoto(58654) 310vapers(22745)
siggraph(2013) instagoodmyphoto(58654) fitgirls(2926418)
siggraph(2013) instagoodmyphoto(58654) vapor(1543499)
siggraph(2013) instagoodmyphoto(58654) c3vapors(10)
siggraph(2013) instagoodmyphoto(58654) vapesquad(23899)
siggraph(2013) instagoodmyphoto(58654) dripanddrive(17343)
siggraph(2013) instagoodmyphoto(58654) lilwanmai(27919)
siggraph(2013) instagoodmyphoto(58654) suicidegirlsperiscope(41)
siggraph(2013) instagoodmyphoto(58654) asiyasafiya(157)
siggraph(2013) instagoodmyphoto(58654) weatcoastvapers(613)
siggraph(2013) instagoodmyphoto(58654) contest(2341605)
siggraph(2013) instagoodmyphoto(58654) ocvapers(112858)
siggraph(2013) instagoodmyphoto(58654) la(29888895)
siggraph(2013) instagoodmyphoto(58654) sugarpill(276534)
siggraph(2013) instagoodmyphoto(58654) vapepix(54812)
siggraph(2013) instagoodmyphoto(58654) nerd(6319376)
siggraph(2013) instagoodmyphoto(58654) clouds(32238816)
siggraph(2013) instagoodmyphoto(58654) vapelyfe(1761128)
siggraph(2013) instagoodmyphoto(58654) vapeoftheday(110898)
siggraph(2013) instagoodmyphoto(58654) vapenation(467769)
siggraph(2013) instagoodmyphoto(58654) vape(3862681)
siggraph(2013) instagoodmyphoto(58654) girlswithglasses(311214)
siggraph(2013) instagoodmyphoto(58654) improof(273657)
siggraph(2013) instagoodmyphoto(58654) losangeles(10912508)
siggraph(2013) instagoodmyphoto(58654) copordrop(27732)
siggraph(2013) instagoodmyphoto(58654) green(41964763)
siggraph(2013) suits(1179203) lornajane(385387)
siggraph(2013) suits(1179203) lilwanmai(27919)
siggraph(2013) suits(1179203) nationaldonutday(184816)
siggraph(2013) suits(1179203) cabeloaovento(2698)
siggraph(2013) suits(1179203) turquoisehunt(127)
siggraph(2013) suits(1179203) movenourishbelieve(353443)
siggraph(2013) suits(1179203) activeliving(254502)
siggraph(2013) suits(1179203) xgames(324883)
siggraph(2013) suits(1179203) rcbattle(181)
siggraph(2013) wfla(7066) allredeverything(188570)
siggraph(2013) wfla(7066) sport(14593556)
siggraph(2013) wfla(7066) jgaltusa(11164)
siggraph(2013) wfla(7066) adidas(13366857)
siggraph(2013) wfla(7066) winneandkleo(1)
siggraph(2013) wfla(7066) fitnes(443743)
siggraph(2013) wfla(7066) handlelife(92599)
siggraph(2013) wfla(7066) galatasaray(3026123)
siggraph(2013) wfla(7066) dowork(1204378)
siggraph(2013) wfla(7066) pinkhairdontcare(182009)
siggraph(2013) wfla(7066) cabelosalon(84)
siggraph(2013) wfla(7066) carlifestyle(432456)
siggraph(2013) wfla(7066) shredz(948710)
siggraph(2013) godsister(108320) film07(322)
siggraph(2013) godsister(108320) fairytale(1042444)
siggraph(2013) godsister(108320) f12(172730)
siggraph(2013) godsister(108320) labayadere(7143)
siggraph(2013) godsister(108320) goenkajewellers(3)
siggraph(2013) godsister(108320) dreamy(683687)
siggraph(2013) godsister(108320) murica(1254847)
siggraph(2013) godsister(108320) dildhadaknedo(12842)
siggraph(2013) godsister(108320) atx(2085437)
siggraph(2013) godsister(108320) pr(2022698)
siggraph(2013) godsister(108320) kl(1464507)
siggraph(2013) godsister(108320) _abu_habib(399)
siggraph(2013) godsister(108320) onlyforluxury(18892)
siggraph(2013) godsister(108320) ferrari(4908922)
siggraph(2013) godsister(108320) day2(4844761)
siggraph(2013) godsister(108320) premier(508178)
siggraph(2013) godsister(108320) blacklist(1389538)
siggraph(2013) godsister(108320) suits(1179205)
siggraph(2013) godsister(108320) jordansdaily(794952)
siggraph(2013) godsister(108320) iifa2015(4315)
siggraph(2013) godsister(108320) sugarpill(276534)
siggraph(2013) godsister(108320) sunsetsupreme(37)
siggraph(2013) godsister(108320) malaysia(9638677)
siggraph(2013) 138(59386) gomariners(85334)
siggraph(2013) 138(59386) marcbeauty(6123)
siggraph(2013) 138(59386) peterward(104)
siggraph(2013) 138(59386) allhailfelix(1620)
siggraph(2013) 138(59386) 138(59386)
siggraph(2013) 138(59386) yesung(696264)
siggraph(2013) 138(59386) model(53574938)
siggraph(2013) 138(59386) malanbreton(3044)
siggraph(2013) 138(59386) editorial(1557486)
siggraph(2013) 138(59386) winneandkleo(1)
siggraph(2013) 138(59386) freecrack3(112)
siggraph(2013) 138(59386) thetrilogy(13979)
siggraph(2013) 138(59386) photographer(9867175)
siggraph(2013) 138(59386) govballnyc(94325)
siggraph(2013) 138(59386) vegas_nay(1824622)
siggraph(2013) 138(59386) werewolf(460153)
siggraph(2013) 138(59386) jasonjaskot(128)
siggraph(2013) 138(59386) styledbyadrianne(1172)
siggraph(2013) 138(59386) zaynusak(6401)
siggraph(2013) 138(59386) bluehairdiary(40)
siggraph(2013) 138(59386) jezebel(23342)
siggraph(2013) superstreet(673426) shooting(4329493)
siggraph(2013) superstreet(673426) weapons(297748)
siggraph(2013) superstreet(673426) marcbeauty(6122)
siggraph(2013) superstreet(673426) jezebel(23341)
siggraph(2013) superstreet(673426) secondamendment(173064)
siggraph(2013) superstreet(673426) defendthe2nd(14241)
siggraph(2013) superstreet(673426) nerd(6319378)
siggraph(2013) superstreet(673426) hairpost(540432)
siggraph(2013) superstreet(673426) puppy(34441099)
siggraph(2013) superstreet(673426) baifernfamkannaja(44)
siggraph(2013) superstreet(673426) gun(2393588)
siggraph(2013) superstreet(673426) defendthesecond(83554)
siggraph(2013) superstreet(673426) deusnocomandosempre(444019)
siggraph(2013) superstreet(673426) vegas_nay(1824625)
siggraph(2013) superstreet(673426) cute(338759227)
siggraph(2013) superstreet(673426) weaponsreloaded(27781)
siggraph(2013) superstreet(673426) paitaiaowdarbnhaainca(116)
siggraph(2013) superstreet(673426) guns(2205097)
siggraph(2013) superstreet(673426) 138(59385)
siggraph(2013) superstreet(673426) repost(127951419)
siggraph(2013) superstreet(673426) girlswithglasses(311215)
siggraph(2013) superstreet(673426) righttobeararms(84348)
siggraph(2013) superstreet(673426) firearms(178129)
siggraph(2013) superstreet(673426) gunporn(536728)
siggraph(2013) superstreet(673426) nra(283215)
siggraph(2013) superstreet(673426) love(920983420)
siggraph(2013) superstreet(673426) fitgirls(2926422)
siggraph(2013) superstreet(673426) antiguncontrol(11778)
siggraph(2013) superstreet(673426) progun(53844)
siggraph(2013) superstreet(673426) guyschoice(2083)
siggraph(2013) promseason(77563) wekfest(128005)
siggraph(2013) promseason(77563) wfla(7066)
siggraph(2013) promseason(77563) fitnes(443743)
siggraph(2013) promseason(77563) sport(14593530)
siggraph(2013) promseason(77563) superstreet(673426)
siggraph(2013) promseason(77563) dogsofinstagram(21541163)
siggraph(2013) promseason(77563) lilwanmai(27919)
siggraph(2013) promseason(77563) waitwhat(228875)
siggraph(2013) promseason(77563) hufworldwide(33340)
siggraph(2013) promseason(77563) huf2(206)
siggraph(2013) promseason(77563) dog(69442476)
siggraph(2013) promseason(77563) jgaltusa(11164)
siggraph(2013) promseason(77563) huf(1436212)
siggraph(2013) promseason(77563) copordrop(27732)
siggraph(2013) promseason(77563) galatasaray(3026121)
siggraph(2013) promseason(77563) adidas(13366830)
siggraph(2013) nike(45054731) kaylaitsines(800843)
siggraph(2013) nike(45054731) bestvacations(814181)
siggraph(2013) nike(45054731) lilwanmai(27919)
siggraph(2013) nike(45054731) bbgmums(28889)
siggraph(2013) nike(45054731) warrenjc(87820)
siggraph(2013) nike(45054731) vonmoger(61)
siggraph(2013) nike(45054731) turquoisehunt(127)
siggraph(2013) nike(45054731) handlelife(92599)
siggraph(2013) nike(45054731) xgames(324871)
siggraph(2013) nike(45054731) news(2618196)
siggraph(2013) nike(45054731) q8(15749089)
siggraph(2013) wekfest(128006) imsingle(106823)
siggraph(2013) wekfest(128006) vegas(16406380)
siggraph(2013) wekfest(128006) crazygirlsinthebacktakingtableselfie(1)
siggraph(2013) wekfest(128006) 21(6512126)
siggraph(2013) wekfest(128006) paitaiaowdarbnhaainca(116)
siggraph(2013) wekfest(128006) sport(14593556)
siggraph(2013) wekfest(128006) adidas(13366856)
siggraph(2013) wekfest(128006) baifernfamkannaja(44)
siggraph(2013) wekfest(128006) labayadere(7143)
siggraph(2013) wekfest(128006) foodiefitness(612)
siggraph(2013) wekfest(128006) fitnes(443743)
siggraph(2013) wekfest(128006) holla(1812907)
siggraph(2013) wekfest(128006) watchtwinning(18)
siggraph(2013) wekfest(128006) shestaken(37509)
siggraph(2013) wekfest(128006) nothingcookedbyme(1)
siggraph(2013) weddingatthebeach(617) love(920983965)
siggraph(2013) weddingatthebeach(617) timeless(689974)
siggraph(2013) weddingatthebeach(617) hongkong(8383010)
siggraph(2013) weddingatthebeach(617) pr(2022700)
siggraph(2013) weddingatthebeach(617) maisonsamerkhouzami(157)
siggraph(2013) weddingatthebeach(617) suits(1179206)
siggraph(2013) weddingatthebeach(617) mom(17038023)
siggraph(2013) weddingatthebeach(617) beauty(89683958)
siggraph(2013) weddingatthebeach(617) atx(2085444)
siggraph(2013) weddingatthebeach(617) pinkhairdontcare(182009)
siggraph(2013) weddingatthebeach(617) cabelosalon(84)
siggraph(2013) weddingatthebeach(617) samerkhouzami(87216)
siggraph(2013) jezebel(23342) shooting(4329478)
siggraph(2013) jezebel(23342) progun(53844)
siggraph(2013) jezebel(23342) blackmilk(358584)
siggraph(2013) jezebel(23342) guns(2205094)
siggraph(2013) jezebel(23342) secondamendment(173064)
siggraph(2013) jezebel(23342) 138(59386)
siggraph(2013) jezebel(23342) defendthe2nd(14241)
siggraph(2013) jezebel(23342) instagoodmyphoto(58655)
siggraph(2013) jezebel(23342) gun(2393584)
siggraph(2013) jezebel(23342) losangeles(10912475)
siggraph(2013) jezebel(23342) defendthesecond(83554)
siggraph(2013) jezebel(23342) weaponsreloaded(27781)
siggraph(2013) jezebel(23342) nationaldonutday(184815)
siggraph(2013) jezebel(23342) gunporn(536726)
siggraph(2013) jezebel(23342) vegas_nay(1824621)
siggraph(2013) jezebel(23342) blackmilkclothing(425928)
siggraph(2013) jezebel(23342) righttobeararms(84348)
siggraph(2013) jezebel(23342) firearms(178129)
siggraph(2013) jezebel(23342) bmolympusscoopskaterdress(1)
siggraph(2013) jezebel(23342) sailormoon(1205816)
siggraph(2013) jezebel(23342) antiguncontrol(11778)
siggraph(2013) jezebel(23342) nra(283214)
siggraph(2013) jezebel(23342) la(29888848)
siggraph(2013) jezebel(23342) marcbeauty(6123)
siggraph(2013) jezebel(23342) weapons(297747)
siggraph(2013) jezebel(23342) jezebel(23342)
siggraph(2013) jezebel(23342) othongthai(450)
siggraph(2013) soccerdotcom(40539) imsingle(106823)
siggraph(2013) soccerdotcom(40539) model(53574977)
siggraph(2013) soccerdotcom(40539) holla(1812905)
siggraph(2013) soccerdotcom(40539) peterward(104)
siggraph(2013) soccerdotcom(40539) 21(6512119)
siggraph(2013) soccerdotcom(40539) ufcnola(2728)
siggraph(2013) soccerdotcom(40539) crazygirlsinthebacktakingtableselfie(1)
siggraph(2013) soccerdotcom(40539) instagoodmyphoto(58655)
siggraph(2013) soccerdotcom(40539) repost(127950926)
siggraph(2013) soccerdotcom(40539) malanbreton(3044)
siggraph(2013) soccerdotcom(40539) glorious(310631)
siggraph(2013) soccerdotcom(40539) deusnocomandosempre(444019)
siggraph(2013) soccerdotcom(40539) morecowbell(35796)
siggraph(2013) soccerdotcom(40539) editorial(1557487)
siggraph(2013) soccerdotcom(40539) suicidegirlsperiscope(41)
siggraph(2013) soccerdotcom(40539) labayadere(7143)
siggraph(2013) soccerdotcom(40539) foodiefitness(612)
siggraph(2013) soccerdotcom(40539) photographer(9867191)
siggraph(2013) soccerdotcom(40539) genefrenkle(89)
siggraph(2013) soccerdotcom(40539) watchtwinning(18)
siggraph(2013) soccerdotcom(40539) vegas(16406341)
siggraph(2013) soccerdotcom(40539) shestaken(37509)
siggraph(2013) soccerdotcom(40539) jasonjaskot(128)
siggraph(2013) happy(305371125) eatyourbeansman(4)
siggraph(2013) happy(305371125) bikini(13437934)
siggraph(2013) happy(305371125) girl(264237463)
siggraph(2013) happy(305371125) paitaiaowdarbnhaainca(116)
siggraph(2013) happy(305371125) styledbyadrianne(1172)
siggraph(2013) happy(305371125) nothingcookedbyme(1)
siggraph(2013) happy(305371125) f21xme(223510)
siggraph(2013) happy(305371125) carswithoutlimits(1980128)
siggraph(2013) happy(305371125) morecowbell(35796)
siggraph(2013) happy(305371125) lilwanmai(27919)
siggraph(2013) happy(305371125) baifernfamkannaja(45)
siggraph(2013) happy(305371125) gooseberryintimates(3509)
siggraph(2013) happy(305371125) genefrenkle(89)
siggraph(2013) happy(305371125) glorious(310633)
siggraph(2013) starvingtime(145604) dwpickoftheday(10997)
siggraph(2013) starvingtime(145604) xavi(418341)
siggraph(2013) starvingtime(145604) bbgmums(28889)
siggraph(2013) starvingtime(145604) asiyasafiya(157)
siggraph(2013) starvingtime(145604) la(29888902)
siggraph(2013) starvingtime(145604) fcbarcelona(1703393)
siggraph(2013) starvingtime(145604) kaylaitsines(800851)
siggraph(2013) starvingtime(145604) nothingcookedbyme(1)
siggraph(2013) starvingtime(145604) 7daysontheroad(780)
siggraph(2013) starvingtime(145604) fcb_supporters(1104)
siggraph(2013) starvingtime(145604) lightmaster(4372)
siggraph(2013) starvingtime(145604) danielwellington(363079)
siggraph(2013) starvingtime(145604) werunparisbynike(1)
siggraph(2013) starvingtime(145604) losangeles(10912514)
siggraph(2013) sons(681951) blacklist(1389546)
siggraph(2013) sons(681951) werunparisbynike(1)
siggraph(2013) sons(681951) f12(172730)
siggraph(2013) sons(681951) soundsdangerous(383)
siggraph(2013) sons(681951) timeless(689974)
siggraph(2013) sons(681951) styledbyadrianne(1172)
siggraph(2013) sons(681951) funniest15seconds(60855)
siggraph(2013) sons(681951) samerkhouzami(87216)
siggraph(2013) sons(681951) moschino(2774732)
siggraph(2013) sons(681951) losangeles(10912527)
siggraph(2013) sons(681951) la(29888911)
siggraph(2013) sons(681951) imagefanmeeting2015(19)
siggraph(2013) sons(681951) jeremyscott(291874)
siggraph(2013) sons(681951) love(920984045)
siggraph(2013) sons(681951) sugarpill(276535)
siggraph(2013) sons(681951) beauty(89683970)
siggraph(2013) sons(681951) guyschoice(2084)
siggraph(2013) sons(681951) kaylaitsines(800853)
siggraph(2013) sons(681951) maisonsamerkhouzami(157)
siggraph(2013) sons(681951) bbgmums(28890)
siggraph(2013) sons(681951) mom(17038024)
siggraph(2013) sons(681951) ferrari(4908936)
siggraph(2013) sons(681951) suckthesoulouttayou(20)
siggraph(2013) sons(681951) comeover(101901)
siggraph(2013) worldcup(5724822) deusnocomandosempre(444019)
siggraph(2013) worldcup(5724822) huf2(206)
siggraph(2013) worldcup(5724822) waitwhat(228875)
siggraph(2013) worldcup(5724822) goloskrainy(5400)
siggraph(2013) worldcup(5724822) repost(127950853)
siggraph(2013) worldcup(5724822) blacklist(1389538)
siggraph(2013) worldcup(5724822) f12(172730)
siggraph(2013) worldcup(5724822) hufworldwide(33340)
siggraph(2013) worldcup(5724822) zaynusak(6401)
siggraph(2013) worldcup(5724822) thebestmaidofhonorparty(567)
siggraph(2013) worldcup(5724822) bl(617222)
siggraph(2013) worldcup(5724822) ferrari(4908911)
siggraph(2013) worldcup(5724822) huf(1436213)
siggraph(2013) wedding(36878153) streetart(12735594)
siggraph(2013) wedding(36878153) gooseberryintimates(3509)
siggraph(2013) wedding(36878153) streetartglobe(4157)
siggraph(2013) wedding(36878153) godsister(108320)
siggraph(2013) wedding(36878153) soundsdangerous(383)
siggraph(2013) wedding(36878153) cabelosalon(84)
siggraph(2013) wedding(36878153) deusnocomandosempre(444019)
siggraph(2013) wedding(36878153) bikini(13437930)
siggraph(2013) wedding(36878153) xavi(418343)
siggraph(2013) wedding(36878153) hairpost(540432)
siggraph(2013) wedding(36878153) danielwellington(363080)
siggraph(2013) wedding(36878153) funniest15seconds(60855)
siggraph(2013) wedding(36878153) yg(1982633)
siggraph(2013) wedding(36878153) love(920984125)
siggraph(2013) wedding(36878153) cute(338759514)
siggraph(2013) wedding(36878153) suicidegirlsperiscope(41)
siggraph(2013) wedding(36878153) baifernfamkannaja(45)
siggraph(2013) wedding(36878153) fcb_supporters(1104)
siggraph(2013) wedding(36878153) carswithoutlimits(1980127)
siggraph(2013) wedding(36878153) repost(127951712)
siggraph(2013) wedding(36878153) dwpickoftheday(10997)
siggraph(2013) wedding(36878153) puppy(34441130)
siggraph(2013) wedding(36878153) fcbarcelona(1703410)
siggraph(2013) wedding(36878153) promseason(77563)
siggraph(2013) wedding(36878153) suckthesoulouttayou(20)
siggraph(2013) wedding(36878153) pinkhairdontcare(182009)
siggraph(2013) wedding(36878153) comeover(101901)
siggraph(2013) beach(82494862) brooklynguy(5214)
siggraph(2013) beach(82494862) hongkong(8383016)
siggraph(2013) beach(82494862) benabrooklynguy(11116)
siggraph(2013) beach(82494862) neversaycutz(12432)
siggraph(2013) beach(82494862) repost(127951800)
siggraph(2013) beach(82494862) lilwanmai(27919)
siggraph(2013) beach(82494862) vonmoger(61)
siggraph(2013) beach(82494862) fitcoteam(6484)
siggraph(2013) marcbeauty(6123) adidas(13366783)
siggraph(2013) marcbeauty(6123) suits(1179204)
siggraph(2013) marcbeauty(6123) danielwellington(363075)
siggraph(2013) marcbeauty(6123) disneyland60(74401)
siggraph(2013) marcbeauty(6123) ferrari(4908905)
siggraph(2013) marcbeauty(6123) atx(2085437)
siggraph(2013) marcbeauty(6123) werewolf(460153)
siggraph(2013) marcbeauty(6123) pr(2022698)
siggraph(2013) marcbeauty(6123) sport(14593501)
siggraph(2013) marcbeauty(6123) dwpickoftheday(10997)
siggraph(2013) marcbeauty(6123) blacklist(1389538)
siggraph(2013) marcbeauty(6123) f12(172729)
siggraph(2013) marcbeauty(6123) fitnes(443743)
siggraph(2013) men(10359480) 412(247331)
siggraph(2013) men(10359480) mods(592047)
siggraph(2013) men(10359480) ecc(131817)
siggraph(2013) men(10359480) _abu_habib(399)
siggraph(2013) men(10359480) socalvape(80147)
siggraph(2013) men(10359480) vapor(1543500)
siggraph(2013) men(10359480) vapesummit(27504)
siggraph(2013) men(10359480) styledbyadrianne(1172)
siggraph(2013) men(10359480) forcevapor(6)
siggraph(2013) men(10359480) clouds(32238854)
siggraph(2013) men(10359480) vapegram(145320)
siggraph(2013) men(10359480) lipo(118224)
siggraph(2013) men(10359480) vapeshop(249549)
siggraph(2013) men(10359480) kingofcloudz(33)
siggraph(2013) men(10359480) 310vapers(22745)
siggraph(2013) men(10359480) nationaldonutday(184816)
siggraph(2013) men(10359480) vapenation(467771)
siggraph(2013) men(10359480) vapelife(2190690)
siggraph(2013) men(10359480) c3vapors(10)
siggraph(2013) men(10359480) vapefriends(271320)
siggraph(2013) men(10359480) capenidhra(1967)
siggraph(2013) men(10359480) cloudchaser(532933)
siggraph(2013) men(10359480) dripanddrive(17343)
siggraph(2013) men(10359480) vapesquad(23899)
siggraph(2013) men(10359480) tashasmith(2444)
siggraph(2013) men(10359480) weatcoastvapers(613)
siggraph(2013) men(10359480) ocvapers(112858)
siggraph(2013) men(10359480) vapepix(54812)
siggraph(2013) men(10359480) vapeoftheday(110898)
siggraph(2013) men(10359480) watchoftheday(373303)
siggraph(2013) men(10359480) watches(1968863)
siggraph(2013) men(10359480) vape(3862692)
siggraph(2013) men(10359480) vapelyfe(1761133)
siggraph(2013) men(10359480) watchmaking(39445)
siggraph(2013) men(10359480) hublot(745308)
siggraph(2013) men(10359480) contest(2341608)
siggraph(2013) men(10359480) improof(273658)
siggraph(2013) family(132946225) vest(1190835)
siggraph(2013) family(132946225) movenourishbelieve(353443)
siggraph(2013) family(132946225) shopentourageclothing(3678)
siggraph(2013) family(132946225) 10010314(1)
siggraph(2013) family(132946225) thetrilogy(13979)
siggraph(2013) family(132946225) freecrack3(112)
siggraph(2013) family(132946225) summerstyle(383750)
siggraph(2013) family(132946225) freeshipping(892932)
siggraph(2013) family(132946225) boho(3046065)
siggraph(2013) family(132946225) asiyasafiya(157)
siggraph(2013) family(132946225) activeliving(254501)
siggraph(2013) family(132946225) shop(15550552)
siggraph(2013) family(132946225) yesung(696266)
siggraph(2013) family(132946225) lornajane(385387)
siggraph(2013) family(132946225) ch3party(469)
