ucdavis(130778) insidestuff(3763) wwc(47355)
ucdavis(130778) insidestuff(3763) grandglamor(285)
ucdavis(130778) insidestuff(3763) adoptdontshop(1839117)
ucdavis(130778) insidestuff(3763) vegasnaylashes(1059)
ucdavis(130778) insidestuff(3763) dresses__up(1012)
ucdavis(130778) insidestuff(3763) gucci(15397486)
ucdavis(130778) insidestuff(3763) rescue(2326451)
ucdavis(130778) insidestuff(3763) xgames(323886)
ucdavis(130778) insidestuff(3763) turquoisehunt(99)
ucdavis(130778) insidestuff(3763) freshfacefriday(12375)
ucdavis(130778) insidestuff(3763) mituberos(1089)
ucdavis(130778) insidestuff(3763) minaaa28(810)
ucdavis(130778) insidestuff(3763) ufcart(1063)
ucdavis(130778) insidestuff(3763) vegas_nay(1824321)
ucdavis(130778) insidestuff(3763) ufcink(70)
ucdavis(130778) insidestuff(3763) foster(590682)
ucdavis(130778) insidestuff(3763) soccerdotcom(40538)
ucdavis(130778) wwc(47355) snowboarder(162603)
ucdavis(130778) wwc(47355) gettingit(201067)
ucdavis(130778) wwc(47355) grandglamor(285)
ucdavis(130778) wwc(47355) letsgogetemb(56)
ucdavis(130778) wwc(47355) oops(3316798)
ucdavis(130778) wwc(47355) swimwear(1636573)
ucdavis(130778) wwc(47355) vegasnaylashes(1059)
ucdavis(130778) wwc(47355) wwe(4054808)
ucdavis(130778) wwc(47355) snowboarding(2726224)
ucdavis(130778) wwc(47355) brix(29817)
ucdavis(130778) wwc(47355) repost(127920115)
ucdavis(130778) wwc(47355) wildheart(95303)
ucdavis(130778) wwc(47355) love(920886167)
ucdavis(130778) wwc(47355) hairflip(290271)
ucdavis(130778) wwc(47355) oahu(1567212)
ucdavis(130778) wwc(47355) californiakisses(34752)
ucdavis(130778) wwc(47355) minaaa28(810)
ucdavis(130778) wwc(47355) hairbyglam(372)
ucdavis(130778) wwc(47355) thingsonstrings(564)
ucdavis(130778) wwc(47355) flipagram(12970643)
ucdavis(130778) wwc(47355) hairglam(12647)
ucdavis(130778) wwc(47355) evamarie(77529)
ucdavis(130778) wwc(47355) gotem(428647)
ucdavis(130778) wwc(47355) noshorthair(757)
ucdavis(130778) wwc(47355) vegas_nay(1824334)
ucdavis(130778) wwc(47355) donutcoma(1020)
ucdavis(130778) wwc(47355) thebachelorette(47558)
ucdavis(130778) wwc(47355) nationaldonutday(184741)
ucdavis(130778) wwc(47355) nevaforget(3608)
ucdavis(130778) wwc(47355) dwts(392899)
ucdavis(130778) wwc(47355) allredeverything(188549)
ucdavis(130778) wwc(47355) summer(209572660)
ucdavis(130778) thingsonstrings(564) funniest15seconds(60835)
ucdavis(130778) thingsonstrings(564) dressby(3390)
ucdavis(130778) thingsonstrings(564) itsmycannes(2162)
ucdavis(130778) thingsonstrings(564) proudsister(608855)
ucdavis(130778) thingsonstrings(564) flashback(3801789)
ucdavis(130778) thingsonstrings(564) heyyy(180909)
ucdavis(130778) thingsonstrings(564) lorealparisth(2577)
ucdavis(130778) thingsonstrings(564) oneweekold(56180)
ucdavis(130778) thingsonstrings(564) becausewecannes(13130)
ucdavis(130778) thingsonstrings(564) sophiecarlson(13)
ucdavis(130778) thingsonstrings(564) fiji(896600)
ucdavis(130778) thingsonstrings(564) iwanttobefamous(5155)
ucdavis(130778) thingsonstrings(564) lorealth(1690)
ucdavis(130778) thingsonstrings(564) wheresmydonut(663)
ucdavis(130778) thingsonstrings(564) lorealparismakeup(6213)
ucdavis(130778) thingsonstrings(564) yeswecannes(9933)
ucdavis(130778) thingsonstrings(564) baby(75819276)
ucdavis(130778) thingsonstrings(564) photoby(74103)
ucdavis(130778) thingsonstrings(564) cradle(39393)
ucdavis(130778) thingsonstrings(564) fijipro(5395)
ucdavis(130778) thingsonstrings(564) finger(1188244)
ucdavis(130778) thingsonstrings(564) lorealthailand(7264)
ucdavis(130778) thingsonstrings(564) cannes2015(146863)
ucdavis(130778) thingsonstrings(564) lorealparisthailand(6974)
ucdavis(130778) thingsonstrings(564) somebodygetmeadonut(13)
ucdavis(130778) thingsonstrings(564) lorealparis(151849)
ucdavis(130778) thingsonstrings(564) thuglife(3764421)
ucdavis(130778) thingsonstrings(564) nationaldonutday(184741)
ucdavis(130778) thingsonstrings(564) seewhatididthere(229940)
ucdavis(130778) thingsonstrings(564) lorealparisofficial(1580)
ucdavis(130778) thingsonstrings(564) classicpic(20974)
ucdavis(130778) thingsonstrings(564) salicerose(12403)
ucdavis(130778) thingsonstrings(564) drunkgirlsbeliiiiike(3)
ucdavis(130778) nationaldonutday(184740) ferrari(4908397)
ucdavis(130778) nationaldonutday(184740) repost(127919847)
ucdavis(130778) nationaldonutday(184740) gettingit(201067)
ucdavis(130778) nationaldonutday(184740) hairglam(12647)
ucdavis(130778) nationaldonutday(184740) superwomaninaussie(120)
ucdavis(130778) nationaldonutday(184740) flipagram(12970623)
ucdavis(130778) nationaldonutday(184740) huracan(215626)
ucdavis(130778) nationaldonutday(184740) blessed(43657274)
ucdavis(130778) nationaldonutday(184740) cncsf(546)
ucdavis(130778) nationaldonutday(184740) hairflip(290271)
ucdavis(130778) nationaldonutday(184740) onmywayhomeproject(6105)
ucdavis(130778) nationaldonutday(184740) laquenailbar(35850)
ucdavis(130778) nationaldonutday(184740) 458(485160)
ucdavis(130778) nationaldonutday(184740) aventador(969437)
ucdavis(130778) nationaldonutday(184740) laque(42594)
ucdavis(130778) nationaldonutday(184740) getlaqued(27009)
ucdavis(130778) nationaldonutday(184740) blacklist(1389439)
ucdavis(130778) nationaldonutday(184740) hairbyglam(372)
ucdavis(130778) nationaldonutday(184740) celfie(1040035)
ucdavis(130778) nationaldonutday(184740) yankees(1493039)
ucdavis(130778) nationaldonutday(184740) asiyasafiya(157)
ucdavis(130778) nationaldonutday(184740) evamarie(77529)
ucdavis(130778) nationaldonutday(184740) iisuperwomanii(65556)
ucdavis(130778) nationaldonutday(184740) noshorthair(757)
ucdavis(130778) nationaldonutday(184740) wwe(4054803)
ucdavis(130778) nationaldonutday(184740) letsgogetemb(56)
ucdavis(130778) nationaldonutday(184740) joannaaoran(1020)
ucdavis(130778) nationaldonutday(184740) lamborghini(3022223)
ucdavis(130778) nationaldonutday(184740) oops(3316797)
ucdavis(130778) nationaldonutday(184740) lifeisgood(3774750)
ucdavis(130778) nationaldonutday(184740) lookbookstore(35109)
ucdavis(130778) nationaldonutday(184740) at2ui(10325)
ucdavis(130778) nationaldonutday(184740) allredeverything(188549)
ucdavis(130778) nationaldonutday(184740) speciale(196881)
ucdavis(130778) nationaldonutday(184740) gotem(428646)
ucdavis(130778) identitycrisis(41465) yankees(1493043)
ucdavis(130778) identitycrisis(41465) grandglamor(285)
ucdavis(130778) identitycrisis(41465) vegasnaylashes(1059)
ucdavis(130778) identitycrisis(41465) brix(29817)
ucdavis(130778) identitycrisis(41465) mermaid(2296751)
ucdavis(130778) identitycrisis(41465) bridesmaids(1383269)
ucdavis(130778) identitycrisis(41465) handlelife(92588)
ucdavis(130778) identitycrisis(41465) thingsonstrings(564)
ucdavis(130778) identitycrisis(41465) minaaa28(810)
ucdavis(130778) identitycrisis(41465) iifarocks(1107)
ucdavis(130778) identitycrisis(41465) onmywayhomeproject(6106)
ucdavis(130778) identitycrisis(41465) mandalay(83712)
ucdavis(130778) identitycrisis(41465) vegas_nay(1824334)
ucdavis(130778) identitycrisis(41465) abbodysquad(11955)
ucdavis(130778) identitycrisis(41465) donutcoma(1020)
ucdavis(130778) identitycrisis(41465) kl(1464219)
ucdavis(130778) identitycrisis(41465) myanmar(551176)
ucdavis(130778) identitycrisis(41465) malaysia(9636572)
ucdavis(130778) identitycrisis(41465) whatsmallstepwillyoutaketoday(3)
ucdavis(130778) identitycrisis(41465) nationaldonutday(184741)
ucdavis(130778) identitycrisis(41465) shiamak(8655)
ucdavis(130778) turquoisehunt(99) ireneishungry(21)
ucdavis(130778) turquoisehunt(99) familyfeud(57379)
ucdavis(130778) turquoisehunt(99) 1(32528098)
ucdavis(130778) turquoisehunt(99) ireneislondon(141)
ucdavis(130778) turquoisehunt(99) ootdfash(207942)
ucdavis(130778) turquoisehunt(99) setoftheday(4408)
ucdavis(130778) turquoisehunt(99) summer(209572610)
ucdavis(130778) turquoisehunt(99) wheresmydonut(663)
ucdavis(130778) turquoisehunt(99) californiakisses(34752)
ucdavis(130778) turquoisehunt(99) bodyslam(65387)
ucdavis(130778) turquoisehunt(99) dpnation(1457)
ucdavis(130778) turquoisehunt(99) swimwear(1636571)
ucdavis(130778) turquoisehunt(99) supreme(4323975)
ucdavis(130778) turquoisehunt(99) somebodygetmeadonut(13)
ucdavis(130778) turquoisehunt(99) midoribikinis(11764)
ucdavis(130778) turquoisehunt(99) periscope(34536)
ucdavis(130778) turquoisehunt(99) june21(44955)
ucdavis(130778) turquoisehunt(99) modifiedsociety(116347)
ucdavis(130778) turquoisehunt(99) parisnouvellevague(765)
ucdavis(130778) turquoisehunt(99) renearthwedding(76)
ucdavis(130778) turquoisehunt(99) seewhatididthere(229940)
ucdavis(130778) oneweekold(56180) periscope(34536)
ucdavis(130778) oneweekold(56180) californiakisses(34752)
ucdavis(130778) oneweekold(56180) classicpic(20974)
ucdavis(130778) oneweekold(56180) prettysureihave(22)
ucdavis(130778) oneweekold(56180) wildheart(95303)
ucdavis(130778) oneweekold(56180) muimuimountains(1)
ucdavis(130778) oneweekold(56180) nationaldonutday(184740)
ucdavis(130778) oneweekold(56180) lookbookstore(35109)
ucdavis(130778) oneweekold(56180) flipagram(12970610)
ucdavis(130778) oneweekold(56180) galatasaray(3025959)
ucdavis(130778) oneweekold(56180) salicerose(12402)
ucdavis(130778) oneweekold(56180) drunkgirlsbeliiiiike(3)
ucdavis(130778) oneweekold(56180) nbafinals(586955)
ucdavis(130778) oneweekold(56180) summer(209572348)
ucdavis(130778) oneweekold(56180) swimwear(1636567)
ucdavis(130778) oneweekold(56180) bridesmaids(1383262)
ucdavis(130778) oneweekold(56180) setoftheday(4408)
ucdavis(130778) oneweekold(56180) fridaynightfeet(46)
ucdavis(130778) soccerdotcom(40538) selfish(659381)
ucdavis(130778) soccerdotcom(40538) stunning(6202883)
ucdavis(130778) soccerdotcom(40538) freshfacefriday(12375)
ucdavis(130778) soccerdotcom(40538) film07(318)
ucdavis(130778) soccerdotcom(40538) gucci(15397506)
ucdavis(130778) soccerdotcom(40538) nationaldonutday(184741)
ucdavis(130778) soccerdotcom(40538) thingsonstrings(564)
ucdavis(130778) soccerdotcom(40538) ufcart(1063)
ucdavis(130778) soccerdotcom(40538) miami(22808745)
ucdavis(130778) soccerdotcom(40538) tugstugsbuddy(5)
ucdavis(130778) soccerdotcom(40538) florida(17859050)
ucdavis(130778) soccerdotcom(40538) handlelife(92588)
ucdavis(130778) soccerdotcom(40538) chardlife(102)
ucdavis(130778) soccerdotcom(40538) ufcink(70)
ucdavis(130778) soccerdotcom(40538) donutcoma(1020)
ucdavis(130778) soccerdotcom(40538) yassss(334196)
ucdavis(130778) shredz(948542) dressby(3390)
ucdavis(130778) shredz(948542) liveoutdoors(27353)
ucdavis(130778) shredz(948542) wwc(47355)
ucdavis(130778) shredz(948542) supreme(4323969)
ucdavis(130778) shredz(948542) lorealparisth(2577)
ucdavis(130778) shredz(948542) philly(4437828)
ucdavis(130778) shredz(948542) travel(45884257)
ucdavis(130778) shredz(948542) becausewecannes(13130)
ucdavis(130778) shredz(948542) soccerdotcom(40538)
ucdavis(130778) shredz(948542) lorealparisthailand(6974)
ucdavis(130778) shredz(948542) lorealth(1690)
ucdavis(130778) shredz(948542) lorealparismakeup(6213)
ucdavis(130778) shredz(948542) 4runner(224607)
ucdavis(130778) shredz(948542) onmywayhomeproject(6105)
ucdavis(130778) shredz(948542) houseoflashes(189560)
ucdavis(130778) shredz(948542) auroramakeup(328206)
ucdavis(130778) shredz(948542) keepitwild(265936)
ucdavis(130778) shredz(948542) photoby(74103)
ucdavis(130778) shredz(948542) yeswecannes(9933)
ucdavis(130778) shredz(948542) lorealthailand(7264)
ucdavis(130778) shredz(948542) bamboobar(11104)
ucdavis(130778) shredz(948542) summernights(1661427)
ucdavis(130778) shredz(948542) la(29886342)
ucdavis(130778) shredz(948542) nationaldonutday(184740)
ucdavis(130778) shredz(948542) doseofheaven(77)
ucdavis(130778) shredz(948542) itsmycannes(2162)
ucdavis(130778) shredz(948542) lorealparis(151849)
ucdavis(130778) shredz(948542) doseofcolors(63871)
ucdavis(130778) shredz(948542) adventure(10265932)
ucdavis(130778) shredz(948542) cannes2015(146862)
ucdavis(130778) shredz(948542) iconiclashes(4927)
ucdavis(130778) shredz(948542) maisgabriel(6)
ucdavis(130778) shredz(948542) essentials(466151)
ucdavis(130778) shredz(948542) losangeles(10910578)
ucdavis(130778) shredz(948542) maisnala(1)
ucdavis(130778) shredz(948542) lorealparisofficial(1580)
ucdavis(130778) shredz(948542) pixieluxelashes(1312)
ucdavis(130778) thelword(56760) toobadiloveit(91)
ucdavis(130778) thelword(56760) whoneedscrystalswhenyougotlimes(4)
ucdavis(130778) thelword(56760) hehatespink(131)
ucdavis(130778) thelword(56760) instagoodmyphoto(58509)
ucdavis(130778) thelword(56760) feelinggrateful(46117)
ucdavis(130778) thelword(56760) meltcosmetics(153855)
ucdavis(130778) thelword(56760) oahu(1567213)
ucdavis(130778) thelword(56760) loveyou(36699456)
ucdavis(130778) thelword(56760) foster(590684)
ucdavis(130778) thelword(56760) meltblitzed(2145)
ucdavis(130778) thelword(56760) battleready(21052)
ucdavis(130778) thelword(56760) adoptdontshop(1839127)
ucdavis(130778) thelword(56760) fridaynightfeet(46)
ucdavis(130778) thelword(56760) killercolors(621)
ucdavis(130778) thelword(56760) prettysureihave(22)
ucdavis(130778) thelword(56760) flavorgod(105724)
ucdavis(130778) thelword(56760) xgames2015(4466)
ucdavis(130778) thelword(56760) seeyousoonitaly(220)
ucdavis(130778) thelword(56760) happyfriday(4367759)
ucdavis(130778) thelword(56760) muimuimountains(1)
ucdavis(130778) thelword(56760) rescue(2326460)
ucdavis(130778) sophiecarlson(13) zaknoyle(5374)
ucdavis(130778) sophiecarlson(13) iifarocks(1105)
ucdavis(130778) sophiecarlson(13) mermaid(2296746)
ucdavis(130778) sophiecarlson(13) feelinggrateful(46117)
ucdavis(130778) sophiecarlson(13) seeyousoonitaly(220)
ucdavis(130778) sophiecarlson(13) loveyou(36699410)
ucdavis(130778) sophiecarlson(13) iphone6(4393133)
ucdavis(130778) sophiecarlson(13) nationaldonutday(184740)
ucdavis(130778) sophiecarlson(13) dektay(4314)
ucdavis(130778) sophiecarlson(13) malaysia(9636511)
ucdavis(130778) sophiecarlson(13) renearthwedding(76)
ucdavis(130778) sophiecarlson(13) otas(5542)
ucdavis(130778) sophiecarlson(13) bestvacations(814033)
ucdavis(130778) sophiecarlson(13) dektaysummercollection2015(438)
ucdavis(130778) sophiecarlson(13) nevaforget(3608)
ucdavis(130778) sophiecarlson(13) keeppounding(194884)
ucdavis(130778) sophiecarlson(13) kl(1464211)
ucdavis(130778) sophiecarlson(13) classicpic(20974)
ucdavis(130778) sophiecarlson(13) shiamak(8655)
ucdavis(130778) asiyasafiya(156) justwaitonit(722026)
ucdavis(130778) asiyasafiya(156) karmisforever(5468)
ucdavis(130778) asiyasafiya(156) regram(16149511)
ucdavis(130778) asiyasafiya(156) garotavipsalvador(2624)
ucdavis(130778) asiyasafiya(156) viscabarca(402215)
ucdavis(130778) asiyasafiya(156) fridaynightatthebar(1473)
ucdavis(130778) asiyasafiya(156) brix(29817)
ucdavis(130778) asiyasafiya(156) whoyougot(11507)
ucdavis(130778) asiyasafiya(156) thankyou(12994560)
ucdavis(130778) asiyasafiya(156) doesabearshitinthewoods(2107)
ucdavis(130778) asiyasafiya(156) thirtyisthenewtwenty(5102)
ucdavis(130778) asiyasafiya(156) fridaynight(5937811)
ucdavis(130778) asiyasafiya(156) turquoisehunt(99)
ucdavis(130778) asiyasafiya(156) savelions(19085)
ucdavis(130778) asiyasafiya(156) garotavip(51591)
ucdavis(130778) asiyasafiya(156) doseofcolors(63871)
ucdavis(130778) asiyasafiya(156) dreamincolor(8393)
ucdavis(130778) asiyasafiya(156) supreme(4323975)
ucdavis(130778) asiyasafiya(156) nodaysoff(2678641)
ucdavis(130778) asiyasafiya(156) weareready(72342)
ucdavis(130778) asiyasafiya(156) latenightbrainstorming(193)
ucdavis(130778) asiyasafiya(156) oahu(1567210)
ucdavis(130778) asiyasafiya(156) renearthwedding(76)
ucdavis(130778) donutcoma(1020) yassss(334195)
ucdavis(130778) donutcoma(1020) june21(44955)
ucdavis(130778) donutcoma(1020) opi_products(8105)
ucdavis(130778) donutcoma(1020) familyfeud(57379)
ucdavis(130778) donutcoma(1020) essentials(466151)
ucdavis(130778) donutcoma(1020) yankees(1493039)
ucdavis(130778) donutcoma(1020) terminatorgenisys(8301)
ucdavis(130778) donutcoma(1020) ussagivesback(6)
ucdavis(130778) donutcoma(1020) florida(17859043)
ucdavis(130778) donutcoma(1020) miami(22808732)
ucdavis(130778) donutcoma(1020) chardlife(102)
ucdavis(130778) donutcoma(1020) stunning(6202878)
ucdavis(130778) donutcoma(1020) selfish(659380)
ucdavis(130778) raydonovan(17315) snowboarding(2726224)
ucdavis(130778) raydonovan(17315) dt(33482618)
ucdavis(130778) raydonovan(17315) meltblitzed(2145)
ucdavis(130778) raydonovan(17315) nationaldonutday(184741)
ucdavis(130778) raydonovan(17315) thingsonstrings(564)
ucdavis(130778) raydonovan(17315) instagoodmyphoto(58509)
ucdavis(130778) raydonovan(17315) essentials(466152)
ucdavis(130778) raydonovan(17315) snowboarder(162603)
ucdavis(130778) raydonovan(17315) meltcosmetics(153855)
ucdavis(130778) raydonovan(17315) scooterseason(188)
ucdavis(130778) raydonovan(17315) donutcoma(1020)
ucdavis(130778) raydonovan(17315) zaaponsale(22524)
