amazon(1205864) gardener(134865) stillalongwaytothetop(10)
amazon(1205864) gardener(134865) luxuryworldtraveler(122412)
amazon(1205864) gardener(134865) luxwt(113683)
amazon(1205864) gardener(134865) newzealand(2721538)
amazon(1205864) gardener(134865) illustration(13736574)
amazon(1205864) gardener(134865) valentinyudashkin(5163)
amazon(1205864) gardener(134865) u20wc(1448)
amazon(1205864) gardener(134865) dress(39196041)
amazon(1205864) gardener(134865) crayola(357008)
amazon(1205864) gardener(134865) thefosters(264326)
amazon(1205864) gardener(134865) truthserum(24441)
amazon(1205864) gardener(134865) wedding(36958158)
amazon(1205864) gardener(134865) bigday(531814)
amazon(1205864) gardener(134865) middleearth(193882)
amazon(1205864) gardener(134865) haummmmmmmmmmm(2)
amazon(1205864) gardener(134865) oceanbreakfast(36)
amazon(1205864) gardener(134865) sundayfunday(15176668)
amazon(1205864) gardener(134865) day3(3409983)
amazon(1205864) gardener(134865) fvlifestyle(1627)
amazon(1205864) gardener(134865) nofilterneeded(3096485)
amazon(1205864) omnomnomnom(138294) dae14s(6)
amazon(1205864) omnomnomnom(138294) valentinyudashkin(5163)
amazon(1205864) omnomnomnom(138294) s4(1074123)
amazon(1205864) omnomnomnom(138294) bendho(14)
amazon(1205864) omnomnomnom(138294) tsxc(41131)
amazon(1205864) omnomnomnom(138294) rotation(67289)
amazon(1205864) omnomnomnom(138294) neymar(2292550)
amazon(1205864) omnomnomnom(138294) missyou(10840928)
amazon(1205864) omnomnomnom(138294) bigday(531814)
amazon(1205864) omnomnomnom(138294) americanstyle(136891)
amazon(1205864) omnomnomnom(138294) homework(5896666)
amazon(1205864) omnomnomnom(138294) messi(3382031)
amazon(1205864) omnomnomnom(138294) debocafehuahin(12)
amazon(1205864) omnomnomnom(138294) rozay(176529)
amazon(1205864) omnomnomnom(138294) livinglegend(181507)
amazon(1205864) omnomnomnom(138294) regram(16177016)
amazon(1205864) omnomnomnom(138294) discovernewworld(333)
amazon(1205864) omnomnomnom(138294) 1(32591925)
amazon(1205864) omnomnomnom(138294) day3(3409984)
amazon(1205864) omnomnomnom(138294) dress(39196056)
amazon(1205864) omnomnomnom(138294) fcb_supporters(1177)
amazon(1205864) omnomnomnom(138294) wedding(36958192)
amazon(1205864) omnomnomnom(138294) selfie(281736586)
amazon(1205864) omnomnomnom(138294) goodnight(39947490)
amazon(1205864) omnomnomnom(138294) fcbarcelona(1706976)
amazon(1205864) omnomnomnom(138294) swiftkickz(200025)
amazon(1205864) omnomnomnom(138294) dwmtm(71966)
amazon(1205864) dgmaiolica(140) funny(89663160)
amazon(1205864) dgmaiolica(140) midoribikinis(11913)
amazon(1205864) dgmaiolica(140) vintique(382547)
amazon(1205864) dgmaiolica(140) duffy(420499)
amazon(1205864) dgmaiolica(140) sportsgirl(132739)
amazon(1205864) dgmaiolica(140) fvlifestyle(1627)
amazon(1205864) dgmaiolica(140) haummmmmmmmmmm(2)
amazon(1205864) dgmaiolica(140) walimatulurushanishairul(2367)
amazon(1205864) dgmaiolica(140) behindthescenes(1248712)
amazon(1205864) dgmaiolica(140) disneysea(554150)
amazon(1205864) dgmaiolica(140) lululunthailand(79)
amazon(1205864) dgmaiolica(140) warrenjc(88934)
amazon(1205864) dgmaiolica(140) pinkflowers(145629)
amazon(1205864) dgmaiolica(140) rabu9pmastroria(85)
amazon(1205864) dgmaiolica(140) disneyland(8558189)
amazon(1205864) dgmaiolica(140) vines(877814)
amazon(1205864) ebi(85819) blackmilk(359357)
amazon(1205864) ebi(85819) dgmaiolica(140)
amazon(1205864) ebi(85819) usj(701449)
amazon(1205864) ebi(85819) neymar(2292550)
amazon(1205864) ebi(85819) kenia(63624)
amazon(1205864) ebi(85819) fcbarcelona(1706975)
amazon(1205864) ebi(85819) blackmilkclothing(425939)
amazon(1205864) ebi(85819) messi(3382031)
amazon(1205864) ebi(85819) doll(3597984)
amazon(1205864) ebi(85819) roxyready(2279)
amazon(1205864) ebi(85819) fox(2643155)
amazon(1205864) ebi(85819) yanafisti(2409)
amazon(1205864) ebi(85819) fistilook(3)
amazon(1205864) ebi(85819) samsungultra(2389)
amazon(1205864) ebi(85819) bmgalaxyblueslouchy(2)
amazon(1205864) ebi(85819) fcb_supporters(1177)
amazon(1205864) ebi(85819) pink(74318261)
amazon(1205864) ebi(85819) cupcake(7337922)
amazon(1205864) ebi(85819) dgwomen(7258)
amazon(1205864) ebi(85819) keniabydramaqueen(92)
amazon(1205864) ebi(85819) kenialipsticks(56)
amazon(1205864) bonjour(1640990) hanaootd(70)
amazon(1205864) bonjour(1640990) dgmaiolica(140)
amazon(1205864) bonjour(1640990) dallas(4622386)
amazon(1205864) bonjour(1640990) wego(152402)
amazon(1205864) bonjour(1640990) mens(1157756)
amazon(1205864) bonjour(1640990) ronaldo(2225737)
amazon(1205864) bonjour(1640990) nickandsams(2404)
amazon(1205864) bonjour(1640990) teamlh(53504)
amazon(1205864) bonjour(1640990) nike(45137229)
amazon(1205864) bonjour(1640990) bali(9780354)
amazon(1205864) bonjour(1640990) citybeach(62131)
amazon(1205864) bonjour(1640990) proudlyasian(100)
amazon(1205864) bonjour(1640990) canadiangp(12553)
amazon(1205864) bonjour(1640990) hmphotostudio(29)
amazon(1205864) bonjour(1640990) dgwomen(7258)
amazon(1205864) bonjour(1640990) filipina(958975)
amazon(1205864) bonjour(1640990) ralenwatts(687)
amazon(1205864) bonjour(1640990) model(53742527)
amazon(1205864) bonjour(1640990) inmymakeupchairnow(6692)
amazon(1205864) bonjour(1640990) officialralenwatts(284)
amazon(1205864) goedemorgen(91583) motivation(41887952)
amazon(1205864) goedemorgen(91583) mexico(16359246)
amazon(1205864) goedemorgen(91583) inspiration(33745762)
amazon(1205864) goedemorgen(91583) filming(938877)
amazon(1205864) goedemorgen(91583) fitsporation(846549)
amazon(1205864) goedemorgen(91583) training(21145873)
amazon(1205864) goedemorgen(91583) bajacalifornia(115594)
amazon(1205864) goedemorgen(91583) bonjour(1640990)
amazon(1205864) goedemorgen(91583) workout(45183904)
amazon(1205864) goedemorgen(91583) lostadiotour2015(1105)
amazon(1205864) goedemorgen(91583) series11(3297)
amazon(1205864) goedemorgen(91583) goedemorgen(91583)
amazon(1205864) goedemorgen(91583) baja(378759)
amazon(1205864) goedemorgen(91583) fit(41173153)
amazon(1205864) goedemorgen(91583) healthyfood(6691979)
amazon(1205864) goedemorgen(91583) weightloss(13073202)
amazon(1205864) goedemorgen(91583) yummy(58269493)
amazon(1205864) goedemorgen(91583) buenosdias(3294586)
amazon(1205864) goedemorgen(91583) workinprogress(2091674)
amazon(1205864) goedemorgen(91583) squat(3534075)
amazon(1205864) goedemorgen(91583) sanignaciolagoon(111)
amazon(1205864) goedemorgen(91583) ashishsoni(107)
amazon(1205864) goedemorgen(91583) eathealthy(2117794)
amazon(1205864) goedemorgen(91583) oceanbreakfast(36)
amazon(1205864) goedemorgen(91583) eat(15905448)
amazon(1205864) goedemorgen(91583) fvlifestyle(1627)
amazon(1205864) goedemorgen(91583) healthy(50731371)
amazon(1205864) goedemorgen(91583) la(29941016)
amazon(1205864) goedemorgen(91583) cardiotraining(35066)
amazon(1205864) goedemorgen(91583) fitspo(20761394)
amazon(1205864) goedemorgen(91583) fitness(88347683)
amazon(1205864) goedemorgen(91583) regimeuses(55794)
amazon(1205864) goedemorgen(91583) legs(11922398)
amazon(1205864) goedemorgen(91583) need(7353218)
amazon(1205864) goedemorgen(91583) graywhale(3228)
amazon(1205864) goedemorgen(91583) clean(9034534)
amazon(1205864) goedemorgen(91583) health(26763633)
amazon(1205864) goedemorgen(91583) instafit(11821101)
amazon(1205864) goedemorgen(91583) musculation(420810)
amazon(1205864) goedemorgen(91583) eatclean(23344722)
amazon(1205864) goedemorgen(91583) lunch(27593756)
amazon(1205864) goedemorgen(91583) yanafisti(2409)
amazon(1205864) goedemorgen(91583) breakfast(38956243)
amazon(1205864) goedemorgen(91583) fitfam(25106508)
amazon(1205864) goedemorgen(91583) workhard(6657230)
amazon(1205864) goedemorgen(91583) gopies(56626)
amazon(1205864) goedemorgen(91583) haummmmmmmmmmm(2)
amazon(1205864) goedemorgen(91583) iifa2015(9327)
amazon(1205864) goedemorgen(91583) reequilibragealimentaire(296627)
amazon(1205864) goedemorgen(91583) tb(46268475)
amazon(1205864) goedemorgen(91583) fistilook(3)
amazon(1205864) goedemorgen(91583) summerbody(989716)
amazon(1205864) goedemorgen(91583) geordieshore(289128)
amazon(1205864) sportsgirl(132739) jumpman23(488250)
amazon(1205864) sportsgirl(132739) the_perfect_pair(333975)
amazon(1205864) sportsgirl(132739) teamkof(62097)
amazon(1205864) sportsgirl(132739) wiggins(34221)
amazon(1205864) sportsgirl(132739) giambattistavallix7fam(354)
amazon(1205864) sportsgirl(132739) ebi(85819)
amazon(1205864) sportsgirl(132739) s4(1074123)
amazon(1205864) sportsgirl(132739) backtoreality(522790)
amazon(1205864) sportsgirl(132739) warrenjc(88934)
amazon(1205864) sportsgirl(132739) project193(13322)
amazon(1205864) sportsgirl(132739) publishbrand(37706)
amazon(1205864) sportsgirl(132739) rotation(67289)
amazon(1205864) sportsgirl(132739) pinkflowers(145629)
amazon(1205864) sportsgirl(132739) rozay(176529)
amazon(1205864) sportsgirl(132739) hufftakeover(774)
amazon(1205864) sportsgirl(132739) solenation(1429770)
amazon(1205864) sportsgirl(132739) sportsgirl(132739)
amazon(1205864) sportsgirl(132739) solecollector(3679664)
amazon(1205864) sportsgirl(132739) anamikakhanna(2810)
amazon(1205864) sportsgirl(132739) all(15193177)
amazon(1205864) sportsgirl(132739) loves(4561547)
amazon(1205864) sportsgirl(132739) rabu9pmastroria(85)
amazon(1205864) sportsgirl(132739) livinglegend(181507)
amazon(1205864) sportsgirl(132739) theuncommonthread(57207)
amazon(1205864) sportsgirl(132739) atribecf(106972)
amazon(1205864) sportsgirl(132739) 1(32591919)
amazon(1205864) sportsgirl(132739) nike(45137242)
amazon(1205864) sportsgirl(132739) kaytureonthego(7970)
amazon(1205864) sportsgirl(132739) crepprotect(9141)
amazon(1205864) sportsgirl(132739) theroyalg(42252)
amazon(1205864) sportsgirl(132739) behindthescenes(1248712)
amazon(1205864) sportsgirl(132739) london(36696105)
amazon(1205864) sportsgirl(132739) thisislondon(286836)
amazon(1205864) sportsgirl(132739) kl(1435756)
amazon(1205864) sportsgirl(132739) you(41475790)
amazon(1205864) sportsgirl(132739) walimatulurushanishairul(2367)
amazon(1205864) sportsgirl(132739) velopark(7269)
amazon(1205864) sportsgirl(132739) farmersmarkethawaii(96558)
amazon(1205864) sportsgirl(132739) malaysia(9656448)
amazon(1205864) sportsgirl(132739) gopies(56626)
amazon(1205864) sportsgirl(132739) dwmtm(71966)
amazon(1205864) sportsgirl(132739) iifa2015(9327)
amazon(1205864) sportsgirl(132739) barrel(409073)
amazon(1205864) sportsgirl(132739) nicekicks(3954431)
amazon(1205864) sportsgirl(132739) kicksonfire(4172455)
amazon(1205864) thefosters(264326) robertocavallieditorials(313)
amazon(1205864) thefosters(264326) perfectsundaynight(6202)
amazon(1205864) thefosters(264326) itsstillmagical(36)
amazon(1205864) thefosters(264326) dae14s(6)
amazon(1205864) thefosters(264326) anninbarcelona(10)
amazon(1205864) thefosters(264326) duffy(420499)
amazon(1205864) thefosters(264326) sportsgirl(132739)
amazon(1205864) thefosters(264326) swiftkickz(200025)
amazon(1205864) thefosters(264326) barrefaeli(23955)
amazon(1205864) thefosters(264326) bendho(14)
amazon(1205864) thefosters(264326) behindthescenes(1248712)
amazon(1205864) thefosters(264326) sixpack(5901020)
amazon(1205864) thefosters(264326) disneyland(8558186)
amazon(1205864) thefosters(264326) disneysea(554150)
amazon(1205864) thefosters(264326) robertocavalliss15(1851)
amazon(1205864) thefosters(264326) fox(2643153)
amazon(1205864) thefosters(264326) tsxc(41131)
amazon(1205864) thefosters(264326) fitness(88347666)
amazon(1205864) thefosters(264326) ellebelgique(1971)
amazon(1205864) loves(4561547) riva(145405)
amazon(1205864) loves(4561547) hanaootd(70)
amazon(1205864) loves(4561547) picoftheday(233044732)
amazon(1205864) loves(4561547) igramfame(52)
amazon(1205864) loves(4561547) amazing(173095939)
amazon(1205864) loves(4561547) airplanecuddlebuddy(5)
amazon(1205864) loves(4561547) cute(339384858)
amazon(1205864) loves(4561547) igers(187930274)
amazon(1205864) loves(4561547) followme(328901429)
amazon(1205864) loves(4561547) swag(170793514)
amazon(1205864) loves(4561547) pictureoftheday(13079663)
amazon(1205864) loves(4561547) lornajane(385264)
amazon(1205864) loves(4561547) igramglamour(16)
amazon(1205864) loves(4561547) like4like(234164523)
amazon(1205864) loves(4561547) matchday(394357)
amazon(1205864) loves(4561547) wego(152402)
amazon(1205864) loves(4561547) hollywood(8154316)
amazon(1205864) loves(4561547) movenourishbelieve(353872)
amazon(1205864) loves(4561547) pinkflowers(145629)
amazon(1205864) loves(4561547) instadaily(203996943)
amazon(1205864) loves(4561547) dreams(9440509)
amazon(1205864) loves(4561547) fun(217839763)
amazon(1205864) loves(4561547) likeforfollow(30566420)
amazon(1205864) loves(4561547) issademar(3395)
amazon(1205864) loves(4561547) me(377153839)
amazon(1205864) loves(4561547) actor(4074725)
amazon(1205864) loves(4561547) asian(21647496)
amazon(1205864) loves(4561547) robertocavalliss15(1851)
amazon(1205864) loves(4561547) activeliving(255303)
amazon(1205864) loves(4561547) follow(340074313)
amazon(1205864) loves(4561547) regram(16177016)
amazon(1205864) loves(4561547) new(63255545)
amazon(1205864) loves(4561547) barrefaeli(23955)
amazon(1205864) loves(4561547) dope(17087064)
amazon(1205864) loves(4561547) summer(210467427)
amazon(1205864) loves(4561547) roamoorea(119)
amazon(1205864) loves(4561547) ulzzang(1831976)
amazon(1205864) loves(4561547) hrithik(17410)
amazon(1205864) loves(4561547) perfectvideos(9893)
amazon(1205864) loves(4561547) hrithikroshan(83312)
amazon(1205864) loves(4561547) photooftheday(321000971)
amazon(1205864) loves(4561547) love(922767783)
amazon(1205864) loves(4561547) beautiful(292135136)
amazon(1205864) loves(4561547) ellebelgique(1971)
amazon(1205864) loves(4561547) bulgaria(1095220)
amazon(1205864) loves(4561547) happy(305928393)
amazon(1205864) loves(4561547) robertocavallieditorials(313)
amazon(1205864) loves(4561547) bollywood(1769361)
amazon(1205864) loves(4561547) instalike(190105820)
amazon(1205864) loves(4561547) tflers(169781904)
amazon(1205864) loves(4561547) tagsforlikesapp(6016817)
amazon(1205864) loves(4561547) smile(225124187)
amazon(1205864) loves(4561547) millitakim(10268)
amazon(1205864) loves(4561547) bestoftheday(151565701)
amazon(1205864) loves(4561547) guy(17300112)
amazon(1205864) loves(4561547) instagood(423168334)
amazon(1205864) loves(4561547) korean(9230323)
amazon(1205864) loves(4561547) fashion(221129683)
amazon(1205864) buenosdias(3294586) hanaootd(70)
amazon(1205864) buenosdias(3294586) sportsgirl(132739)
amazon(1205864) buenosdias(3294586) instafit(11821102)
amazon(1205864) buenosdias(3294586) behindthescenes(1248712)
amazon(1205864) buenosdias(3294586) robertocavalliss15(1851)
amazon(1205864) buenosdias(3294586) fitsporation(846549)
amazon(1205864) buenosdias(3294586) fit(41173151)
amazon(1205864) buenosdias(3294586) dgmaiolica(140)
amazon(1205864) buenosdias(3294586) fcbarcelona(1706972)
amazon(1205864) buenosdias(3294586) braptube(11441)
amazon(1205864) buenosdias(3294586) wego(152402)
amazon(1205864) buenosdias(3294586) inspiration(33745760)
amazon(1205864) buenosdias(3294586) vegas_nay(1821896)
amazon(1205864) buenosdias(3294586) doseofheaven(80)
amazon(1205864) buenosdias(3294586) doseofcolors(64210)
amazon(1205864) buenosdias(3294586) sixpack(5901023)
amazon(1205864) buenosdias(3294586) fitness(88347677)
amazon(1205864) buenosdias(3294586) lunch(27593754)
amazon(1205864) buenosdias(3294586) legs(11922399)
amazon(1205864) buenosdias(3294586) workout(45183901)
amazon(1205864) buenosdias(3294586) breakfast(38956243)
amazon(1205864) buenosdias(3294586) squat(3534075)
amazon(1205864) buenosdias(3294586) reequilibragealimentaire(296627)
amazon(1205864) buenosdias(3294586) fitfam(25106505)
amazon(1205864) buenosdias(3294586) eathealthy(2117794)
amazon(1205864) buenosdias(3294586) eat(15905448)
amazon(1205864) buenosdias(3294586) yummy(58269490)
amazon(1205864) buenosdias(3294586) barrefaeli(23955)
amazon(1205864) buenosdias(3294586) workhard(6657229)
amazon(1205864) buenosdias(3294586) regimeuses(55794)
amazon(1205864) buenosdias(3294586) healthyfood(6691978)
amazon(1205864) buenosdias(3294586) clean(9034534)
amazon(1205864) buenosdias(3294586) training(21145871)
amazon(1205864) buenosdias(3294586) fitness(88347675)
amazon(1205864) buenosdias(3294586) cardiotraining(35066)
amazon(1205864) buenosdias(3294586) health(26763631)
amazon(1205864) buenosdias(3294586) weightloss(13073201)
amazon(1205864) buenosdias(3294586) musculation(420810)
amazon(1205864) buenosdias(3294586) fcb_supporters(1177)
amazon(1205864) buenosdias(3294586) sportbikelife(35114)
amazon(1205864) buenosdias(3294586) ellebelgique(1971)
amazon(1205864) buenosdias(3294586) messi(3382028)
amazon(1205864) buenosdias(3294586) fitspo(20761393)
amazon(1205864) buenosdias(3294586) summerbody(989716)
amazon(1205864) buenosdias(3294586) robertocavallieditorials(313)
amazon(1205864) buenosdias(3294586) dgwomen(7258)
amazon(1205864) buenosdias(3294586) healthy(50731368)
amazon(1205864) buenosdias(3294586) eatclean(23344720)
amazon(1205864) buenosdias(3294586) neymar(2292549)
amazon(1205864) buenosdias(3294586) gopro(11868042)
amazon(1205864) buenosdias(3294586) motivation(41887948)
amazon(1205864) rottnestisland(28845) happy(305928421)
amazon(1205864) rottnestisland(28845) baseyourlife(27)
amazon(1205864) rottnestisland(28845) ourfollowers(481)
amazon(1205864) rottnestisland(28845) fitsporation(846549)
amazon(1205864) rottnestisland(28845) workhard(6657233)
amazon(1205864) rottnestisland(28845) training(21145889)
amazon(1205864) rottnestisland(28845) fitfam(25106541)
amazon(1205864) rottnestisland(28845) inspiration(33745780)
amazon(1205864) rottnestisland(28845) summerbody(989719)
amazon(1205864) rottnestisland(28845) buildyourbasebody(210)
amazon(1205864) rottnestisland(28845) clean(9034539)
amazon(1205864) rottnestisland(28845) beyondonescapability(1)
amazon(1205864) rottnestisland(28845) nike(45137253)
amazon(1205864) rottnestisland(28845) strong(17843977)
amazon(1205864) rottnestisland(28845) monday(15262768)
amazon(1205864) rottnestisland(28845) yummy(58269501)
amazon(1205864) rottnestisland(28845) fitspo(20761407)
amazon(1205864) rottnestisland(28845) eat(15905459)
amazon(1205864) rottnestisland(28845) squat(3534080)
amazon(1205864) rottnestisland(28845) breakfast(38956246)
amazon(1205864) rottnestisland(28845) goodnight(39947492)
amazon(1205864) rottnestisland(28845) 2015(27118521)
amazon(1205864) rottnestisland(28845) staytuned(1109126)
amazon(1205864) rottnestisland(28845) legs(11922405)
amazon(1205864) rottnestisland(28845) basebodybabeslove(636)
amazon(1205864) rottnestisland(28845) workout(45183936)
amazon(1205864) rottnestisland(28845) shoes(51247827)
amazon(1205864) rottnestisland(28845) personaltrainers(63743)
amazon(1205864) rottnestisland(28845) mynameisnapat(22984)
amazon(1205864) rottnestisland(28845) fit(41173189)
amazon(1205864) rottnestisland(28845) motivation(41887987)
amazon(1205864) rottnestisland(28845) instafit(11821122)
amazon(1205864) rottnestisland(28845) cardiotraining(35066)
amazon(1205864) rottnestisland(28845) lunch(27593762)
amazon(1205864) rottnestisland(28845) selfie(281736600)
amazon(1205864) rottnestisland(28845) regimeuses(55794)
amazon(1205864) rottnestisland(28845) healthy(50731400)
amazon(1205864) rottnestisland(28845) love(922767863)
amazon(1205864) rottnestisland(28845) eatclean(23344742)
amazon(1205864) rottnestisland(28845) buildabasebody(656)
amazon(1205864) rottnestisland(28845) musculation(420810)
amazon(1205864) rottnestisland(28845) you(41475800)
amazon(1205864) rottnestisland(28845) healthyfood(6691989)
amazon(1205864) rottnestisland(28845) fitness(88347747)
amazon(1205864) rottnestisland(28845) 500k(20541)
amazon(1205864) rottnestisland(28845) fit(41173190)
amazon(1205864) rottnestisland(28845) health(26763649)
amazon(1205864) rottnestisland(28845) eathealthy(2117794)
amazon(1205864) rottnestisland(28845) weightloss(13073212)
amazon(1205864) rottnestisland(28845) basebodybabes(2063)
amazon(1205864) rottnestisland(28845) roxyready(2279)
amazon(1205864) rottnestisland(28845) reequilibragealimentaire(296628)
amazon(1205864) rottnestisland(28845) sotd(1049902)
amazon(1205864) rottnestisland(28845) fendi(9500637)
amazon(1205864) rottnestisland(28845) karlito(36345)
amazon(1205864) kaytureonthego(7970) sunsetbeach(177847)
amazon(1205864) kaytureonthego(7970) omnomnomnom(138294)
amazon(1205864) kaytureonthego(7970) nice(78092498)
amazon(1205864) kaytureonthego(7970) company(1278826)
amazon(1205864) kaytureonthego(7970) place(9134055)
amazon(1205864) kaytureonthego(7970) hamptons(474268)
amazon(1205864) kaytureonthego(7970) messi(3382029)
amazon(1205864) kaytureonthego(7970) grizzlygang(168748)
amazon(1205864) kaytureonthego(7970) restaurant(6807253)
amazon(1205864) kaytureonthego(7970) wine(16063797)
amazon(1205864) kaytureonthego(7970) beach(82817836)
amazon(1205864) kaytureonthego(7970) astyle4you(2939)
amazon(1205864) kaytureonthego(7970) beautiful(292135065)
amazon(1205864) kaytureonthego(7970) fcbarcelona(1706973)
amazon(1205864) kaytureonthego(7970) americanstyle(136891)
amazon(1205864) kaytureonthego(7970) rose(12896997)
amazon(1205864) kaytureonthego(7970) good(60364053)
amazon(1205864) kaytureonthego(7970) galaxys6(65040)
amazon(1205864) kaytureonthego(7970) shelterisland(42964)
amazon(1205864) kaytureonthego(7970) ashishsoni(107)
amazon(1205864) kaytureonthego(7970) andrebalazs(752)
amazon(1205864) kaytureonthego(7970) midoribikinis(11913)
amazon(1205864) kaytureonthego(7970) sixpack(5901027)
amazon(1205864) kaytureonthego(7970) fcb_supporters(1177)
amazon(1205864) kaytureonthego(7970) dangelo(64534)
amazon(1205864) kaytureonthego(7970) teamlh(53504)
amazon(1205864) kaytureonthego(7970) yanafisti(2409)
amazon(1205864) kaytureonthego(7970) neymar(2292550)
amazon(1205864) kaytureonthego(7970) fistilook(3)
amazon(1205864) kaytureonthego(7970) maxwell(209951)
amazon(1205864) kaytureonthego(7970) superclean(38162)
amazon(1205864) kaytureonthego(7970) neosoul(109130)
amazon(1205864) kaytureonthego(7970) canadiangp(12553)
amazon(1205864) kaytureonthego(7970) fitness(88347697)
amazon(1205864) kaytureonthego(7970) fire(13921921)
amazon(1205864) kaytureonthego(7970) moment(11699150)
amazon(1205864) kaytureonthego(7970) iifa2015(9327)
amazon(1205864) thewanteddenim(3299) gopro(11868050)
amazon(1205864) thewanteddenim(3299) usj(701449)
amazon(1205864) thewanteddenim(3299) model(53742547)
amazon(1205864) thewanteddenim(3299) nickandsams(2404)
amazon(1205864) thewanteddenim(3299) ebi(85819)
amazon(1205864) thewanteddenim(3299) pink(74318267)
amazon(1205864) thewanteddenim(3299) loves(4561548)
amazon(1205864) thewanteddenim(3299) fender(1291827)
amazon(1205864) thewanteddenim(3299) yanafisti(2409)
amazon(1205864) thewanteddenim(3299) fistilook(3)
amazon(1205864) thewanteddenim(3299) samsungultra(2389)
amazon(1205864) thewanteddenim(3299) countrysummerca(82)
amazon(1205864) thewanteddenim(3299) all(15193178)
amazon(1205864) thewanteddenim(3299) dallas(4622388)
amazon(1205864) thewanteddenim(3299) you(41475800)
amazon(1205864) thewanteddenim(3299) mmtfdinjapan(161)
amazon(1205864) thewanteddenim(3299) cupcake(7337922)
amazon(1205864) thewanteddenim(3299) ralenwatts(687)
amazon(1205864) thewanteddenim(3299) tb(46268512)
amazon(1205864) thewanteddenim(3299) officialralenwatts(284)
amazon(1205864) behindthescenes(1248712) fitness(88347717)
amazon(1205864) behindthescenes(1248712) robertocavalliss15(1851)
amazon(1205864) behindthescenes(1248712) fitsporation(846549)
amazon(1205864) behindthescenes(1248712) workhard(6657233)
amazon(1205864) behindthescenes(1248712) barrefaeli(23955)
amazon(1205864) behindthescenes(1248712) baristaexpress(439)
amazon(1205864) behindthescenes(1248712) s4(1074123)
amazon(1205864) behindthescenes(1248712) eatclean(23344735)
amazon(1205864) behindthescenes(1248712) peoplescreatives(865014)
amazon(1205864) behindthescenes(1248712) eat(15905454)
amazon(1205864) behindthescenes(1248712) legs(11922402)
amazon(1205864) behindthescenes(1248712) grizzlygang(168748)
amazon(1205864) behindthescenes(1248712) ootd(63251136)
amazon(1205864) behindthescenes(1248712) rotation(67289)
amazon(1205864) behindthescenes(1248712) lotd(1657990)
amazon(1205864) behindthescenes(1248712) familyfirst(4524326)
amazon(1205864) behindthescenes(1248712) workout(45183921)
amazon(1205864) behindthescenes(1248712) instafit(11821109)
amazon(1205864) behindthescenes(1248712) lunch(27593758)
amazon(1205864) behindthescenes(1248712) hoodyakovproduction(292)
amazon(1205864) behindthescenes(1248712) yesung(699393)
amazon(1205864) behindthescenes(1248712) tb(46268500)
amazon(1205864) behindthescenes(1248712) happymonday(2481353)
amazon(1205864) behindthescenes(1248712) blessed(43769384)
amazon(1205864) behindthescenes(1248712) training(21145880)
amazon(1205864) behindthescenes(1248712) mondaysnoozeday(29)
amazon(1205864) behindthescenes(1248712) breakfast(38956243)
amazon(1205864) behindthescenes(1248712) smartwaffle(56)
amazon(1205864) behindthescenes(1248712) reequilibragealimentaire(296627)
amazon(1205864) behindthescenes(1248712) healthy(50731385)
amazon(1205864) behindthescenes(1248712) musculation(420810)
amazon(1205864) behindthescenes(1248712) snowboarding(2709734)
amazon(1205864) behindthescenes(1248712) barrel(409073)
amazon(1205864) behindthescenes(1248712) rozay(176529)
amazon(1205864) behindthescenes(1248712) weightloss(13073209)
amazon(1205864) behindthescenes(1248712) livinglegend(181507)
amazon(1205864) behindthescenes(1248712) mthood(222961)
amazon(1205864) behindthescenes(1248712) summerbody(989717)
amazon(1205864) behindthescenes(1248712) yummy(58269499)
amazon(1205864) behindthescenes(1248712) cardiotraining(35066)
amazon(1205864) behindthescenes(1248712) video(12282589)
amazon(1205864) behindthescenes(1248712) regimeuses(55794)
amazon(1205864) behindthescenes(1248712) fit(41173173)
amazon(1205864) behindthescenes(1248712) motivation(41887970)
amazon(1205864) behindthescenes(1248712) fitspo(20761398)
amazon(1205864) behindthescenes(1248712) snowboarder(162977)
amazon(1205864) behindthescenes(1248712) clean(9034537)
amazon(1205864) behindthescenes(1248712) tregiorni_di_matrimonio(251)
amazon(1205864) behindthescenes(1248712) superclean(38162)
amazon(1205864) behindthescenes(1248712) fitfam(25106526)
amazon(1205864) behindthescenes(1248712) ellebelgique(1971)
amazon(1205864) behindthescenes(1248712) subdued(58851)
amazon(1205864) behindthescenes(1248712) healthyfood(6691983)
amazon(1205864) behindthescenes(1248712) symmetrybreakfast(2869)
amazon(1205864) behindthescenes(1248712) robertocavallieditorials(313)
amazon(1205864) behindthescenes(1248712) eathealthy(2117794)
amazon(1205864) behindthescenes(1248712) subduedstyle(1332)
amazon(1205864) behindthescenes(1248712) dwmtm(71966)
amazon(1205864) behindthescenes(1248712) mandrikandvolkova_wedding(599)
amazon(1205864) behindthescenes(1248712) inspiration(33745770)
amazon(1205864) behindthescenes(1248712) 1(32591919)
amazon(1205864) behindthescenes(1248712) squat(3534077)
amazon(1205864) behindthescenes(1248712) health(26763643)
amazon(1205864) breakfast(38956240) sunsetbeach(177847)
amazon(1205864) breakfast(38956240) moment(11699150)
amazon(1205864) breakfast(38956240) blackmilk(359357)
amazon(1205864) breakfast(38956240) company(1278826)
amazon(1205864) breakfast(38956240) robertocavalliss15(1851)
amazon(1205864) breakfast(38956240) biggerthan(3730)
amazon(1205864) breakfast(38956240) barrefaeli(23955)
amazon(1205864) breakfast(38956240) place(9134055)
amazon(1205864) breakfast(38956240) hamptons(474268)
amazon(1205864) breakfast(38956240) allincle(70889)
amazon(1205864) breakfast(38956240) restaurant(6807253)
amazon(1205864) breakfast(38956240) kutasunset(464)
amazon(1205864) breakfast(38956240) wine(16063795)
amazon(1205864) breakfast(38956240) beautiful(292135051)
amazon(1205864) breakfast(38956240) blackmilkclothing(425939)
amazon(1205864) breakfast(38956240) beach(82817824)
amazon(1205864) breakfast(38956240) galaxys6(65040)
amazon(1205864) breakfast(38956240) shelterisland(42964)
amazon(1205864) breakfast(38956240) andrebalazs(752)
amazon(1205864) breakfast(38956240) oceanbreakfast(36)
amazon(1205864) breakfast(38956240) nice(78092496)
amazon(1205864) breakfast(38956240) good(60364053)
amazon(1205864) breakfast(38956240) mens(1157757)
amazon(1205864) breakfast(38956240) citybeach(62131)
amazon(1205864) breakfast(38956240) rose(12896996)
amazon(1205864) breakfast(38956240) bmgalaxyblueslouchy(2)
amazon(1205864) breakfast(38956240) mykonos(811097)
amazon(1205864) breakfast(38956240) ellebelgique(1971)
amazon(1205864) breakfast(38956240) fire(13921921)
amazon(1205864) breakfast(38956240) robertocavallieditorials(313)
amazon(1205864) breakfast(38956240) roxyready(2279)
amazon(1205864) breakfast(38956240) 3morewins(3112)
amazon(1205864) breakfast(38956240) nike(45137232)
amazon(1205864) breakfast(38956240) latergram(21764722)
amazon(1205864) breakfast(38956240) warrenjc(88933)
amazon(1205864) itsjudyslife(18738) sunsetbeach(177847)
amazon(1205864) itsjudyslife(18738) moment(11699150)
amazon(1205864) itsjudyslife(18738) lookbookstore(35282)
amazon(1205864) itsjudyslife(18738) company(1278826)
amazon(1205864) itsjudyslife(18738) twohands(89349)
amazon(1205864) itsjudyslife(18738) jjome(9)
amazon(1205864) itsjudyslife(18738) fire(13921919)
amazon(1205864) itsjudyslife(18738) ebi(85819)
amazon(1205864) itsjudyslife(18738) beach(82817813)
amazon(1205864) itsjudyslife(18738) place(9134055)
amazon(1205864) itsjudyslife(18738) hamptons(474268)
amazon(1205864) itsjudyslife(18738) givemetwohands(1)
amazon(1205864) itsjudyslife(18738) you(41475788)
amazon(1205864) itsjudyslife(18738) nice(78092491)
amazon(1205864) itsjudyslife(18738) rose(12896994)
amazon(1205864) itsjudyslife(18738) countrysummerca(82)
amazon(1205864) itsjudyslife(18738) astyle4you(2939)
amazon(1205864) itsjudyslife(18738) fender(1291826)
amazon(1205864) itsjudyslife(18738) fox(2643154)
amazon(1205864) itsjudyslife(18738) missyou(10840924)
amazon(1205864) itsjudyslife(18738) loves(4561547)
amazon(1205864) itsjudyslife(18738) shelterisland(42964)
amazon(1205864) itsjudyslife(18738) restaurant(6807252)
amazon(1205864) itsjudyslife(18738) debocafehuahin(12)
amazon(1205864) itsjudyslife(18738) waitasec(2006)
amazon(1205864) itsjudyslife(18738) andrebalazs(752)
amazon(1205864) itsjudyslife(18738) thewanteddenim(3299)
amazon(1205864) itsjudyslife(18738) beautiful(292135025)
amazon(1205864) itsjudyslife(18738) sit(565726)
amazon(1205864) itsjudyslife(18738) good(60364046)
amazon(1205864) itsjudyslife(18738) sweet(59744558)
amazon(1205864) itsjudyslife(18738) wine(16063794)
amazon(1205864) itsjudyslife(18738) peoplescreatives(865013)
amazon(1205864) itsjudyslife(18738) beautiful(292135020)
amazon(1205864) itsjudyslife(18738) all(15193175)
amazon(1205864) itsjudyslife(18738) hand(6603535)
amazon(1205864) juliannabear(12224) happymonday(2481346)
amazon(1205864) juliannabear(12224) monday(15262724)
amazon(1205864) juliannabear(12224) selfie(281736438)
amazon(1205864) juliannabear(12224) geazy(167872)
amazon(1205864) juliannabear(12224) motivation(41887945)
amazon(1205864) juliannabear(12224) hufftakeover(774)
amazon(1205864) juliannabear(12224) velopark(7269)
amazon(1205864) juliannabear(12224) workinprogress(2091674)
amazon(1205864) juliannabear(12224) london(36696095)
amazon(1205864) juliannabear(12224) goodnight(39947476)
amazon(1205864) juliannabear(12224) walimatulurushanishairul(2367)
amazon(1205864) juliannabear(12224) tb(46268468)
amazon(1205864) juliannabear(12224) thisislondon(286836)
amazon(1205864) juliannabear(12224) wiggins(34221)
amazon(1205864) juliannabear(12224) honesty(939127)
amazon(1205864) juliannabear(12224) lostadiotour2015(1105)
amazon(1205864) juliannabear(12224) rabu9pmastroria(85)
amazon(1205864) juliannabear(12224) mynameisnapat(22984)
amazon(1205864) dgwomen(7258) beat(3439134)
amazon(1205864) dgwomen(7258) supplied(209840)
amazon(1205864) dgwomen(7258) thetrilogy(14004)
amazon(1205864) dgwomen(7258) filipina(958974)
amazon(1205864) dgwomen(7258) feels(2012591)
amazon(1205864) dgwomen(7258) getsupplied(1872)
amazon(1205864) dgwomen(7258) yesung(699393)
amazon(1205864) dgwomen(7258) inmymakeupchairnow(6692)
amazon(1205864) dgwomen(7258) 2(24380642)
amazon(1205864) dgwomen(7258) freecrack3(177)
amazon(1205864) dgwomen(7258) vegas_nay(1821897)
amazon(1205864) dgwomen(7258) samsungultra(2389)
amazon(1205864) dgwomen(7258) proudlyasian(100)
amazon(1205864) all(15193175) blonde(31239514)
amazon(1205864) all(15193175) mercedesbenz(1426394)
amazon(1205864) all(15193175) ebi(85819)
amazon(1205864) all(15193175) motivation(41887983)
amazon(1205864) all(15193175) grizzlygang(168748)
amazon(1205864) all(15193175) stancenation(2145213)
amazon(1205864) all(15193175) pinkflowers(145629)
amazon(1205864) all(15193175) blacklist(1382690)
amazon(1205864) all(15193175) gts(465132)
amazon(1205864) all(15193175) amg(2081056)
amazon(1205864) all(15193175) loves(4561547)
amazon(1205864) all(15193175) peoplescreatives(865015)
amazon(1205864) all(15193175) honesty(939127)
amazon(1205864) all(15193175) iphone5s(3061468)
amazon(1205864) all(15193175) edition1(8993)
amazon(1205864) all(15193175) you(41475798)
amazon(1205864) all(15193175) gardener(134865)
amazon(1205864) all(15193175) geazy(167871)
amazon(1205864) all(15193175) superclean(38162)
amazon(1205864) all(15193175) itsjudyslife(18738)
amazon(1205864) all(15193175) juliannabear(12224)
amazon(1205864) all(15193175) daretozlatan(68756)
amazon(1205864) all(15193175) harleyquin(15229)
amazon(1205864) all(15193175) afro(1717775)
amazon(1205864) all(15193175) all(15193179)
amazon(1205864) you(41475787) hrithikroshan(83312)
amazon(1205864) you(41475787) hollywood(8154319)
amazon(1205864) you(41475787) igramfame(52)
amazon(1205864) you(41475787) hanaootd(70)
amazon(1205864) you(41475787) pictureoftheday(13079663)
amazon(1205864) you(41475787) igramglamour(16)
amazon(1205864) you(41475787) warrenjc(88934)
amazon(1205864) you(41475787) wego(152402)
amazon(1205864) you(41475787) bollywood(1769361)
amazon(1205864) you(41475787) actor(4074725)
amazon(1205864) you(41475787) vintique(382547)
amazon(1205864) you(41475787) mens(1157758)
amazon(1205864) you(41475787) sixpack(5901030)
amazon(1205864) you(41475787) doll(3597984)
amazon(1205864) you(41475787) nike(45137242)
amazon(1205864) you(41475787) fitness(88347729)
amazon(1205864) you(41475787) regram(16177016)
amazon(1205864) you(41475787) citybeach(62131)
amazon(1205864) you(41475787) hrithik(17410)
amazon(1205864) you(41475787) homework(5896666)
amazon(1205864) you(41475787) dreams(9440508)
amazon(1205864) you(41475787) keniabydramaqueen(92)
amazon(1205864) you(41475787) kenialipsticks(56)
amazon(1205864) you(41475787) perfectvideos(9893)
amazon(1205864) you(41475787) virgovibes(350)
amazon(1205864) you(41475787) kenia(63624)
amazon(1205864) giambattistavallix7fam(354) hanaootd(70)
amazon(1205864) giambattistavallix7fam(354) breakfast(38956245)
amazon(1205864) giambattistavallix7fam(354) inspiration(33745768)
amazon(1205864) giambattistavallix7fam(354) health(26763638)
amazon(1205864) giambattistavallix7fam(354) workhard(6657231)
amazon(1205864) giambattistavallix7fam(354) yummy(58269497)
amazon(1205864) giambattistavallix7fam(354) fit(41173164)
amazon(1205864) giambattistavallix7fam(354) wego(152402)
amazon(1205864) giambattistavallix7fam(354) beingfatandawesome(13)
amazon(1205864) giambattistavallix7fam(354) healthyfood(6691981)
amazon(1205864) giambattistavallix7fam(354) fitness(88347703)
amazon(1205864) giambattistavallix7fam(354) fitfam(25106516)
amazon(1205864) giambattistavallix7fam(354) fitsporation(846549)
amazon(1205864) giambattistavallix7fam(354) reequilibragealimentaire(296627)
amazon(1205864) giambattistavallix7fam(354) eatclean(23344729)
amazon(1205864) giambattistavallix7fam(354) legs(11922401)
amazon(1205864) giambattistavallix7fam(354) workout(45183914)
amazon(1205864) giambattistavallix7fam(354) lunch(27593757)
amazon(1205864) giambattistavallix7fam(354) baifernfamkannaja(80)
amazon(1205864) giambattistavallix7fam(354) cardiotraining(35066)
amazon(1205864) giambattistavallix7fam(354) regimeuses(55794)
amazon(1205864) giambattistavallix7fam(354) airplanecuddlebuddy(5)
amazon(1205864) giambattistavallix7fam(354) fitspo(20761398)
amazon(1205864) giambattistavallix7fam(354) musculation(420810)
amazon(1205864) giambattistavallix7fam(354) shemakesmehappy(102681)
amazon(1205864) giambattistavallix7fam(354) summerbody(989716)
amazon(1205864) giambattistavallix7fam(354) weightloss(13073205)
amazon(1205864) giambattistavallix7fam(354) eathealthy(2117794)
amazon(1205864) giambattistavallix7fam(354) eat(15905451)
amazon(1205864) giambattistavallix7fam(354) training(21145878)
amazon(1205864) giambattistavallix7fam(354) clean(9034535)
amazon(1205864) giambattistavallix7fam(354) healthy(50731378)
amazon(1205864) giambattistavallix7fam(354) instafit(11821107)
amazon(1205864) giambattistavallix7fam(354) squat(3534076)
amazon(1205864) giambattistavallix7fam(354) motivation(41887963)
amazon(1205864) regram(16177015) tflers(169781873)
amazon(1205864) regram(16177015) me(377153760)
amazon(1205864) regram(16177015) like4like(234164446)
amazon(1205864) regram(16177015) igers(187930228)
amazon(1205864) regram(16177015) guy(17300104)
amazon(1205864) regram(16177015) dope(17087061)
amazon(1205864) regram(16177015) beyondonescapability(1)
amazon(1205864) regram(16177015) issademar(3395)
amazon(1205864) regram(16177015) cute(339384795)
amazon(1205864) regram(16177015) astyle4you(2939)
amazon(1205864) regram(16177015) staytuned(1109126)
amazon(1205864) regram(16177015) amazing(173095900)
amazon(1205864) regram(16177015) instalike(190105764)
amazon(1205864) regram(16177015) make(6799776)
amazon(1205864) regram(16177015) korean(9230322)
amazon(1205864) regram(16177015) tagsforlikesapp(6016805)
amazon(1205864) regram(16177015) followme(328901328)
amazon(1205864) regram(16177015) disneysea(554150)
amazon(1205864) regram(16177015) picoftheday(233044667)
amazon(1205864) regram(16177015) swag(170779155)
amazon(1205864) regram(16177015) duffy(420499)
amazon(1205864) regram(16177015) likeforfollow(30566407)
amazon(1205864) regram(16177015) happy(305928325)
amazon(1205864) regram(16177015) photooftheday(321000890)
amazon(1205864) regram(16177015) ulzzang(1831975)
amazon(1205864) regram(16177015) summer(210467301)
amazon(1205864) regram(16177015) hair(108378811)
amazon(1205864) regram(16177015) hualien(91383)
amazon(1205864) regram(16177015) roamoorea(119)
amazon(1205864) regram(16177015) love(922767574)
amazon(1205864) regram(16177015) bestoftheday(151565672)
amazon(1205864) regram(16177015) disneyland(8558188)
amazon(1205864) regram(16177015) new(63255529)
amazon(1205864) regram(16177015) today(34100710)
amazon(1205864) regram(16177015) follow(340074219)
amazon(1205864) regram(16177015) instadaily(203996893)
amazon(1205864) regram(16177015) beautiful(292135053)
amazon(1205864) regram(16177015) asian(21647491)
amazon(1205864) regram(16177015) smile(225124128)
amazon(1205864) regram(16177015) repost(128557229)
amazon(1205864) regram(16177015) instagood(423168222)
amazon(1205864) regram(16177015) fashion(221129587)
amazon(1205864) regram(16177015) fun(217839722)
