coke(3588741) wine(16063851)
coke(3588741) coffe(2319370)
coke(3588741) igersmanila(4713604)
coke(3588741) lunch(27593897)
coke(3588741) sud(782508)
coke(3588741) win(6755523)
coke(3588741) drinkstime(19201)
coke(3588741) phototag(70350)
coke(3588741) cool(92870467)
coke(3588741) amazing(173096858)
coke(3588741) action(2434773)
coke(3588741) bestbuds(1180664)
coke(3588741) croatia(2621111)
coke(3588741) nye(5857269)
coke(3588741) batik(1679914)
coke(3588741) mama(5368173)
coke(3588741) birthday(55485456)
coke(3588741) scotland(3713351)
coke(3588741) watchout(1026061)
coke(3588741) collection(6137863)
coke(3588741) life(127078433)
coke(3588741) french(8137830)
coke(3588741) drinkup(1348175)
coke(3588741) cumple(2152618)
coke(3588741) fashion(221131177)
coke(3588741) lovely(30081960)
coke(3588741) thewrap(2966)
coke(3588741) art(106756820)
coke(3588741) manama(1666244)
coke(3588741) familly(585919)
coke(3588741) fruits(4223012)
coke(3588741) sun(107906253)
coke(3588741) illest(1426638)
coke(3588741) studying(3637428)
coke(3588741) ilovefood(1471120)
coke(3588741) 80s(1878833)
coke(3588741) arab(4121917)
coke(3588741) pencil(9842575)
coke(3588741) iphone6(4437427)
coke(3588741) art(106756812)
coke(3588741) sauasage(669)
coke(3588741) instashot(4638518)
coke(3588741) dj(9362591)
coke(3588741) pornfood(1071053)
coke(3588741) curitiba(1003403)
coke(3588741) lifestyle(25766378)
coke(3588741) sand(8780967)
coke(3588741) pictureape(35)
coke(3588741) collectible(164023)
coke(3588741) ciara(523126)
coke(3588741) nofilters(1806881)
coke(3588741) romance(6049469)
coke(3588741) pasta(5579439)
coke(3588741) dairyfree(1498715)
coke(3588741) bigbro(1002827)
coke(3588741) cocacola(4231491)
coke(3588741) pass(1497836)
coke(3588741) medicalstudent(74530)
coke(3588741) wonderyears(29921)
coke(3588741) hotdog(1229925)
coke(3588741) jul(1253084)
coke(3588741) food(180322081)
coke(3588741) instagood(423170659)
coke(3588741) vscocam(102139187)
coke(3588741) cl(1483673)
coke(3588741) drink(14363636)
coke(3588741) winter(35744408)
coke(3588741) gymrat(4294989)
coke(3588741) beautiful(292136693)
coke(3588741) likeforlike(162792900)
coke(3588741) badhairday(999640)
coke(3588741) meine(1077113)
coke(3588741) bubbles(3027929)
coke(3588741) cola(1617409)
coke(3588741) likeaboss(2931098)
coke(3588741) fun(217840915)
coke(3588741) bepositive(844826)
coke(3588741) arianagrande(18547354)
coke(3588741) viva(1124242)
coke(3588741) yummy(58269776)
coke(3588741) hurt(4009675)
coke(3588741) concert(15926575)
coke(3588741) update(1067229)
coke(3588741) monday(15263260)
coke(3588741) tagsforlikes(303069357)
coke(3588741) beetle(899922)
coke(3588741) photo(68448977)
coke(3588741) swag(170794142)
coke(3588741) pen(6208268)
coke(3588741) smiley(2084223)
coke(3588741) likeforlike(162792895)
coke(3588741) football(22064668)
coke(3588741) instagood(423170710)
coke(3588741) shoutout(73168053)
coke(3588741) iphoneonly(96430714)
coke(3588741) instagram(18569103)
coke(3588741) igerswarsaw(77144)
coke(3588741) instalove(60513578)
coke(3588741) holidays(17239374)
coke(3588741) seashore(1383840)
coke(3588741) bonding(3258625)
coke(3588741) need(7353236)
coke(3588741) soda(1434686)
coke(3588741) wish(4343124)
coke(3588741) coca(1286663)
coke(3588741) hapiness(944339)
coke(3588741) likescam(386879)
coke(3588741) iphone6(4437428)
coke(3588741) 2for1(87168)
coke(3588741) newera(1699845)
coke(3588741) swag(170794146)
coke(3588741) smurfblue(2609)
coke(3588741) throwbackthursday(48949644)
coke(3588741) dccomics(1797646)
coke(3588741) greattime(1122797)
coke(3588741) fans(2933999)
coke(3588741) bracelets(3760168)
coke(3588741) staying(289575)
coke(3588741) tweegram(93632370)
coke(3588741) instakids(3004212)
coke(3588741) decal(200955)
coke(3588741) instalike(190107075)
coke(3588741) jordan(11272427)
coke(3588741) warszawa(943455)
coke(3588741) big(14614877)
coke(3588741) australiagram(630106)
coke(3588741) cocacola(4231490)
coke(3588741) vsco(63572939)
coke(3588741) instadaily(203997947)
coke(3588741) 335i(164407)
coke(3588741) bullshit(1555819)
coke(3588741) summer(210486623)
coke(3588741) taylorswift(10037451)
coke(3588741) followforfollow(139373193)
coke(3588741) coke(3588741)
coke(3588741) athome(1386020)
coke(3588741) stolica(36387)
coke(3588741) creative(12442731)
coke(3588741) igsneakercommunity(4810372)
coke(3588741) mylove(26399203)
coke(3588741) bristol(1117914)
coke(3588741) l4l(135261365)
coke(3588741) allnatural(1891138)
coke(3588741) sun(107906250)
coke(3588741) friday(37300471)
coke(3588741) corgisofinstagram(387424)
coke(3588741) vscocam(102139176)
coke(3588741) instamoment(27932600)
coke(3588741) artsy(4992086)
coke(3588741) sketchbook(5875390)
coke(3588741) thinking(3001579)
coke(3588741) vscoonly(2075920)
coke(3588741) relax(34295374)
coke(3588741) photooftheday(321053693)
coke(3588741) great(16737488)
coke(3588741) fl4fl(100026)
coke(3588741) zrasi(1525)
coke(3588741) tweegram(93632372)
coke(3588741) apparel(1688429)
coke(3588741) focus(8956733)
coke(3588741) instawarsaw(12493)
coke(3588741) awesome(58909622)
coke(3588741) babe(12317985)
coke(3588741) fit(41173605)
coke(3588741) cool(92870471)
coke(3588741) break(3741286)
coke(3588741) instaquote(5746487)
coke(3588741) vw(5320765)
coke(3588741) pot(1902628)
coke(3588741) everywhere(1265301)
coke(3588741) igdaily(44633295)
coke(3588741) boatarde(15608030)
coke(3588741) art(106756823)
coke(3588741) spring(38429009)
coke(3588741) drinking(4515658)
coke(3588741) kissable(139866)
coke(3588741) redcarpet(1540719)
coke(3588741) awsome(2871123)
coke(3588741) dobregowieczoru(194)
coke(3588741) followforfollow(139373198)
coke(3588741) girl(264753047)
coke(3588741) balmain(2280997)
coke(3588741) betterhalf(297943)
coke(3588741) sport(14578924)
coke(3588741) igerspoland(219241)
coke(3588741) instaart(8888821)
coke(3588741) igers(187931122)
coke(3588741) instagood(423170739)
coke(3588741) watches(1961702)
coke(3588741) love(922772189)
coke(3588741) photo(68448973)
coke(3588741) rnb(2633243)
coke(3588741) vsco(63572948)
coke(3588741) fashion(221131190)
coke(3588741) crown(1907264)
coke(3588741) deep(2748979)
coke(3588741) benz(1574949)
coke(3588741) tagsforlikes(303069371)
coke(3588741) beauty(89925912)
coke(3588741) umag(28054)
coke(3588741) takasytuacja(84493)
coke(3588741) mothernature(3932808)
coke(3588741) volkswagen(2518688)
coke(3588741) days(4854102)
coke(3588741) instahub(17562407)
coke(3588741) italiangirl(3073304)
coke(3588741) blade(896894)
coke(3588741) alma(616137)
coke(3588741) copine(591603)
coke(3588741) littlesister(2095071)
coke(3588741) coffeelovers(550519)
coke(3588741) soundcloud(1774007)
coke(3588741) child(6039764)
coke(3588741) feathers(1277284)
coke(3588741) vogue(5005815)
coke(3588741) ever(8390449)
coke(3588741) baby(75968209)
coke(3588741) water(24830794)
coke(3588741) friends(220238597)
coke(3588741) aslan(489658)
coke(3588741) like4like(234166004)
coke(3588741) swim(3783247)
coke(3588741) pictureoftheday(13079726)
coke(3588741) shellac(1921609)
coke(3588741) partyboot(4876)
coke(3588741) shore(1575086)
coke(3588741) czarnyhumor(456)
coke(3588741) ice(10866536)
coke(3588741) concept(1025032)
coke(3588741) 90s(2952485)
coke(3588741) bad(9675667)
coke(3588741) texas(11051152)
coke(3588741) canarias(489055)
coke(3588741) drink(14363637)
coke(3588741) masterpiece(3072277)
coke(3588741) europe(6979138)
coke(3588741) 370z(368039)
coke(3588741) boobear(1884351)
