coke(3574963) repost(128332107) style(146812669)
coke(3574963) repost(128332107) selfie(281537662)
coke(3574963) repost(128332107) design(38075161)
coke(3574963) repost(128332107) airplanecuddlebuddy(5)
coke(3574963) repost(128332107) lornajane(385780)
coke(3574963) repost(128332107) righttobeararms(84494)
coke(3574963) repost(128332107) weapons(298196)
coke(3574963) repost(128332107) gun(2396556)
coke(3574963) repost(128332107) happy29th(5443)
coke(3574963) repost(128332107) progun(53969)
coke(3574963) repost(128332107) art(106673474)
coke(3574963) repost(128332107) defendthesecond(83703)
coke(3574963) repost(128332107) beautiful(291983541)
coke(3574963) repost(128332107) movenourishbelieve(353883)
coke(3574963) repost(128332107) likeforlike(162633284)
coke(3574963) repost(128332107) hoopfilms(8743)
coke(3574963) repost(128332107) like4like(233909750)
coke(3574963) repost(128332107) ballislife(2999313)
coke(3574963) repost(128332107) mjustablonde(602)
coke(3574963) repost(128332107) semangatbuatsabah(116)
coke(3574963) repost(128332107) antiguncontrol(11816)
coke(3574963) repost(128332107) firearms(178465)
coke(3574963) repost(128332107) fashion(220930452)
coke(3574963) repost(128332107) hoopmixtape(75205)
coke(3574963) repost(128332107) secondamendment(173289)
coke(3574963) repost(128332107) martabendavid(1244)
coke(3574963) repost(128332107) followme(328653075)
coke(3574963) repost(128332107) ballup(145409)
coke(3574963) repost(128332107) nra(283618)
coke(3574963) repost(128332107) likealways(25007557)
coke(3574963) repost(128332107) la(29922063)
coke(3574963) repost(128332107) iphone6(4408759)
coke(3574963) repost(128332107) freezemnd(1455)
coke(3574963) repost(128332107) sportbikelife(34996)
coke(3574963) repost(128332107) instagood(422846039)
coke(3574963) repost(128332107) luxuryworldtraveler(121778)
coke(3574963) repost(128332107) defendthe2nd(14289)
coke(3574963) repost(128332107) nbafinals(616766)
coke(3574963) repost(128332107) mjustablondeonthego(299)
coke(3574963) repost(128332107) stephencurry(158817)
coke(3574963) repost(128332107) nba(7242576)
coke(3574963) repost(128332107) dallas(4647357)
coke(3574963) repost(128332107) shooting(4338684)
coke(3574963) repost(128332107) guns(2208701)
coke(3574963) repost(128332107) syukurselalu(866)
coke(3574963) repost(128332107) chicago(16775372)
coke(3574963) repost(128332107) happy(305822675)
coke(3574963) repost(128332107) alacati(233009)
coke(3574963) repost(128332107) nyc(38472095)
coke(3574963) repost(128332107) icantgrowabeard(845)
coke(3574963) repost(128332107) iphone6plus(1065863)
coke(3574963) repost(128332107) kekaltabahsabah(195)
coke(3574963) repost(128332107) besties(17776461)
coke(3574963) repost(128332107) gunporn(537790)
coke(3574963) repost(128332107) photooftheday(320814104)
coke(3574963) repost(128332107) luxwt(113351)
coke(3574963) repost(128332107) weaponsreloaded(27897)
coke(3574963) repost(128332107) activeliving(255228)
coke(3574963) repost(128332107) instadaily(203828957)
coke(3574963) repost(128332107) braptube(11371)
coke(3574963) syukurselalu(865) theuncommonthread(57184)
coke(3574963) syukurselalu(865) nbafinals(616769)
coke(3574963) syukurselalu(865) asiyasafiya(160)
coke(3574963) syukurselalu(865) staytuned(1177647)
coke(3574963) syukurselalu(865) luxwt(113351)
coke(3574963) syukurselalu(865) beyondonescapibility(1)
coke(3574963) syukurselalu(865) kustomkultureforever(4689)
coke(3574963) syukurselalu(865) vegas_nay(1829862)
coke(3574963) syukurselalu(865) itsstillmagical(36)
coke(3574963) syukurselalu(865) luxuryworldtraveler(121778)
coke(3574963) syukurselalu(865) drankendrugs(132)
coke(3574963) syukurselalu(865) disneyland(8563589)
coke(3574963) syukurselalu(865) 1miljoenviews(5)
coke(3574963) instruments(247560) supplied(210315)
coke(3574963) instruments(247560) trucker(186143)
coke(3574963) instruments(247560) nike(45107610)
coke(3574963) instruments(247560) jluxlabel(100)
coke(3574963) instruments(247560) toobusytocare(975)
coke(3574963) instruments(247560) americanstyle(137142)
coke(3574963) instruments(247560) getsupplied(1860)
coke(3574963) instruments(247560) queens(2542139)
coke(3574963) instruments(247560) bape(717850)
coke(3574963) instruments(247560) cesme(450980)
coke(3574963) instruments(247560) hoopfilms(8743)
coke(3574963) instruments(247560) nbafinals(616760)
coke(3574963) instruments(247560) tee(2110575)
coke(3574963) instruments(247560) outfitgrid(301723)
coke(3574963) instruments(247560) turkey(17848939)
coke(3574963) instruments(247560) hoopmixtape(75205)
coke(3574963) instruments(247560) nba(7242570)
coke(3574963) instruments(247560) ballup(145409)
coke(3574963) instruments(247560) ballislife(2999312)
coke(3574963) instruments(247560) sneakercon(357609)
coke(3574963) instruments(247560) stephencurry(158817)
coke(3574963) instruments(247560) denimshorts(114345)
coke(3574963) instruments(247560) meetthedickersons(53)
coke(3574963) instruments(247560) naomirose(1970)
coke(3574963) instruments(247560) airmax90hyperfuse(2561)
coke(3574963) instruments(247560) vegas_nay(1829857)
coke(3574963) instruments(247560) film07(373)
coke(3574963) instruments(247560) playboy(1923950)
coke(3574963) catsofinstagram(17812796) superchips(7212)
coke(3574963) catsofinstagram(17812796) tb(46164899)
coke(3574963) catsofinstagram(17812796) tamartians(12835)
coke(3574963) catsofinstagram(17812796) la(29922085)
coke(3574963) catsofinstagram(17812796) 5point7(12310)
coke(3574963) catsofinstagram(17812796) procomp(68053)
coke(3574963) catsofinstagram(17812796) k(3764968)
coke(3574963) catsofinstagram(17812796) sydneyturnsiton(35)
coke(3574963) catsofinstagram(17812796) australia(13840305)
coke(3574963) catsofinstagram(17812796) 1miljoenviews(5)
coke(3574963) catsofinstagram(17812796) mysanfrancisco(52830)
coke(3574963) catsofinstagram(17812796) dodgeram(226388)
coke(3574963) catsofinstagram(17812796) hemi(676623)
coke(3574963) catsofinstagram(17812796) clovelly(30833)
coke(3574963) catsofinstagram(17812796) harleydavidson(1746189)
coke(3574963) catsofinstagram(17812796) ifidonthaveyou(1986)
coke(3574963) catsofinstagram(17812796) flowmaster(76619)
coke(3574963) catsofinstagram(17812796) sensationalwintersday(2)
coke(3574963) catsofinstagram(17812796) rossbargainhunter(54)
coke(3574963) catsofinstagram(17812796) sirsleep(30)
coke(3574963) catsofinstagram(17812796) hellwig(917)
coke(3574963) catsofinstagram(17812796) oats(996510)
coke(3574963) catsofinstagram(17812796) drankendrugs(132)
coke(3574963) catsofinstagram(17812796) meanmuggin(624814)
coke(3574963) catsofinstagram(17812796) ducati(1100297)
coke(3574963) catsofinstagram(17812796) skylarjamesbaptism(86)
coke(3574963) catsofinstagram(17812796) stylenanda(1510352)
coke(3574963) babybubz(1234) baifernfamkannaja(73)
coke(3574963) babybubz(1234) asiyasafiya(160)
coke(3574963) babybubz(1234) superchips(7212)
coke(3574963) babybubz(1234) graceshow(5230)
coke(3574963) babybubz(1234) love(922217722)
coke(3574963) babybubz(1234) londonwraps(1613)
coke(3574963) babybubz(1234) carporn(5559498)
coke(3574963) babybubz(1234) customwraps(6211)
coke(3574963) babybubz(1234) hypercars(124637)
coke(3574963) babybubz(1234) geordieshore(289788)
coke(3574963) babybubz(1234) 5point7(12310)
coke(3574963) babybubz(1234) procomp(68053)
coke(3574963) babybubz(1234) kekaltabahsabah(196)
coke(3574963) babybubz(1234) semangatbuatsabah(116)
coke(3574963) babybubz(1234) 458(486126)
coke(3574963) babybubz(1234) shoes(51220620)
coke(3574963) babybubz(1234) modball(7024)
coke(3574963) babybubz(1234) carsgasm(13212)
coke(3574963) babybubz(1234) modballrally(10171)
coke(3574963) babybubz(1234) dodgeram(226388)
coke(3574963) babybubz(1234) monday(15140548)
coke(3574963) babybubz(1234) kingwraps(1389)
coke(3574963) babybubz(1234) nbafinals(616773)
coke(3574963) babybubz(1234) carmad(5068)
coke(3574963) babybubz(1234) flowmaster(76619)
coke(3574963) babybubz(1234) lote(70492)
coke(3574963) babybubz(1234) hemi(676623)
coke(3574963) babybubz(1234) filming(938135)
coke(3574963) babybubz(1234) supercars(1369210)
coke(3574963) babybubz(1234) beatsxmcm(1009)
coke(3574963) babybubz(1234) chromered(1052)
coke(3574963) babybubz(1234) chromewrap(8006)
coke(3574963) babybubz(1234) bestwraps(1643)
coke(3574963) babybubz(1234) syukurselalu(866)
coke(3574963) babybubz(1234) significantmother(368)
coke(3574963) babybubz(1234) k(3764970)
coke(3574963) babybubz(1234) hellwig(917)
coke(3574963) babybubz(1234) bestcars(54227)
coke(3574963) babybubz(1234) vehiclewraps(23395)
coke(3574963) babybubz(1234) carwrapping(30919)
coke(3574963) babybubz(1234) amazingcars247(1232550)
coke(3574963) babybubz(1234) carswithoutlimits(1985176)
coke(3574963) babybubz(1234) amazingcars(209077)
coke(3574963) babybubz(1234) carwraps(29975)
coke(3574963) babybubz(1234) yiannimize(21530)
coke(3574963) babybubz(1234) series11(3293)
coke(3574963) isaacng(1056) mychildren(127222)
coke(3574963) isaacng(1056) heonbeattho(528)
coke(3574963) isaacng(1056) babybubz(1234)
coke(3574963) isaacng(1056) isaacng(1056)
coke(3574963) isaacng(1056) domo(542803)
coke(3574963) isaacng(1056) mcm(89091126)
coke(3574963) isaacng(1056) martin(1072833)
coke(3574963) isaacng(1056) funniest15seconds(61131)
coke(3574963) allincle(69459) love(922217130)
coke(3574963) allincle(69459) leavinglasvegas(10474)
coke(3574963) allincle(69459) rossbargainhunter(54)
coke(3574963) allincle(69459) shoes(51220582)
coke(3574963) allincle(69459) joker(2033960)
coke(3574963) allincle(69459) sundayfunday(15163523)
coke(3574963) allincle(69459) primitiveapparel(14600)
coke(3574963) allincle(69459) dd4l(64715)
coke(3574963) allincle(69459) film07(373)
coke(3574963) allincle(69459) monday(15140401)
coke(3574963) allincle(69459) truthserum(24417)
coke(3574963) flstudio12(9521) dwmoam(185)
coke(3574963) flstudio12(9521) meat(2108490)
coke(3574963) flstudio12(9521) periscope(35270)
coke(3574963) flstudio12(9521) tee(2110576)
coke(3574963) flstudio12(9521) fitgirlscook(40198)
coke(3574963) flstudio12(9521) travel(46003247)
coke(3574963) flstudio12(9521) trucker(186144)
coke(3574963) flstudio12(9521) fitkinibodychallenge(66588)
coke(3574963) flstudio12(9521) ftw(1168570)
coke(3574963) flstudio12(9521) hoopfilms(8743)
coke(3574963) flstudio12(9521) suicidegirl(167337)
coke(3574963) flstudio12(9521) dwtreasurehunt(2)
coke(3574963) flstudio12(9521) hoopmixtape(75205)
coke(3574963) flstudio12(9521) playboy(1923969)
coke(3574963) flstudio12(9521) australian(833609)
coke(3574963) flstudio12(9521) adventure(10298430)
coke(3574963) flstudio12(9521) outfitgrid(301723)
coke(3574963) flstudio12(9521) tetamuvip(30)
coke(3574963) flstudio12(9521) ballup(145409)
coke(3574963) flstudio12(9521) ballislife(2999312)
coke(3574963) flstudio12(9521) mysanfrancisco(52830)
coke(3574963) flstudio12(9521) nba(7242574)
coke(3574963) flstudio12(9521) walimatulurushanishairul(2275)
coke(3574963) flstudio12(9521) countdown(2671967)
coke(3574963) flstudio12(9521) primitiveapparel(14600)
coke(3574963) flstudio12(9521) levis(1397440)
coke(3574963) flstudio12(9521) stephencurry(158817)
coke(3574963) flstudio12(9521) nike(45107627)
coke(3574963) flstudio12(9521) challengetomy29thanniversary(43)
coke(3574963) flstudio12(9521) bape(717853)
coke(3574963) flstudio12(9521) denimshorts(114345)
coke(3574963) flstudio12(9521) nbafinals(616762)
coke(3574963) flstudio12(9521) liveoutdoors(28015)
coke(3574963) flstudio12(9521) 28dayjumpstart(411853)
coke(3574963) flstudio12(9521) airbnbsg(391)
coke(3574963) flstudio12(9521) ootdfash(208391)
coke(3574963) flstudio12(9521) airmax90hyperfuse(2561)
coke(3574963) flstudio12(9521) belonganywhere(4014)
coke(3574963) stancenation(2170775) periscope(35270)
coke(3574963) stancenation(2170775) galatasaray(3029330)
coke(3574963) stancenation(2170775) australian(833608)
coke(3574963) stancenation(2170775) stancenation(2170775)
coke(3574963) stancenation(2170775) suicidegirl(167337)
coke(3574963) stancenation(2170775) createyourluck(540)
coke(3574963) stancenation(2170775) dwtreasurehunt(2)
coke(3574963) stancenation(2170775) dwmoam(185)
coke(3574963) stancenation(2170775) ourengagement(3542)
coke(3574963) stancenation(2170775) confemm(10)
coke(3574963) stancenation(2170775) butilovedogs(192)
coke(3574963) stancenation(2170775) allincle(69460)
coke(3574963) stancenation(2170775) bestvacations(816606)
coke(3574963) stancenation(2170775) gemskiattarongazoo(181)
coke(3574963) stancenation(2170775) omnomnomnom(137792)
coke(3574963) stancenation(2170775) repost(128332160)
coke(3574963) stancenation(2170775) happiness(35057149)
coke(3574963) stancenation(2170775) ronaldo(2243266)
coke(3574963) stancenation(2170775) forthewild(4752)
coke(3574963) stancenation(2170775) heavensent(111016)
coke(3574963) relatable(1264323) oats(996500)
coke(3574963) relatable(1264323) trucker(186143)
coke(3574963) relatable(1264323) tarteguard(171)
coke(3574963) relatable(1264323) babybubz(1234)
coke(3574963) relatable(1264323) isaacng(1056)
coke(3574963) relatable(1264323) meltblow(5816)
coke(3574963) relatable(1264323) bape(717850)
coke(3574963) relatable(1264323) garnier(211765)
coke(3574963) relatable(1264323) freezemnd(1452)
coke(3574963) relatable(1264323) domo(542799)
coke(3574963) relatable(1264323) spf(122926)
coke(3574963) relatable(1264323) mychildren(127221)
coke(3574963) relatable(1264323) outfitgrid(301723)
coke(3574963) relatable(1264323) sydneyturnsiton(35)
coke(3574963) relatable(1264323) nike(45107595)
coke(3574963) relatable(1264323) denimshorts(114345)
coke(3574963) relatable(1264323) tee(2110574)
coke(3574963) relatable(1264323) clovelly(30833)
coke(3574963) relatable(1264323) practicesafesummer(6)
coke(3574963) relatable(1264323) playboy(1923944)
coke(3574963) relatable(1264323) formyladies(5435)
coke(3574963) relatable(1264323) stayhappymyfriends(1686)
coke(3574963) relatable(1264323) sensationalwintersday(2)
coke(3574963) relatable(1264323) love(922215912)
coke(3574963) relatable(1264323) levis(1397438)
coke(3574963) relatable(1264323) airmax90hyperfuse(2561)
coke(3574963) relatable(1264323) meltcosmetics(154149)
coke(3574963) massive(860800) mysteryschool(2639)
coke(3574963) massive(860800) tb(46164830)
coke(3574963) massive(860800) illustration(13804868)
coke(3574963) massive(860800) rosstest(185)
coke(3574963) massive(860800) bmwz4(25614)
coke(3574963) massive(860800) ceramicpro(24206)
coke(3574963) massive(860800) la(29922056)
coke(3574963) massive(860800) thewanteddenim(3298)
coke(3574963) massive(860800) tsxc(41149)
coke(3574963) massive(860800) besties(17776454)
coke(3574963) massive(860800) ourengagement(3542)
coke(3574963) massive(860800) kahvesi(236636)
coke(3574963) massive(860800) thisbodsforyou(27)
coke(3574963) massive(860800) blacklist(1391907)
coke(3574963) massive(860800) sohoswim(992)
coke(3574963) massive(860800) happiness(35057194)
coke(3574963) massive(860800) swiftkickz(200161)
coke(3574963) massive(860800) feminist(528250)
coke(3574963) massive(860800) crayola(356812)
coke(3574963) massive(860800) icantgrowabeard(845)
coke(3574963) massive(860800) australia(13840245)
coke(3574963) massive(860800) savblogawards(1355)
coke(3574963) semangatbuatsabah(116) officialralenwatts(278)
coke(3574963) semangatbuatsabah(116) bmwz4(25614)
coke(3574963) semangatbuatsabah(116) levis(1397442)
coke(3574963) semangatbuatsabah(116) meltblow(5816)
coke(3574963) semangatbuatsabah(116) thanksforeverything(134724)
coke(3574963) semangatbuatsabah(116) trucker(186144)
coke(3574963) semangatbuatsabah(116) dallas(4647359)
coke(3574963) semangatbuatsabah(116) allincle(69462)
coke(3574963) semangatbuatsabah(116) ralenwatts(682)
coke(3574963) semangatbuatsabah(116) repost(128332611)
coke(3574963) semangatbuatsabah(116) playboy(1923994)
coke(3574963) semangatbuatsabah(116) nike(45107662)
coke(3574963) semangatbuatsabah(116) goldtelethon(1045)
coke(3574963) semangatbuatsabah(116) heavensent(111016)
coke(3574963) semangatbuatsabah(116) ronaldo(2243270)
coke(3574963) semangatbuatsabah(116) besties(17776465)
coke(3574963) semangatbuatsabah(116) lookatjuliassmile(1)
coke(3574963) semangatbuatsabah(116) outfitgrid(301723)
coke(3574963) semangatbuatsabah(116) butilovedogs(192)
coke(3574963) semangatbuatsabah(116) nickandsams(2403)
coke(3574963) semangatbuatsabah(116) charity(1580014)
coke(3574963) semangatbuatsabah(116) meltcosmetics(154149)
coke(3574963) semangatbuatsabah(116) goducks(460792)
coke(3574963) semangatbuatsabah(116) heonbeattho(528)
coke(3574963) semangatbuatsabah(116) tee(2110578)
coke(3574963) semangatbuatsabah(116) kingbeef(2966)
coke(3574963) semangatbuatsabah(116) sydneychildrenshospital(1569)
coke(3574963) semangatbuatsabah(116) bape(717853)
coke(3574963) semangatbuatsabah(116) denimshorts(114345)
coke(3574963) semangatbuatsabah(116) model(53650363)
coke(3574963) semangatbuatsabah(116) blacklist(1391908)
coke(3574963) semangatbuatsabah(116) nbafinals(616769)
coke(3574963) semangatbuatsabah(116) icantgrowabeard(845)
coke(3574963) semangatbuatsabah(116) airmax90hyperfuse(2561)
coke(3574963) semangatbuatsabah(116) martin(1072833)
coke(3574963) semangatbuatsabah(116) digdeep(131729)
coke(3574963) semangatbuatsabah(116) funniest15seconds(61131)
coke(3574963) semangatbuatsabah(116) ceramicpro(24207)
coke(3574963) semangatbuatsabah(116) mcm(89091066)
coke(3574963) repost(128332110)
coke(3574963) mychildren(127221) mychildren(127222)
coke(3574963) mychildren(127221) heonbeattho(528)
coke(3574963) mychildren(127221) babybubz(1234)
coke(3574963) mychildren(127221) isaacng(1056)
coke(3574963) mychildren(127221) domo(542803)
coke(3574963) mychildren(127221) mcm(89091126)
coke(3574963) mychildren(127221) martin(1072833)
coke(3574963) mychildren(127221) funniest15seconds(61131)
coke(3574963) beast(8533659) rescuefamily(3066)
coke(3574963) beast(8533659) americanstyle(137142)
coke(3574963) beast(8533659) fitgirlscook(40198)
coke(3574963) beast(8533659) fitkinibodychallenge(66588)
coke(3574963) beast(8533659) ftw(1168570)
coke(3574963) beast(8533659) 3morewins(3085)
coke(3574963) beast(8533659) remmyvalenzuela(49723)
coke(3574963) beast(8533659) mysanfrancisco(52830)
coke(3574963) beast(8533659) 28dayjumpstart(411852)
coke(3574963) beast(8533659) formyladies(5435)
coke(3574963) beast(8533659) stayhappymyfriends(1686)
coke(3574963) beast(8533659) perfectsundaynight(6201)
coke(3574963) beast(8533659) icantgrowabeard(845)
coke(3574963) beast(8533659) biggerthan(3722)
coke(3574963) beast(8533659) pitbull(11449378)
coke(3574963) beast(8533659) allincle(69460)
coke(3574963) beast(8533659) besties(17776449)
coke(3574963) distortion(167400) meat(2108489)
coke(3574963) distortion(167400) countdown(2671967)
coke(3574963) distortion(167400) activeliving(255228)
coke(3574963) distortion(167400) film07(373)
coke(3574963) distortion(167400) carlifestyle(434642)
coke(3574963) distortion(167400) roxyready(2268)
coke(3574963) distortion(167400) formyladies(5435)
coke(3574963) distortion(167400) thehustlecontinuestour(514)
coke(3574963) distortion(167400) stayhappymyfriends(1686)
coke(3574963) distortion(167400) movenourishbelieve(353883)
coke(3574963) distortion(167400) challengetomy29thanniversary(43)
coke(3574963) distortion(167400) lornajane(385780)
coke(3574963) distortion(167400) teambb(24581)
coke(3574963) lotd(1660248) supplied(210315)
coke(3574963) lotd(1660248) allincle(69462)
coke(3574963) lotd(1660248) itsstillmagical(36)
coke(3574963) lotd(1660248) levis(1397442)
coke(3574963) lotd(1660248) getsupplied(1860)
coke(3574963) lotd(1660248) lookbooknu(68523)
coke(3574963) lotd(1660248) lookoftheday(4492817)
coke(3574963) lotd(1660248) lookbook(7002447)
coke(3574963) lotd(1660248) airbnbsg(391)
coke(3574963) lotd(1660248) catsofinstagram(17812849)
coke(3574963) lotd(1660248) chanel(25559250)
coke(3574963) lotd(1660248) layers(861229)
coke(3574963) lotd(1660248) thailand(21865260)
coke(3574963) lotd(1660248) bangkok(7127290)
coke(3574963) lotd(1660248) 1miljoenviews(5)
coke(3574963) lotd(1660248) sardaarji(2244)
coke(3574963) lotd(1660248) pennydreadful(28744)
coke(3574963) lotd(1660248) oceanbreakfast(36)
coke(3574963) lotd(1660248) roper(25129)
coke(3574963) lotd(1660248) catconla(8944)
coke(3574963) lotd(1660248) structure(712883)
coke(3574963) lotd(1660248) nbafinals(616770)
coke(3574963) lotd(1660248) ootd(63153534)
coke(3574963) lotd(1660248) rossbargainhunter(54)
coke(3574963) lotd(1660248) joker(2033960)
coke(3574963) lotd(1660248) disneyland(8563592)
coke(3574963) lotd(1660248) drankendrugs(132)
coke(3574963) lotd(1660248) youtube(11553296)
coke(3574963) lotd(1660248) stylenanda(1510352)
coke(3574963) lotd(1660248) belonganywhere(4014)
coke(3574963) lotd(1660248) 26june(3421)
coke(3574963) australia(13840191) mychildren(127222)
coke(3574963) australia(13840191) heonbeattho(528)
coke(3574963) australia(13840191) babybubz(1234)
coke(3574963) australia(13840191) isaacng(1056)
coke(3574963) australia(13840191) domo(542803)
coke(3574963) australia(13840191) mcm(89091126)
coke(3574963) australia(13840191) martin(1072833)
coke(3574963) australia(13840191) funniest15seconds(61131)
coke(3574963) hard(8925937) graceshow(5229)
coke(3574963) hard(8925937) harleydavidson(1746181)
coke(3574963) hard(8925937) skateboarding(6617532)
coke(3574963) hard(8925937) hellaclips(39385)
coke(3574963) hard(8925937) ducati(1100295)
coke(3574963) hard(8925937) stayflared(1809)
coke(3574963) hard(8925937) kylieandkendall(12998)
coke(3574963) hard(8925937) kahvesi(236636)
coke(3574963) hard(8925937) meanmuggin(624814)
coke(3574963) hard(8925937) dd4l(64715)
coke(3574963) hard(8925937) vigilantediaries(624)
coke(3574963) hard(8925937) beatsxmcm(1009)
coke(3574963) hard(8925937) createyourluck(540)
coke(3574963) subduedstyle(1329) nike(45107692)
coke(3574963) subduedstyle(1329) countdown(2671970)
coke(3574963) subduedstyle(1329) r35(454151)
coke(3574963) subduedstyle(1329) the_perfect_pair(334867)
coke(3574963) subduedstyle(1329) solenation(1427956)
coke(3574963) subduedstyle(1329) rp(31142531)
coke(3574963) subduedstyle(1329) police(2004254)
coke(3574963) subduedstyle(1329) theroyalg(42165)
coke(3574963) subduedstyle(1329) theuncommonthread(57184)
coke(3574963) subduedstyle(1329) crepprotect(9126)
coke(3574963) subduedstyle(1329) atribecf(107220)
coke(3574963) subduedstyle(1329) project193(13209)
coke(3574963) subduedstyle(1329) nissan(4659121)
coke(3574963) subduedstyle(1329) jumpman23(488671)
coke(3574963) subduedstyle(1329) farmersmarkethawaii(96530)
coke(3574963) subduedstyle(1329) primitiveapparel(14600)
coke(3574963) subduedstyle(1329) teamkof(62031)
coke(3574963) subduedstyle(1329) gtr(1652118)
coke(3574963) subduedstyle(1329) solecollector(3656627)
coke(3574963) subduedstyle(1329) challengetomy29thanniversary(43)
coke(3574963) subduedstyle(1329) ronaldo(2243273)
coke(3574963) subduedstyle(1329) roamoorea(115)
coke(3574963) subduedstyle(1329) kahvesi(236637)
coke(3574963) subduedstyle(1329) meat(2108491)
coke(3574963) subduedstyle(1329) vintique(382383)
coke(3574963) subduedstyle(1329) publishbrand(37709)
coke(3574963) subduedstyle(1329) nicekicks(4017385)
coke(3574963) subduedstyle(1329) amazingcars247(1232550)
coke(3574963) subduedstyle(1329) kicksonfire(4175160)
coke(3574963) letmehearthebass(27) structure(712879)
coke(3574963) letmehearthebass(27) illustration(13804848)
coke(3574963) letmehearthebass(27) ootd(63153334)
coke(3574963) letmehearthebass(27) repost(128332228)
coke(3574963) letmehearthebass(27) martin(1072829)
coke(3574963) letmehearthebass(27) babybubz(1234)
coke(3574963) letmehearthebass(27) layers(861228)
coke(3574963) letmehearthebass(27) isaacng(1056)
coke(3574963) letmehearthebass(27) lookbooknu(68523)
coke(3574963) letmehearthebass(27) chanel(25559117)
coke(3574963) letmehearthebass(27) fitkinibodychallenge(66588)
coke(3574963) letmehearthebass(27) ftw(1168570)
coke(3574963) letmehearthebass(27) la(29922041)
coke(3574963) letmehearthebass(27) brandyusa(80344)
coke(3574963) letmehearthebass(27) 3morewins(3085)
coke(3574963) letmehearthebass(27) domo(542799)
coke(3574963) letmehearthebass(27) lookbook(7002409)
coke(3574963) letmehearthebass(27) tb(46164810)
coke(3574963) letmehearthebass(27) mychildren(127221)
coke(3574963) letmehearthebass(27) heonbeattho(528)
coke(3574963) letmehearthebass(27) allincle(69460)
coke(3574963) letmehearthebass(27) roper(25129)
coke(3574963) letmehearthebass(27) pennydreadful(28743)
coke(3574963) letmehearthebass(27) 28dayjumpstart(411852)
coke(3574963) letmehearthebass(27) gemskiattarongazoo(181)
coke(3574963) letmehearthebass(27) youtube(11553266)
coke(3574963) letmehearthebass(27) biggerthan(3722)
coke(3574963) letmehearthebass(27) kingbeef(2966)
coke(3574963) letmehearthebass(27) fitgirlscook(40198)
coke(3574963) letmehearthebass(27) thailand(21865193)
coke(3574963) letmehearthebass(27) lookoftheday(4492791)
coke(3574963) letmehearthebass(27) crayola(356812)
coke(3574963) letmehearthebass(27) vegas_nay(1829857)
coke(3574963) letmehearthebass(27) forthewild(4752)
coke(3574963) letmehearthebass(27) funniest15seconds(61131)
coke(3574963) letmehearthebass(27) mcm(89090971)
coke(3574963) letmehearthebass(27) bangkok(7127271)
coke(3574963) drop(1124457) epikhighnyc(16)
coke(3574963) drop(1124457) prodassadin(4259)
coke(3574963) drop(1124457) cruelintentionsmusical(1352)
coke(3574963) drop(1124457) rileycurry(16114)
coke(3574963) drop(1124457) epikhightour(4302)
coke(3574963) drop(1124457) heavensent(111016)
coke(3574963) drop(1124457) fcb_supporters(1150)
coke(3574963) drop(1124457) butilovedogs(192)
coke(3574963) drop(1124457) epikhigh(152071)
coke(3574963) drop(1124457) omnomnomnom(137792)
coke(3574963) drop(1124457) fcbarcelona(1722464)
coke(3574963) drop(1124457) ootdfash(208391)
coke(3574963) drop(1124457) bestvacations(816608)
coke(3574963) drop(1124457) pppfamily(1773)
coke(3574963) drop(1124457) messi(3371749)
coke(3574963) kekaltabahsabah(194) allincle(69462)
coke(3574963) kekaltabahsabah(194) mysteryschool(2639)
coke(3574963) kekaltabahsabah(194) carwraps(29975)
coke(3574963) kekaltabahsabah(194) carsgasm(13212)
coke(3574963) kekaltabahsabah(194) lote(70492)
coke(3574963) kekaltabahsabah(194) nbafinals(616769)
coke(3574963) kekaltabahsabah(194) hair(108413175)
coke(3574963) kekaltabahsabah(194) today(34033046)
coke(3574963) kekaltabahsabah(194) hoopfilms(8743)
coke(3574963) kekaltabahsabah(194) amazingcars247(1232549)
coke(3574963) kekaltabahsabah(194) theuncommonthread(57184)
coke(3574963) kekaltabahsabah(194) 458(486126)
coke(3574963) kekaltabahsabah(194) yiannimize(21530)
coke(3574963) kekaltabahsabah(194) ballislife(2999317)
coke(3574963) kekaltabahsabah(194) modball(7024)
coke(3574963) kekaltabahsabah(194) hoopmixtape(75205)
coke(3574963) kekaltabahsabah(194) carswithoutlimits(1985173)
coke(3574963) kekaltabahsabah(194) londonwraps(1613)
coke(3574963) kekaltabahsabah(194) modballrally(10171)
coke(3574963) kekaltabahsabah(194) kingwraps(1389)
coke(3574963) kekaltabahsabah(194) chromewrap(8006)
coke(3574963) kekaltabahsabah(194) carmad(5068)
coke(3574963) kekaltabahsabah(194) make(6801554)
coke(3574963) kekaltabahsabah(194) stephencurry(158817)
coke(3574963) kekaltabahsabah(194) baemaxx(205)
coke(3574963) kekaltabahsabah(194) chromered(1052)
coke(3574963) kekaltabahsabah(194) perfectsundaynight(6201)
coke(3574963) kekaltabahsabah(194) bestwraps(1643)
coke(3574963) kekaltabahsabah(194) ballup(145410)
coke(3574963) kekaltabahsabah(194) nba(7242580)
coke(3574963) kekaltabahsabah(194) bestcars(54227)
coke(3574963) kekaltabahsabah(194) ootdfash(208391)
coke(3574963) kekaltabahsabah(194) kustomkultureforever(4689)
coke(3574963) kekaltabahsabah(194) carwrapping(30919)
coke(3574963) kekaltabahsabah(194) supercars(1369209)
coke(3574963) kekaltabahsabah(194) carporn(5559493)
coke(3574963) kekaltabahsabah(194) hypercars(124636)
coke(3574963) kekaltabahsabah(194) amazingcars(209077)
coke(3574963) kekaltabahsabah(194) vehiclewraps(23395)
coke(3574963) kekaltabahsabah(194) customwraps(6211)
coke(3574963) subdued(58921) forst(20487)
coke(3574963) subdued(58921) spf(122926)
coke(3574963) subdued(58921) tarteguard(171)
coke(3574963) subdued(58921) turkey(17848975)
coke(3574963) subdued(58921) moloridesign(91)
coke(3574963) subdued(58921) icantgrowabeard(845)
coke(3574963) subdued(58921) bestvacations(816613)
coke(3574963) subdued(58921) practicesafesummer(6)
coke(3574963) subdued(58921) besties(17776466)
coke(3574963) subdued(58921) namasteseries(308)
coke(3574963) subdued(58921) love(922217434)
coke(3574963) subdued(58921) cesme(450981)
coke(3574963) subdued(58921) joker(2033960)
coke(3574963) native(1154519) carporn(5559490)
coke(3574963) native(1154519) spectacularkidz(113931)
coke(3574963) native(1154519) milamae(859)
coke(3574963) native(1154519) staytuned(1177647)
coke(3574963) native(1154519) cutekidsclub(1521680)
coke(3574963) native(1154519) carsgasm(13212)
coke(3574963) native(1154519) beyondonescapibility(1)
coke(3574963) native(1154519) itsallaboutbaby(271173)
coke(3574963) native(1154519) babybubz(1234)
coke(3574963) native(1154519) isaacng(1056)
coke(3574963) native(1154519) lote(70492)
coke(3574963) native(1154519) freetobekids(28688)
coke(3574963) native(1154519) domo(542800)
coke(3574963) native(1154519) customwraps(6211)
coke(3574963) native(1154519) levis(1397442)
coke(3574963) native(1154519) minitrendsandco(3890)
coke(3574963) native(1154519) prodassadin(4259)
coke(3574963) native(1154519) airbnbsg(391)
coke(3574963) native(1154519) iphoneonly(96421465)
coke(3574963) native(1154519) kidzootd(438290)
coke(3574963) native(1154519) 1lovebabies(2433)
coke(3574963) native(1154519) kingwraps(1389)
coke(3574963) native(1154519) dwtreasurehunt(2)
coke(3574963) native(1154519) photooftheday(320814027)
coke(3574963) native(1154519) fitfam(25067775)
coke(3574963) native(1154519) kidzfashion(513208)
coke(3574963) native(1154519) mystopover(19767)
coke(3574963) native(1154519) 458(486126)
coke(3574963) native(1154519) yiannimize(21530)
coke(3574963) native(1154519) tinytrendz(6271)
coke(3574963) native(1154519) featured_ig_babies(99879)
coke(3574963) native(1154519) mychildren(127221)
coke(3574963) native(1154519) carwraps(29975)
coke(3574963) native(1154519) modball(7024)
coke(3574963) native(1154519) ig_junior(253262)
coke(3574963) native(1154519) theuncommonthread(57184)
coke(3574963) native(1154519) snowboarding(2727412)
coke(3574963) native(1154519) kidsfashionforall(18874)
coke(3574963) native(1154519) londonwraps(1613)
coke(3574963) native(1154519) modballrally(10171)
coke(3574963) native(1154519) 16month(9232)
coke(3574963) native(1154519) supercars(1369208)
coke(3574963) native(1154519) snowboarder(162751)
coke(3574963) native(1154519) instatoddler(284112)
coke(3574963) native(1154519) ootd(63153432)
coke(3574963) native(1154519) cutekidsfashion(388667)
coke(3574963) native(1154519) fashionkids_and_moms(236444)
coke(3574963) native(1154519) beautiesandgents(134909)
coke(3574963) native(1154519) igkiddies(362231)
coke(3574963) native(1154519) littleandbrave(163551)
coke(3574963) native(1154519) cutest_kiddies(151083)
coke(3574963) native(1154519) carmad(5068)
coke(3574963) native(1154519) ig_kids(2002548)
coke(3574963) native(1154519) dwmoam(185)
coke(3574963) native(1154519) postmyfashionkid(566158)
coke(3574963) native(1154519) illustration(13804873)
coke(3574963) native(1154519) carswithoutlimits(1985170)
coke(3574963) native(1154519) 7(5819418)
coke(3574963) native(1154519) chromered(1052)
coke(3574963) native(1154519) amazingcars247(1232547)
coke(3574963) native(1154519) chromewrap(8006)
coke(3574963) native(1154519) bestwraps(1643)
coke(3574963) native(1154519) rossbargainhunter(54)
coke(3574963) native(1154519) babyfashionclub(22589)
coke(3574963) native(1154519) hypercars(124635)
coke(3574963) native(1154519) crayola(356812)
coke(3574963) native(1154519) bestcars(54227)
coke(3574963) native(1154519) vehiclewraps(23395)
coke(3574963) native(1154519) pppfamily(1773)
coke(3574963) native(1154519) kustomkultureforever(4689)
coke(3574963) native(1154519) carwrapping(30919)
coke(3574963) native(1154519) cutekidmodels(270300)
coke(3574963) native(1154519) fashionkids(1841190)
coke(3574963) native(1154519) amazingcars(209077)
coke(3574963) native(1154519) oviababy(5282)
coke(3574963) native(1154519) belonganywhere(4014)
coke(3574963) domo(542799) mychildren(127222)
coke(3574963) domo(542799) heonbeattho(528)
coke(3574963) domo(542799) babybubz(1234)
coke(3574963) domo(542799) isaacng(1056)
coke(3574963) domo(542799) domo(542803)
coke(3574963) domo(542799) mcm(89091126)
coke(3574963) domo(542799) martin(1072833)
coke(3574963) domo(542799) funniest15seconds(61131)
coke(3574963) something(1486603) meat(2108490)
coke(3574963) something(1486603) hellaclips(39385)
coke(3574963) something(1486603) mugen(379895)
coke(3574963) something(1486603) stayflared(1809)
coke(3574963) something(1486603) mulia(30524)
coke(3574963) something(1486603) whytheysohardtofindtho(1)
coke(3574963) something(1486603) sohoswim(992)
coke(3574963) something(1486603) antalya(3778091)
coke(3574963) something(1486603) killercolors(660)
coke(3574963) something(1486603) wekfest(128161)
coke(3574963) something(1486603) glitter(7099645)
coke(3574963) something(1486603) patrickstarrr(43703)
coke(3574963) something(1486603) teamstarrr(94)
coke(3574963) something(1486603) countdown(2671967)
coke(3574963) something(1486603) nsx(280675)
coke(3574963) something(1486603) challengetomy29thanniversary(43)
coke(3574963) something(1486603) nevermindwewouldeatalltheproduct(1)
coke(3574963) something(1486603) illustration(13804860)
coke(3574963) something(1486603) canibuyalocation(1)
coke(3574963) something(1486603) crayola(356812)
coke(3574963) something(1486603) skateboarding(6617533)
coke(3574963) something(1486603) superstreet(674275)
coke(3574963) kicks(6304033) police(2004253)
coke(3574963) kicks(6304033) amazingcars247(1232546)
coke(3574963) kicks(6304033) iphone6(4408747)
coke(3574963) kicks(6304033) nbafinals(616761)
coke(3574963) kicks(6304033) instadaily(203828771)
coke(3574963) kicks(6304033) mugen(379895)
coke(3574963) kicks(6304033) garnier(211765)
coke(3574963) kicks(6304033) photooftheday(320813844)
coke(3574963) kicks(6304033) style(146812507)
coke(3574963) kicks(6304033) primitiveapparel(14600)
coke(3574963) kicks(6304033) createyourluck(540)
coke(3574963) kicks(6304033) la(29922051)
coke(3574963) kicks(6304033) mjustablonde(602)
coke(3574963) kicks(6304033) wekfest(128161)
coke(3574963) kicks(6304033) r35(454151)
coke(3574963) kicks(6304033) heavensent(111016)
coke(3574963) kicks(6304033) beautiful(291983282)
coke(3574963) kicks(6304033) gtr(1652115)
coke(3574963) kicks(6304033) martabendavid(1244)
coke(3574963) kicks(6304033) remmyvalenzuela(49723)
coke(3574963) kicks(6304033) butilovedogs(192)
coke(3574963) kicks(6304033) allincle(69460)
coke(3574963) kicks(6304033) art(106673341)
coke(3574963) kicks(6304033) nsx(280675)
coke(3574963) kicks(6304033) design(38075092)
coke(3574963) kicks(6304033) instagood(422845695)
coke(3574963) kicks(6304033) happy(305822449)
coke(3574963) kicks(6304033) followme(328652812)
coke(3574963) kicks(6304033) superstreet(674275)
coke(3574963) kicks(6304033) selfie(281537405)
coke(3574963) kicks(6304033) dallas(4647357)
coke(3574963) kicks(6304033) chicago(16775368)
coke(3574963) kicks(6304033) meetthedickersons(53)
coke(3574963) kicks(6304033) like4like(233909486)
coke(3574963) kicks(6304033) nyc(38472082)
coke(3574963) kicks(6304033) iphone6plus(1065858)
coke(3574963) kicks(6304033) mjustablondeonthego(299)
coke(3574963) kicks(6304033) naomirose(1970)
coke(3574963) kicks(6304033) likealways(25007541)
coke(3574963) kicks(6304033) likeforlike(162633065)
coke(3574963) kicks(6304033) film07(373)
coke(3574963) kicks(6304033) fashion(220930215)
coke(3574963) kicks(6304033) nissan(4659113)
coke(3574963) kicks(6304033) stylenanda(1510351)
coke(3574963) kontakt(28283) trucker(186143)
coke(3574963) kontakt(28283) fitgirlscook(40198)
coke(3574963) kontakt(28283) lookbookstore(35137)
coke(3574963) kontakt(28283) fashion(220930034)
coke(3574963) kontakt(28283) bape(717850)
coke(3574963) kontakt(28283) fitkinibodychallenge(66588)
coke(3574963) kontakt(28283) ftw(1168570)
coke(3574963) kontakt(28283) richkids(165068)
coke(3574963) kontakt(28283) nike(45107596)
coke(3574963) kontakt(28283) outfitgrid(301723)
coke(3574963) kontakt(28283) playboy(1923945)
coke(3574963) kontakt(28283) denimshorts(114345)
coke(3574963) kontakt(28283) tee(2110574)
coke(3574963) kontakt(28283) 28dayjumpstart(411852)
coke(3574963) kontakt(28283) ootdshare(1102165)
coke(3574963) kontakt(28283) joker(2033952)
coke(3574963) kontakt(28283) summerjam2015(15917)
coke(3574963) kontakt(28283) metlife(178536)
coke(3574963) kontakt(28283) graceshow(5229)
coke(3574963) kontakt(28283) tb(46164798)
coke(3574963) kontakt(28283) airmax90hyperfuse(2561)
coke(3574963) kontakt(28283) opi_products(8131)
coke(3574963) catconla(8941) tamannahennatattoos(76)
coke(3574963) catconla(8941) periscope(35270)
coke(3574963) catconla(8941) suicidegirl(167337)
coke(3574963) catconla(8941) theuncommonthread(57184)
coke(3574963) catconla(8941) beatsxmcm(1009)
coke(3574963) catconla(8941) repost(128332805)
coke(3574963) catconla(8941) kustomkultureforever(4691)
coke(3574963) catconla(8941) gemskiattarongazoo(181)
coke(3574963) catconla(8941) forst(20487)
coke(3574963) catconla(8941) sportbikelife(34996)
coke(3574963) catconla(8941) richkids(165071)
coke(3574963) catconla(8941) australian(833610)
coke(3574963) catconla(8941) vintique(382383)
coke(3574963) catconla(8941) ronaldo(2243273)
coke(3574963) catconla(8941) forthewild(4752)
coke(3574963) catconla(8941) braptube(11371)
coke(3574963) sick(15026676) summerjam2015(15919)
coke(3574963) sick(15026676) metlife(178536)
coke(3574963) sick(15026676) nike(45107637)
coke(3574963) sick(15026676) trucker(186144)
coke(3574963) sick(15026676) hoopfilms(8743)
coke(3574963) sick(15026676) ballislife(2999313)
coke(3574963) sick(15026676) nbafinals(616764)
coke(3574963) sick(15026676) outfitgrid(301723)
coke(3574963) sick(15026676) hoopmixtape(75205)
coke(3574963) sick(15026676) mcm(89091025)
coke(3574963) sick(15026676) dd4l(64715)
coke(3574963) sick(15026676) remmyvalenzuela(49723)
coke(3574963) sick(15026676) nba(7242574)
coke(3574963) sick(15026676) heonbeattho(528)
coke(3574963) sick(15026676) stephencurry(158817)
coke(3574963) sick(15026676) playboy(1923975)
coke(3574963) sick(15026676) kingbeef(2966)
coke(3574963) sick(15026676) ballup(145409)
coke(3574963) sick(15026676) bape(717853)
coke(3574963) sick(15026676) denimshorts(114345)
coke(3574963) sick(15026676) airmax90hyperfuse(2561)
coke(3574963) sick(15026676) bestvacations(816608)
coke(3574963) sick(15026676) tee(2110577)
coke(3574963) sick(15026676) martin(1072833)
coke(3574963) sick(15026676) funniest15seconds(61131)
coke(3574963) sick(15026676) galatasaray(3029334)
coke(3574963) perfectvideos(9865) something(1486606)
coke(3574963) perfectvideos(9865) drop(1124459)
coke(3574963) perfectvideos(9865) hellaclips(39385)
coke(3574963) perfectvideos(9865) sylenth(8816)
coke(3574963) perfectvideos(9865) stayflared(1809)
coke(3574963) perfectvideos(9865) brandyusa(80344)
coke(3574963) perfectvideos(9865) distortion(167401)
coke(3574963) perfectvideos(9865) flstudio12(9521)
coke(3574963) perfectvideos(9865) createyourluck(540)
coke(3574963) perfectvideos(9865) native(1154524)
coke(3574963) perfectvideos(9865) kicks(6304040)
coke(3574963) perfectvideos(9865) sick(15026680)
coke(3574963) perfectvideos(9865) mulia(30524)
coke(3574963) perfectvideos(9865) hard(8925957)
coke(3574963) perfectvideos(9865) messi(3371755)
coke(3574963) perfectvideos(9865) fcbarcelona(1722470)
coke(3574963) perfectvideos(9865) fcb_supporters(1150)
coke(3574963) perfectvideos(9865) making(1303200)
coke(3574963) perfectvideos(9865) snowboarding(2727412)
coke(3574963) perfectvideos(9865) beast(8533678)
coke(3574963) perfectvideos(9865) glitter(7099654)
coke(3574963) perfectvideos(9865) snowboarder(162751)
coke(3574963) perfectvideos(9865) dd4l(64715)
coke(3574963) perfectvideos(9865) letmehearthebass(27)
coke(3574963) perfectvideos(9865) kahvesi(236637)
coke(3574963) perfectvideos(9865) skateboarding(6617539)
coke(3574963) perfectvideos(9865) challengetomy29thanniversary(43)
coke(3574963) perfectvideos(9865) kontakt(28283)
coke(3574963) perfectvideos(9865) significantmother(368)
coke(3574963) perfectvideos(9865) meat(2108491)
coke(3574963) perfectvideos(9865) massive(860802)
coke(3574963) perfectvideos(9865) instruments(247561)
coke(3574963) perfectvideos(9865) countdown(2671969)
coke(3574963) perfectvideos(9865) repost(128332575)
coke(3574963) perfectvideos(9865) paitaiaowdarbnhaainca(126)
coke(3574963) making(1303199) rescuefamily(3066)
coke(3574963) making(1303199) jluxlabel(100)
coke(3574963) making(1303199) filming(938133)
coke(3574963) making(1303199) series11(3293)
coke(3574963) making(1303199) geordieshore(289788)
coke(3574963) making(1303199) samsungultra(2351)
coke(3574963) making(1303199) patrickstarrr(43703)
coke(3574963) making(1303199) remmyvalenzuela(49723)
coke(3574963) making(1303199) mysanfrancisco(52830)
coke(3574963) making(1303199) teamstarrr(94)
coke(3574963) making(1303199) killercolors(660)
coke(3574963) making(1303199) pitbull(11449383)
coke(3574963) making(1303199) meltblow(5816)
coke(3574963) making(1303199) meltcosmetics(154149)
coke(3574963) making(1303199) galatasaray(3029334)
coke(3574963) mondaysnoozeday(27) carswithoutlimits(1985175)
coke(3574963) mondaysnoozeday(27) officialralenwatts(278)
coke(3574963) mondaysnoozeday(27) carwraps(29975)
coke(3574963) mondaysnoozeday(27) moloridesign(91)
coke(3574963) mondaysnoozeday(27) carsgasm(13212)
coke(3574963) mondaysnoozeday(27) vegas_nay(1829862)
coke(3574963) mondaysnoozeday(27) lote(70492)
coke(3574963) mondaysnoozeday(27) model(53650373)
coke(3574963) mondaysnoozeday(27) customwraps(6211)
coke(3574963) mondaysnoozeday(27) ralenwatts(682)
coke(3574963) mondaysnoozeday(27) amazingcars247(1232549)
coke(3574963) mondaysnoozeday(27) 458(486126)
coke(3574963) mondaysnoozeday(27) yiannimize(21530)
coke(3574963) mondaysnoozeday(27) modball(7024)
coke(3574963) mondaysnoozeday(27) supercars(1369209)
coke(3574963) mondaysnoozeday(27) londonwraps(1613)
coke(3574963) mondaysnoozeday(27) modballrally(10171)
coke(3574963) mondaysnoozeday(27) dallas(4647360)
coke(3574963) mondaysnoozeday(27) kingwraps(1389)
coke(3574963) mondaysnoozeday(27) namasteseries(308)
coke(3574963) mondaysnoozeday(27) nickandsams(2403)
coke(3574963) mondaysnoozeday(27) forst(20487)
coke(3574963) mondaysnoozeday(27) carporn(5559496)
coke(3574963) mondaysnoozeday(27) carmad(5068)
coke(3574963) mondaysnoozeday(27) airplanecuddlebuddy(5)
coke(3574963) mondaysnoozeday(27) omnomnomnom(137792)
coke(3574963) mondaysnoozeday(27) chromered(1052)
coke(3574963) mondaysnoozeday(27) chromewrap(8006)
coke(3574963) mondaysnoozeday(27) bestwraps(1643)
coke(3574963) mondaysnoozeday(27) joker(2033960)
coke(3574963) mondaysnoozeday(27) bestcars(54227)
coke(3574963) mondaysnoozeday(27) carwrapping(30919)
coke(3574963) mondaysnoozeday(27) teambb(24581)
coke(3574963) mondaysnoozeday(27) hypercars(124636)
coke(3574963) mondaysnoozeday(27) amazingcars(209077)
coke(3574963) mondaysnoozeday(27) vehiclewraps(23395)
coke(3574963) sylenth(8816) secondamendment(173288)
coke(3574963) sylenth(8816) harleydavidson(1746180)
coke(3574963) sylenth(8816) progun(53969)
coke(3574963) sylenth(8816) itsstillmagical(36)
coke(3574963) sylenth(8816) disneyland(8563548)
coke(3574963) sylenth(8816) mystopover(19766)
coke(3574963) sylenth(8816) defendthesecond(83703)
coke(3574963) sylenth(8816) nra(283618)
coke(3574963) sylenth(8816) brandyusa(80344)
coke(3574963) sylenth(8816) antiguncontrol(11816)
coke(3574963) sylenth(8816) firearms(178465)
coke(3574963) sylenth(8816) righttobeararms(84494)
coke(3574963) sylenth(8816) ducati(1100295)
coke(3574963) sylenth(8816) kahvesi(236636)
coke(3574963) sylenth(8816) weapons(298195)
coke(3574963) sylenth(8816) shooting(4338674)
coke(3574963) sylenth(8816) sneakercon(357609)
coke(3574963) sylenth(8816) guns(2208700)
coke(3574963) sylenth(8816) roxyready(2268)
coke(3574963) sylenth(8816) gunporn(537790)
coke(3574963) sylenth(8816) gun(2396553)
coke(3574963) sylenth(8816) beatsxmcm(1009)
coke(3574963) sylenth(8816) relatable(1264325)
coke(3574963) sylenth(8816) defendthe2nd(14289)
coke(3574963) sylenth(8816) meanmuggin(624814)
coke(3574963) sylenth(8816) weaponsreloaded(27897)
coke(3574963) sylenth(8816) happybirthdaypll(360)
coke(3574963) teambb(24581) secondamendment(173288)
coke(3574963) teambb(24581) progun(53969)
coke(3574963) teambb(24581) tamannahennatattoos(76)
coke(3574963) teambb(24581) babybubz(1234)
coke(3574963) teambb(24581) mychildren(127221)
coke(3574963) teambb(24581) the_perfect_pair(334867)
coke(3574963) teambb(24581) opi_products(8131)
coke(3574963) teambb(24581) defendthesecond(83703)
coke(3574963) teambb(24581) stancenation(2170775)
coke(3574963) teambb(24581) remmyvalenzuela(49722)
coke(3574963) teambb(24581) nra(283618)
coke(3574963) teambb(24581) theroyalg(42165)
coke(3574963) teambb(24581) theuncommonthread(57184)
coke(3574963) teambb(24581) crepprotect(9126)
coke(3574963) teambb(24581) solenation(1427953)
coke(3574963) teambb(24581) domo(542799)
coke(3574963) teambb(24581) antiguncontrol(11816)
coke(3574963) teambb(24581) firearms(178465)
coke(3574963) teambb(24581) righttobeararms(84494)
coke(3574963) teambb(24581) jumpman23(488670)
coke(3574963) teambb(24581) repost(128332154)
coke(3574963) teambb(24581) farmersmarkethawaii(96529)
coke(3574963) teambb(24581) malaysia(9655765)
coke(3574963) teambb(24581) atribecf(107220)
coke(3574963) teambb(24581) weapons(298195)
coke(3574963) teambb(24581) nike(45107586)
coke(3574963) teambb(24581) solecollector(3656619)
coke(3574963) teambb(24581) nicekicks(4017378)
coke(3574963) teambb(24581) project193(13209)
coke(3574963) teambb(24581) anamikakhanna(2796)
coke(3574963) teambb(24581) fcb_supporters(1150)
coke(3574963) teambb(24581) goducks(460792)
coke(3574963) teambb(24581) defendthe2nd(14289)
coke(3574963) teambb(24581) messi(3371740)
coke(3574963) teambb(24581) kicksonfire(4175154)
coke(3574963) teambb(24581) shooting(4338669)
coke(3574963) teambb(24581) rossbargainhunter(54)
coke(3574963) teambb(24581) roamoorea(115)
coke(3574963) teambb(24581) isaacng(1056)
coke(3574963) teambb(24581) iifa2015(8074)
coke(3574963) teambb(24581) thanksforeverything(134724)
coke(3574963) teambb(24581) kl(1467009)
coke(3574963) teambb(24581) teamkof(62030)
coke(3574963) teambb(24581) gunporn(537790)
coke(3574963) teambb(24581) publishbrand(37709)
coke(3574963) teambb(24581) fcbarcelona(1722458)
coke(3574963) teambb(24581) gun(2396552)
coke(3574963) teambb(24581) weaponsreloaded(27897)
coke(3574963) teambb(24581) backtoreality(523109)
coke(3574963) teambb(24581) guns(2208698)
coke(3574963) gemskiattarongazoo(181) officialralenwatts(278)
coke(3574963) gemskiattarongazoo(181) make(6801552)
coke(3574963) gemskiattarongazoo(181) model(53650333)
coke(3574963) gemskiattarongazoo(181) allincle(69462)
coke(3574963) gemskiattarongazoo(181) ralenwatts(682)
coke(3574963) gemskiattarongazoo(181) cruelintentionsmusical(1352)
coke(3574963) gemskiattarongazoo(181) sensasibollyonehd(251)
coke(3574963) gemskiattarongazoo(181) biggerthan(3723)
coke(3574963) gemskiattarongazoo(181) dd4l(64715)
coke(3574963) gemskiattarongazoo(181) 3morewins(3086)
coke(3574963) gemskiattarongazoo(181) oceanbreakfast(36)
coke(3574963) gemskiattarongazoo(181) summerjam2015(15921)
coke(3574963) gemskiattarongazoo(181) nickandsams(2403)
coke(3574963) gemskiattarongazoo(181) kylieandkendall(12998)
coke(3574963) gemskiattarongazoo(181) tb(46164846)
coke(3574963) gemskiattarongazoo(181) today(34033029)
coke(3574963) gemskiattarongazoo(181) metlife(178536)
coke(3574963) gemskiattarongazoo(181) dallas(4647357)
coke(3574963) gemskiattarongazoo(181) la(29922062)
coke(3574963) gemskiattarongazoo(181) ronaldo(2243268)
coke(3574963) gemskiattarongazoo(181) hair(108413149)
coke(3574963) gemskiattarongazoo(181) ootdfash(208391)
coke(3574963) forthewild(4752) canibuyalocation(1)
coke(3574963) forthewild(4752) omnomnomnom(137792)
coke(3574963) forthewild(4752) blacklist(1391907)
coke(3574963) forthewild(4752) mychildren(127221)
coke(3574963) forthewild(4752) babybubz(1234)
coke(3574963) forthewild(4752) ceramicpro(24207)
coke(3574963) forthewild(4752) isaacng(1056)
coke(3574963) forthewild(4752) roxyready(2268)
coke(3574963) forthewild(4752) allincle(69462)
coke(3574963) forthewild(4752) whytheysohardtofindtho(1)
coke(3574963) forthewild(4752) airplanecuddlebuddy(5)
coke(3574963) forthewild(4752) australia(13840266)
coke(3574963) forthewild(4752) domo(542800)
coke(3574963) forthewild(4752) bmwz4(25614)
coke(3574963) forthewild(4752) nevermindwewouldeatalltheproduct(1)
coke(3574963) forthewild(4752) whowillrise(266)
coke(3574963) forthewild(4752) nbafinals(616765)
coke(3574963) ootd(63153281) graceshow(5230)
coke(3574963) ootd(63153281) iifa2015(8083)
coke(3574963) ootd(63153281) malaysia(9655813)
coke(3574963) ootd(63153281) anamikakhanna(2796)
coke(3574963) ootd(63153281) forst(20487)
coke(3574963) ootd(63153281) heonbeattho(528)
coke(3574963) ootd(63153281) kl(1467017)
coke(3574963) ootd(63153281) kingbeef(2966)
coke(3574963) ootd(63153281) challengetomy29thanniversary(43)
coke(3574963) ootd(63153281) rossbargainhunter(54)
coke(3574963) ootd(63153281) meat(2108491)
coke(3574963) ootd(63153281) countdown(2671969)
coke(3574963) ootd(63153281) martin(1072833)
coke(3574963) ootd(63153281) funniest15seconds(61131)
coke(3574963) ootd(63153281) backtoreality(523109)
coke(3574963) ootd(63153281) mcm(89091099)
