nike(45107253) baifernfamkannaja(73) movenourishbelieve(353877)
nike(45107253) baifernfamkannaja(73) stylenanda(1510338)
nike(45107253) baifernfamkannaja(73) bmwz4(25614)
nike(45107253) baifernfamkannaja(73) ceramicpro(24206)
nike(45107253) baifernfamkannaja(73) outfitgrid(301721)
nike(45107253) baifernfamkannaja(73) turkey(17848803)
nike(45107253) baifernfamkannaja(73) cesme(450975)
nike(45107253) baifernfamkannaja(73) wekfest(128161)
nike(45107253) baifernfamkannaja(73) australia(13839965)
nike(45107253) baifernfamkannaja(73) bape(717843)
nike(45107253) baifernfamkannaja(73) roxyready(2268)
nike(45107253) baifernfamkannaja(73) dd4l(64715)
nike(45107253) baifernfamkannaja(73) blacklist(1391892)
nike(45107253) baifernfamkannaja(73) superstreet(674271)
nike(45107253) baifernfamkannaja(73) activeliving(255222)
nike(45107253) baifernfamkannaja(73) mugen(379893)
nike(45107253) baifernfamkannaja(73) trucker(186141)
nike(45107253) baifernfamkannaja(73) remmyvalenzuela(49722)
nike(45107253) baifernfamkannaja(73) denimshorts(114345)
nike(45107253) baifernfamkannaja(73) nsx(280671)
nike(45107253) baifernfamkannaja(73) lornajane(385775)
nike(45107253) baifernfamkannaja(73) nike(45107355)
nike(45107253) baifernfamkannaja(73) airmax90hyperfuse(2561)
nike(45107253) baifernfamkannaja(73) tee(2110553)
nike(45107253) baifernfamkannaja(73) playboy(1923815)
nike(45107253) fashion(220927565) baifernfamkannaja(73)
nike(45107253) fashion(220927565) 26june(3420)
nike(45107253) fashion(220927565) sardaarji(2242)
nike(45107253) fashion(220927565) freezemnd(1442)
nike(45107253) fashion(220927565) walimatulurushanishairul(2272)
nike(45107253) fashion(220927565) glitter(7099607)
nike(45107253) fashion(220927565) moloridesign(90)
nike(45107253) fashion(220927565) sportbikelife(34996)
nike(45107253) fashion(220927565) frenchies(702052)
nike(45107253) fashion(220927565) allincle(69447)
nike(45107253) fashion(220927565) biggie(929613)
nike(45107253) fashion(220927565) roxyready(2268)
nike(45107253) fashion(220927565) earthfocus(28682)
nike(45107253) fashion(220927565) tetamuvip(30)
nike(45107253) fashion(220927565) namasteseries(307)
nike(45107253) fashion(220927565) stancenation(2170748)
nike(45107253) fashion(220927565) mulia(30523)
nike(45107253) fashion(220927565) omnomnomnom(137792)
nike(45107253) fashion(220927565) nbafinals(616726)
nike(45107253) fashion(220927565) braptube(11371)
nike(45107253) amazingcars(209072) secondamendment(173288)
nike(45107253) amazingcars(209072) progun(53969)
nike(45107253) amazingcars(209072) defendthesecond(83703)
nike(45107253) amazingcars(209072) hemi(676621)
nike(45107253) amazingcars(209072) antiguncontrol(11816)
nike(45107253) amazingcars(209072) midoribikinis(11802)
nike(45107253) amazingcars(209072) tamartians(12835)
nike(45107253) amazingcars(209072) happiness(35056947)
nike(45107253) amazingcars(209072) 5point7(12310)
nike(45107253) amazingcars(209072) procomp(68053)
nike(45107253) amazingcars(209072) americanstyle(137139)
nike(45107253) amazingcars(209072) nra(283618)
nike(45107253) amazingcars(209072) monday(15139428)
nike(45107253) amazingcars(209072) cruelintentionsmusical(1352)
nike(45107253) amazingcars(209072) gun(2396546)
nike(45107253) amazingcars(209072) samsungultra(2351)
nike(45107253) amazingcars(209072) firearms(178465)
nike(45107253) amazingcars(209072) gunporn(537789)
nike(45107253) amazingcars(209072) superchips(7212)
nike(45107253) amazingcars(209072) righttobeararms(84494)
nike(45107253) amazingcars(209072) ourengagement(3542)
nike(45107253) amazingcars(209072) guns(2208688)
nike(45107253) amazingcars(209072) dd4l(64715)
nike(45107253) amazingcars(209072) shooting(4338632)
nike(45107253) amazingcars(209072) stancenation(2170763)
nike(45107253) amazingcars(209072) shoes(51220301)
nike(45107253) amazingcars(209072) ifidonthaveyou(1986)
nike(45107253) amazingcars(209072) flowmaster(76619)
nike(45107253) amazingcars(209072) defendthe2nd(14289)
nike(45107253) amazingcars(209072) stayhappymyfriends(1686)
nike(45107253) amazingcars(209072) love(922212959)
nike(45107253) amazingcars(209072) richkids(165067)
nike(45107253) amazingcars(209072) weapons(298195)
nike(45107253) amazingcars(209072) perfectsundaynight(6201)
nike(45107253) amazingcars(209072) hellwig(917)
nike(45107253) amazingcars(209072) formyladies(5435)
nike(45107253) amazingcars(209072) dodgeram(226386)
nike(45107253) amazingcars(209072) luxwt(113349)
nike(45107253) amazingcars(209072) k(3764952)
nike(45107253) amazingcars(209072) weaponsreloaded(27897)
nike(45107253) amazingcars(209072) luxuryworldtraveler(121777)
nike(45107253) lookatjuliassmile(1) worldoceanday(3314)
nike(45107253) lookatjuliassmile(1) geordieshore(289787)
nike(45107253) lookatjuliassmile(1) perfectvideos(9864)
nike(45107253) lookatjuliassmile(1) papuanewguinea(35768)
nike(45107253) lookatjuliassmile(1) gotoedgekeepgoing(805)
nike(45107253) lookatjuliassmile(1) outfitgrid(301720)
nike(45107253) lookatjuliassmile(1) series11(3293)
nike(45107253) lookatjuliassmile(1) oceans(251726)
nike(45107253) lookatjuliassmile(1) dwtreasurehunt(2)
nike(45107253) lookatjuliassmile(1) allincle(69447)
nike(45107253) lookatjuliassmile(1) nike(45107278)
nike(45107253) lookatjuliassmile(1) sensasibollyonehd(251)
nike(45107253) lookatjuliassmile(1) respectnature(12257)
nike(45107253) lookatjuliassmile(1) heavensent(111016)
nike(45107253) lookatjuliassmile(1) dwmoam(185)
nike(45107253) lookatjuliassmile(1) planetocean(12951)
nike(45107253) lookatjuliassmile(1) dd4l(64715)
nike(45107253) lookatjuliassmile(1) butilovedogs(192)
nike(45107253) lookatjuliassmile(1) bape(717843)
nike(45107253) lookatjuliassmile(1) pristineseas(707)
nike(45107253) lookatjuliassmile(1) trucker(186141)
nike(45107253) lookatjuliassmile(1) snowboarding(2727404)
nike(45107253) lookatjuliassmile(1) formyladies(5435)
nike(45107253) lookatjuliassmile(1) stayhappymyfriends(1686)
nike(45107253) lookatjuliassmile(1) snowboarder(162750)
nike(45107253) lookatjuliassmile(1) denimshorts(114345)
nike(45107253) lookatjuliassmile(1) liquidearth(613)
nike(45107253) lookatjuliassmile(1) filming(938122)
nike(45107253) lookatjuliassmile(1) playboy(1923777)
nike(45107253) lookatjuliassmile(1) tee(2110544)
nike(45107253) lookatjuliassmile(1) airmax90hyperfuse(2561)
nike(45107253) lookatjuliassmile(1) barracuda(104661)
nike(45107253) lookatjuliassmile(1) teambb(24581)
nike(45107253) lookatjuliassmile(1) coraltriangle(1496)
nike(45107253) lookatjuliassmile(1) vintique(382381)
nike(45107253) lote(70492) confemm(10)
nike(45107253) lote(70492) carlifestyle(434639)
nike(45107253) lote(70492) itsstillmagical(36)
nike(45107253) lote(70492) stancenation(2170769)
nike(45107253) lote(70492) perfectsundaynight(6201)
nike(45107253) lote(70492) mystopover(19766)
nike(45107253) lote(70492) fitgirlscook(40198)
nike(45107253) lote(70492) joker(2033942)
nike(45107253) lote(70492) ftw(1168569)
nike(45107253) lote(70492) opi_products(8131)
nike(45107253) lote(70492) disneyland(8563498)
nike(45107253) lote(70492) dd4l(64715)
nike(45107253) lote(70492) fitkinibodychallenge(66588)
nike(45107253) lote(70492) 28dayjumpstart(411850)
nike(45107253) tarteguard(171) tb(46164543)
nike(45107253) tarteguard(171) frenchies(702055)
nike(45107253) tarteguard(171) nba(7242529)
nike(45107253) tarteguard(171) ootdfash(208390)
nike(45107253) tarteguard(171) repost(128330948)
nike(45107253) tarteguard(171) allincle(69451)
nike(45107253) tarteguard(171) gemskiattarongazoo(181)
nike(45107253) tarteguard(171) ballislife(2999295)
nike(45107253) tarteguard(171) biggie(929614)
nike(45107253) tarteguard(171) samsungultra(2351)
nike(45107253) tarteguard(171) happy29th(5443)
nike(45107253) tarteguard(171) hoopmixtape(75205)
nike(45107253) tarteguard(171) forthewild(4753)
nike(45107253) tarteguard(171) nbafinals(616730)
nike(45107253) tarteguard(171) hoopfilms(8743)
nike(45107253) tarteguard(171) ballup(145408)
nike(45107253) tarteguard(171) stephencurry(158815)
nike(45107253) customwraps(6211) fashion(220928862)
nike(45107253) customwraps(6211) dsfmag(11)
nike(45107253) customwraps(6211) lookbookstore(35137)
nike(45107253) customwraps(6211) theuncommonthread(57184)
nike(45107253) customwraps(6211) wekfest(128161)
nike(45107253) customwraps(6211) mugen(379894)
nike(45107253) customwraps(6211) nsx(280674)
nike(45107253) customwraps(6211) monday(15139434)
nike(45107253) customwraps(6211) sportbikelife(34996)
nike(45107253) customwraps(6211) photoshoot(12817965)
nike(45107253) customwraps(6211) significantmother(367)
nike(45107253) customwraps(6211) countdown(2671956)
nike(45107253) customwraps(6211) challengetomy29thanniversary(43)
nike(45107253) customwraps(6211) superstreet(674272)
nike(45107253) customwraps(6211) ootdshare(1102158)
nike(45107253) customwraps(6211) love(922213011)
nike(45107253) customwraps(6211) kustomkultureforever(4683)
nike(45107253) customwraps(6211) shoes(51220307)
nike(45107253) customwraps(6211) meat(2108483)
nike(45107253) customwraps(6211) braptube(11371)
nike(45107253) prodassadin(4259) opi_products(8131)
nike(45107253) prodassadin(4259) freezemnd(1441)
nike(45107253) prodassadin(4259) thehustlecontinuestour(514)
nike(45107253) prodassadin(4259) bestvacations(816602)
nike(45107253) prodassadin(4259) antalya(3778010)
nike(45107253) prodassadin(4259) kylieandkendall(12998)
nike(45107253) prodassadin(4259) earthfocus(28682)
nike(45107253) prodassadin(4259) richkids(165065)
nike(45107253) lookbookstore(35137) itsallaboutbaby(271169)
nike(45107253) lookbookstore(35137) officialralenwatts(278)
nike(45107253) lookbookstore(35137) igkiddies(362225)
nike(45107253) lookbookstore(35137) milamae(859)
nike(45107253) lookbookstore(35137) instatoddler(284104)
nike(45107253) lookbookstore(35137) oviababy(5282)
nike(45107253) lookbookstore(35137) kidsfashionforall(18873)
nike(45107253) lookbookstore(35137) minitrendsandco(3890)
nike(45107253) lookbookstore(35137) freetobekids(28688)
nike(45107253) lookbookstore(35137) fcbarcelona(1722413)
nike(45107253) lookbookstore(35137) kidzootd(438272)
nike(45107253) lookbookstore(35137) ralenwatts(682)
nike(45107253) lookbookstore(35137) babyfashionclub(22588)
nike(45107253) lookbookstore(35137) airbnbsg(391)
nike(45107253) lookbookstore(35137) postmyfashionkid(566156)
nike(45107253) lookbookstore(35137) littleandbrave(163525)
nike(45107253) lookbookstore(35137) 1lovebabies(2433)
nike(45107253) lookbookstore(35137) allincle(69447)
nike(45107253) lookbookstore(35137) freezemnd(1441)
nike(45107253) lookbookstore(35137) featured_ig_babies(99879)
nike(45107253) lookbookstore(35137) fcb_supporters(1150)
nike(45107253) lookbookstore(35137) fashionkids_and_moms(236444)
nike(45107253) lookbookstore(35137) ig_kids(2002514)
nike(45107253) lookbookstore(35137) fashionkids(1841159)
nike(45107253) lookbookstore(35137) messi(3371685)
nike(45107253) lookbookstore(35137) whowillrise(266)
nike(45107253) lookbookstore(35137) model(53649691)
nike(45107253) lookbookstore(35137) photooftheday(320730898)
nike(45107253) lookbookstore(35137) tinytrendz(6271)
nike(45107253) lookbookstore(35137) iphoneonly(96421000)
nike(45107253) lookbookstore(35137) nickandsams(2403)
nike(45107253) lookbookstore(35137) primitiveapparel(14600)
nike(45107253) lookbookstore(35137) kidzfashion(513202)
nike(45107253) lookbookstore(35137) cutekidsfashion(388645)
nike(45107253) lookbookstore(35137) spectacularkidz(113926)
nike(45107253) lookbookstore(35137) nbafinals(616726)
nike(45107253) lookbookstore(35137) cutest_kiddies(151080)
nike(45107253) lookbookstore(35137) dallas(4647343)
nike(45107253) lookbookstore(35137) cutekidmodels(270295)
nike(45107253) lookbookstore(35137) ootd(63152524)
nike(45107253) lookbookstore(35137) beautiesandgents(134908)
nike(45107253) lookbookstore(35137) antalya(3778010)
nike(45107253) lookbookstore(35137) ig_junior(253256)
nike(45107253) lookbookstore(35137) skylarjamesbaptism(86)
nike(45107253) lookbookstore(35137) cutekidsclub(1521632)
nike(45107253) lookbookstore(35137) fitfam(25067394)
nike(45107253) lookbookstore(35137) belonganywhere(4014)
nike(45107253) goldtelethon(1041) sardaarji(2242)
nike(45107253) goldtelethon(1041) alacati(233004)
nike(45107253) goldtelethon(1041) backtoreality(523103)
nike(45107253) goldtelethon(1041) dsfmag(11)
nike(45107253) goldtelethon(1041) midoribikinis(11802)
nike(45107253) goldtelethon(1041) tamartians(12835)
nike(45107253) goldtelethon(1041) opi_products(8131)
nike(45107253) goldtelethon(1041) anamikakhanna(2795)
nike(45107253) goldtelethon(1041) remmyvalenzuela(49722)
nike(45107253) goldtelethon(1041) malaysia(9655646)
nike(45107253) goldtelethon(1041) glitter(7099606)
nike(45107253) goldtelethon(1041) snowboarding(2727404)
nike(45107253) goldtelethon(1041) ifidonthaveyou(1986)
nike(45107253) goldtelethon(1041) summerjam2015(15886)
nike(45107253) goldtelethon(1041) photoshoot(12817899)
nike(45107253) goldtelethon(1041) kl(1466995)
nike(45107253) goldtelethon(1041) mulia(30523)
nike(45107253) goldtelethon(1041) snowboarder(162750)
nike(45107253) goldtelethon(1041) 26june(3420)
nike(45107253) goldtelethon(1041) metlife(178534)
nike(45107253) goldtelethon(1041) iifa2015(8060)
nike(45107253) bestcars(54227) carlifestyle(434637)
nike(45107253) bestcars(54227) mychildren(127218)
nike(45107253) bestcars(54227) jluxlabel(100)
nike(45107253) bestcars(54227) getsupplied(1860)
nike(45107253) bestcars(54227) isaacng(1056)
nike(45107253) bestcars(54227) supplied(210316)
nike(45107253) bestcars(54227) lookbookstore(35137)
nike(45107253) bestcars(54227) playboy(1923835)
nike(45107253) bestcars(54227) bape(717846)
nike(45107253) bestcars(54227) theuncommonthread(57184)
nike(45107253) bestcars(54227) domo(542799)
nike(45107253) bestcars(54227) remmyvalenzuela(49722)
nike(45107253) bestcars(54227) thehustlecontinuestour(514)
nike(45107253) bestcars(54227) sydneyturnsiton(35)
nike(45107253) bestcars(54227) trucker(186141)
nike(45107253) bestcars(54227) clovelly(30833)
nike(45107253) bestcars(54227) kustomkultureforever(4682)
nike(45107253) bestcars(54227) babybubz(1234)
nike(45107253) bestcars(54227) airplanecuddlebuddy(5)
nike(45107253) bestcars(54227) tee(2110558)
nike(45107253) bestcars(54227) denimshorts(114345)
nike(45107253) bestcars(54227) sensationalwintersday(2)
nike(45107253) bestcars(54227) ootdshare(1102154)
nike(45107253) bestcars(54227) nike(45107384)
nike(45107253) bestcars(54227) fashion(220928555)
nike(45107253) bestcars(54227) airmax90hyperfuse(2561)
nike(45107253) bestcars(54227) rileycurry(16113)
nike(45107253) bestcars(54227) outfitgrid(301721)
nike(45107253) bestcars(54227) oats(996482)
nike(45107253) sydneychildrenshospital(1567) jluxlabel(100)
nike(45107253) sydneychildrenshospital(1567) tarteguard(171)
nike(45107253) sydneychildrenshospital(1567) frenchies(702053)
nike(45107253) sydneychildrenshospital(1567) backtoreality(523103)
nike(45107253) sydneychildrenshospital(1567) whytheysohardtofindtho(1)
nike(45107253) sydneychildrenshospital(1567) truthserum(24416)
nike(45107253) sydneychildrenshospital(1567) anamikakhanna(2795)
nike(45107253) sydneychildrenshospital(1567) turkey(17848768)
nike(45107253) sydneychildrenshospital(1567) sundayfunday(15163276)
nike(45107253) sydneychildrenshospital(1567) biggie(929613)
nike(45107253) sydneychildrenshospital(1567) love(922210338)
nike(45107253) sydneychildrenshospital(1567) catconla(8938)
nike(45107253) sydneychildrenshospital(1567) practicesafesummer(6)
nike(45107253) sydneychildrenshospital(1567) catsofinstagram(17812599)
nike(45107253) sydneychildrenshospital(1567) happybirthdaypll(350)
nike(45107253) sydneychildrenshospital(1567) stylenanda(1510329)
nike(45107253) sydneychildrenshospital(1567) crayola(356811)
nike(45107253) sydneychildrenshospital(1567) nevermindwewouldeatalltheproduct(1)
nike(45107253) sydneychildrenshospital(1567) perfectsundaynight(6201)
nike(45107253) sydneychildrenshospital(1567) canibuyalocation(1)
nike(45107253) sydneychildrenshospital(1567) cesme(450973)
nike(45107253) sydneychildrenshospital(1567) malaysia(9655644)
nike(45107253) sydneychildrenshospital(1567) illustration(13804633)
nike(45107253) sydneychildrenshospital(1567) kl(1466994)
nike(45107253) sydneychildrenshospital(1567) iifa2015(8060)
nike(45107253) sydneychildrenshospital(1567) spf(122925)
nike(45107253) carwraps(29974) photooftheday(320812133)
nike(45107253) carwraps(29974) likealways(25007390)
nike(45107253) carwraps(29974) dwmoam(185)
nike(45107253) carwraps(29974) happy(305820907)
nike(45107253) carwraps(29974) repost(128330990)
nike(45107253) carwraps(29974) fashion(220928523)
nike(45107253) carwraps(29974) design(38074718)
nike(45107253) carwraps(29974) opi_products(8131)
nike(45107253) carwraps(29974) iphone6plus(1065833)
nike(45107253) carwraps(29974) blackmilkclothing(426186)
nike(45107253) carwraps(29974) likeforlike(162631634)
nike(45107253) carwraps(29974) bmwz4(25614)
nike(45107253) carwraps(29974) instadaily(203827571)
nike(45107253) carwraps(29974) ceramicpro(24206)
nike(45107253) carwraps(29974) dwtreasurehunt(2)
nike(45107253) carwraps(29974) mjustablonde(602)
nike(45107253) carwraps(29974) followme(328650804)
nike(45107253) carwraps(29974) style(146811506)
nike(45107253) carwraps(29974) roxyready(2268)
nike(45107253) carwraps(29974) garnier(211764)
nike(45107253) carwraps(29974) sydneyturnsiton(35)
nike(45107253) carwraps(29974) martabendavid(1244)
nike(45107253) carwraps(29974) beautiful(291981506)
nike(45107253) carwraps(29974) thanksforeverything(134722)
nike(45107253) carwraps(29974) nyc(38471973)
nike(45107253) carwraps(29974) summerjam2015(15899)
nike(45107253) carwraps(29974) clovelly(30833)
nike(45107253) carwraps(29974) goducks(460792)
nike(45107253) carwraps(29974) ootdfash(208390)
nike(45107253) carwraps(29974) la(29921893)
nike(45107253) carwraps(29974) blacklist(1391893)
nike(45107253) carwraps(29974) selfie(281535604)
nike(45107253) carwraps(29974) mjustablondeonthego(299)
nike(45107253) carwraps(29974) blackmilk(358766)
nike(45107253) carwraps(29974) baemaxx(205)
nike(45107253) carwraps(29974) bmgalaxyblueslouchy(2)
nike(45107253) carwraps(29974) nbafinals(616731)
nike(45107253) carwraps(29974) dallas(4647348)
nike(45107253) carwraps(29974) sensationalwintersday(2)
nike(45107253) carwraps(29974) instagood(422843298)
nike(45107253) carwraps(29974) sirsleep(30)
nike(45107253) carwraps(29974) art(106672622)
nike(45107253) carwraps(29974) metlife(178534)
nike(45107253) carwraps(29974) iphone6(4408665)
nike(45107253) carwraps(29974) paitaiaowdarbnhaainca(126)
nike(45107253) carwraps(29974) allincle(69451)
nike(45107253) carwraps(29974) chicago(16775351)
nike(45107253) carwraps(29974) oats(996482)
nike(45107253) carwraps(29974) like4like(233907819)
nike(45107253) yiannimize(21530) tamannahennatattoos(76)
nike(45107253) yiannimize(21530) meltblow(5816)
nike(45107253) yiannimize(21530) shoes(51220336)
nike(45107253) yiannimize(21530) love(922213384)
nike(45107253) yiannimize(21530) toobusytocare(975)
nike(45107253) yiannimize(21530) warrenjc(88587)
nike(45107253) yiannimize(21530) native(1154511)
nike(45107253) yiannimize(21530) sylenth(8816)
nike(45107253) yiannimize(21530) instadaily(203827880)
nike(45107253) yiannimize(21530) instruments(247561)
nike(45107253) yiannimize(21530) design(38074821)
nike(45107253) yiannimize(21530) chicago(16775350)
nike(45107253) yiannimize(21530) followme(328651339)
nike(45107253) yiannimize(21530) making(1303196)
nike(45107253) yiannimize(21530) iphone6plus(1065837)
nike(45107253) yiannimize(21530) flstudio12(9521)
nike(45107253) yiannimize(21530) mjustablonde(602)
nike(45107253) yiannimize(21530) kicks(6304016)
nike(45107253) yiannimize(21530) beast(8533631)
nike(45107253) yiannimize(21530) something(1486600)
nike(45107253) yiannimize(21530) likealways(25007432)
nike(45107253) yiannimize(21530) distortion(167400)
nike(45107253) yiannimize(21530) patrickstarrr(43703)
nike(45107253) yiannimize(21530) monday(15139542)
nike(45107253) yiannimize(21530) martabendavid(1244)
nike(45107253) yiannimize(21530) like4like(233908242)
nike(45107253) yiannimize(21530) iphone6(4408687)
nike(45107253) yiannimize(21530) likeforlike(162632048)
nike(45107253) yiannimize(21530) teamstarrr(94)
nike(45107253) yiannimize(21530) repost(128331403)
nike(45107253) yiannimize(21530) selfie(281536101)
nike(45107253) yiannimize(21530) beautiful(291981941)
nike(45107253) yiannimize(21530) killercolors(660)
nike(45107253) yiannimize(21530) letmehearthebass(27)
nike(45107253) yiannimize(21530) fashion(220929002)
nike(45107253) yiannimize(21530) art(106672817)
nike(45107253) yiannimize(21530) sportbikelife(34996)
nike(45107253) yiannimize(21530) massive(860798)
nike(45107253) yiannimize(21530) 16month(9231)
nike(45107253) yiannimize(21530) mjustablondeonthego(299)
nike(45107253) yiannimize(21530) hard(8925912)
nike(45107253) yiannimize(21530) beatsxmcm(1009)
nike(45107253) yiannimize(21530) kontakt(28283)
nike(45107253) yiannimize(21530) happy(305821254)
nike(45107253) yiannimize(21530) photooftheday(320812573)
nike(45107253) yiannimize(21530) nyc(38471998)
nike(45107253) yiannimize(21530) queens(2542132)
nike(45107253) yiannimize(21530) ootdfash(208390)
nike(45107253) yiannimize(21530) sick(15026667)
nike(45107253) yiannimize(21530) style(146811796)
nike(45107253) yiannimize(21530) la(29921951)
nike(45107253) yiannimize(21530) rileycurry(16113)
nike(45107253) yiannimize(21530) meltcosmetics(154149)
nike(45107253) yiannimize(21530) instagood(422843923)
nike(45107253) yiannimize(21530) dallas(4647351)
nike(45107253) yiannimize(21530) drop(1124454)
nike(45107253) yiannimize(21530) braptube(11371)
nike(45107253) modball(7024) perfectsundaynight(6201)
nike(45107253) modball(7024) happybirthdaykanye(1214)
nike(45107253) modball(7024) rossbargainhunter(54)
nike(45107253) modball(7024) happybirthdaypll(352)
nike(45107253) modball(7024) nbafinals(616732)
nike(45107253) modball(7024) getsupplied(1860)
nike(45107253) modball(7024) samsungultra(2351)
nike(45107253) modball(7024) supplied(210316)
nike(45107253) modball(7024) dd4l(64715)
nike(45107253) modball(7024) galatasaray(3029320)
nike(45107253) modball(7024) oceanbreakfast(36)
nike(45107253) modball(7024) australia(13839994)
nike(45107253) modball(7024) allincle(69451)
nike(45107253) modball(7024) whowillrise(266)
nike(45107253) carsgasm(13212) baifernfamkannaja(73)
nike(45107253) carsgasm(13212) secondamendment(173288)
nike(45107253) carsgasm(13212) nyc(38471979)
nike(45107253) carsgasm(13212) hemi(676621)
nike(45107253) carsgasm(13212) gunporn(537789)
nike(45107253) carsgasm(13212) ralenwatts(682)
nike(45107253) carsgasm(13212) progun(53969)
nike(45107253) carsgasm(13212) theraven(44694)
nike(45107253) carsgasm(13212) defendthesecond(83703)
nike(45107253) carsgasm(13212) 5point7(12310)
nike(45107253) carsgasm(13212) procomp(68053)
nike(45107253) carsgasm(13212) guns(2208688)
nike(45107253) carsgasm(13212) nra(283618)
nike(45107253) carsgasm(13212) gun(2396546)
nike(45107253) carsgasm(13212) allincle(69452)
nike(45107253) carsgasm(13212) k(3764952)
nike(45107253) carsgasm(13212) samsungultra(2351)
nike(45107253) carsgasm(13212) firearms(178465)
nike(45107253) carsgasm(13212) righttobeararms(84494)
nike(45107253) carsgasm(13212) americanstyle(137139)
nike(45107253) carsgasm(13212) officialralenwatts(278)
nike(45107253) carsgasm(13212) carlifestyle(434638)
nike(45107253) carsgasm(13212) dallas(4647349)
nike(45107253) carsgasm(13212) nickandsams(2403)
nike(45107253) carsgasm(13212) klub(54813)
nike(45107253) carsgasm(13212) sportbikelife(34996)
nike(45107253) carsgasm(13212) weaponsreloaded(27897)
nike(45107253) carsgasm(13212) flowmaster(76619)
nike(45107253) carsgasm(13212) defendthe2nd(14289)
nike(45107253) carsgasm(13212) model(53649930)
nike(45107253) carsgasm(13212) challengetomy29thanniversary(43)
nike(45107253) carsgasm(13212) countdown(2671955)
nike(45107253) carsgasm(13212) superchips(7212)
nike(45107253) carsgasm(13212) hellwig(917)
nike(45107253) carsgasm(13212) dodgeram(226386)
nike(45107253) carsgasm(13212) tysonandpeppa(1114)
nike(45107253) carsgasm(13212) antiguncontrol(11816)
nike(45107253) carsgasm(13212) weapons(298195)
nike(45107253) carsgasm(13212) nbafinals(616734)
nike(45107253) carsgasm(13212) film07(373)
nike(45107253) carsgasm(13212) shooting(4338628)
nike(45107253) carsgasm(13212) braptube(11371)
nike(45107253) carsgasm(13212) meat(2108483)
nike(45107253) modballrally(10171) mysanfrancisco(52829)
nike(45107253) modballrally(10171) nbafinals(616736)
nike(45107253) modballrally(10171) allincle(69453)
nike(45107253) modballrally(10171) confemm(10)
nike(45107253) modballrally(10171) shoes(51220298)
nike(45107253) modballrally(10171) sardaarji(2242)
nike(45107253) modballrally(10171) ballislife(2999298)
nike(45107253) modballrally(10171) love(922212890)
nike(45107253) modballrally(10171) 26june(3421)
nike(45107253) modballrally(10171) thewanteddenim(3298)
nike(45107253) modballrally(10171) sportbikelife(34996)
nike(45107253) modballrally(10171) hoopmixtape(75205)
nike(45107253) modballrally(10171) teambb(24581)
nike(45107253) modballrally(10171) nba(7242535)
nike(45107253) modballrally(10171) braptube(11371)
nike(45107253) modballrally(10171) hoopfilms(8743)
nike(45107253) modballrally(10171) ballup(145408)
nike(45107253) modballrally(10171) stephencurry(158815)
nike(45107253) modballrally(10171) monday(15139416)
nike(45107253) hypercars(124629) ig_junior(253260)
nike(45107253) hypercars(124629) babyfashionclub(22588)
nike(45107253) hypercars(124629) mcm(89090681)
nike(45107253) hypercars(124629) jluxlabel(100)
nike(45107253) hypercars(124629) ootd(63152891)
nike(45107253) hypercars(124629) cutekidsclub(1521645)
nike(45107253) hypercars(124629) minitrendsandco(3890)
nike(45107253) hypercars(124629) freetobekids(28688)
nike(45107253) hypercars(124629) forthewild(4753)
nike(45107253) hypercars(124629) instatoddler(284108)
nike(45107253) hypercars(124629) beautiesandgents(134908)
nike(45107253) hypercars(124629) americanstyle(137139)
nike(45107253) hypercars(124629) bape(717846)
nike(45107253) hypercars(124629) playboy(1923852)
nike(45107253) hypercars(124629) stancenation(2170763)
nike(45107253) hypercars(124629) featured_ig_babies(99879)
nike(45107253) hypercars(124629) ig_kids(2002530)
nike(45107253) hypercars(124629) spectacularkidz(113928)
nike(45107253) hypercars(124629) fashionkids_and_moms(236444)
nike(45107253) hypercars(124629) 1lovebabies(2433)
nike(45107253) hypercars(124629) littleandbrave(163533)
nike(45107253) hypercars(124629) kidsfashionforall(18874)
nike(45107253) hypercars(124629) postmyfashionkid(566157)
nike(45107253) hypercars(124629) kidzootd(438278)
nike(45107253) hypercars(124629) milamae(859)
nike(45107253) hypercars(124629) oats(996485)
nike(45107253) hypercars(124629) cutekidsfashion(388650)
nike(45107253) hypercars(124629) fitfam(25067555)
nike(45107253) hypercars(124629) tee(2110561)
nike(45107253) hypercars(124629) itsallaboutbaby(271171)
nike(45107253) hypercars(124629) gemskiattarongazoo(181)
nike(45107253) hypercars(124629) cutest_kiddies(151083)
nike(45107253) hypercars(124629) photooftheday(320812359)
nike(45107253) hypercars(124629) denimshorts(114345)
nike(45107253) hypercars(124629) martin(1072822)
nike(45107253) hypercars(124629) trucker(186141)
nike(45107253) hypercars(124629) clovelly(30833)
nike(45107253) hypercars(124629) primitiveapparel(14600)
nike(45107253) hypercars(124629) tinytrendz(6271)
nike(45107253) hypercars(124629) heonbeattho(528)
nike(45107253) hypercars(124629) significantmother(367)
nike(45107253) hypercars(124629) repost(128331170)
nike(45107253) hypercars(124629) baemaxx(205)
nike(45107253) hypercars(124629) kingbeef(2966)
nike(45107253) hypercars(124629) perfectsundaynight(6201)
nike(45107253) hypercars(124629) sensationalwintersday(2)
nike(45107253) hypercars(124629) fashionkids(1841165)
nike(45107253) hypercars(124629) cutekidmodels(270295)
nike(45107253) hypercars(124629) midoribikinis(11802)
nike(45107253) hypercars(124629) iphoneonly(96421193)
nike(45107253) hypercars(124629) sydneyturnsiton(35)
nike(45107253) hypercars(124629) airmax90hyperfuse(2561)
nike(45107253) hypercars(124629) igkiddies(362227)
nike(45107253) hypercars(124629) outfitgrid(301721)
nike(45107253) hypercars(124629) nike(45107403)
nike(45107253) hypercars(124629) funniest15seconds(61131)
nike(45107253) hypercars(124629) oviababy(5282)
nike(45107253) hypercars(124629) kidzfashion(513205)
nike(45107253) hypercars(124629) kahvesi(236635)
nike(45107253) carwrapping(30916) queens(2542126)
nike(45107253) carwrapping(30916) geordieshore(289787)
nike(45107253) carwrapping(30916) toobusytocare(975)
nike(45107253) carwrapping(30916) tarteguard(171)
nike(45107253) carwrapping(30916) dsfmag(11)
nike(45107253) carwrapping(30916) lookbooknu(68523)
nike(45107253) carwrapping(30916) bmwz4(25614)
nike(45107253) carwrapping(30916) series11(3293)
nike(45107253) carwrapping(30916) sohoswim(992)
nike(45107253) carwrapping(30916) ceramicpro(24206)
nike(45107253) carwrapping(30916) createyourluck(540)
nike(45107253) carwrapping(30916) lookbook(7002333)
nike(45107253) carwrapping(30916) perfectvideos(9865)
nike(45107253) carwrapping(30916) spf(122926)
nike(45107253) carwrapping(30916) bangkok(7127209)
nike(45107253) carwrapping(30916) heavensent(111016)
nike(45107253) carwrapping(30916) love(922212503)
nike(45107253) carwrapping(30916) ootd(63152864)
nike(45107253) carwrapping(30916) lookoftheday(4492752)
nike(45107253) carwrapping(30916) filming(938123)
nike(45107253) carwrapping(30916) martin(1072822)
nike(45107253) carwrapping(30916) forst(20487)
nike(45107253) carwrapping(30916) practicesafesummer(6)
nike(45107253) carwrapping(30916) structure(712873)
nike(45107253) carwrapping(30916) heonbeattho(528)
nike(45107253) carwrapping(30916) chanel(25558828)
nike(45107253) carwrapping(30916) stayhappymyfriends(1686)
nike(45107253) carwrapping(30916) kingbeef(2966)
nike(45107253) carwrapping(30916) mcm(89090661)
nike(45107253) carwrapping(30916) photoshoot(12817952)
nike(45107253) carwrapping(30916) stylenanda(1510338)
nike(45107253) carwrapping(30916) butilovedogs(192)
nike(45107253) carwrapping(30916) formyladies(5435)
nike(45107253) carwrapping(30916) blacklist(1391894)
nike(45107253) carwrapping(30916) layers(861227)
nike(45107253) carwrapping(30916) earthfocus(28682)
nike(45107253) carwrapping(30916) thailand(21865061)
nike(45107253) carwrapping(30916) funniest15seconds(61131)
nike(45107253) carswithoutlimits(1985138) style(146811783)
nike(45107253) carswithoutlimits(1985138) malaysia(9655709)
nike(45107253) carswithoutlimits(1985138) instadaily(203827868)
nike(45107253) carswithoutlimits(1985138) like4like(233908234)
nike(45107253) carswithoutlimits(1985138) fashion(220928979)
nike(45107253) carswithoutlimits(1985138) likeforlike(162632037)
nike(45107253) carswithoutlimits(1985138) nyc(38471996)
nike(45107253) carswithoutlimits(1985138) iphone6plus(1065837)
nike(45107253) carswithoutlimits(1985138) mjustablonde(602)
nike(45107253) carswithoutlimits(1985138) likealways(25007432)
nike(45107253) carswithoutlimits(1985138) dd4l(64715)
nike(45107253) carswithoutlimits(1985138) martabendavid(1244)
nike(45107253) carswithoutlimits(1985138) beautiful(291981923)
nike(45107253) carswithoutlimits(1985138) iphone6(4408687)
nike(45107253) carswithoutlimits(1985138) kl(1467003)
nike(45107253) carswithoutlimits(1985138) chicago(16775349)
nike(45107253) carswithoutlimits(1985138) oceanbreakfast(36)
nike(45107253) carswithoutlimits(1985138) anamikakhanna(2796)
nike(45107253) carswithoutlimits(1985138) backtoreality(523106)
nike(45107253) carswithoutlimits(1985138) followme(328651315)
nike(45107253) carswithoutlimits(1985138) selfie(281536079)
nike(45107253) carswithoutlimits(1985138) happy(305821239)
nike(45107253) carswithoutlimits(1985138) mjustablondeonthego(299)
nike(45107253) carswithoutlimits(1985138) instagood(422843891)
nike(45107253) carswithoutlimits(1985138) iifa2015(8067)
nike(45107253) carswithoutlimits(1985138) design(38074815)
nike(45107253) carswithoutlimits(1985138) art(106672808)
nike(45107253) carswithoutlimits(1985138) dallas(4647352)
nike(45107253) carswithoutlimits(1985138) dresses__up(1030)
nike(45107253) carswithoutlimits(1985138) la(29921951)
nike(45107253) carswithoutlimits(1985138) rileycurry(16113)
nike(45107253) carswithoutlimits(1985138) film07(373)
nike(45107253) carswithoutlimits(1985138) photooftheday(320812547)
nike(45107253) practicesafesummer(6) teamstarrr(94)
nike(45107253) practicesafesummer(6) kekaltabahsabah(191)
nike(45107253) practicesafesummer(6) leavinglasvegas(10474)
nike(45107253) practicesafesummer(6) fashion(220928419)
nike(45107253) practicesafesummer(6) lookbookstore(35137)
nike(45107253) practicesafesummer(6) jluxlabel(100)
nike(45107253) practicesafesummer(6) allincle(69451)
nike(45107253) practicesafesummer(6) semangatbuatsabah(115)
nike(45107253) practicesafesummer(6) ootdshare(1102154)
nike(45107253) practicesafesummer(6) dresses__up(1030)
nike(45107253) practicesafesummer(6) happiness(35056893)
nike(45107253) practicesafesummer(6) ourengagement(3542)
nike(45107253) practicesafesummer(6) killercolors(660)
nike(45107253) practicesafesummer(6) ootdfash(208390)
nike(45107253) practicesafesummer(6) kylieandkendall(12998)
nike(45107253) practicesafesummer(6) 16month(9231)
nike(45107253) practicesafesummer(6) patrickstarrr(43703)
nike(45107253) practicesafesummer(6) syukurselalu(864)
nike(45107253) carmad(5068) officialralenwatts(278)
nike(45107253) carmad(5068) sardaarji(2242)
nike(45107253) carmad(5068) semangatbuatsabah(115)
nike(45107253) carmad(5068) freezemnd(1449)
nike(45107253) carmad(5068) fitgirlscook(40198)
nike(45107253) carmad(5068) police(2004245)
nike(45107253) carmad(5068) happy29th(5443)
nike(45107253) carmad(5068) kekaltabahsabah(192)
nike(45107253) carmad(5068) ralenwatts(682)
nike(45107253) carmad(5068) sohoswim(992)
nike(45107253) carmad(5068) 28dayjumpstart(411850)
nike(45107253) carmad(5068) fitkinibodychallenge(66588)
nike(45107253) carmad(5068) syukurselalu(864)
nike(45107253) carmad(5068) mysanfrancisco(52829)
nike(45107253) carmad(5068) theuncommonthread(57184)
nike(45107253) carmad(5068) 7(5819382)
nike(45107253) carmad(5068) activeliving(255223)
nike(45107253) carmad(5068) r35(454150)
nike(45107253) carmad(5068) movenourishbelieve(353880)
nike(45107253) carmad(5068) gtr(1652104)
nike(45107253) carmad(5068) confemm(10)
nike(45107253) carmad(5068) amazingcars247(1232531)
nike(45107253) carmad(5068) model(53649973)
nike(45107253) carmad(5068) nickandsams(2403)
nike(45107253) carmad(5068) roamoorea(115)
nike(45107253) carmad(5068) meetthedickersons(53)
nike(45107253) carmad(5068) allincle(69454)
nike(45107253) carmad(5068) dallas(4647352)
nike(45107253) carmad(5068) naomirose(1970)
nike(45107253) carmad(5068) kustomkultureforever(4683)
nike(45107253) carmad(5068) ftw(1168569)
nike(45107253) carmad(5068) earthfocus(28682)
nike(45107253) carmad(5068) lornajane(385777)
nike(45107253) carmad(5068) nissan(4659085)
nike(45107253) carmad(5068) 26june(3421)
nike(45107253) kingwraps(1389) catconla(8940)
nike(45107253) kingwraps(1389) geordieshore(289786)
nike(45107253) kingwraps(1389) mysteryschool(2639)
nike(45107253) kingwraps(1389) filming(938125)
nike(45107253) kingwraps(1389) allincle(69454)
nike(45107253) kingwraps(1389) ootdfash(208390)
nike(45107253) kingwraps(1389) catsofinstagram(17812698)
nike(45107253) kingwraps(1389) 16month(9231)
nike(45107253) kingwraps(1389) dd4l(64715)
nike(45107253) kingwraps(1389) skylarjamesbaptism(86)
nike(45107253) kingwraps(1389) garnier(211764)
nike(45107253) kingwraps(1389) nbafinals(616739)
nike(45107253) kingwraps(1389) series11(3293)
nike(45107253) ootdshare(1102146) movenourishbelieve(353873)
nike(45107253) ootdshare(1102146) rescuefamily(3066)
nike(45107253) ootdshare(1102146) asiyasafiya(160)
nike(45107253) ootdshare(1102146) mystopover(19766)
nike(45107253) ootdshare(1102146) whytheysohardtofindtho(1)
nike(45107253) ootdshare(1102146) vintique(382381)
nike(45107253) ootdshare(1102146) tysonandpeppa(1114)
nike(45107253) ootdshare(1102146) sydneyturnsiton(35)
nike(45107253) ootdshare(1102146) oceanbreakfast(36)
nike(45107253) ootdshare(1102146) activeliving(255222)
nike(45107253) ootdshare(1102146) klub(54813)
nike(45107253) ootdshare(1102146) lornajane(385768)
nike(45107253) ootdshare(1102146) clovelly(30833)
nike(45107253) ootdshare(1102146) oats(996473)
nike(45107253) ootdshare(1102146) canibuyalocation(1)
nike(45107253) ootdshare(1102146) nyc(38471918)
nike(45107253) ootdshare(1102146) namasteseries(307)
nike(45107253) ootdshare(1102146) omnomnomnom(137792)
nike(45107253) ootdshare(1102146) nevermindwewouldeatalltheproduct(1)
nike(45107253) ootdshare(1102146) sensationalwintersday(2)
nike(45107253) ootdshare(1102146) moloridesign(90)
nike(45107253) ootdshare(1102146) allincle(69447)
nike(45107253) ootdshare(1102146) pitbull(11449347)
nike(45107253) ootdshare(1102146) theraven(44694)
nike(45107253) amazingcars247(1232518) itsstillmagical(36)
nike(45107253) amazingcars247(1232518) superchips(7212)
nike(45107253) amazingcars247(1232518) happy29th(5443)
nike(45107253) amazingcars247(1232518) 5point7(12310)
nike(45107253) amazingcars247(1232518) procomp(68053)
nike(45107253) amazingcars247(1232518) remmyvalenzuela(49722)
nike(45107253) amazingcars247(1232518) hemi(676620)
nike(45107253) amazingcars247(1232518) asiyasafiya(160)
nike(45107253) amazingcars247(1232518) patrickstarrr(43703)
nike(45107253) amazingcars247(1232518) dd4l(64715)
nike(45107253) amazingcars247(1232518) teamstarrr(94)
nike(45107253) amazingcars247(1232518) killercolors(660)
nike(45107253) amazingcars247(1232518) disneyland(8563491)
nike(45107253) amazingcars247(1232518) flowmaster(76619)
nike(45107253) amazingcars247(1232518) countdown(2671956)
nike(45107253) amazingcars247(1232518) challengetomy29thanniversary(43)
nike(45107253) amazingcars247(1232518) antalya(3778052)
nike(45107253) amazingcars247(1232518) hellwig(917)
nike(45107253) amazingcars247(1232518) kylieandkendall(12998)
nike(45107253) amazingcars247(1232518) dodgeram(226386)
nike(45107253) amazingcars247(1232518) k(3764952)
nike(45107253) amazingcars247(1232518) earthfocus(28682)
nike(45107253) amazingcars247(1232518) film07(373)
nike(45107253) amazingcars247(1232518) meat(2108483)
nike(45107253) carporn(5559422) mysteryschool(2639)
nike(45107253) carporn(5559422) rosstest(185)
nike(45107253) carporn(5559422) today(34032896)
nike(45107253) carporn(5559422) perfectvideos(9865)
nike(45107253) carporn(5559422) make(6801524)
nike(45107253) carporn(5559422) 1miljoenviews(5)
nike(45107253) carporn(5559422) feminist(528247)
nike(45107253) carporn(5559422) thisbodsforyou(27)
nike(45107253) carporn(5559422) sportbikelife(34996)
nike(45107253) carporn(5559422) paitaiaowdarbnhaainca(126)
nike(45107253) carporn(5559422) roamoorea(115)
nike(45107253) carporn(5559422) rossbargainhunter(54)
nike(45107253) carporn(5559422) hair(108412732)
nike(45107253) carporn(5559422) drankendrugs(132)
nike(45107253) carporn(5559422) vigilantediaries(624)
nike(45107253) carporn(5559422) savblogawards(1355)
nike(45107253) carporn(5559422) braptube(11371)
nike(45107253) love(922209922) native(1154507)
nike(45107253) love(922209922) carlifestyle(434637)
nike(45107253) love(922209922) sick(15026651)
nike(45107253) love(922209922) drop(1124450)
nike(45107253) love(922209922) epikhighnyc(16)
nike(45107253) love(922209922) fashion(220928436)
nike(45107253) love(922209922) fcbarcelona(1722431)
nike(45107253) love(922209922) instruments(247561)
nike(45107253) love(922209922) lookbookstore(35137)
nike(45107253) love(922209922) flstudio12(9521)
nike(45107253) love(922209922) meat(2108482)
nike(45107253) love(922209922) countdown(2671954)
nike(45107253) love(922209922) catconla(8939)
nike(45107253) love(922209922) epikhigh(152068)
nike(45107253) love(922209922) kicks(6304007)
nike(45107253) love(922209922) massive(860795)
nike(45107253) love(922209922) making(1303193)
nike(45107253) love(922209922) fcb_supporters(1150)
nike(45107253) love(922209922) distortion(167400)
nike(45107253) love(922209922) catsofinstagram(17812658)
nike(45107253) love(922209922) happybirthdaykanye(1214)
nike(45107253) love(922209922) letmehearthebass(27)
nike(45107253) love(922209922) 16month(9231)
nike(45107253) love(922209922) airplanecuddlebuddy(5)
nike(45107253) love(922209922) epikhightour(4300)
nike(45107253) love(922209922) challengetomy29thanniversary(43)
nike(45107253) love(922209922) kontakt(28283)
nike(45107253) love(922209922) stancenation(2170755)
nike(45107253) love(922209922) messi(3371705)
nike(45107253) love(922209922) luxuryworldtraveler(121775)
nike(45107253) love(922209922) beast(8533624)
nike(45107253) love(922209922) ootdshare(1102154)
nike(45107253) love(922209922) sylenth(8816)
nike(45107253) love(922209922) luxwt(113349)
nike(45107253) love(922209922) dresses__up(1030)
nike(45107253) love(922209922) repost(128330925)
nike(45107253) love(922209922) something(1486599)
nike(45107253) love(922209922) hard(8925901)
nike(45107253) supercars(1369183) harleydavidson(1746174)
nike(45107253) supercars(1369183) kl(1467001)
nike(45107253) supercars(1369183) semangatbuatsabah(115)
nike(45107253) supercars(1369183) lornajane(385776)
nike(45107253) supercars(1369183) kekaltabahsabah(192)
nike(45107253) supercars(1369183) syukurselalu(864)
nike(45107253) supercars(1369183) ducati(1100291)
nike(45107253) supercars(1369183) thehustlecontinuestour(514)
nike(45107253) supercars(1369183) meanmuggin(624812)
nike(45107253) supercars(1369183) malaysia(9655694)
nike(45107253) supercars(1369183) vintique(382385)
nike(45107253) supercars(1369183) oceanbreakfast(36)
nike(45107253) supercars(1369183) anamikakhanna(2796)
nike(45107253) supercars(1369183) backtoreality(523106)
nike(45107253) supercars(1369183) happybirthdaypll(353)
nike(45107253) supercars(1369183) activeliving(255222)
nike(45107253) supercars(1369183) movenourishbelieve(353879)
nike(45107253) supercars(1369183) 16month(9231)
nike(45107253) supercars(1369183) brandyusa(80344)
nike(45107253) supercars(1369183) iifa2015(8067)
nike(45107253) supercars(1369183) thewanteddenim(3298)
nike(45107253) supercars(1369183) kahvesi(236635)
nike(45107253) chromered(1052) rescuefamily(3066)
nike(45107253) chromered(1052) geordieshore(289787)
nike(45107253) chromered(1052) hellaclips(39385)
nike(45107253) chromered(1052) teamkof(62029)
nike(45107253) chromered(1052) kicksonfire(4175139)
nike(45107253) chromered(1052) farmersmarkethawaii(96528)
nike(45107253) chromered(1052) series11(3293)
nike(45107253) chromered(1052) lookbookstore(35137)
nike(45107253) chromered(1052) ootdshare(1102156)
nike(45107253) chromered(1052) theroyalg(42165)
nike(45107253) chromered(1052) theuncommonthread(57184)
nike(45107253) chromered(1052) sensasibollyonehd(251)
nike(45107253) chromered(1052) samsungultra(2351)
nike(45107253) chromered(1052) pennydreadful(28742)
nike(45107253) chromered(1052) solenation(1427951)
nike(45107253) chromered(1052) atribecf(107220)
nike(45107253) chromered(1052) richkids(165067)
nike(45107253) chromered(1052) youtube(11553201)
nike(45107253) chromered(1052) sneakercon(357609)
nike(45107253) chromered(1052) project193(13209)
nike(45107253) chromered(1052) roper(25129)
nike(45107253) chromered(1052) stayflared(1810)
nike(45107253) chromered(1052) jumpman23(488666)
nike(45107253) chromered(1052) filming(938123)
nike(45107253) chromered(1052) pitbull(11449353)
nike(45107253) chromered(1052) bestvacations(816609)
nike(45107253) chromered(1052) baemaxx(205)
nike(45107253) chromered(1052) nike(45107389)
nike(45107253) chromered(1052) nicekicks(4017369)
nike(45107253) chromered(1052) skateboarding(6617500)
nike(45107253) chromered(1052) the_perfect_pair(334866)
nike(45107253) chromered(1052) publishbrand(37709)
nike(45107253) chromered(1052) rileycurry(16113)
nike(45107253) chromered(1052) crepprotect(9125)
nike(45107253) chromered(1052) solecollector(3656608)
nike(45107253) chromered(1052) fashion(220928613)
nike(45107253) charity(1579996) nbafinals(616725)
nike(45107253) charity(1579996) fitgirlscook(40198)
nike(45107253) charity(1579996) meltblow(5816)
nike(45107253) charity(1579996) forthewild(4753)
nike(45107253) charity(1579996) lookbookstore(35137)
nike(45107253) charity(1579996) ftw(1168563)
nike(45107253) charity(1579996) rp(31142427)
nike(45107253) charity(1579996) roxyready(2268)
nike(45107253) charity(1579996) confemm(10)
nike(45107253) charity(1579996) repost(128330428)
nike(45107253) charity(1579996) ootdshare(1102153)
nike(45107253) charity(1579996) rileycurry(16113)
nike(45107253) charity(1579996) gemskiattarongazoo(181)
nike(45107253) charity(1579996) fashion(220927819)
nike(45107253) charity(1579996) happybirthdaypll(350)
nike(45107253) charity(1579996) fitkinibodychallenge(66586)
nike(45107253) charity(1579996) 28dayjumpstart(411848)
nike(45107253) charity(1579996) allincle(69447)
nike(45107253) charity(1579996) meltcosmetics(154149)
nike(45107253) charity(1579996) vigilantediaries(624)
nike(45107253) chromewrap(8006) malaysia(9655709)
nike(45107253) chromewrap(8006) walimatulurushanishairul(2273)
nike(45107253) chromewrap(8006) stayflared(1809)
nike(45107253) chromewrap(8006) airbnbsg(391)
nike(45107253) chromewrap(8006) backtoreality(523106)
nike(45107253) chromewrap(8006) fcb_supporters(1150)
nike(45107253) chromewrap(8006) thehustlecontinuestour(514)
nike(45107253) chromewrap(8006) patrickstarrr(43703)
nike(45107253) chromewrap(8006) hellaclips(39385)
nike(45107253) chromewrap(8006) teamstarrr(94)
nike(45107253) chromewrap(8006) kl(1467003)
nike(45107253) chromewrap(8006) anamikakhanna(2796)
nike(45107253) chromewrap(8006) killercolors(660)
nike(45107253) chromewrap(8006) tetamuvip(30)
nike(45107253) chromewrap(8006) sportbikelife(34996)
nike(45107253) chromewrap(8006) fcbarcelona(1722443)
nike(45107253) chromewrap(8006) rp(31142467)
nike(45107253) chromewrap(8006) iifa2015(8067)
nike(45107253) chromewrap(8006) dresses__up(1030)
nike(45107253) chromewrap(8006) earthfocus(28682)
nike(45107253) chromewrap(8006) skateboarding(6617505)
nike(45107253) chromewrap(8006) messi(3371718)
nike(45107253) chromewrap(8006) belonganywhere(4014)
nike(45107253) chromewrap(8006) braptube(11371)
nike(45107253) bestwraps(1643) harleydavidson(1746174)
nike(45107253) bestwraps(1643) ducati(1100291)
nike(45107253) bestwraps(1643) fashion(220928675)
nike(45107253) bestwraps(1643) nbafinals(616733)
nike(45107253) bestwraps(1643) gemskiattarongazoo(181)
nike(45107253) bestwraps(1643) thewanteddenim(3298)
nike(45107253) bestwraps(1643) primitiveapparel(14600)
nike(45107253) bestwraps(1643) metlife(178535)
nike(45107253) bestwraps(1643) happy29th(5443)
nike(45107253) bestwraps(1643) forthewild(4753)
nike(45107253) bestwraps(1643) repost(128331113)
nike(45107253) bestwraps(1643) galatasaray(3029320)
nike(45107253) bestwraps(1643) skylarjamesbaptism(86)
nike(45107253) bestwraps(1643) lookbookstore(35137)
nike(45107253) bestwraps(1643) ootdshare(1102156)
nike(45107253) bestwraps(1643) meanmuggin(624812)
nike(45107253) bestwraps(1643) summerjam2015(15903)
nike(45107253) bestwraps(1643) allincle(69452)
nike(45107253) digdeep(131727) 3morewins(3084)
nike(45107253) digdeep(131727) beyondonescapibility(1)
nike(45107253) digdeep(131727) backtoreality(523103)
nike(45107253) digdeep(131727) anamikakhanna(2795)
nike(45107253) digdeep(131727) staytuned(1177633)
nike(45107253) digdeep(131727) glitter(7099608)
nike(45107253) digdeep(131727) ootd(63152570)
nike(45107253) digdeep(131727) malaysia(9655646)
nike(45107253) digdeep(131727) lotd(1660219)
nike(45107253) digdeep(131727) subduedstyle(1329)
nike(45107253) digdeep(131727) subdued(58921)
nike(45107253) digdeep(131727) kl(1466995)
nike(45107253) digdeep(131727) mulia(30523)
nike(45107253) digdeep(131727) vegas_nay(1829821)
nike(45107253) digdeep(131727) luxuryworldtraveler(121775)
nike(45107253) digdeep(131727) mondaysnoozeday(27)
nike(45107253) digdeep(131727) luxwt(113349)
nike(45107253) digdeep(131727) allincle(69447)
nike(45107253) digdeep(131727) australia(13839868)
nike(45107253) digdeep(131727) skylarjamesbaptism(86)
nike(45107253) digdeep(131727) iifa2015(8060)
nike(45107253) digdeep(131727) biggerthan(3721)
nike(45107253) londonwraps(1612) stylenanda(1510342)
nike(45107253) londonwraps(1612) epikhighnyc(16)
nike(45107253) londonwraps(1612) beyondonescapibility(1)
nike(45107253) londonwraps(1612) epikhigh(152069)
nike(45107253) londonwraps(1612) series11(3293)
nike(45107253) londonwraps(1612) tsxc(41149)
nike(45107253) londonwraps(1612) staytuned(1177644)
nike(45107253) londonwraps(1612) swiftkickz(200159)
nike(45107253) londonwraps(1612) lookatjuliassmile(1)
nike(45107253) londonwraps(1612) epikhightour(4301)
nike(45107253) londonwraps(1612) snowboarding(2727408)
nike(45107253) londonwraps(1612) snowboarder(162751)
nike(45107253) londonwraps(1612) warrenjc(88587)
nike(45107253) londonwraps(1612) digdeep(131727)
nike(45107253) londonwraps(1612) sirsleep(30)
nike(45107253) londonwraps(1612) charity(1580009)
nike(45107253) londonwraps(1612) geordieshore(289786)
nike(45107253) londonwraps(1612) luxwt(113349)
nike(45107253) londonwraps(1612) film07(373)
nike(45107253) londonwraps(1612) filming(938125)
nike(45107253) londonwraps(1612) sydneychildrenshospital(1568)
nike(45107253) londonwraps(1612) luxuryworldtraveler(121777)
nike(45107253) londonwraps(1612) goldtelethon(1042)
nike(45107253) londonwraps(1612) paitaiaowdarbnhaainca(126)
nike(45107253) pppfamily(1773) periscope(35270)
nike(45107253) pppfamily(1773) perfectvideos(9864)
nike(45107253) pppfamily(1773) toobusytocare(975)
nike(45107253) pppfamily(1773) vintique(382381)
nike(45107253) pppfamily(1773) cruelintentionsmusical(1352)
nike(45107253) pppfamily(1773) tb(46164408)
nike(45107253) pppfamily(1773) queens(2542121)
nike(45107253) pppfamily(1773) ourengagement(3542)
nike(45107253) pppfamily(1773) australian(833599)
nike(45107253) pppfamily(1773) happiness(35056767)
nike(45107253) pppfamily(1773) crayola(356811)
nike(45107253) pppfamily(1773) meat(2108476)
nike(45107253) pppfamily(1773) challengetomy29thanniversary(43)
nike(45107253) pppfamily(1773) illustration(13804624)
nike(45107253) pppfamily(1773) countdown(2671945)
nike(45107253) pppfamily(1773) suicidegirl(167335)
nike(45107253) pppfamily(1773) stylenanda(1510328)
nike(45107253) pppfamily(1773) film07(373)
nike(45107253) pppfamily(1773) happybirthdaykanye(1212)
nike(45107253) spf(122925) nbafinals(616730)
nike(45107253) spf(122925) cesme(450976)
nike(45107253) spf(122925) ftw(1168567)
nike(45107253) spf(122925) sirsleep(30)
nike(45107253) spf(122925) fitgirlscook(40198)
nike(45107253) spf(122925) turkey(17848812)
nike(45107253) spf(122925) 28dayjumpstart(411849)
nike(45107253) spf(122925) bestvacations(816609)
nike(45107253) spf(122925) fitkinibodychallenge(66586)
nike(45107253) spf(122925) dd4l(64715)
nike(45107253) spf(122925) vigilantediaries(624)
nike(45107253) spf(122925) omnomnomnom(137792)
nike(45107253) spf(122925) cruelintentionsmusical(1352)
nike(45107253) spf(122925) whowillrise(266)
nike(45107253) spf(122925) ronaldo(2243254)
nike(45107253) 458(486120) officialralenwatts(278)
nike(45107253) 458(486120) carsgasm(13212)
nike(45107253) 458(486120) getsupplied(1860)
nike(45107253) 458(486120) londonwraps(1612)
nike(45107253) 458(486120) ralenwatts(682)
nike(45107253) 458(486120) whytheysohardtofindtho(1)
nike(45107253) 458(486120) customwraps(6211)
nike(45107253) 458(486120) amazingcars(209076)
nike(45107253) 458(486120) relatable(1264309)
nike(45107253) 458(486120) supplied(210316)
nike(45107253) 458(486120) carporn(5559437)
nike(45107253) 458(486120) kingwraps(1389)
nike(45107253) 458(486120) mysanfrancisco(52829)
nike(45107253) 458(486120) amazingcars247(1232527)
nike(45107253) 458(486120) carwraps(29974)
nike(45107253) 458(486120) rossbargainhunter(54)
nike(45107253) 458(486120) yiannimize(21530)
nike(45107253) 458(486120) modball(7024)
nike(45107253) 458(486120) fcb_supporters(1150)
nike(45107253) 458(486120) americanstyle(137139)
nike(45107253) 458(486120) whowillrise(266)
nike(45107253) 458(486120) modballrally(10171)
nike(45107253) 458(486120) model(53649871)
nike(45107253) 458(486120) messi(3371705)
nike(45107253) 458(486120) hypercars(124631)
nike(45107253) 458(486120) supercars(1369193)
nike(45107253) 458(486120) cesme(450976)
nike(45107253) 458(486120) nickandsams(2403)
nike(45107253) 458(486120) fcbarcelona(1722432)
nike(45107253) 458(486120) carmad(5068)
nike(45107253) 458(486120) carswithoutlimits(1985150)
nike(45107253) 458(486120) nevermindwewouldeatalltheproduct(1)
nike(45107253) 458(486120) chromered(1052)
nike(45107253) 458(486120) luxuryworldtraveler(121777)
nike(45107253) 458(486120) dallas(4647348)
nike(45107253) 458(486120) chromewrap(8006)
nike(45107253) 458(486120) bestwraps(1643)
nike(45107253) 458(486120) canibuyalocation(1)
nike(45107253) 458(486120) nbafinals(616731)
nike(45107253) 458(486120) lote(70492)
nike(45107253) 458(486120) bestcars(54227)
nike(45107253) 458(486120) luxwt(113349)
nike(45107253) 458(486120) turkey(17848819)
nike(45107253) 458(486120) carwrapping(30919)
nike(45107253) 458(486120) 458(486120)
nike(45107253) 458(486120) vehiclewraps(23395)
nike(45107253) vehiclewraps(23395) superchips(7212)
nike(45107253) vehiclewraps(23395) tarteguard(171)
nike(45107253) vehiclewraps(23395) antalya(3778060)
nike(45107253) vehiclewraps(23395) theraven(44694)
nike(45107253) vehiclewraps(23395) cesme(450977)
nike(45107253) vehiclewraps(23395) 5point7(12310)
nike(45107253) vehiclewraps(23395) procomp(68053)
nike(45107253) vehiclewraps(23395) turkey(17848859)
nike(45107253) vehiclewraps(23395) hemi(676620)
nike(45107253) vehiclewraps(23395) spf(122926)
nike(45107253) vehiclewraps(23395) k(3764954)
nike(45107253) vehiclewraps(23395) love(922213461)
nike(45107253) vehiclewraps(23395) 1miljoenviews(5)
nike(45107253) vehiclewraps(23395) whowillrise(266)
nike(45107253) vehiclewraps(23395) klub(54813)
nike(45107253) vehiclewraps(23395) practicesafesummer(6)
nike(45107253) vehiclewraps(23395) flowmaster(76619)
nike(45107253) vehiclewraps(23395) nyc(38472002)
nike(45107253) vehiclewraps(23395) nbafinals(616739)
nike(45107253) vehiclewraps(23395) hellwig(917)
nike(45107253) vehiclewraps(23395) dodgeram(226386)
nike(45107253) vehiclewraps(23395) tysonandpeppa(1114)
nike(45107253) vehiclewraps(23395) drankendrugs(132)
