shareacoke(661592) mmtfdinjapan(160) fitsporation(846535)
shareacoke(661592) mmtfdinjapan(160) healthy(50729977)
shareacoke(661592) mmtfdinjapan(160) actor(4074609)
shareacoke(661592) mmtfdinjapan(160) igramfame(52)
shareacoke(661592) mmtfdinjapan(160) suicidegirlsworldwide(67)
shareacoke(661592) mmtfdinjapan(160) rotation(67287)
shareacoke(661592) mmtfdinjapan(160) cardiotraining(35064)
shareacoke(661592) mmtfdinjapan(160) regram(16176883)
shareacoke(661592) mmtfdinjapan(160) eat(15905194)
shareacoke(661592) mmtfdinjapan(160) baristaexpress(439)
shareacoke(661592) mmtfdinjapan(160) workhard(6657037)
shareacoke(661592) mmtfdinjapan(160) yummy(58162263)
shareacoke(661592) mmtfdinjapan(160) teambb(24639)
shareacoke(661592) mmtfdinjapan(160) igramglamour(16)
shareacoke(661592) mmtfdinjapan(160) bollywood(1769266)
shareacoke(661592) mmtfdinjapan(160) hrithikroshan(83306)
shareacoke(661592) mmtfdinjapan(160) workout(45182833)
shareacoke(661592) mmtfdinjapan(160) eathealthy(2117693)
shareacoke(661592) mmtfdinjapan(160) s4(1074115)
shareacoke(661592) mmtfdinjapan(160) wiggins(34218)
shareacoke(661592) mmtfdinjapan(160) summerbody(989087)
shareacoke(661592) mmtfdinjapan(160) livinglegend(181506)
shareacoke(661592) mmtfdinjapan(160) health(26762968)
shareacoke(661592) mmtfdinjapan(160) hollywood(8154154)
shareacoke(661592) mmtfdinjapan(160) nickandsams(2404)
shareacoke(661592) mmtfdinjapan(160) regimeuses(55760)
shareacoke(661592) mmtfdinjapan(160) symmetrybreakfast(2869)
shareacoke(661592) mmtfdinjapan(160) hrithik(17327)
shareacoke(661592) mmtfdinjapan(160) legs(11922149)
shareacoke(661592) mmtfdinjapan(160) weightloss(13072685)
shareacoke(661592) mmtfdinjapan(160) velopark(7268)
shareacoke(661592) mmtfdinjapan(160) yesung(699389)
shareacoke(661592) mmtfdinjapan(160) rozay(176529)
shareacoke(661592) mmtfdinjapan(160) dallas(4622305)
shareacoke(661592) mmtfdinjapan(160) lunch(27593290)
shareacoke(661592) mmtfdinjapan(160) model(53741472)
shareacoke(661592) mmtfdinjapan(160) smartwaffle(56)
shareacoke(661592) mmtfdinjapan(160) breakfast(38955978)
shareacoke(661592) mmtfdinjapan(160) pictureoftheday(13079499)
shareacoke(661592) mmtfdinjapan(160) hufftakeover(766)
shareacoke(661592) mmtfdinjapan(160) motivation(41886671)
shareacoke(661592) mmtfdinjapan(160) fit(41171969)
shareacoke(661592) mmtfdinjapan(160) discovernewworld(333)
shareacoke(661592) mmtfdinjapan(160) dwmtm(71965)
shareacoke(661592) mmtfdinjapan(160) officialralenwatts(284)
shareacoke(661592) mmtfdinjapan(160) 1(32520847)
shareacoke(661592) mmtfdinjapan(160) warrenjc(88924)
shareacoke(661592) mmtfdinjapan(160) instafit(11820691)
shareacoke(661592) mmtfdinjapan(160) brotherstrailerin2days(26)
shareacoke(661592) mmtfdinjapan(160) fitfam(25105667)
shareacoke(661592) mmtfdinjapan(160) fitness(88260366)
shareacoke(661592) mmtfdinjapan(160) squat(3533942)
shareacoke(661592) mmtfdinjapan(160) clean(9034394)
shareacoke(661592) mmtfdinjapan(160) inspiration(33745006)
shareacoke(661592) mmtfdinjapan(160) thisislondon(286643)
shareacoke(661592) mmtfdinjapan(160) ralenwatts(687)
shareacoke(661592) mmtfdinjapan(160) reequilibragealimentaire(296596)
shareacoke(661592) mmtfdinjapan(160) london(36695327)
shareacoke(661592) mmtfdinjapan(160) musculation(420354)
shareacoke(661592) mmtfdinjapan(160) training(21145263)
shareacoke(661592) mmtfdinjapan(160) eatclean(23344046)
shareacoke(661592) mmtfdinjapan(160) healthyfood(6691655)
shareacoke(661592) mmtfdinjapan(160) virgovibes(350)
shareacoke(661592) mmtfdinjapan(160) happymonday(2481022)
shareacoke(661592) mmtfdinjapan(160) fitspo(20760861)
shareacoke(661592) dae14s(6) bali(9780264)
shareacoke(661592) dae14s(6) kutasunset(463)
shareacoke(661592) dae14s(6) ronaldo(2225669)
shareacoke(661592) dae14s(6) baristaexpress(439)
shareacoke(661592) dae14s(6) traveltwogether(9)
shareacoke(661592) dae14s(6) thetrilogy(14004)
shareacoke(661592) dae14s(6) vines(877450)
shareacoke(661592) dae14s(6) dallas(4622305)
shareacoke(661592) dae14s(6) symmetrybreakfast(2869)
shareacoke(661592) dae14s(6) sydney(8337241)
shareacoke(661592) dae14s(6) sweet(59743747)
shareacoke(661592) dae14s(6) happymonday(2481015)
shareacoke(661592) dae14s(6) smartwaffle(56)
shareacoke(661592) dae14s(6) lookbookstore(35280)
shareacoke(661592) dae14s(6) nickandsams(2404)
shareacoke(661592) dae14s(6) freecrack3(177)
shareacoke(661592) dae14s(6) model(53741450)
shareacoke(661592) dae14s(6) manly(800292)
shareacoke(661592) dae14s(6) wanderlust(5944343)
shareacoke(661592) dae14s(6) travel(45930649)
shareacoke(661592) dae14s(6) funny(89655300)
shareacoke(661592) dae14s(6) ralenwatts(687)
shareacoke(661592) dae14s(6) beautiful(292130507)
shareacoke(661592) dae14s(6) australia(13832361)
shareacoke(661592) dae14s(6) barrel(409068)
shareacoke(661592) dae14s(6) officialralenwatts(284)
shareacoke(661592) dae14s(6) monday(15261038)
shareacoke(661592) 2(24380315) 2(24380319)
shareacoke(661592) 2(24380315) beautiful(292130496)
shareacoke(661592) 2(24380315) ootd(63249990)
shareacoke(661592) 2(24380315) sweet(59743748)
shareacoke(661592) 2(24380315) givemetwohands(1)
shareacoke(661592) 2(24380315) beingfatandawesome(13)
shareacoke(661592) 2(24380315) lotd(1657931)
shareacoke(661592) 2(24380315) nice(78091654)
shareacoke(661592) 2(24380315) ronaldo(2225668)
shareacoke(661592) 2(24380315) good(60363373)
shareacoke(661592) 2(24380315) beat(3439072)
shareacoke(661592) 2(24380315) resultsdontliar(1)
shareacoke(661592) 2(24380315) feels(2012551)
shareacoke(661592) 2(24380315) hamptons(474261)
shareacoke(661592) 2(24380315) twohands(89349)
shareacoke(661592) 2(24380315) rose(12896741)
shareacoke(661592) 2(24380315) wine(16063582)
shareacoke(661592) 2(24380315) mondaysnoozeday(29)
shareacoke(661592) 2(24380315) shelterisland(42964)
shareacoke(661592) 2(24380315) beach(82816344)
shareacoke(661592) 2(24380315) stancenation(2145156)
shareacoke(661592) 2(24380315) andrebalazs(752)
shareacoke(661592) 2(24380315) restaurant(6807073)
shareacoke(661592) 2(24380315) sunsetbeach(177845)
shareacoke(661592) 2(24380315) hand(6603454)
shareacoke(661592) 2(24380315) lookbookstore(35280)
shareacoke(661592) 2(24380315) moment(11698930)
shareacoke(661592) 2(24380315) sit(565547)
shareacoke(661592) 2(24380315) beautiful(292130499)
shareacoke(661592) 2(24380315) shemakesmehappy(102681)
shareacoke(661592) 2(24380315) place(9133996)
shareacoke(661592) 2(24380315) subdued(58851)
shareacoke(661592) 2(24380315) waitasec(2005)
shareacoke(661592) 2(24380315) jjome(9)
shareacoke(661592) 2(24380315) company(1278809)
shareacoke(661592) 2(24380315) subduedstyle(1332)
shareacoke(661592) 2(24380315) fire(13921786)
shareacoke(661592) bendho(14) geordieshore(289122)
shareacoke(661592) bendho(14) maxwell(209949)
shareacoke(661592) bendho(14) equestrian(1978689)
shareacoke(661592) bendho(14) blonde(31239027)
shareacoke(661592) bendho(14) ourengagement(3546)
shareacoke(661592) bendho(14) neosoul(109128)
shareacoke(661592) bendho(14) regram(16176880)
shareacoke(661592) bendho(14) nickandsams(2404)
shareacoke(661592) bendho(14) series11(3296)
shareacoke(661592) bendho(14) ashishsoni(107)
shareacoke(661592) bendho(14) plaaastic(848)
shareacoke(661592) bendho(14) dallas(4622305)
shareacoke(661592) bendho(14) equitation(210606)
shareacoke(661592) bendho(14) happiness(35109922)
shareacoke(661592) bendho(14) officialralenwatts(284)
shareacoke(661592) bendho(14) sauthermes(6942)
shareacoke(661592) bendho(14) luxuryworldtraveler(122404)
shareacoke(661592) bendho(14) luxwt(113675)
shareacoke(661592) bendho(14) dangelo(64533)
shareacoke(661592) bendho(14) model(53741448)
shareacoke(661592) bendho(14) filming(938750)
shareacoke(661592) bendho(14) ralenwatts(687)
shareacoke(661592) bendho(14) iifa2015(9230)
shareacoke(661592) bendho(14) afro(1717747)
shareacoke(661592) bendho(14) hermes(11958171)
shareacoke(661592) bendho(14) barrel(409068)
shareacoke(661592) feels(2012550) neymar(2292477)
shareacoke(661592) feels(2012550) motivation(41886633)
shareacoke(661592) feels(2012550) arabidol(153036)
shareacoke(661592) feels(2012550) rotation(67287)
shareacoke(661592) feels(2012550) iifa2015(9229)
shareacoke(661592) feels(2012550) 1(32520833)
shareacoke(661592) feels(2012550) geazy(167869)
shareacoke(661592) feels(2012550) s4(1074115)
shareacoke(661592) feels(2012550) honesty(938770)
shareacoke(661592) feels(2012550) livinglegend(181506)
shareacoke(661592) feels(2012550) allincle(70714)
shareacoke(661592) feels(2012550) biggerthan(3729)
shareacoke(661592) feels(2012550) 3morewins(3110)
shareacoke(661592) feels(2012550) warrenjc(88923)
shareacoke(661592) feels(2012550) fcbarcelona(1706897)
shareacoke(661592) feels(2012550) ashishsoni(107)
shareacoke(661592) feels(2012550) perfectsundaynight(6202)
shareacoke(661592) feels(2012550) rozay(176529)
shareacoke(661592) feels(2012550) fcb_supporters(1175)
shareacoke(661592) feels(2012550) thewanteddenim(3299)
shareacoke(661592) feels(2012550) dwmtm(71965)
shareacoke(661592) feels(2012550) fistilook(3)
shareacoke(661592) feels(2012550) monday(15261033)
shareacoke(661592) feels(2012550) happymonday(2481014)
shareacoke(661592) feels(2012550) messi(3381910)
shareacoke(661592) feels(2012550) yanafisti(2408)
shareacoke(661592) happymonday(2481012) itsjudyslife(18737)
shareacoke(661592) happymonday(2481012) brandyeu(4457)
shareacoke(661592) happymonday(2481012) teambb(24639)
shareacoke(661592) happymonday(2481012) ootd(63249995)
shareacoke(661592) happymonday(2481012) tsxc(41131)
shareacoke(661592) happymonday(2481012) homework(5896650)
shareacoke(661592) happymonday(2481012) edition1(8991)
shareacoke(661592) happymonday(2481012) gardener(134842)
shareacoke(661592) happymonday(2481012) grizzlygang(168747)
shareacoke(661592) happymonday(2481012) blacklist(1382665)
shareacoke(661592) happymonday(2481012) fistilook(3)
shareacoke(661592) happymonday(2481012) amg(2080989)
shareacoke(661592) happymonday(2481012) superclean(38162)
shareacoke(661592) happymonday(2481012) juliannabear(12224)
shareacoke(661592) happymonday(2481012) harleyquin(15229)
shareacoke(661592) happymonday(2481012) galialahav(16568)
shareacoke(661592) happymonday(2481012) yanafisti(2408)
shareacoke(661592) happymonday(2481012) mercedesbenz(1426351)
shareacoke(661592) happymonday(2481012) gts(465123)
shareacoke(661592) happymonday(2481012) swiftkickz(200021)
shareacoke(661592) travel(45930626) sleepy(14779183)
shareacoke(661592) travel(45930626) wanderlust(5944348)
shareacoke(661592) travel(45930626) sydney(8337243)
shareacoke(661592) travel(45930626) luxwt(113675)
shareacoke(661592) travel(45930626) hardwork(7462283)
shareacoke(661592) travel(45930626) traveltwogether(9)
shareacoke(661592) travel(45930626) zaataricamp(415)
shareacoke(661592) travel(45930626) fortheocean(366)
shareacoke(661592) travel(45930626) ourengagement(3546)
shareacoke(661592) travel(45930626) happiness(35109927)
shareacoke(661592) travel(45930626) australia(13832363)
shareacoke(661592) travel(45930626) working(6394590)
shareacoke(661592) travel(45930626) selfie(281731906)
shareacoke(661592) travel(45930626) americanstyle(136880)
shareacoke(661592) travel(45930626) millitakim(10266)
shareacoke(661592) travel(45930626) funny(89655320)
shareacoke(661592) travel(45930626) felicitypalmateerart(533)
shareacoke(661592) travel(45930626) vines(877450)
shareacoke(661592) travel(45930626) ss15(1298510)
shareacoke(661592) travel(45930626) airplanecuddlebuddy(5)
shareacoke(661592) travel(45930626) manly(800292)
shareacoke(661592) travel(45930626) luxuryworldtraveler(122404)
shareacoke(661592) travel(45930626) tonyawards(46799)
shareacoke(661592) travel(45930626) worldoceansday(14538)
shareacoke(661592) travel(45930626) riva(145404)
shareacoke(661592) travel(45930626) vichyidealwhiteth(105)
shareacoke(661592) travel(45930626) gopies(56626)
shareacoke(661592) travel(45930626) goodnight(39947165)
shareacoke(661592) travel(45930626) travel(45930676)
shareacoke(661592) travel(45930626) bulgaria(1095198)
shareacoke(661592) travel(45930626) matchday(394349)
shareacoke(661592) goodnight(39947159) hanaootd(70)
shareacoke(661592) goodnight(39947159) goodnight(39947166)
shareacoke(661592) goodnight(39947159) sanignaciolagoon(110)
shareacoke(661592) goodnight(39947159) wego(152402)
shareacoke(661592) goodnight(39947159) resultsdontliar(1)
shareacoke(661592) goodnight(39947159) mexico(16358949)
shareacoke(661592) goodnight(39947159) make(6799681)
shareacoke(661592) goodnight(39947159) bajacalifornia(115337)
shareacoke(661592) goodnight(39947159) rabu9pmastroria(85)
shareacoke(661592) goodnight(39947159) graywhale(3225)
shareacoke(661592) goodnight(39947159) rottnestisland(28845)
shareacoke(661592) goodnight(39947159) hair(108377341)
shareacoke(661592) goodnight(39947159) selfie(281731890)
shareacoke(661592) goodnight(39947159) baja(378105)
shareacoke(661592) goodnight(39947159) peoplescreatives(864953)
shareacoke(661592) goodnight(39947159) walimatulurushanishairul(2365)
shareacoke(661592) goodnight(39947159) americanstyle(136879)
shareacoke(661592) goodnight(39947159) today(34100319)
shareacoke(661592) omnomnomnom(138293) monday(15261075)
shareacoke(661592) omnomnomnom(138293) yiannimize(21574)
shareacoke(661592) omnomnomnom(138293) mynameisnapat(22983)
shareacoke(661592) omnomnomnom(138293) truthserum(24441)
shareacoke(661592) omnomnomnom(138293) vintique(382546)
shareacoke(661592) omnomnomnom(138293) sportsgirl(132738)
shareacoke(661592) omnomnomnom(138293) modballrally(10175)
shareacoke(661592) omnomnomnom(138293) sundayfunday(15176412)
shareacoke(661592) omnomnomnom(138293) 458(485703)
shareacoke(661592) omnomnomnom(138293) luxuryworldtraveler(122404)
shareacoke(661592) omnomnomnom(138293) luxwt(113675)
shareacoke(661592) omnomnomnom(138293) modball(7034)
shareacoke(661592) omnomnomnom(138293) chromered(1053)
shareacoke(661592) omnomnomnom(138293) happymonday(2481022)
shareacoke(661592) omnomnomnom(138293) behindthescenes(1248671)
shareacoke(661592) beat(3439072) igramfame(52)
shareacoke(661592) beat(3439072) bollywood(1769265)
shareacoke(661592) beat(3439072) bali(9780264)
shareacoke(661592) beat(3439072) pictureoftheday(13079497)
shareacoke(661592) beat(3439072) igramglamour(16)
shareacoke(661592) beat(3439072) beingfatandawesome(13)
shareacoke(661592) beat(3439072) omnomnomnom(138293)
shareacoke(661592) beat(3439072) hrithikroshan(83306)
shareacoke(661592) beat(3439072) ourengagement(3546)
shareacoke(661592) beat(3439072) ronaldo(2225668)
shareacoke(661592) beat(3439072) fendi(9500013)
shareacoke(661592) beat(3439072) beyondonescapability(1)
shareacoke(661592) beat(3439072) hualien(91379)
shareacoke(661592) beat(3439072) hrithik(17327)
shareacoke(661592) beat(3439072) happiness(35109921)
shareacoke(661592) beat(3439072) sotd(1049889)
shareacoke(661592) beat(3439072) shemakesmehappy(102681)
shareacoke(661592) beat(3439072) actor(4074608)
shareacoke(661592) beat(3439072) staytuned(1109093)
shareacoke(661592) beat(3439072) hollywood(8154147)
shareacoke(661592) beat(3439072) perfectvideos(9889)
shareacoke(661592) beat(3439072) shoes(51247137)
shareacoke(661592) beat(3439072) karlito(36345)
shareacoke(661592) monday(15261017) blackmilk(359356)
shareacoke(661592) monday(15261017) monday(15261042)
shareacoke(661592) monday(15261017) regram(16176880)
shareacoke(661592) monday(15261017) blackmilkclothing(425936)
shareacoke(661592) monday(15261017) shoes(51247149)
shareacoke(661592) monday(15261017) love(922676016)
shareacoke(661592) monday(15261017) thatsbae(379232)
shareacoke(661592) monday(15261017) daretozlatan(68752)
shareacoke(661592) monday(15261017) ourengagement(3546)
shareacoke(661592) monday(15261017) gopro(11867667)
shareacoke(661592) monday(15261017) familyfirst(4524269)
shareacoke(661592) monday(15261017) happiness(35109924)
shareacoke(661592) monday(15261017) midoribikinis(11892)
shareacoke(661592) monday(15261017) hoodyakovproduction(292)
shareacoke(661592) monday(15261017) bmgalaxyblueslouchy(2)
shareacoke(661592) dgwomen(7256) kl(1435747)
shareacoke(661592) dgwomen(7256) blackmilkclothing(425936)
shareacoke(661592) dgwomen(7256) ootd(63249999)
shareacoke(661592) dgwomen(7256) brandyeu(4457)
shareacoke(661592) dgwomen(7256) tsxc(41131)
shareacoke(661592) dgwomen(7256) video(12282340)
shareacoke(661592) dgwomen(7256) mthood(222443)
shareacoke(661592) dgwomen(7256) blackmilk(359356)
shareacoke(661592) dgwomen(7256) yiannimize(21574)
shareacoke(661592) dgwomen(7256) anamikakhanna(2810)
shareacoke(661592) dgwomen(7256) snowboarding(2709723)
shareacoke(661592) dgwomen(7256) bts(5470131)
shareacoke(661592) dgwomen(7256) plaaastic(848)
shareacoke(661592) dgwomen(7256) modballrally(10175)
shareacoke(661592) dgwomen(7256) 458(485703)
shareacoke(661592) dgwomen(7256) croatia(2620992)
shareacoke(661592) dgwomen(7256) modball(7034)
shareacoke(661592) dgwomen(7256) iifa2015(9231)
shareacoke(661592) dgwomen(7256) malaysia(9656369)
shareacoke(661592) dgwomen(7256) bmgalaxyblueslouchy(2)
shareacoke(661592) dgwomen(7256) najwakaram(65207)
shareacoke(661592) dgwomen(7256) backtoreality(522775)
shareacoke(661592) dgwomen(7256) musicvideo(1495359)
shareacoke(661592) dgwomen(7256) getsupplied(1870)
shareacoke(661592) dgwomen(7256) snowboarder(162976)
shareacoke(661592) dgwomen(7256) supplied(209838)
shareacoke(661592) dgwomen(7256) swiftkickz(200021)
shareacoke(661592) dgwomen(7256) chromered(1053)
shareacoke(661592) vintique(382546) perfectsundaynight(6202)
shareacoke(661592) vintique(382546) duffy(420498)
shareacoke(661592) vintique(382546) dikatoolkit(195)
shareacoke(661592) vintique(382546) harleyquin(15229)
shareacoke(661592) vintique(382546) illustration(13736132)
shareacoke(661592) vintique(382546) staytuned(1109093)
shareacoke(661592) vintique(382546) resultsdontliar(1)
shareacoke(661592) vintique(382546) crayola(357006)
shareacoke(661592) vintique(382546) lornajane(385258)
shareacoke(661592) vintique(382546) movenourishbelieve(353867)
shareacoke(661592) vintique(382546) sketch(23034646)
shareacoke(661592) vintique(382546) activeliving(255297)
shareacoke(661592) vintique(382546) disneyland(8558054)
shareacoke(661592) vintique(382546) beyondonescapability(1)
shareacoke(661592) vintique(382546) barrel(409069)
shareacoke(661592) vintique(382546) disneysea(554148)
shareacoke(661592) vintique(382546) thefosters(264309)
shareacoke(661592) samsungultra(2386) filipina(958969)
shareacoke(661592) samsungultra(2386) najwakaram(65207)
shareacoke(661592) samsungultra(2386) sportsgirl(132738)
shareacoke(661592) samsungultra(2386) braptube(11437)
shareacoke(661592) samsungultra(2386) musicvideo(1495359)
shareacoke(661592) samsungultra(2386) thatsbae(379232)
shareacoke(661592) samsungultra(2386) stancenation(2145158)
shareacoke(661592) samsungultra(2386) smartwaffle(56)
shareacoke(661592) samsungultra(2386) croatia(2620993)
shareacoke(661592) samsungultra(2386) baristaexpress(439)
shareacoke(661592) samsungultra(2386) happymonday(2481018)
shareacoke(661592) samsungultra(2386) inmymakeupchairnow(6692)
shareacoke(661592) samsungultra(2386) behindthescenes(1248671)
shareacoke(661592) samsungultra(2386) hmmm(828378)
shareacoke(661592) samsungultra(2386) sportbikelife(35109)
shareacoke(661592) samsungultra(2386) bts(5470133)
shareacoke(661592) samsungultra(2386) symmetrybreakfast(2869)
shareacoke(661592) samsungultra(2386) proudlyasian(100)
shareacoke(661592) thewanteddenim(3299) fitsporation(846535)
shareacoke(661592) thewanteddenim(3299) squat(3533935)
shareacoke(661592) thewanteddenim(3299) summerbody(989084)
shareacoke(661592) thewanteddenim(3299) igramfame(52)
shareacoke(661592) thewanteddenim(3299) workhard(6657033)
shareacoke(661592) thewanteddenim(3299) fitfam(25105648)
shareacoke(661592) thewanteddenim(3299) fit(41171942)
shareacoke(661592) thewanteddenim(3299) hanaootd(70)
shareacoke(661592) thewanteddenim(3299) cardiotraining(35064)
shareacoke(661592) thewanteddenim(3299) fitness(88260311)
shareacoke(661592) thewanteddenim(3299) instafit(11820680)
shareacoke(661592) thewanteddenim(3299) workout(45182799)
shareacoke(661592) thewanteddenim(3299) reequilibragealimentaire(296596)
shareacoke(661592) thewanteddenim(3299) igramglamour(16)
shareacoke(661592) thewanteddenim(3299) ootd(63249995)
shareacoke(661592) thewanteddenim(3299) yummy(58162249)
shareacoke(661592) thewanteddenim(3299) health(26762948)
shareacoke(661592) thewanteddenim(3299) training(21145243)
shareacoke(661592) thewanteddenim(3299) eatclean(23344024)
shareacoke(661592) thewanteddenim(3299) lotd(1657931)
shareacoke(661592) thewanteddenim(3299) hrithikroshan(83306)
shareacoke(661592) thewanteddenim(3299) wego(152402)
shareacoke(661592) thewanteddenim(3299) canadiangp(12550)
shareacoke(661592) thewanteddenim(3299) bollywood(1769266)
shareacoke(661592) thewanteddenim(3299) healthy(50729939)
shareacoke(661592) thewanteddenim(3299) fitspo(20760852)
shareacoke(661592) thewanteddenim(3299) inspiration(33744985)
shareacoke(661592) thewanteddenim(3299) regimeuses(55760)
shareacoke(661592) thewanteddenim(3299) mondaysnoozeday(29)
shareacoke(661592) thewanteddenim(3299) healthyfood(6691644)
shareacoke(661592) thewanteddenim(3299) motivation(41886640)
shareacoke(661592) thewanteddenim(3299) sportsgirl(132738)
shareacoke(661592) thewanteddenim(3299) hrithik(17327)
shareacoke(661592) thewanteddenim(3299) breakfast(38955970)
shareacoke(661592) thewanteddenim(3299) weightloss(13072676)
shareacoke(661592) thewanteddenim(3299) hollywood(8154149)
shareacoke(661592) thewanteddenim(3299) pictureoftheday(13079498)
shareacoke(661592) thewanteddenim(3299) actor(4074608)
shareacoke(661592) thewanteddenim(3299) legs(11922138)
shareacoke(661592) thewanteddenim(3299) clean(9034391)
shareacoke(661592) thewanteddenim(3299) subdued(58851)
shareacoke(661592) thewanteddenim(3299) teamlh(53500)
shareacoke(661592) thewanteddenim(3299) eathealthy(2117691)
shareacoke(661592) thewanteddenim(3299) lunch(27593279)
shareacoke(661592) thewanteddenim(3299) subduedstyle(1332)
shareacoke(661592) thewanteddenim(3299) eat(15905186)
shareacoke(661592) thewanteddenim(3299) musculation(420354)
shareacoke(661592) thewanteddenim(3299) behindthescenes(1248671)
shareacoke(661592) dgmaiolica(139) 2(24380319)
shareacoke(661592) dgmaiolica(139) ootd(63250001)
shareacoke(661592) dgmaiolica(139) brandyeu(4457)
shareacoke(661592) dgmaiolica(139) roxyready(2276)
shareacoke(661592) dgmaiolica(139) mthood(222443)
shareacoke(661592) dgmaiolica(139) doll(3597923)
shareacoke(661592) dgmaiolica(139) video(12282340)
shareacoke(661592) dgmaiolica(139) pinkflowers(145620)
shareacoke(661592) dgmaiolica(139) happymonday(2481017)
shareacoke(661592) dgmaiolica(139) beat(3439072)
shareacoke(661592) dgmaiolica(139) resultsdontliar(1)
shareacoke(661592) dgmaiolica(139) inmymakeupchairnow(6692)
shareacoke(661592) dgmaiolica(139) feels(2012551)
shareacoke(661592) dgmaiolica(139) snowboarding(2709723)
shareacoke(661592) dgmaiolica(139) monday(15261050)
shareacoke(661592) dgmaiolica(139) filipina(958969)
shareacoke(661592) dgmaiolica(139) stancenation(2145156)
shareacoke(661592) dgmaiolica(139) travel(45930660)
shareacoke(661592) dgmaiolica(139) countrysummerca(80)
shareacoke(661592) dgmaiolica(139) hmmm(828378)
shareacoke(661592) dgmaiolica(139) adventure(10418142)
shareacoke(661592) dgmaiolica(139) proudlyasian(100)
shareacoke(661592) dgmaiolica(139) kenia(63623)
shareacoke(661592) dgmaiolica(139) fender(1291789)
shareacoke(661592) dgmaiolica(139) daretozlatan(68752)
shareacoke(661592) dgmaiolica(139) keniabydramaqueen(92)
shareacoke(661592) dgmaiolica(139) kenialipsticks(56)
shareacoke(661592) dgmaiolica(139) snowboarder(162976)
shareacoke(661592) dgmaiolica(139) liveoutdoors(28235)
shareacoke(661592) galialahav(16568) summer(210433698)
shareacoke(661592) galialahav(16568) hmphotostudio(29)
shareacoke(661592) galialahav(16568) me(377119655)
shareacoke(661592) galialahav(16568) warrenjc(88922)
shareacoke(661592) galialahav(16568) goodnight(39947159)
shareacoke(661592) galialahav(16568) sanignaciolagoon(110)
shareacoke(661592) galialahav(16568) hufftakeover(765)
shareacoke(661592) galialahav(16568) beat(3439072)
shareacoke(661592) galialahav(16568) feels(2012551)
shareacoke(661592) galialahav(16568) selfie(281731787)
shareacoke(661592) galialahav(16568) graywhale(3225)
shareacoke(661592) galialahav(16568) sugarpill(277305)
shareacoke(661592) galialahav(16568) velopark(7268)
shareacoke(661592) galialahav(16568) hmmm(828378)
shareacoke(661592) galialahav(16568) baja(378105)
shareacoke(661592) galialahav(16568) moscow(12972376)
shareacoke(661592) galialahav(16568) london(36695310)
shareacoke(661592) galialahav(16568) 2(24380316)
shareacoke(661592) galialahav(16568) thisislondon(286643)
shareacoke(661592) galialahav(16568) yanafisti(2408)
shareacoke(661592) galialahav(16568) bajacalifornia(115337)
shareacoke(661592) galialahav(16568) wiggins(34218)
shareacoke(661592) galialahav(16568) mexico(16358946)
shareacoke(661592) galialahav(16568) fistilook(3)
shareacoke(661592) liveoutdoors(28235) fitsporation(846535)
shareacoke(661592) liveoutdoors(28235) fitfam(25105662)
shareacoke(661592) liveoutdoors(28235) weightloss(13072685)
shareacoke(661592) liveoutdoors(28235) fun(217821149)
shareacoke(661592) liveoutdoors(28235) itsstillmagical(36)
shareacoke(661592) liveoutdoors(28235) instagood(423114617)
shareacoke(661592) liveoutdoors(28235) dope(17086835)
shareacoke(661592) liveoutdoors(28235) eat(15905194)
shareacoke(661592) liveoutdoors(28235) tagsforlikesapp(6015633)
shareacoke(661592) liveoutdoors(28235) eatclean(23344041)
shareacoke(661592) liveoutdoors(28235) me(377119755)
shareacoke(661592) liveoutdoors(28235) honesty(938770)
shareacoke(661592) liveoutdoors(28235) motivation(41886659)
shareacoke(661592) liveoutdoors(28235) amazing(173068476)
shareacoke(661592) liveoutdoors(28235) followme(328833987)
shareacoke(661592) liveoutdoors(28235) instadaily(203993933)
shareacoke(661592) liveoutdoors(28235) geazy(167869)
shareacoke(661592) liveoutdoors(28235) feels(2012551)
shareacoke(661592) liveoutdoors(28235) disneyland(8558054)
shareacoke(661592) liveoutdoors(28235) pinkflowers(145620)
shareacoke(661592) liveoutdoors(28235) eathealthy(2117693)
shareacoke(661592) liveoutdoors(28235) photooftheday(320996100)
shareacoke(661592) liveoutdoors(28235) ashishsoni(107)
shareacoke(661592) liveoutdoors(28235) lunch(27593287)
shareacoke(661592) liveoutdoors(28235) tflers(169779761)
shareacoke(661592) liveoutdoors(28235) healthy(50729962)
shareacoke(661592) liveoutdoors(28235) korean(9230210)
shareacoke(661592) liveoutdoors(28235) beautiful(292130577)
shareacoke(661592) liveoutdoors(28235) instalike(190029117)
shareacoke(661592) liveoutdoors(28235) bestoftheday(151537788)
shareacoke(661592) liveoutdoors(28235) 2(24380323)
shareacoke(661592) liveoutdoors(28235) health(26762963)
shareacoke(661592) liveoutdoors(28235) cardiotraining(35064)
shareacoke(661592) liveoutdoors(28235) regimeuses(55760)
shareacoke(661592) liveoutdoors(28235) happy(305923797)
shareacoke(661592) liveoutdoors(28235) workout(45182824)
shareacoke(661592) liveoutdoors(28235) love(922676196)
shareacoke(661592) liveoutdoors(28235) vintique(382546)
shareacoke(661592) liveoutdoors(28235) inspiration(33744999)
shareacoke(661592) liveoutdoors(28235) smile(225110404)
shareacoke(661592) liveoutdoors(28235) picoftheday(233020030)
shareacoke(661592) liveoutdoors(28235) iifa2015(9233)
shareacoke(661592) liveoutdoors(28235) swag(170777374)
shareacoke(661592) liveoutdoors(28235) summer(210433873)
shareacoke(661592) liveoutdoors(28235) fitspo(20760858)
shareacoke(661592) liveoutdoors(28235) musculation(420354)
shareacoke(661592) liveoutdoors(28235) breakfast(38955977)
shareacoke(661592) liveoutdoors(28235) fitness(88260354)
shareacoke(661592) liveoutdoors(28235) fashion(221123824)
shareacoke(661592) liveoutdoors(28235) motivation(41886661)
shareacoke(661592) liveoutdoors(28235) guy(17299875)
shareacoke(661592) liveoutdoors(28235) igers(187927890)
shareacoke(661592) liveoutdoors(28235) yummy(58162260)
shareacoke(661592) liveoutdoors(28235) summerbody(989085)
shareacoke(661592) liveoutdoors(28235) follow(340007306)
shareacoke(661592) liveoutdoors(28235) workhard(6657037)
shareacoke(661592) liveoutdoors(28235) likeforfollow(30565588)
shareacoke(661592) liveoutdoors(28235) beat(3439074)
shareacoke(661592) liveoutdoors(28235) training(21145259)
shareacoke(661592) liveoutdoors(28235) harleyquin(15229)
shareacoke(661592) liveoutdoors(28235) clean(9034394)
shareacoke(661592) liveoutdoors(28235) asian(21647330)
shareacoke(661592) liveoutdoors(28235) instafit(11820689)
shareacoke(661592) liveoutdoors(28235) cute(339360274)
shareacoke(661592) liveoutdoors(28235) new(63254637)
shareacoke(661592) liveoutdoors(28235) reequilibragealimentaire(296596)
shareacoke(661592) liveoutdoors(28235) like4like(234113086)
shareacoke(661592) liveoutdoors(28235) samsungultra(2386)
shareacoke(661592) liveoutdoors(28235) fit(41171963)
shareacoke(661592) liveoutdoors(28235) healthyfood(6691653)
shareacoke(661592) liveoutdoors(28235) squat(3533940)
shareacoke(661592) liveoutdoors(28235) ulzzang(1831947)
shareacoke(661592) liveoutdoors(28235) legs(11922147)
shareacoke(661592) liveoutdoors(28235) carlifestyle(433321)
shareacoke(661592) selfie(281731776) all(15193063)
shareacoke(661592) selfie(281731776) hanaootd(70)
shareacoke(661592) selfie(281731776) fvlifestyle(1625)
shareacoke(661592) selfie(281731776) debocafehuahin(12)
shareacoke(661592) selfie(281731776) ebi(85819)
shareacoke(661592) selfie(281731776) fitness(88260323)
shareacoke(661592) selfie(281731776) teambb(24639)
shareacoke(661592) selfie(281731776) givingtshirt(115)
shareacoke(661592) selfie(281731776) wego(152402)
shareacoke(661592) selfie(281731776) lotd(1657931)
shareacoke(661592) selfie(281731776) ootd(63250006)
shareacoke(661592) selfie(281731776) astyle4you(2928)
shareacoke(661592) selfie(281731776) missyou(10840778)
shareacoke(661592) selfie(281731776) you(41475427)
shareacoke(661592) selfie(281731776) mondaysnoozeday(29)
shareacoke(661592) selfie(281731776) sixpack(5900903)
shareacoke(661592) selfie(281731776) need(7353165)
shareacoke(661592) selfie(281731776) subdued(58851)
shareacoke(661592) selfie(281731776) ramafoundation(1846)
shareacoke(661592) selfie(281731776) subduedstyle(1332)
shareacoke(661592) selfie(281731776) haummmmmmmmmmm(2)
shareacoke(661592) selfie(281731776) loves(4561505)
shareacoke(661592) adventure(10418136) newzealand(2721526)
shareacoke(661592) adventure(10418136) beyondonescapability(1)
shareacoke(661592) adventure(10418136) staytuned(1109093)
shareacoke(661592) adventure(10418136) u20wc(1448)
shareacoke(661592) adventure(10418136) middleearth(193648)
shareacoke(661592) adventure(10418136) hmmm(828378)
shareacoke(661592) adventure(10418136) blessed(43768551)
shareacoke(661592) adventure(10418136) nofilterneeded(3096376)
shareacoke(661592) adventure(10418136) fox(2643078)
shareacoke(661592) adventure(10418136) warrenjc(88924)
shareacoke(661592) adventure(10418136) stillalongwaytothetop(10)
